<?xml version="1.0" encoding="UTF-8"?>
<testsuite name="com.example.reelquill.ReelQuillApplicationTests" tests="1" skipped="0" failures="0" errors="0" timestamp="2024-10-22T20:42:54" hostname="BASAK" time="0.374">
  <properties/>
  <testcase name="contextLoads()" classname="com.example.reelquill.ReelQuillApplicationTests" time="0.374"/>
  <system-out><![CDATA[23:42:50.567 [Test worker] INFO org.springframework.test.context.support.AnnotationConfigContextLoaderUtils -- Could not detect default configuration classes for test class [com.example.reelquill.ReelQuillApplicationTests]: ReelQuillApplicationTests does not declare any static, non-private, non-final, nested classes annotated with @Configuration.
23:42:50.669 [Test worker] INFO org.springframework.boot.test.context.SpringBootTestContextBootstrapper -- Found @SpringBootConfiguration com.example.reelquill.ReelQuillApplication for test class com.example.reelquill.ReelQuillApplicationTests

  .   ____          _            __ _ _
 /\\ / ___'_ __ _ _(_)_ __  __ _ \ \ \ \
( ( )\___ | '_ | '_| | '_ \/ _` | \ \ \ \
 \\/  ___)| |_)| | | | | || (_| |  ) ) ) )
  '  |____| .__|_| |_|_| |_\__, | / / / /
 =========|_|==============|___/=/_/_/_/

 :: Spring Boot ::                (v3.3.4)

2024-10-22T23:42:50.987+03:00 DEBUG 4560 --- [reelQuill] [kground-preinit] org.jboss.logging                        : Logging Provider: org.jboss.logging.Slf4jLoggerProvider found via system property
2024-10-22T23:42:50.998+03:00 DEBUG 4560 --- [reelQuill] [kground-preinit] o.h.v.i.xml.config.ValidationXmlParser   : Trying to load META-INF/validation.xml for XML based Validator configuration.
2024-10-22T23:42:50.998+03:00 DEBUG 4560 --- [reelQuill] [kground-preinit] o.h.v.i.xml.config.ResourceLoaderHelper  : Trying to load META-INF/validation.xml via TCCL
2024-10-22T23:42:50.998+03:00 DEBUG 4560 --- [reelQuill] [kground-preinit] o.h.v.i.xml.config.ResourceLoaderHelper  : Trying to load META-INF/validation.xml via Hibernate Validator's class loader
2024-10-22T23:42:50.998+03:00 DEBUG 4560 --- [reelQuill] [kground-preinit] o.h.v.i.xml.config.ValidationXmlParser   : No META-INF/validation.xml found. Using annotation based configuration only.
2024-10-22T23:42:51.000+03:00 DEBUG 4560 --- [reelQuill] [kground-preinit] o.h.v.i.e.resolver.TraversableResolvers  : Found jakarta.persistence.Persistence on classpath containing 'getPersistenceUtil'. Assuming JPA 2 environment. Trying to instantiate JPA aware TraversableResolver
2024-10-22T23:42:51.000+03:00 DEBUG 4560 --- [reelQuill] [kground-preinit] o.h.v.i.e.resolver.TraversableResolvers  : Instantiated JPA aware TraversableResolver of type org.hibernate.validator.internal.engine.resolver.JPATraversableResolver.
2024-10-22T23:42:51.007+03:00  INFO 4560 --- [reelQuill] [    Test worker] c.e.reelquill.ReelQuillApplicationTests  : Starting ReelQuillApplicationTests using Java 23.0.1 with PID 4560 (started by Basak in C:\Users\basak\IdeaProjects\reelQuill)
2024-10-22T23:42:51.007+03:00 DEBUG 4560 --- [reelQuill] [    Test worker] c.e.reelquill.ReelQuillApplicationTests  : Running with Spring Boot v3.3.4, Spring v6.1.13
2024-10-22T23:42:51.007+03:00  INFO 4560 --- [reelQuill] [    Test worker] c.e.reelquill.ReelQuillApplicationTests  : No active profile set, falling back to 1 default profile: "default"
2024-10-22T23:42:51.007+03:00 DEBUG 4560 --- [reelQuill] [    Test worker] o.s.boot.SpringApplication               : Loading source class com.example.reelquill.ReelQuillApplication
2024-10-22T23:42:51.017+03:00 DEBUG 4560 --- [reelQuill] [kground-preinit] .h.v.m.ResourceBundleMessageInterpolator : Loaded expression factory via original TCCL
2024-10-22T23:42:51.037+03:00 DEBUG 4560 --- [reelQuill] [    Test worker] o.s.w.c.s.GenericWebApplicationContext   : Refreshing org.springframework.web.context.support.GenericWebApplicationContext@6f8e0cee
2024-10-22T23:42:51.048+03:00 DEBUG 4560 --- [reelQuill] [    Test worker] o.s.b.f.s.DefaultListableBeanFactory     : Creating shared instance of singleton bean 'org.springframework.context.annotation.internalConfigurationAnnotationProcessor'
2024-10-22T23:42:51.068+03:00 DEBUG 4560 --- [reelQuill] [    Test worker] o.s.b.f.s.DefaultListableBeanFactory     : Creating shared instance of singleton bean 'org.springframework.boot.autoconfigure.internalCachingMetadataReaderFactory'
2024-10-22T23:42:51.097+03:00 DEBUG 4560 --- [reelQuill] [    Test worker] o.s.c.a.ClassPathBeanDefinitionScanner   : Identified candidate component class: file [C:\Users\basak\IdeaProjects\reelQuill\build\classes\java\main\com\example\reelquill\config\WebConfig.class]
2024-10-22T23:42:51.111+03:00 DEBUG 4560 --- [reelQuill] [kground-preinit] .i.e.ValidatorFactoryConfigurationHelper : HV000252: Using org.hibernate.validator.internal.engine.DefaultPropertyNodeNameProvider as property node name provider.
2024-10-22T23:42:51.111+03:00 DEBUG 4560 --- [reelQuill] [kground-preinit] .i.e.ValidatorFactoryConfigurationHelper : HV000234: Using org.hibernate.validator.messageinterpolation.ResourceBundleMessageInterpolator as ValidatorFactory-scoped message interpolator.
2024-10-22T23:42:51.111+03:00 DEBUG 4560 --- [reelQuill] [kground-preinit] .i.e.ValidatorFactoryConfigurationHelper : HV000234: Using org.hibernate.validator.internal.engine.resolver.JPATraversableResolver as ValidatorFactory-scoped traversable resolver.
2024-10-22T23:42:51.111+03:00 DEBUG 4560 --- [reelQuill] [kground-preinit] .i.e.ValidatorFactoryConfigurationHelper : HV000234: Using org.hibernate.validator.internal.util.ExecutableParameterNameProvider as ValidatorFactory-scoped parameter name provider.
2024-10-22T23:42:51.111+03:00 DEBUG 4560 --- [reelQuill] [kground-preinit] .i.e.ValidatorFactoryConfigurationHelper : HV000234: Using org.hibernate.validator.internal.engine.DefaultClockProvider as ValidatorFactory-scoped clock provider.
2024-10-22T23:42:51.111+03:00 DEBUG 4560 --- [reelQuill] [kground-preinit] .i.e.ValidatorFactoryConfigurationHelper : HV000234: Using org.hibernate.validator.internal.engine.scripting.DefaultScriptEvaluatorFactory as ValidatorFactory-scoped script evaluator factory.
2024-10-22T23:42:51.117+03:00 DEBUG 4560 --- [reelQuill] [    Test worker] o.s.c.a.ClassPathBeanDefinitionScanner   : Identified candidate component class: file [C:\Users\basak\IdeaProjects\reelQuill\build\classes\java\main\com\example\reelquill\controller\FriendController.class]
2024-10-22T23:42:51.117+03:00 DEBUG 4560 --- [reelQuill] [    Test worker] o.s.c.a.ClassPathBeanDefinitionScanner   : Identified candidate component class: file [C:\Users\basak\IdeaProjects\reelQuill\build\classes\java\main\com\example\reelquill\controller\GeneralInfoController.class]
2024-10-22T23:42:51.117+03:00 DEBUG 4560 --- [reelQuill] [    Test worker] o.s.c.a.ClassPathBeanDefinitionScanner   : Identified candidate component class: file [C:\Users\basak\IdeaProjects\reelQuill\build\classes\java\main\com\example\reelquill\controller\QuillController.class]
2024-10-22T23:42:51.127+03:00 DEBUG 4560 --- [reelQuill] [    Test worker] o.s.c.a.ClassPathBeanDefinitionScanner   : Identified candidate component class: file [C:\Users\basak\IdeaProjects\reelQuill\build\classes\java\main\com\example\reelquill\controller\UserController.class]
2024-10-22T23:42:51.127+03:00 DEBUG 4560 --- [reelQuill] [    Test worker] o.s.c.a.ClassPathBeanDefinitionScanner   : Identified candidate component class: file [C:\Users\basak\IdeaProjects\reelQuill\build\classes\java\main\com\example\reelquill\exception\GlobalExceptionHandler.class]
2024-10-22T23:42:51.127+03:00 DEBUG 4560 --- [reelQuill] [    Test worker] o.s.c.a.ClassPathBeanDefinitionScanner   : Identified candidate component class: file [C:\Users\basak\IdeaProjects\reelQuill\build\classes\java\main\com\example\reelquill\service\FriendService.class]
2024-10-22T23:42:51.127+03:00 DEBUG 4560 --- [reelQuill] [    Test worker] o.s.c.a.ClassPathBeanDefinitionScanner   : Identified candidate component class: file [C:\Users\basak\IdeaProjects\reelQuill\build\classes\java\main\com\example\reelquill\service\GeneralInfoService.class]
2024-10-22T23:42:51.138+03:00 DEBUG 4560 --- [reelQuill] [    Test worker] o.s.c.a.ClassPathBeanDefinitionScanner   : Identified candidate component class: file [C:\Users\basak\IdeaProjects\reelQuill\build\classes\java\main\com\example\reelquill\service\QuillService.class]
2024-10-22T23:42:51.138+03:00 DEBUG 4560 --- [reelQuill] [    Test worker] o.s.c.a.ClassPathBeanDefinitionScanner   : Identified candidate component class: file [C:\Users\basak\IdeaProjects\reelQuill\build\classes\java\main\com\example\reelquill\service\UserService.class]
2024-10-22T23:42:51.138+03:00 DEBUG 4560 --- [reelQuill] [    Test worker] o.s.c.a.ClassPathBeanDefinitionScanner   : Identified candidate component class: file [C:\Users\basak\IdeaProjects\reelQuill\build\classes\java\main\com\example\reelquill\util\JwtUtil.class]
2024-10-22T23:42:51.609+03:00  INFO 4560 --- [reelQuill] [    Test worker] .s.d.r.c.RepositoryConfigurationDelegate : Bootstrapping Spring Data JPA repositories in DEFAULT mode.
2024-10-22T23:42:51.618+03:00 DEBUG 4560 --- [reelQuill] [    Test worker] o.s.b.f.s.DefaultListableBeanFactory     : Creating shared instance of singleton bean 'org.springframework.boot.autoconfigure.AutoConfigurationPackages'
2024-10-22T23:42:51.628+03:00 DEBUG 4560 --- [reelQuill] [    Test worker] o.s.b.a.AutoConfigurationPackages        : @EnableAutoConfiguration was declared on a class in the package 'com.example.reelquill'. Automatic @Repository and @Entity scanning is enabled.
2024-10-22T23:42:51.628+03:00 DEBUG 4560 --- [reelQuill] [    Test worker] .s.d.r.c.RepositoryConfigurationDelegate : Scanning for JPA repositories in packages com.example.reelquill.
2024-10-22T23:42:51.640+03:00 DEBUG 4560 --- [reelQuill] [    Test worker] o.s.d.r.c.RepositoryComponentProvider    : Identified candidate component class: file [C:\Users\basak\IdeaProjects\reelQuill\build\classes\java\main\com\example\reelquill\repository\FriendRepository.class]
2024-10-22T23:42:51.640+03:00 DEBUG 4560 --- [reelQuill] [    Test worker] o.s.d.r.c.RepositoryComponentProvider    : Identified candidate component class: file [C:\Users\basak\IdeaProjects\reelQuill\build\classes\java\main\com\example\reelquill\repository\GeneralInfoRepository.class]
2024-10-22T23:42:51.640+03:00 DEBUG 4560 --- [reelQuill] [    Test worker] o.s.d.r.c.RepositoryComponentProvider    : Identified candidate component class: file [C:\Users\basak\IdeaProjects\reelQuill\build\classes\java\main\com\example\reelquill\repository\QuillRepository.class]
2024-10-22T23:42:51.640+03:00 DEBUG 4560 --- [reelQuill] [    Test worker] o.s.d.r.c.RepositoryComponentProvider    : Identified candidate component class: file [C:\Users\basak\IdeaProjects\reelQuill\build\classes\java\main\com\example\reelquill\repository\UserRepository.class]
2024-10-22T23:42:51.677+03:00  INFO 4560 --- [reelQuill] [    Test worker] .s.d.r.c.RepositoryConfigurationDelegate : Finished Spring Data repository scanning in 50 ms. Found 4 JPA repository interfaces.
2024-10-22T23:42:51.817+03:00 DEBUG 4560 --- [reelQuill] [    Test worker] o.s.b.f.s.DefaultListableBeanFactory     : Creating shared instance of singleton bean 'propertySourcesPlaceholderConfigurer'
2024-10-22T23:42:51.817+03:00 DEBUG 4560 --- [reelQuill] [    Test worker] o.s.b.f.s.DefaultListableBeanFactory     : Creating shared instance of singleton bean 'org.springframework.boot.test.mock.mockito.MockitoPostProcessor'
2024-10-22T23:42:51.817+03:00 DEBUG 4560 --- [reelQuill] [    Test worker] o.s.b.f.s.DefaultListableBeanFactory     : Creating shared instance of singleton bean 'emBeanDefinitionRegistrarPostProcessor'
2024-10-22T23:42:51.817+03:00 DEBUG 4560 --- [reelQuill] [    Test worker] o.s.b.f.s.DefaultListableBeanFactory     : Creating shared instance of singleton bean 'org.springframework.boot.sql.init.dependency.DatabaseInitializationDependencyConfigurer$DependsOnDatabaseInitializationPostProcessor'
2024-10-22T23:42:51.862+03:00 DEBUG 4560 --- [reelQuill] [    Test worker] o.s.b.f.s.DefaultListableBeanFactory     : Creating shared instance of singleton bean 'org.springframework.context.event.internalEventListenerProcessor'
2024-10-22T23:42:51.862+03:00 DEBUG 4560 --- [reelQuill] [    Test worker] o.s.b.f.s.DefaultListableBeanFactory     : Creating shared instance of singleton bean 'preserveErrorControllerTargetClassPostProcessor'
2024-10-22T23:42:51.862+03:00 DEBUG 4560 --- [reelQuill] [    Test worker] o.s.b.f.s.DefaultListableBeanFactory     : Creating shared instance of singleton bean 'org.springframework.context.event.internalEventListenerFactory'
2024-10-22T23:42:51.862+03:00 DEBUG 4560 --- [reelQuill] [    Test worker] o.s.b.f.s.DefaultListableBeanFactory     : Creating shared instance of singleton bean 'org.springframework.transaction.config.internalTransactionalEventListenerFactory'
2024-10-22T23:42:51.867+03:00 DEBUG 4560 --- [reelQuill] [    Test worker] o.s.b.f.s.DefaultListableBeanFactory     : Creating shared instance of singleton bean 'org.springframework.boot.test.mock.mockito.MockitoPostProcessor$SpyPostProcessor'
2024-10-22T23:42:51.867+03:00 DEBUG 4560 --- [reelQuill] [    Test worker] o.s.b.f.s.DefaultListableBeanFactory     : Creating shared instance of singleton bean 'org.springframework.context.annotation.internalAutowiredAnnotationProcessor'
2024-10-22T23:42:51.867+03:00 DEBUG 4560 --- [reelQuill] [    Test worker] o.s.b.f.s.DefaultListableBeanFactory     : Creating shared instance of singleton bean 'org.springframework.context.annotation.internalCommonAnnotationProcessor'
2024-10-22T23:42:51.867+03:00 DEBUG 4560 --- [reelQuill] [    Test worker] o.s.b.f.s.DefaultListableBeanFactory     : Creating shared instance of singleton bean 'org.springframework.context.annotation.internalPersistenceAnnotationProcessor'
2024-10-22T23:42:51.867+03:00 DEBUG 4560 --- [reelQuill] [    Test worker] o.s.b.f.s.DefaultListableBeanFactory     : Creating shared instance of singleton bean 'org.springframework.boot.context.properties.ConfigurationPropertiesBindingPostProcessor'
2024-10-22T23:42:51.867+03:00 DEBUG 4560 --- [reelQuill] [    Test worker] o.s.b.f.s.DefaultListableBeanFactory     : Creating shared instance of singleton bean 'org.springframework.boot.context.internalConfigurationPropertiesBinder'
2024-10-22T23:42:51.867+03:00 DEBUG 4560 --- [reelQuill] [    Test worker] o.s.b.f.s.DefaultListableBeanFactory     : Creating shared instance of singleton bean 'jdbcConnectionDetailsHikariBeanPostProcessor'
2024-10-22T23:42:51.877+03:00 DEBUG 4560 --- [reelQuill] [    Test worker] o.s.b.f.s.DefaultListableBeanFactory     : Creating shared instance of singleton bean 'methodValidationPostProcessor'
2024-10-22T23:42:51.887+03:00 DEBUG 4560 --- [reelQuill] [    Test worker] o.s.b.f.s.DefaultListableBeanFactory     : Autowiring by type from bean name 'methodValidationPostProcessor' via factory method to bean named 'environment'
2024-10-22T23:42:51.894+03:00 DEBUG 4560 --- [reelQuill] [    Test worker] o.s.b.f.s.DefaultListableBeanFactory     : Creating shared instance of singleton bean 'org.springframework.boot.context.properties.EnableConfigurationPropertiesRegistrar.methodValidationExcludeFilter'
2024-10-22T23:42:51.910+03:00 DEBUG 4560 --- [reelQuill] [    Test worker] o.s.b.f.s.DefaultListableBeanFactory     : Creating shared instance of singleton bean 'org.springframework.aop.config.internalAutoProxyCreator'
2024-10-22T23:42:51.922+03:00 DEBUG 4560 --- [reelQuill] [    Test worker] o.s.b.f.s.DefaultListableBeanFactory     : Creating shared instance of singleton bean 'persistenceExceptionTranslationPostProcessor'
2024-10-22T23:42:51.922+03:00 DEBUG 4560 --- [reelQuill] [    Test worker] o.s.b.f.s.DefaultListableBeanFactory     : Autowiring by type from bean name 'persistenceExceptionTranslationPostProcessor' via factory method to bean named 'environment'
2024-10-22T23:42:51.927+03:00 DEBUG 4560 --- [reelQuill] [    Test worker] o.s.b.f.s.DefaultListableBeanFactory     : Creating shared instance of singleton bean 'webServerFactoryCustomizerBeanPostProcessor'
2024-10-22T23:42:51.927+03:00 DEBUG 4560 --- [reelQuill] [    Test worker] o.s.b.f.s.DefaultListableBeanFactory     : Creating shared instance of singleton bean 'errorPageRegistrarBeanPostProcessor'
2024-10-22T23:42:51.927+03:00 DEBUG 4560 --- [reelQuill] [    Test worker] o.s.b.f.s.DefaultListableBeanFactory     : Creating shared instance of singleton bean 'projectingArgumentResolverBeanPostProcessor'
2024-10-22T23:42:51.927+03:00 DEBUG 4560 --- [reelQuill] [    Test worker] o.s.b.f.s.DefaultListableBeanFactory     : Creating shared instance of singleton bean 'org.springframework.transaction.config.internalTransactionAdvisor'
2024-10-22T23:42:51.927+03:00 DEBUG 4560 --- [reelQuill] [    Test worker] o.s.b.f.s.DefaultListableBeanFactory     : Creating shared instance of singleton bean 'org.springframework.transaction.annotation.ProxyTransactionManagementConfiguration'
2024-10-22T23:42:51.927+03:00 DEBUG 4560 --- [reelQuill] [    Test worker] o.s.b.f.s.DefaultListableBeanFactory     : Creating shared instance of singleton bean 'transactionAttributeSource'
2024-10-22T23:42:51.937+03:00 DEBUG 4560 --- [reelQuill] [    Test worker] o.s.b.f.s.DefaultListableBeanFactory     : Creating shared instance of singleton bean 'transactionInterceptor'
2024-10-22T23:42:51.937+03:00 DEBUG 4560 --- [reelQuill] [    Test worker] o.s.b.f.s.DefaultListableBeanFactory     : Autowiring by type from bean name 'transactionInterceptor' via factory method to bean named 'transactionAttributeSource'
2024-10-22T23:42:51.937+03:00 DEBUG 4560 --- [reelQuill] [    Test worker] o.s.b.f.s.DefaultListableBeanFactory     : Autowiring by type from bean name 'org.springframework.transaction.config.internalTransactionAdvisor' via factory method to bean named 'transactionAttributeSource'
2024-10-22T23:42:51.937+03:00 DEBUG 4560 --- [reelQuill] [    Test worker] o.s.b.f.s.DefaultListableBeanFactory     : Autowiring by type from bean name 'org.springframework.transaction.config.internalTransactionAdvisor' via factory method to bean named 'transactionInterceptor'
2024-10-22T23:42:51.957+03:00 DEBUG 4560 --- [reelQuill] [    Test worker] o.s.u.c.s.UiApplicationContextUtils      : Unable to locate ThemeSource with name 'themeSource': using default [org.springframework.ui.context.support.ResourceBundleThemeSource@53747c4a]
2024-10-22T23:42:51.957+03:00 DEBUG 4560 --- [reelQuill] [    Test worker] o.s.b.f.s.DefaultListableBeanFactory     : Creating shared instance of singleton bean 'dataSourceScriptDatabaseInitializer'
2024-10-22T23:42:51.957+03:00 DEBUG 4560 --- [reelQuill] [    Test worker] o.s.b.f.s.DefaultListableBeanFactory     : Creating shared instance of singleton bean 'org.springframework.boot.autoconfigure.sql.init.DataSourceInitializationConfiguration'
2024-10-22T23:42:51.957+03:00 DEBUG 4560 --- [reelQuill] [    Test worker] o.s.b.f.s.DefaultListableBeanFactory     : Creating shared instance of singleton bean 'dataSource'
2024-10-22T23:42:51.957+03:00 DEBUG 4560 --- [reelQuill] [    Test worker] o.s.b.f.s.DefaultListableBeanFactory     : Creating shared instance of singleton bean 'org.springframework.boot.autoconfigure.jdbc.DataSourceConfiguration$Hikari'
2024-10-22T23:42:51.957+03:00 DEBUG 4560 --- [reelQuill] [    Test worker] o.s.b.f.s.DefaultListableBeanFactory     : Creating shared instance of singleton bean 'spring.datasource-org.springframework.boot.autoconfigure.jdbc.DataSourceProperties'
2024-10-22T23:42:51.957+03:00 DEBUG 4560 --- [reelQuill] [    Test worker] o.s.b.f.s.DefaultListableBeanFactory     : Creating shared instance of singleton bean 'org.springframework.boot.context.properties.BoundConfigurationProperties'
2024-10-22T23:42:51.977+03:00 DEBUG 4560 --- [reelQuill] [    Test worker] o.s.b.f.s.DefaultListableBeanFactory     : Creating shared instance of singleton bean 'jdbcConnectionDetails'
2024-10-22T23:42:51.977+03:00 DEBUG 4560 --- [reelQuill] [    Test worker] o.s.b.f.s.DefaultListableBeanFactory     : Creating shared instance of singleton bean 'org.springframework.boot.autoconfigure.jdbc.DataSourceAutoConfiguration$PooledDataSourceConfiguration'
2024-10-22T23:42:51.977+03:00 DEBUG 4560 --- [reelQuill] [    Test worker] o.s.b.f.s.DefaultListableBeanFactory     : Autowiring by type from bean name 'jdbcConnectionDetails' via factory method to bean named 'spring.datasource-org.springframework.boot.autoconfigure.jdbc.DataSourceProperties'
2024-10-22T23:42:51.977+03:00 DEBUG 4560 --- [reelQuill] [    Test worker] o.s.b.f.s.DefaultListableBeanFactory     : Autowiring by type from bean name 'dataSource' via factory method to bean named 'spring.datasource-org.springframework.boot.autoconfigure.jdbc.DataSourceProperties'
2024-10-22T23:42:51.977+03:00 DEBUG 4560 --- [reelQuill] [    Test worker] o.s.b.f.s.DefaultListableBeanFactory     : Autowiring by type from bean name 'dataSource' via factory method to bean named 'jdbcConnectionDetails'
2024-10-22T23:42:51.987+03:00 DEBUG 4560 --- [reelQuill] [    Test worker] com.zaxxer.hikari.HikariConfig           : Driver class org.postgresql.Driver found in Thread context class loader jdk.internal.loader.ClassLoaders$AppClassLoader@33909752
2024-10-22T23:42:52.005+03:00 DEBUG 4560 --- [reelQuill] [    Test worker] o.s.b.f.s.DefaultListableBeanFactory     : Creating shared instance of singleton bean 'spring.sql.init-org.springframework.boot.autoconfigure.sql.init.SqlInitializationProperties'
2024-10-22T23:42:52.007+03:00 DEBUG 4560 --- [reelQuill] [    Test worker] o.s.b.f.s.DefaultListableBeanFactory     : Autowiring by type from bean name 'dataSourceScriptDatabaseInitializer' via factory method to bean named 'dataSource'
2024-10-22T23:42:52.007+03:00 DEBUG 4560 --- [reelQuill] [    Test worker] o.s.b.f.s.DefaultListableBeanFactory     : Autowiring by type from bean name 'dataSourceScriptDatabaseInitializer' via factory method to bean named 'spring.sql.init-org.springframework.boot.autoconfigure.sql.init.SqlInitializationProperties'
2024-10-22T23:42:52.017+03:00 DEBUG 4560 --- [reelQuill] [    Test worker] o.s.b.f.s.DefaultListableBeanFactory     : Creating shared instance of singleton bean 'entityManagerFactory'
2024-10-22T23:42:52.017+03:00 DEBUG 4560 --- [reelQuill] [    Test worker] o.s.b.f.s.DefaultListableBeanFactory     : Creating shared instance of singleton bean 'org.springframework.boot.autoconfigure.orm.jpa.HibernateJpaConfiguration'
2024-10-22T23:42:52.017+03:00 DEBUG 4560 --- [reelQuill] [    Test worker] o.s.b.f.s.DefaultListableBeanFactory     : Creating shared instance of singleton bean 'spring.jpa-org.springframework.boot.autoconfigure.orm.jpa.JpaProperties'
2024-10-22T23:42:52.021+03:00 DEBUG 4560 --- [reelQuill] [    Test worker] o.s.b.f.s.DefaultListableBeanFactory     : Creating shared instance of singleton bean 'spring.jpa.hibernate-org.springframework.boot.autoconfigure.orm.jpa.HibernateProperties'
2024-10-22T23:42:52.021+03:00 DEBUG 4560 --- [reelQuill] [    Test worker] o.s.b.f.s.DefaultListableBeanFactory     : Autowiring by type from bean name 'org.springframework.boot.autoconfigure.orm.jpa.HibernateJpaConfiguration' via constructor to bean named 'dataSource'
2024-10-22T23:42:52.021+03:00 DEBUG 4560 --- [reelQuill] [    Test worker] o.s.b.f.s.DefaultListableBeanFactory     : Autowiring by type from bean name 'org.springframework.boot.autoconfigure.orm.jpa.HibernateJpaConfiguration' via constructor to bean named 'spring.jpa-org.springframework.boot.autoconfigure.orm.jpa.JpaProperties'
2024-10-22T23:42:52.021+03:00 DEBUG 4560 --- [reelQuill] [    Test worker] o.s.b.f.s.DefaultListableBeanFactory     : Autowiring by type from bean name 'org.springframework.boot.autoconfigure.orm.jpa.HibernateJpaConfiguration' via constructor to bean named 'org.springframework.beans.factory.support.DefaultListableBeanFactory@16ade133'
2024-10-22T23:42:52.021+03:00 DEBUG 4560 --- [reelQuill] [    Test worker] o.s.b.f.s.DefaultListableBeanFactory     : Autowiring by type from bean name 'org.springframework.boot.autoconfigure.orm.jpa.HibernateJpaConfiguration' via constructor to bean named 'spring.jpa.hibernate-org.springframework.boot.autoconfigure.orm.jpa.HibernateProperties'
2024-10-22T23:42:52.027+03:00 DEBUG 4560 --- [reelQuill] [    Test worker] o.s.b.f.s.DefaultListableBeanFactory     : Creating shared instance of singleton bean 'hikariPoolDataSourceMetadataProvider'
2024-10-22T23:42:52.027+03:00 DEBUG 4560 --- [reelQuill] [    Test worker] o.s.b.f.s.DefaultListableBeanFactory     : Creating shared instance of singleton bean 'org.springframework.boot.autoconfigure.jdbc.metadata.DataSourcePoolMetadataProvidersConfiguration$HikariPoolDataSourceMetadataProviderConfiguration'
2024-10-22T23:42:52.027+03:00 DEBUG 4560 --- [reelQuill] [    Test worker] o.s.b.f.s.DefaultListableBeanFactory     : Creating shared instance of singleton bean 'entityManagerFactoryBuilder'
2024-10-22T23:42:52.027+03:00 DEBUG 4560 --- [reelQuill] [    Test worker] o.s.b.f.s.DefaultListableBeanFactory     : Creating shared instance of singleton bean 'jpaVendorAdapter'
2024-10-22T23:42:52.047+03:00 DEBUG 4560 --- [reelQuill] [    Test worker] o.s.b.f.s.DefaultListableBeanFactory     : Autowiring by type from bean name 'entityManagerFactoryBuilder' via factory method to bean named 'jpaVendorAdapter'
2024-10-22T23:42:52.052+03:00 DEBUG 4560 --- [reelQuill] [    Test worker] o.s.b.f.s.DefaultListableBeanFactory     : Creating shared instance of singleton bean 'persistenceManagedTypes'
2024-10-22T23:42:52.052+03:00 DEBUG 4560 --- [reelQuill] [    Test worker] o.s.b.f.s.DefaultListableBeanFactory     : Autowiring by type from bean name 'persistenceManagedTypes' via factory method to bean named 'org.springframework.beans.factory.support.DefaultListableBeanFactory@16ade133'
2024-10-22T23:42:52.052+03:00 DEBUG 4560 --- [reelQuill] [    Test worker] o.s.b.f.s.DefaultListableBeanFactory     : Autowiring by type from bean name 'persistenceManagedTypes' via factory method to bean named 'org.springframework.web.context.support.GenericWebApplicationContext@6f8e0cee'
2024-10-22T23:42:52.057+03:00 DEBUG 4560 --- [reelQuill] [    Test worker] o.s.b.f.s.DefaultListableBeanFactory     : Autowiring by type from bean name 'entityManagerFactory' via factory method to bean named 'entityManagerFactoryBuilder'
2024-10-22T23:42:52.057+03:00 DEBUG 4560 --- [reelQuill] [    Test worker] o.s.b.f.s.DefaultListableBeanFactory     : Autowiring by type from bean name 'entityManagerFactory' via factory method to bean named 'persistenceManagedTypes'
2024-10-22T23:42:52.088+03:00 DEBUG 4560 --- [reelQuill] [    Test worker] j.LocalContainerEntityManagerFactoryBean : Building JPA container EntityManagerFactory for persistence unit 'default'
2024-10-22T23:42:52.132+03:00 DEBUG 4560 --- [reelQuill] [    Test worker] o.hibernate.jpa.internal.util.LogHelper  : PersistenceUnitInfo [
	name: default
	persistence provider classname: null
	classloader: jdk.internal.loader.ClassLoaders$AppClassLoader@33909752
	excludeUnlistedClasses: true
	JTA datasource: null
	Non JTA datasource: HikariDataSource (null)
	Transaction type: RESOURCE_LOCAL
	PU root URL: file:/C:/Users/basak/IdeaProjects/reelQuill/build/classes/java/test/
	Shared Cache Mode: UNSPECIFIED
	Validation Mode: AUTO
	Jar files URLs []
	Managed classes names [
		com.example.reelquill.model.Friend
		com.example.reelquill.model.GeneralInfo
		com.example.reelquill.model.Quill
		com.example.reelquill.model.User]
	Mapping files names []
	Properties []
2024-10-22T23:42:52.147+03:00 DEBUG 4560 --- [reelQuill] [    Test worker] o.h.i.internal.IntegratorServiceImpl     : Adding Integrator [org.hibernate.boot.beanvalidation.BeanValidationIntegrator].
2024-10-22T23:42:52.147+03:00 DEBUG 4560 --- [reelQuill] [    Test worker] o.h.i.internal.IntegratorServiceImpl     : Adding Integrator [org.hibernate.cache.internal.CollectionCacheInvalidator].
2024-10-22T23:42:52.211+03:00  INFO 4560 --- [reelQuill] [    Test worker] org.hibernate.Version                    : HHH000412: Hibernate ORM core version 6.5.3.Final
2024-10-22T23:42:52.211+03:00 DEBUG 4560 --- [reelQuill] [    Test worker] org.hibernate.cfg.Environment            : HHH000206: 'hibernate.properties' not found
2024-10-22T23:42:52.227+03:00 DEBUG 4560 --- [reelQuill] [    Test worker] org.hibernate.orm.idgen.factory          : Registering IdentifierGenerator strategy [uuid2] -> [org.hibernate.id.UUIDGenerator]
2024-10-22T23:42:52.227+03:00 DEBUG 4560 --- [reelQuill] [    Test worker] org.hibernate.orm.idgen.factory          : Registering IdentifierGenerator strategy [guid] -> [org.hibernate.id.GUIDGenerator]
2024-10-22T23:42:52.227+03:00 DEBUG 4560 --- [reelQuill] [    Test worker] org.hibernate.orm.idgen.factory          : Registering IdentifierGenerator strategy [uuid] -> [org.hibernate.id.UUIDHexGenerator]
2024-10-22T23:42:52.237+03:00 DEBUG 4560 --- [reelQuill] [    Test worker] org.hibernate.orm.idgen.factory          : Registering IdentifierGenerator strategy [uuid.hex] -> [org.hibernate.id.UUIDHexGenerator]
2024-10-22T23:42:52.237+03:00 DEBUG 4560 --- [reelQuill] [    Test worker] org.hibernate.orm.idgen.factory          : Registering IdentifierGenerator strategy [assigned] -> [org.hibernate.id.Assigned]
2024-10-22T23:42:52.237+03:00 DEBUG 4560 --- [reelQuill] [    Test worker] org.hibernate.orm.idgen.factory          : Registering IdentifierGenerator strategy [identity] -> [org.hibernate.id.IdentityGenerator]
2024-10-22T23:42:52.237+03:00 DEBUG 4560 --- [reelQuill] [    Test worker] org.hibernate.orm.idgen.factory          : Registering IdentifierGenerator strategy [select] -> [org.hibernate.id.SelectGenerator]
2024-10-22T23:42:52.237+03:00 DEBUG 4560 --- [reelQuill] [    Test worker] org.hibernate.orm.idgen.factory          : Registering IdentifierGenerator strategy [sequence] -> [org.hibernate.id.enhanced.SequenceStyleGenerator]
2024-10-22T23:42:52.237+03:00 DEBUG 4560 --- [reelQuill] [    Test worker] org.hibernate.orm.idgen.factory          : Registering IdentifierGenerator strategy [increment] -> [org.hibernate.id.IncrementGenerator]
2024-10-22T23:42:52.237+03:00 DEBUG 4560 --- [reelQuill] [    Test worker] org.hibernate.orm.idgen.factory          : Registering IdentifierGenerator strategy [foreign] -> [org.hibernate.id.ForeignGenerator]
2024-10-22T23:42:52.237+03:00 DEBUG 4560 --- [reelQuill] [    Test worker] org.hibernate.orm.idgen.factory          : Registering IdentifierGenerator strategy [enhanced-sequence] -> [org.hibernate.id.enhanced.SequenceStyleGenerator]
2024-10-22T23:42:52.237+03:00 DEBUG 4560 --- [reelQuill] [    Test worker] org.hibernate.orm.idgen.factory          : Registering IdentifierGenerator strategy [enhanced-table] -> [org.hibernate.id.enhanced.TableGenerator]
2024-10-22T23:42:52.244+03:00 DEBUG 4560 --- [reelQuill] [    Test worker] o.h.c.internal.RegionFactoryInitiator    : Cannot default RegionFactory based on registered strategies as `[]` RegionFactory strategies were registered
2024-10-22T23:42:52.244+03:00  INFO 4560 --- [reelQuill] [    Test worker] o.h.c.internal.RegionFactoryInitiator    : HHH000026: Second-level cache disabled
2024-10-22T23:42:52.308+03:00 DEBUG 4560 --- [reelQuill] [    Test worker] org.hibernate.type.BasicTypeRegistry     : Adding type registration boolean -> org.hibernate.type.BasicTypeReference@1b7554d4
2024-10-22T23:42:52.308+03:00 DEBUG 4560 --- [reelQuill] [    Test worker] org.hibernate.type.BasicTypeRegistry     : Adding type registration boolean -> org.hibernate.type.BasicTypeReference@1b7554d4
2024-10-22T23:42:52.308+03:00 DEBUG 4560 --- [reelQuill] [    Test worker] org.hibernate.type.BasicTypeRegistry     : Adding type registration java.lang.Boolean -> org.hibernate.type.BasicTypeReference@1b7554d4
2024-10-22T23:42:52.308+03:00 DEBUG 4560 --- [reelQuill] [    Test worker] org.hibernate.type.BasicTypeRegistry     : Adding type registration numeric_boolean -> org.hibernate.type.BasicTypeReference@57ce2898
2024-10-22T23:42:52.308+03:00 DEBUG 4560 --- [reelQuill] [    Test worker] org.hibernate.type.BasicTypeRegistry     : Adding type registration org.hibernate.type.NumericBooleanConverter -> org.hibernate.type.BasicTypeReference@57ce2898
2024-10-22T23:42:52.308+03:00 DEBUG 4560 --- [reelQuill] [    Test worker] org.hibernate.type.BasicTypeRegistry     : Adding type registration true_false -> org.hibernate.type.BasicTypeReference@1ea930eb
2024-10-22T23:42:52.308+03:00 DEBUG 4560 --- [reelQuill] [    Test worker] org.hibernate.type.BasicTypeRegistry     : Adding type registration org.hibernate.type.TrueFalseConverter -> org.hibernate.type.BasicTypeReference@1ea930eb
2024-10-22T23:42:52.308+03:00 DEBUG 4560 --- [reelQuill] [    Test worker] org.hibernate.type.BasicTypeRegistry     : Adding type registration yes_no -> org.hibernate.type.BasicTypeReference@2e0ad709
2024-10-22T23:42:52.308+03:00 DEBUG 4560 --- [reelQuill] [    Test worker] org.hibernate.type.BasicTypeRegistry     : Adding type registration org.hibernate.type.YesNoConverter -> org.hibernate.type.BasicTypeReference@2e0ad709
2024-10-22T23:42:52.308+03:00 DEBUG 4560 --- [reelQuill] [    Test worker] org.hibernate.type.BasicTypeRegistry     : Adding type registration byte -> org.hibernate.type.BasicTypeReference@1fe8f5e8
2024-10-22T23:42:52.308+03:00 DEBUG 4560 --- [reelQuill] [    Test worker] org.hibernate.type.BasicTypeRegistry     : Adding type registration byte -> org.hibernate.type.BasicTypeReference@1fe8f5e8
2024-10-22T23:42:52.308+03:00 DEBUG 4560 --- [reelQuill] [    Test worker] org.hibernate.type.BasicTypeRegistry     : Adding type registration java.lang.Byte -> org.hibernate.type.BasicTypeReference@1fe8f5e8
2024-10-22T23:42:52.308+03:00 DEBUG 4560 --- [reelQuill] [    Test worker] org.hibernate.type.BasicTypeRegistry     : Adding type registration binary -> org.hibernate.type.BasicTypeReference@39449465
2024-10-22T23:42:52.308+03:00 DEBUG 4560 --- [reelQuill] [    Test worker] org.hibernate.type.BasicTypeRegistry     : Adding type registration byte[] -> org.hibernate.type.BasicTypeReference@39449465
2024-10-22T23:42:52.308+03:00 DEBUG 4560 --- [reelQuill] [    Test worker] org.hibernate.type.BasicTypeRegistry     : Adding type registration [B -> org.hibernate.type.BasicTypeReference@39449465
2024-10-22T23:42:52.308+03:00 DEBUG 4560 --- [reelQuill] [    Test worker] org.hibernate.type.BasicTypeRegistry     : Adding type registration binary_wrapper -> org.hibernate.type.BasicTypeReference@6e3dd5ce
2024-10-22T23:42:52.308+03:00 DEBUG 4560 --- [reelQuill] [    Test worker] org.hibernate.type.BasicTypeRegistry     : Adding type registration wrapper-binary -> org.hibernate.type.BasicTypeReference@6e3dd5ce
2024-10-22T23:42:52.308+03:00 DEBUG 4560 --- [reelQuill] [    Test worker] org.hibernate.type.BasicTypeRegistry     : Adding type registration image -> org.hibernate.type.BasicTypeReference@16f7f59f
2024-10-22T23:42:52.308+03:00 DEBUG 4560 --- [reelQuill] [    Test worker] org.hibernate.type.BasicTypeRegistry     : Adding type registration blob -> org.hibernate.type.BasicTypeReference@4ee8051c
2024-10-22T23:42:52.308+03:00 DEBUG 4560 --- [reelQuill] [    Test worker] org.hibernate.type.BasicTypeRegistry     : Adding type registration java.sql.Blob -> org.hibernate.type.BasicTypeReference@4ee8051c
2024-10-22T23:42:52.308+03:00 DEBUG 4560 --- [reelQuill] [    Test worker] org.hibernate.type.BasicTypeRegistry     : Adding type registration materialized_blob -> org.hibernate.type.BasicTypeReference@53125718
2024-10-22T23:42:52.308+03:00 DEBUG 4560 --- [reelQuill] [    Test worker] org.hibernate.type.BasicTypeRegistry     : Adding type registration materialized_blob_wrapper -> org.hibernate.type.BasicTypeReference@53016b11
2024-10-22T23:42:52.308+03:00 DEBUG 4560 --- [reelQuill] [    Test worker] org.hibernate.type.BasicTypeRegistry     : Adding type registration short -> org.hibernate.type.BasicTypeReference@7af327e3
2024-10-22T23:42:52.308+03:00 DEBUG 4560 --- [reelQuill] [    Test worker] org.hibernate.type.BasicTypeRegistry     : Adding type registration short -> org.hibernate.type.BasicTypeReference@7af327e3
2024-10-22T23:42:52.308+03:00 DEBUG 4560 --- [reelQuill] [    Test worker] org.hibernate.type.BasicTypeRegistry     : Adding type registration java.lang.Short -> org.hibernate.type.BasicTypeReference@7af327e3
2024-10-22T23:42:52.308+03:00 DEBUG 4560 --- [reelQuill] [    Test worker] org.hibernate.type.BasicTypeRegistry     : Adding type registration integer -> org.hibernate.type.BasicTypeReference@743d0d44
2024-10-22T23:42:52.308+03:00 DEBUG 4560 --- [reelQuill] [    Test worker] org.hibernate.type.BasicTypeRegistry     : Adding type registration int -> org.hibernate.type.BasicTypeReference@743d0d44
2024-10-22T23:42:52.308+03:00 DEBUG 4560 --- [reelQuill] [    Test worker] org.hibernate.type.BasicTypeRegistry     : Adding type registration java.lang.Integer -> org.hibernate.type.BasicTypeReference@743d0d44
2024-10-22T23:42:52.308+03:00 DEBUG 4560 --- [reelQuill] [    Test worker] org.hibernate.type.BasicTypeRegistry     : Adding type registration long -> org.hibernate.type.BasicTypeReference@35563e4c
2024-10-22T23:42:52.308+03:00 DEBUG 4560 --- [reelQuill] [    Test worker] org.hibernate.type.BasicTypeRegistry     : Adding type registration long -> org.hibernate.type.BasicTypeReference@35563e4c
2024-10-22T23:42:52.308+03:00 DEBUG 4560 --- [reelQuill] [    Test worker] org.hibernate.type.BasicTypeRegistry     : Adding type registration java.lang.Long -> org.hibernate.type.BasicTypeReference@35563e4c
2024-10-22T23:42:52.308+03:00 DEBUG 4560 --- [reelQuill] [    Test worker] org.hibernate.type.BasicTypeRegistry     : Adding type registration float -> org.hibernate.type.BasicTypeReference@6dd79214
2024-10-22T23:42:52.308+03:00 DEBUG 4560 --- [reelQuill] [    Test worker] org.hibernate.type.BasicTypeRegistry     : Adding type registration float -> org.hibernate.type.BasicTypeReference@6dd79214
2024-10-22T23:42:52.308+03:00 DEBUG 4560 --- [reelQuill] [    Test worker] org.hibernate.type.BasicTypeRegistry     : Adding type registration java.lang.Float -> org.hibernate.type.BasicTypeReference@6dd79214
2024-10-22T23:42:52.308+03:00 DEBUG 4560 --- [reelQuill] [    Test worker] org.hibernate.type.BasicTypeRegistry     : Adding type registration double -> org.hibernate.type.BasicTypeReference@ef86c72
2024-10-22T23:42:52.308+03:00 DEBUG 4560 --- [reelQuill] [    Test worker] org.hibernate.type.BasicTypeRegistry     : Adding type registration double -> org.hibernate.type.BasicTypeReference@ef86c72
2024-10-22T23:42:52.308+03:00 DEBUG 4560 --- [reelQuill] [    Test worker] org.hibernate.type.BasicTypeRegistry     : Adding type registration java.lang.Double -> org.hibernate.type.BasicTypeReference@ef86c72
2024-10-22T23:42:52.308+03:00 DEBUG 4560 --- [reelQuill] [    Test worker] org.hibernate.type.BasicTypeRegistry     : Adding type registration big_integer -> org.hibernate.type.BasicTypeReference@123307c4
2024-10-22T23:42:52.308+03:00 DEBUG 4560 --- [reelQuill] [    Test worker] org.hibernate.type.BasicTypeRegistry     : Adding type registration java.math.BigInteger -> org.hibernate.type.BasicTypeReference@123307c4
2024-10-22T23:42:52.308+03:00 DEBUG 4560 --- [reelQuill] [    Test worker] org.hibernate.type.BasicTypeRegistry     : Adding type registration big_decimal -> org.hibernate.type.BasicTypeReference@1693ff90
2024-10-22T23:42:52.308+03:00 DEBUG 4560 --- [reelQuill] [    Test worker] org.hibernate.type.BasicTypeRegistry     : Adding type registration java.math.BigDecimal -> org.hibernate.type.BasicTypeReference@1693ff90
2024-10-22T23:42:52.308+03:00 DEBUG 4560 --- [reelQuill] [    Test worker] org.hibernate.type.BasicTypeRegistry     : Adding type registration character -> org.hibernate.type.BasicTypeReference@47058864
2024-10-22T23:42:52.308+03:00 DEBUG 4560 --- [reelQuill] [    Test worker] org.hibernate.type.BasicTypeRegistry     : Adding type registration char -> org.hibernate.type.BasicTypeReference@47058864
2024-10-22T23:42:52.308+03:00 DEBUG 4560 --- [reelQuill] [    Test worker] org.hibernate.type.BasicTypeRegistry     : Adding type registration java.lang.Character -> org.hibernate.type.BasicTypeReference@47058864
2024-10-22T23:42:52.308+03:00 DEBUG 4560 --- [reelQuill] [    Test worker] org.hibernate.type.BasicTypeRegistry     : Adding type registration character_nchar -> org.hibernate.type.BasicTypeReference@ad3f70a
2024-10-22T23:42:52.308+03:00 DEBUG 4560 --- [reelQuill] [    Test worker] org.hibernate.type.BasicTypeRegistry     : Adding type registration string -> org.hibernate.type.BasicTypeReference@54ccb3
2024-10-22T23:42:52.308+03:00 DEBUG 4560 --- [reelQuill] [    Test worker] org.hibernate.type.BasicTypeRegistry     : Adding type registration java.lang.String -> org.hibernate.type.BasicTypeReference@54ccb3
2024-10-22T23:42:52.308+03:00 DEBUG 4560 --- [reelQuill] [    Test worker] org.hibernate.type.BasicTypeRegistry     : Adding type registration nstring -> org.hibernate.type.BasicTypeReference@9b2dc56
2024-10-22T23:42:52.308+03:00 DEBUG 4560 --- [reelQuill] [    Test worker] org.hibernate.type.BasicTypeRegistry     : Adding type registration characters -> org.hibernate.type.BasicTypeReference@621f23ac
2024-10-22T23:42:52.308+03:00 DEBUG 4560 --- [reelQuill] [    Test worker] org.hibernate.type.BasicTypeRegistry     : Adding type registration char[] -> org.hibernate.type.BasicTypeReference@621f23ac
2024-10-22T23:42:52.308+03:00 DEBUG 4560 --- [reelQuill] [    Test worker] org.hibernate.type.BasicTypeRegistry     : Adding type registration [C -> org.hibernate.type.BasicTypeReference@621f23ac
2024-10-22T23:42:52.308+03:00 DEBUG 4560 --- [reelQuill] [    Test worker] org.hibernate.type.BasicTypeRegistry     : Adding type registration wrapper-characters -> org.hibernate.type.BasicTypeReference@7761e342
2024-10-22T23:42:52.308+03:00 DEBUG 4560 --- [reelQuill] [    Test worker] org.hibernate.type.BasicTypeRegistry     : Adding type registration text -> org.hibernate.type.BasicTypeReference@51f68849
2024-10-22T23:42:52.308+03:00 DEBUG 4560 --- [reelQuill] [    Test worker] org.hibernate.type.BasicTypeRegistry     : Adding type registration ntext -> org.hibernate.type.BasicTypeReference@4eb9ae4d
2024-10-22T23:42:52.308+03:00 DEBUG 4560 --- [reelQuill] [    Test worker] org.hibernate.type.BasicTypeRegistry     : Adding type registration clob -> org.hibernate.type.BasicTypeReference@5520f675
2024-10-22T23:42:52.308+03:00 DEBUG 4560 --- [reelQuill] [    Test worker] org.hibernate.type.BasicTypeRegistry     : Adding type registration java.sql.Clob -> org.hibernate.type.BasicTypeReference@5520f675
2024-10-22T23:42:52.308+03:00 DEBUG 4560 --- [reelQuill] [    Test worker] org.hibernate.type.BasicTypeRegistry     : Adding type registration nclob -> org.hibernate.type.BasicTypeReference@2d237460
2024-10-22T23:42:52.308+03:00 DEBUG 4560 --- [reelQuill] [    Test worker] org.hibernate.type.BasicTypeRegistry     : Adding type registration java.sql.NClob -> org.hibernate.type.BasicTypeReference@2d237460
2024-10-22T23:42:52.308+03:00 DEBUG 4560 --- [reelQuill] [    Test worker] org.hibernate.type.BasicTypeRegistry     : Adding type registration materialized_clob -> org.hibernate.type.BasicTypeReference@48f2054d
2024-10-22T23:42:52.308+03:00 DEBUG 4560 --- [reelQuill] [    Test worker] org.hibernate.type.BasicTypeRegistry     : Adding type registration materialized_clob_char_array -> org.hibernate.type.BasicTypeReference@4b3a01d8
2024-10-22T23:42:52.308+03:00 DEBUG 4560 --- [reelQuill] [    Test worker] org.hibernate.type.BasicTypeRegistry     : Adding type registration materialized_clob_character_array -> org.hibernate.type.BasicTypeReference@19fbc594
2024-10-22T23:42:52.308+03:00 DEBUG 4560 --- [reelQuill] [    Test worker] org.hibernate.type.BasicTypeRegistry     : Adding type registration materialized_nclob -> org.hibernate.type.BasicTypeReference@2f4d32bf
2024-10-22T23:42:52.308+03:00 DEBUG 4560 --- [reelQuill] [    Test worker] org.hibernate.type.BasicTypeRegistry     : Adding type registration materialized_nclob_character_array -> org.hibernate.type.BasicTypeReference@774d8276
2024-10-22T23:42:52.308+03:00 DEBUG 4560 --- [reelQuill] [    Test worker] org.hibernate.type.BasicTypeRegistry     : Adding type registration materialized_nclob_char_array -> org.hibernate.type.BasicTypeReference@6ce26986
2024-10-22T23:42:52.308+03:00 DEBUG 4560 --- [reelQuill] [    Test worker] org.hibernate.type.BasicTypeRegistry     : Adding type registration Duration -> org.hibernate.type.BasicTypeReference@2bf2d6eb
2024-10-22T23:42:52.308+03:00 DEBUG 4560 --- [reelQuill] [    Test worker] org.hibernate.type.BasicTypeRegistry     : Adding type registration java.time.Duration -> org.hibernate.type.BasicTypeReference@2bf2d6eb
2024-10-22T23:42:52.308+03:00 DEBUG 4560 --- [reelQuill] [    Test worker] org.hibernate.type.BasicTypeRegistry     : Adding type registration LocalDateTime -> org.hibernate.type.BasicTypeReference@6d6cd1e0
2024-10-22T23:42:52.308+03:00 DEBUG 4560 --- [reelQuill] [    Test worker] org.hibernate.type.BasicTypeRegistry     : Adding type registration java.time.LocalDateTime -> org.hibernate.type.BasicTypeReference@6d6cd1e0
2024-10-22T23:42:52.308+03:00 DEBUG 4560 --- [reelQuill] [    Test worker] org.hibernate.type.BasicTypeRegistry     : Adding type registration LocalDate -> org.hibernate.type.BasicTypeReference@76a9a009
2024-10-22T23:42:52.308+03:00 DEBUG 4560 --- [reelQuill] [    Test worker] org.hibernate.type.BasicTypeRegistry     : Adding type registration java.time.LocalDate -> org.hibernate.type.BasicTypeReference@76a9a009
2024-10-22T23:42:52.308+03:00 DEBUG 4560 --- [reelQuill] [    Test worker] org.hibernate.type.BasicTypeRegistry     : Adding type registration LocalTime -> org.hibernate.type.BasicTypeReference@9785903
2024-10-22T23:42:52.308+03:00 DEBUG 4560 --- [reelQuill] [    Test worker] org.hibernate.type.BasicTypeRegistry     : Adding type registration java.time.LocalTime -> org.hibernate.type.BasicTypeReference@9785903
2024-10-22T23:42:52.317+03:00 DEBUG 4560 --- [reelQuill] [    Test worker] org.hibernate.type.BasicTypeRegistry     : Adding type registration OffsetDateTime -> org.hibernate.type.BasicTypeReference@34009349
2024-10-22T23:42:52.317+03:00 DEBUG 4560 --- [reelQuill] [    Test worker] org.hibernate.type.BasicTypeRegistry     : Adding type registration java.time.OffsetDateTime -> org.hibernate.type.BasicTypeReference@34009349
2024-10-22T23:42:52.317+03:00 DEBUG 4560 --- [reelQuill] [    Test worker] org.hibernate.type.BasicTypeRegistry     : Adding type registration OffsetDateTimeWithTimezone -> org.hibernate.type.BasicTypeReference@3f68a7f8
2024-10-22T23:42:52.317+03:00 DEBUG 4560 --- [reelQuill] [    Test worker] org.hibernate.type.BasicTypeRegistry     : Adding type registration OffsetDateTimeWithoutTimezone -> org.hibernate.type.BasicTypeReference@4faf1f4
2024-10-22T23:42:52.317+03:00 DEBUG 4560 --- [reelQuill] [    Test worker] org.hibernate.type.BasicTypeRegistry     : Adding type registration OffsetTime -> org.hibernate.type.BasicTypeReference@4f811029
2024-10-22T23:42:52.317+03:00 DEBUG 4560 --- [reelQuill] [    Test worker] org.hibernate.type.BasicTypeRegistry     : Adding type registration java.time.OffsetTime -> org.hibernate.type.BasicTypeReference@4f811029
2024-10-22T23:42:52.317+03:00 DEBUG 4560 --- [reelQuill] [    Test worker] org.hibernate.type.BasicTypeRegistry     : Adding type registration OffsetTimeUtc -> org.hibernate.type.BasicTypeReference@7f2b584b
2024-10-22T23:42:52.317+03:00 DEBUG 4560 --- [reelQuill] [    Test worker] org.hibernate.type.BasicTypeRegistry     : Adding type registration OffsetTimeWithTimezone -> org.hibernate.type.BasicTypeReference@5866731
2024-10-22T23:42:52.317+03:00 DEBUG 4560 --- [reelQuill] [    Test worker] org.hibernate.type.BasicTypeRegistry     : Adding type registration OffsetTimeWithoutTimezone -> org.hibernate.type.BasicTypeReference@56a05324
2024-10-22T23:42:52.317+03:00 DEBUG 4560 --- [reelQuill] [    Test worker] org.hibernate.type.BasicTypeRegistry     : Adding type registration ZonedDateTime -> org.hibernate.type.BasicTypeReference@11e71181
2024-10-22T23:42:52.317+03:00 DEBUG 4560 --- [reelQuill] [    Test worker] org.hibernate.type.BasicTypeRegistry     : Adding type registration java.time.ZonedDateTime -> org.hibernate.type.BasicTypeReference@11e71181
2024-10-22T23:42:52.317+03:00 DEBUG 4560 --- [reelQuill] [    Test worker] org.hibernate.type.BasicTypeRegistry     : Adding type registration ZonedDateTimeWithTimezone -> org.hibernate.type.BasicTypeReference@342beaf6
2024-10-22T23:42:52.317+03:00 DEBUG 4560 --- [reelQuill] [    Test worker] org.hibernate.type.BasicTypeRegistry     : Adding type registration ZonedDateTimeWithoutTimezone -> org.hibernate.type.BasicTypeReference@222acad
2024-10-22T23:42:52.317+03:00 DEBUG 4560 --- [reelQuill] [    Test worker] org.hibernate.type.BasicTypeRegistry     : Adding type registration date -> org.hibernate.type.BasicTypeReference@56cfe6be
2024-10-22T23:42:52.317+03:00 DEBUG 4560 --- [reelQuill] [    Test worker] org.hibernate.type.BasicTypeRegistry     : Adding type registration java.sql.Date -> org.hibernate.type.BasicTypeReference@56cfe6be
2024-10-22T23:42:52.317+03:00 DEBUG 4560 --- [reelQuill] [    Test worker] org.hibernate.type.BasicTypeRegistry     : Adding type registration time -> org.hibernate.type.BasicTypeReference@7f0d8eff
2024-10-22T23:42:52.317+03:00 DEBUG 4560 --- [reelQuill] [    Test worker] org.hibernate.type.BasicTypeRegistry     : Adding type registration java.sql.Time -> org.hibernate.type.BasicTypeReference@7f0d8eff
2024-10-22T23:42:52.317+03:00 DEBUG 4560 --- [reelQuill] [    Test worker] org.hibernate.type.BasicTypeRegistry     : Adding type registration timestamp -> org.hibernate.type.BasicTypeReference@149aa7b2
2024-10-22T23:42:52.317+03:00 DEBUG 4560 --- [reelQuill] [    Test worker] org.hibernate.type.BasicTypeRegistry     : Adding type registration java.sql.Timestamp -> org.hibernate.type.BasicTypeReference@149aa7b2
2024-10-22T23:42:52.317+03:00 DEBUG 4560 --- [reelQuill] [    Test worker] org.hibernate.type.BasicTypeRegistry     : Adding type registration java.util.Date -> org.hibernate.type.BasicTypeReference@149aa7b2
2024-10-22T23:42:52.317+03:00 DEBUG 4560 --- [reelQuill] [    Test worker] org.hibernate.type.BasicTypeRegistry     : Adding type registration calendar -> org.hibernate.type.BasicTypeReference@3ca3648
2024-10-22T23:42:52.317+03:00 DEBUG 4560 --- [reelQuill] [    Test worker] org.hibernate.type.BasicTypeRegistry     : Adding type registration java.util.Calendar -> org.hibernate.type.BasicTypeReference@3ca3648
2024-10-22T23:42:52.317+03:00 DEBUG 4560 --- [reelQuill] [    Test worker] org.hibernate.type.BasicTypeRegistry     : Adding type registration java.util.GregorianCalendar -> org.hibernate.type.BasicTypeReference@3ca3648
2024-10-22T23:42:52.317+03:00 DEBUG 4560 --- [reelQuill] [    Test worker] org.hibernate.type.BasicTypeRegistry     : Adding type registration calendar_date -> org.hibernate.type.BasicTypeReference@39f0c343
2024-10-22T23:42:52.317+03:00 DEBUG 4560 --- [reelQuill] [    Test worker] org.hibernate.type.BasicTypeRegistry     : Adding type registration calendar_time -> org.hibernate.type.BasicTypeReference@781654f8
2024-10-22T23:42:52.317+03:00 DEBUG 4560 --- [reelQuill] [    Test worker] org.hibernate.type.BasicTypeRegistry     : Adding type registration instant -> org.hibernate.type.BasicTypeReference@2abc55c4
2024-10-22T23:42:52.317+03:00 DEBUG 4560 --- [reelQuill] [    Test worker] org.hibernate.type.BasicTypeRegistry     : Adding type registration java.time.Instant -> org.hibernate.type.BasicTypeReference@2abc55c4
2024-10-22T23:42:52.317+03:00 DEBUG 4560 --- [reelQuill] [    Test worker] org.hibernate.type.BasicTypeRegistry     : Adding type registration uuid -> org.hibernate.type.BasicTypeReference@4e958f08
2024-10-22T23:42:52.317+03:00 DEBUG 4560 --- [reelQuill] [    Test worker] org.hibernate.type.BasicTypeRegistry     : Adding type registration java.util.UUID -> org.hibernate.type.BasicTypeReference@4e958f08
2024-10-22T23:42:52.317+03:00 DEBUG 4560 --- [reelQuill] [    Test worker] org.hibernate.type.BasicTypeRegistry     : Adding type registration pg-uuid -> org.hibernate.type.BasicTypeReference@4e958f08
2024-10-22T23:42:52.317+03:00 DEBUG 4560 --- [reelQuill] [    Test worker] org.hibernate.type.BasicTypeRegistry     : Adding type registration uuid-binary -> org.hibernate.type.BasicTypeReference@71c0b742
2024-10-22T23:42:52.317+03:00 DEBUG 4560 --- [reelQuill] [    Test worker] org.hibernate.type.BasicTypeRegistry     : Adding type registration uuid-char -> org.hibernate.type.BasicTypeReference@3bbb8c16
2024-10-22T23:42:52.317+03:00 DEBUG 4560 --- [reelQuill] [    Test worker] org.hibernate.type.BasicTypeRegistry     : Adding type registration class -> org.hibernate.type.BasicTypeReference@73e1ecd0
2024-10-22T23:42:52.317+03:00 DEBUG 4560 --- [reelQuill] [    Test worker] org.hibernate.type.BasicTypeRegistry     : Adding type registration java.lang.Class -> org.hibernate.type.BasicTypeReference@73e1ecd0
2024-10-22T23:42:52.317+03:00 DEBUG 4560 --- [reelQuill] [    Test worker] org.hibernate.type.BasicTypeRegistry     : Adding type registration currency -> org.hibernate.type.BasicTypeReference@11eec06b
2024-10-22T23:42:52.317+03:00 DEBUG 4560 --- [reelQuill] [    Test worker] org.hibernate.type.BasicTypeRegistry     : Adding type registration Currency -> org.hibernate.type.BasicTypeReference@11eec06b
2024-10-22T23:42:52.317+03:00 DEBUG 4560 --- [reelQuill] [    Test worker] org.hibernate.type.BasicTypeRegistry     : Adding type registration java.util.Currency -> org.hibernate.type.BasicTypeReference@11eec06b
2024-10-22T23:42:52.317+03:00 DEBUG 4560 --- [reelQuill] [    Test worker] org.hibernate.type.BasicTypeRegistry     : Adding type registration locale -> org.hibernate.type.BasicTypeReference@65600fb3
2024-10-22T23:42:52.317+03:00 DEBUG 4560 --- [reelQuill] [    Test worker] org.hibernate.type.BasicTypeRegistry     : Adding type registration java.util.Locale -> org.hibernate.type.BasicTypeReference@65600fb3
2024-10-22T23:42:52.317+03:00 DEBUG 4560 --- [reelQuill] [    Test worker] org.hibernate.type.BasicTypeRegistry     : Adding type registration serializable -> org.hibernate.type.BasicTypeReference@25ce435
2024-10-22T23:42:52.323+03:00 DEBUG 4560 --- [reelQuill] [    Test worker] org.hibernate.type.BasicTypeRegistry     : Adding type registration java.io.Serializable -> org.hibernate.type.BasicTypeReference@25ce435
2024-10-22T23:42:52.323+03:00 DEBUG 4560 --- [reelQuill] [    Test worker] org.hibernate.type.BasicTypeRegistry     : Adding type registration timezone -> org.hibernate.type.BasicTypeReference@7ea71fc2
2024-10-22T23:42:52.323+03:00 DEBUG 4560 --- [reelQuill] [    Test worker] org.hibernate.type.BasicTypeRegistry     : Adding type registration java.util.TimeZone -> org.hibernate.type.BasicTypeReference@7ea71fc2
2024-10-22T23:42:52.323+03:00 DEBUG 4560 --- [reelQuill] [    Test worker] org.hibernate.type.BasicTypeRegistry     : Adding type registration ZoneOffset -> org.hibernate.type.BasicTypeReference@19ad75e5
2024-10-22T23:42:52.323+03:00 DEBUG 4560 --- [reelQuill] [    Test worker] org.hibernate.type.BasicTypeRegistry     : Adding type registration java.time.ZoneOffset -> org.hibernate.type.BasicTypeReference@19ad75e5
2024-10-22T23:42:52.323+03:00 DEBUG 4560 --- [reelQuill] [    Test worker] org.hibernate.type.BasicTypeRegistry     : Adding type registration url -> org.hibernate.type.BasicTypeReference@7cd5fcf4
2024-10-22T23:42:52.323+03:00 DEBUG 4560 --- [reelQuill] [    Test worker] org.hibernate.type.BasicTypeRegistry     : Adding type registration java.net.URL -> org.hibernate.type.BasicTypeReference@7cd5fcf4
2024-10-22T23:42:52.323+03:00 DEBUG 4560 --- [reelQuill] [    Test worker] org.hibernate.type.BasicTypeRegistry     : Adding type registration vector -> org.hibernate.type.BasicTypeReference@19cdc217
2024-10-22T23:42:52.323+03:00 DEBUG 4560 --- [reelQuill] [    Test worker] org.hibernate.type.BasicTypeRegistry     : Adding type registration row_version -> org.hibernate.type.BasicTypeReference@5f5297e3
2024-10-22T23:42:52.328+03:00 DEBUG 4560 --- [reelQuill] [    Test worker] org.hibernate.type.BasicTypeRegistry     : Adding type registration object -> org.hibernate.type.JavaObjectType@42d9e8d2
2024-10-22T23:42:52.328+03:00 DEBUG 4560 --- [reelQuill] [    Test worker] org.hibernate.type.BasicTypeRegistry     : Adding type registration java.lang.Object -> org.hibernate.type.JavaObjectType@42d9e8d2
2024-10-22T23:42:52.328+03:00 DEBUG 4560 --- [reelQuill] [    Test worker] org.hibernate.type.BasicTypeRegistry     : Adding type registration null -> org.hibernate.type.NullType@1b46392c
2024-10-22T23:42:52.328+03:00 DEBUG 4560 --- [reelQuill] [    Test worker] org.hibernate.type.BasicTypeRegistry     : Adding type registration imm_date -> org.hibernate.type.BasicTypeReference@cf01c2e
2024-10-22T23:42:52.328+03:00 DEBUG 4560 --- [reelQuill] [    Test worker] org.hibernate.type.BasicTypeRegistry     : Adding type registration imm_time -> org.hibernate.type.BasicTypeReference@6f15f52a
2024-10-22T23:42:52.328+03:00 DEBUG 4560 --- [reelQuill] [    Test worker] org.hibernate.type.BasicTypeRegistry     : Adding type registration imm_timestamp -> org.hibernate.type.BasicTypeReference@1eb9bf60
2024-10-22T23:42:52.328+03:00 DEBUG 4560 --- [reelQuill] [    Test worker] org.hibernate.type.BasicTypeRegistry     : Adding type registration imm_calendar -> org.hibernate.type.BasicTypeReference@341c6ac2
2024-10-22T23:42:52.328+03:00 DEBUG 4560 --- [reelQuill] [    Test worker] org.hibernate.type.BasicTypeRegistry     : Adding type registration imm_calendar_date -> org.hibernate.type.BasicTypeReference@38811103
2024-10-22T23:42:52.328+03:00 DEBUG 4560 --- [reelQuill] [    Test worker] org.hibernate.type.BasicTypeRegistry     : Adding type registration imm_calendar_time -> org.hibernate.type.BasicTypeReference@787d1f9c
2024-10-22T23:42:52.328+03:00 DEBUG 4560 --- [reelQuill] [    Test worker] org.hibernate.type.BasicTypeRegistry     : Adding type registration imm_binary -> org.hibernate.type.BasicTypeReference@2becfd4c
2024-10-22T23:42:52.328+03:00 DEBUG 4560 --- [reelQuill] [    Test worker] org.hibernate.type.BasicTypeRegistry     : Adding type registration imm_serializable -> org.hibernate.type.BasicTypeReference@7c71c889
2024-10-22T23:42:52.328+03:00 DEBUG 4560 --- [reelQuill] [    Test worker] o.h.boot.internal.BootstrapContextImpl   : Injecting JPA temp ClassLoader [org.springframework.instrument.classloading.SimpleThrowawayClassLoader@24a4e2c5] into BootstrapContext; was [null]
2024-10-22T23:42:52.328+03:00 DEBUG 4560 --- [reelQuill] [    Test worker] o.h.boot.internal.ClassLoaderAccessImpl  : ClassLoaderAccessImpl#injectTempClassLoader(org.springframework.instrument.classloading.SimpleThrowawayClassLoader@24a4e2c5) [was null]
2024-10-22T23:42:52.328+03:00 DEBUG 4560 --- [reelQuill] [    Test worker] o.h.boot.internal.BootstrapContextImpl   : Injecting ScanEnvironment [org.hibernate.jpa.boot.internal.StandardJpaScanEnvironmentImpl@73e4bb60] into BootstrapContext; was [null]
2024-10-22T23:42:52.337+03:00 DEBUG 4560 --- [reelQuill] [    Test worker] o.h.boot.internal.BootstrapContextImpl   : Injecting ScanOptions [org.hibernate.boot.archive.scan.internal.StandardScanOptions@9a9aa68] into BootstrapContext; was [org.hibernate.boot.archive.scan.internal.StandardScanOptions@3a3883c4]
2024-10-22T23:42:52.513+03:00  INFO 4560 --- [reelQuill] [    Test worker] o.s.o.j.p.SpringPersistenceUnitInfo      : No LoadTimeWeaver setup: ignoring JPA class transformer
2024-10-22T23:42:52.513+03:00 DEBUG 4560 --- [reelQuill] [    Test worker] o.h.boot.internal.BootstrapContextImpl   : Injecting JPA temp ClassLoader [null] into BootstrapContext; was [org.springframework.instrument.classloading.SimpleThrowawayClassLoader@24a4e2c5]
2024-10-22T23:42:52.517+03:00 DEBUG 4560 --- [reelQuill] [    Test worker] o.h.boot.internal.ClassLoaderAccessImpl  : ClassLoaderAccessImpl#injectTempClassLoader(null) [was org.springframework.instrument.classloading.SimpleThrowawayClassLoader@24a4e2c5]
2024-10-22T23:42:52.537+03:00 DEBUG 4560 --- [reelQuill] [    Test worker] com.zaxxer.hikari.HikariConfig           : HikariPool-1 - configuration:
2024-10-22T23:42:52.537+03:00 DEBUG 4560 --- [reelQuill] [    Test worker] com.zaxxer.hikari.HikariConfig           : allowPoolSuspension.............false
2024-10-22T23:42:52.537+03:00 DEBUG 4560 --- [reelQuill] [    Test worker] com.zaxxer.hikari.HikariConfig           : autoCommit......................true
2024-10-22T23:42:52.537+03:00 DEBUG 4560 --- [reelQuill] [    Test worker] com.zaxxer.hikari.HikariConfig           : catalog.........................none
2024-10-22T23:42:52.537+03:00 DEBUG 4560 --- [reelQuill] [    Test worker] com.zaxxer.hikari.HikariConfig           : connectionInitSql...............none
2024-10-22T23:42:52.537+03:00 DEBUG 4560 --- [reelQuill] [    Test worker] com.zaxxer.hikari.HikariConfig           : connectionTestQuery.............none
2024-10-22T23:42:52.537+03:00 DEBUG 4560 --- [reelQuill] [    Test worker] com.zaxxer.hikari.HikariConfig           : connectionTimeout...............30000
2024-10-22T23:42:52.537+03:00 DEBUG 4560 --- [reelQuill] [    Test worker] com.zaxxer.hikari.HikariConfig           : dataSource......................none
2024-10-22T23:42:52.537+03:00 DEBUG 4560 --- [reelQuill] [    Test worker] com.zaxxer.hikari.HikariConfig           : dataSourceClassName.............none
2024-10-22T23:42:52.537+03:00 DEBUG 4560 --- [reelQuill] [    Test worker] com.zaxxer.hikari.HikariConfig           : dataSourceJNDI..................none
2024-10-22T23:42:52.545+03:00 DEBUG 4560 --- [reelQuill] [    Test worker] com.zaxxer.hikari.HikariConfig           : dataSourceProperties............{password=<masked>}
2024-10-22T23:42:52.545+03:00 DEBUG 4560 --- [reelQuill] [    Test worker] com.zaxxer.hikari.HikariConfig           : driverClassName................."org.postgresql.Driver"
2024-10-22T23:42:52.545+03:00 DEBUG 4560 --- [reelQuill] [    Test worker] com.zaxxer.hikari.HikariConfig           : exceptionOverrideClassName......none
2024-10-22T23:42:52.545+03:00 DEBUG 4560 --- [reelQuill] [    Test worker] com.zaxxer.hikari.HikariConfig           : healthCheckProperties...........{}
2024-10-22T23:42:52.545+03:00 DEBUG 4560 --- [reelQuill] [    Test worker] com.zaxxer.hikari.HikariConfig           : healthCheckRegistry.............none
2024-10-22T23:42:52.545+03:00 DEBUG 4560 --- [reelQuill] [    Test worker] com.zaxxer.hikari.HikariConfig           : idleTimeout.....................600000
2024-10-22T23:42:52.545+03:00 DEBUG 4560 --- [reelQuill] [    Test worker] com.zaxxer.hikari.HikariConfig           : initializationFailTimeout.......1
2024-10-22T23:42:52.547+03:00 DEBUG 4560 --- [reelQuill] [    Test worker] com.zaxxer.hikari.HikariConfig           : isolateInternalQueries..........false
2024-10-22T23:42:52.547+03:00 DEBUG 4560 --- [reelQuill] [    Test worker] com.zaxxer.hikari.HikariConfig           : jdbcUrl.........................jdbc:postgresql://localhost:5432/ReelQuill
2024-10-22T23:42:52.547+03:00 DEBUG 4560 --- [reelQuill] [    Test worker] com.zaxxer.hikari.HikariConfig           : keepaliveTime...................0
2024-10-22T23:42:52.547+03:00 DEBUG 4560 --- [reelQuill] [    Test worker] com.zaxxer.hikari.HikariConfig           : leakDetectionThreshold..........0
2024-10-22T23:42:52.547+03:00 DEBUG 4560 --- [reelQuill] [    Test worker] com.zaxxer.hikari.HikariConfig           : maxLifetime.....................1800000
2024-10-22T23:42:52.547+03:00 DEBUG 4560 --- [reelQuill] [    Test worker] com.zaxxer.hikari.HikariConfig           : maximumPoolSize.................10
2024-10-22T23:42:52.547+03:00 DEBUG 4560 --- [reelQuill] [    Test worker] com.zaxxer.hikari.HikariConfig           : metricRegistry..................none
2024-10-22T23:42:52.547+03:00 DEBUG 4560 --- [reelQuill] [    Test worker] com.zaxxer.hikari.HikariConfig           : metricsTrackerFactory...........none
2024-10-22T23:42:52.547+03:00 DEBUG 4560 --- [reelQuill] [    Test worker] com.zaxxer.hikari.HikariConfig           : minimumIdle.....................10
2024-10-22T23:42:52.547+03:00 DEBUG 4560 --- [reelQuill] [    Test worker] com.zaxxer.hikari.HikariConfig           : password........................<masked>
2024-10-22T23:42:52.547+03:00 DEBUG 4560 --- [reelQuill] [    Test worker] com.zaxxer.hikari.HikariConfig           : poolName........................"HikariPool-1"
2024-10-22T23:42:52.547+03:00 DEBUG 4560 --- [reelQuill] [    Test worker] com.zaxxer.hikari.HikariConfig           : readOnly........................false
2024-10-22T23:42:52.547+03:00 DEBUG 4560 --- [reelQuill] [    Test worker] com.zaxxer.hikari.HikariConfig           : registerMbeans..................false
2024-10-22T23:42:52.547+03:00 DEBUG 4560 --- [reelQuill] [    Test worker] com.zaxxer.hikari.HikariConfig           : scheduledExecutor...............none
2024-10-22T23:42:52.547+03:00 DEBUG 4560 --- [reelQuill] [    Test worker] com.zaxxer.hikari.HikariConfig           : schema..........................none
2024-10-22T23:42:52.547+03:00 DEBUG 4560 --- [reelQuill] [    Test worker] com.zaxxer.hikari.HikariConfig           : threadFactory...................internal
2024-10-22T23:42:52.547+03:00 DEBUG 4560 --- [reelQuill] [    Test worker] com.zaxxer.hikari.HikariConfig           : transactionIsolation............default
2024-10-22T23:42:52.547+03:00 DEBUG 4560 --- [reelQuill] [    Test worker] com.zaxxer.hikari.HikariConfig           : username........................"postgres"
2024-10-22T23:42:52.547+03:00 DEBUG 4560 --- [reelQuill] [    Test worker] com.zaxxer.hikari.HikariConfig           : validationTimeout...............5000
2024-10-22T23:42:52.547+03:00  INFO 4560 --- [reelQuill] [    Test worker] com.zaxxer.hikari.HikariDataSource       : HikariPool-1 - Starting...
2024-10-22T23:42:52.562+03:00 DEBUG 4560 --- [reelQuill] [    Test worker] org.postgresql.Driver                    : Loading driver configuration via classloader jdk.internal.loader.ClassLoaders$AppClassLoader@33909752
2024-10-22T23:42:52.562+03:00 DEBUG 4560 --- [reelQuill] [    Test worker] org.postgresql.Driver                    : Connecting with URL: jdbc:postgresql://localhost:5432/ReelQuill
2024-10-22T23:42:52.567+03:00 DEBUG 4560 --- [reelQuill] [    Test worker] org.postgresql.jdbc.PgConnection         : PostgreSQL JDBC Driver 42.7.4
2024-10-22T23:42:52.567+03:00 DEBUG 4560 --- [reelQuill] [    Test worker] org.postgresql.jdbc.PgConnection         :   setDefaultFetchSize = 0
2024-10-22T23:42:52.567+03:00 DEBUG 4560 --- [reelQuill] [    Test worker] org.postgresql.jdbc.PgConnection         :   setPrepareThreshold = 5
2024-10-22T23:42:52.567+03:00 DEBUG 4560 --- [reelQuill] [    Test worker] o.p.core.v3.ConnectionFactoryImpl        : Trying to establish a protocol version 3 connection to localhost:5432
2024-10-22T23:42:52.587+03:00 DEBUG 4560 --- [reelQuill] [    Test worker] o.p.core.v3.ConnectionFactoryImpl        : Receive Buffer Size is 65.536
2024-10-22T23:42:52.587+03:00 DEBUG 4560 --- [reelQuill] [    Test worker] o.p.core.v3.ConnectionFactoryImpl        : Send Buffer Size is 65.536
2024-10-22T23:42:52.678+03:00  INFO 4560 --- [reelQuill] [    Test worker] com.zaxxer.hikari.pool.HikariPool        : HikariPool-1 - Added connection org.postgresql.jdbc.PgConnection@38fb151a
2024-10-22T23:42:52.678+03:00  INFO 4560 --- [reelQuill] [    Test worker] com.zaxxer.hikari.HikariDataSource       : HikariPool-1 - Start completed.
2024-10-22T23:42:52.678+03:00 DEBUG 4560 --- [reelQuill] [    Test worker] o.h.e.j.e.i.JdbcEnvironmentInitiator     : Database ->
	   name : PostgreSQL
	version : 15.8
	  major : 15
	  minor : 8
2024-10-22T23:42:52.678+03:00 DEBUG 4560 --- [reelQuill] [    Test worker] o.h.e.j.e.i.JdbcEnvironmentInitiator     : Driver ->
	   name : PostgreSQL JDBC Driver
	version : 42.7.4
	  major : 42
	  minor : 7
2024-10-22T23:42:52.678+03:00 DEBUG 4560 --- [reelQuill] [    Test worker] o.h.e.j.e.i.JdbcEnvironmentInitiator     : JDBC version : 4.2
2024-10-22T23:42:52.718+03:00 DEBUG 4560 --- [reelQuill] [    Test worker] org.hibernate.orm.dialect                : HHH035001: Using dialect: org.hibernate.dialect.PostgreSQLDialect, version: 15.8
2024-10-22T23:42:52.721+03:00 DEBUG 4560 --- [reelQuill] [    Test worker] o.h.e.j.env.spi.IdentifierHelperBuilder  : JDBC driver metadata reported database stores quoted identifiers in neither upper, lower nor mixed case
2024-10-22T23:42:52.727+03:00 DEBUG 4560 --- [reelQuill] [    Test worker] org.hibernate.orm.jdbc.lob               : HHH10010004: Disabling contextual LOB creation as Dialect reported it is not supported
2024-10-22T23:42:52.748+03:00 DEBUG 4560 --- [reelQuill] [    Test worker] o.h.t.d.sql.spi.DdlTypeRegistry          : addDescriptor(2003, org.hibernate.type.descriptor.sql.internal.ArrayDdlTypeImpl@6654ca0d) replaced previous registration(org.hibernate.type.descriptor.sql.internal.ArrayDdlTypeImpl@35536760)
2024-10-22T23:42:52.748+03:00 DEBUG 4560 --- [reelQuill] [    Test worker] o.h.t.d.sql.spi.DdlTypeRegistry          : addDescriptor(6, org.hibernate.type.descriptor.sql.internal.CapacityDependentDdlType@1c8f71a7) replaced previous registration(org.hibernate.type.descriptor.sql.internal.DdlTypeImpl@27e21083)
2024-10-22T23:42:52.748+03:00 DEBUG 4560 --- [reelQuill] [    Test worker] o.h.t.d.jdbc.spi.JdbcTypeRegistry        : addDescriptor(2004, BlobTypeDescriptor(BLOB_BINDING)) replaced previous registration(BlobTypeDescriptor(DEFAULT))
2024-10-22T23:42:52.748+03:00 DEBUG 4560 --- [reelQuill] [    Test worker] o.h.t.d.jdbc.spi.JdbcTypeRegistry        : addDescriptor(2005, ClobTypeDescriptor(CLOB_BINDING)) replaced previous registration(ClobTypeDescriptor(DEFAULT))
2024-10-22T23:42:52.754+03:00 DEBUG 4560 --- [reelQuill] [    Test worker] org.hibernate.type.BasicTypeRegistry     : Adding type registration JAVA_OBJECT -> org.hibernate.type.JavaObjectType@2b4829aa
2024-10-22T23:42:52.754+03:00 DEBUG 4560 --- [reelQuill] [    Test worker] org.hibernate.type.BasicTypeRegistry     : Adding type registration java.lang.Object -> org.hibernate.type.JavaObjectType@2b4829aa
2024-10-22T23:42:52.754+03:00 DEBUG 4560 --- [reelQuill] [    Test worker] org.hibernate.type.BasicTypeRegistry     : Type registration key [java.lang.Object] overrode previous entry : `org.hibernate.type.JavaObjectType@42d9e8d2`
2024-10-22T23:42:52.758+03:00 DEBUG 4560 --- [reelQuill] [    Test worker] org.hibernate.type.BasicTypeRegistry     : Adding type registration org.hibernate.type.DurationType -> basicType@1(java.time.Duration,3015)
2024-10-22T23:42:52.758+03:00 DEBUG 4560 --- [reelQuill] [    Test worker] org.hibernate.type.BasicTypeRegistry     : Adding type registration Duration -> basicType@1(java.time.Duration,3015)
2024-10-22T23:42:52.758+03:00 DEBUG 4560 --- [reelQuill] [    Test worker] org.hibernate.type.BasicTypeRegistry     : Adding type registration java.time.Duration -> basicType@1(java.time.Duration,3015)
2024-10-22T23:42:52.762+03:00 DEBUG 4560 --- [reelQuill] [    Test worker] org.hibernate.type.BasicTypeRegistry     : Adding type registration org.hibernate.type.OffsetDateTimeType -> basicType@2(java.time.OffsetDateTime,3003)
2024-10-22T23:42:52.762+03:00 DEBUG 4560 --- [reelQuill] [    Test worker] org.hibernate.type.BasicTypeRegistry     : Adding type registration OffsetDateTime -> basicType@2(java.time.OffsetDateTime,3003)
2024-10-22T23:42:52.762+03:00 DEBUG 4560 --- [reelQuill] [    Test worker] org.hibernate.type.BasicTypeRegistry     : Adding type registration java.time.OffsetDateTime -> basicType@2(java.time.OffsetDateTime,3003)
2024-10-22T23:42:52.762+03:00 DEBUG 4560 --- [reelQuill] [    Test worker] org.hibernate.type.BasicTypeRegistry     : Adding type registration org.hibernate.type.ZonedDateTimeType -> basicType@3(java.time.ZonedDateTime,3003)
2024-10-22T23:42:52.762+03:00 DEBUG 4560 --- [reelQuill] [    Test worker] org.hibernate.type.BasicTypeRegistry     : Adding type registration ZonedDateTime -> basicType@3(java.time.ZonedDateTime,3003)
2024-10-22T23:42:52.762+03:00 DEBUG 4560 --- [reelQuill] [    Test worker] org.hibernate.type.BasicTypeRegistry     : Adding type registration java.time.ZonedDateTime -> basicType@3(java.time.ZonedDateTime,3003)
2024-10-22T23:42:52.762+03:00 DEBUG 4560 --- [reelQuill] [    Test worker] org.hibernate.type.BasicTypeRegistry     : Adding type registration org.hibernate.type.OffsetTimeType -> basicType@4(java.time.OffsetTime,3007)
2024-10-22T23:42:52.762+03:00 DEBUG 4560 --- [reelQuill] [    Test worker] org.hibernate.type.BasicTypeRegistry     : Adding type registration OffsetTime -> basicType@4(java.time.OffsetTime,3007)
2024-10-22T23:42:52.762+03:00 DEBUG 4560 --- [reelQuill] [    Test worker] org.hibernate.type.BasicTypeRegistry     : Adding type registration java.time.OffsetTime -> basicType@4(java.time.OffsetTime,3007)
2024-10-22T23:42:52.762+03:00 DEBUG 4560 --- [reelQuill] [    Test worker] o.h.type.spi.TypeConfiguration$Scope     : Scoping TypeConfiguration [org.hibernate.type.spi.TypeConfiguration@31b6fb14] to MetadataBuildingContext [org.hibernate.boot.internal.MetadataBuildingContextRootImpl@3eee08f5]
2024-10-22T23:42:52.786+03:00 DEBUG 4560 --- [reelQuill] [l-1 housekeeper] com.zaxxer.hikari.pool.HikariPool        : HikariPool-1 - Pool stats (total=1, active=0, idle=1, waiting=0)
2024-10-22T23:42:52.786+03:00 DEBUG 4560 --- [reelQuill] [onnection adder] org.postgresql.Driver                    : Connecting with URL: jdbc:postgresql://localhost:5432/ReelQuill
2024-10-22T23:42:52.786+03:00 DEBUG 4560 --- [reelQuill] [onnection adder] org.postgresql.jdbc.PgConnection         : PostgreSQL JDBC Driver 42.7.4
2024-10-22T23:42:52.787+03:00 DEBUG 4560 --- [reelQuill] [onnection adder] org.postgresql.jdbc.PgConnection         :   setDefaultFetchSize = 0
2024-10-22T23:42:52.787+03:00 DEBUG 4560 --- [reelQuill] [onnection adder] org.postgresql.jdbc.PgConnection         :   setPrepareThreshold = 5
2024-10-22T23:42:52.787+03:00 DEBUG 4560 --- [reelQuill] [onnection adder] o.p.core.v3.ConnectionFactoryImpl        : Trying to establish a protocol version 3 connection to localhost:5432
2024-10-22T23:42:52.787+03:00 DEBUG 4560 --- [reelQuill] [onnection adder] o.p.core.v3.ConnectionFactoryImpl        : Receive Buffer Size is 65.536
2024-10-22T23:42:52.787+03:00 DEBUG 4560 --- [reelQuill] [onnection adder] o.p.core.v3.ConnectionFactoryImpl        : Send Buffer Size is 65.536
2024-10-22T23:42:52.787+03:00 DEBUG 4560 --- [reelQuill] [    Test worker] o.h.boot.model.relational.Namespace      : Created database namespace [logicalName=Name{catalog=null, schema=null}, physicalName=Name{catalog=null, schema=null}]
2024-10-22T23:42:52.807+03:00 DEBUG 4560 --- [reelQuill] [    Test worker] o.h.boot.model.internal.EntityBinder     : Binding entity from annotated class: com.example.reelquill.model.Friend
2024-10-22T23:42:52.807+03:00 DEBUG 4560 --- [reelQuill] [    Test worker] o.h.boot.model.internal.EntityBinder     : Import with entity name Friend
2024-10-22T23:42:52.827+03:00 DEBUG 4560 --- [reelQuill] [    Test worker] o.h.boot.model.internal.EntityBinder     : Bind entity com.example.reelquill.model.Friend on table friends
2024-10-22T23:42:52.827+03:00 DEBUG 4560 --- [reelQuill] [onnection adder] com.zaxxer.hikari.pool.HikariPool        : HikariPool-1 - Added connection org.postgresql.jdbc.PgConnection@2789e8d8
2024-10-22T23:42:52.837+03:00 DEBUG 4560 --- [reelQuill] [    Test worker] o.h.boot.model.internal.AnnotatedColumn  : Binding column: AnnotatedDiscriminatorColumn(column='DTYPE')
2024-10-22T23:42:52.865+03:00 DEBUG 4560 --- [reelQuill] [onnection adder] com.zaxxer.hikari.pool.HikariPool        : HikariPool-1 - After adding stats (total=2, active=0, idle=2, waiting=0)
2024-10-22T23:42:52.865+03:00 DEBUG 4560 --- [reelQuill] [onnection adder] org.postgresql.Driver                    : Connecting with URL: jdbc:postgresql://localhost:5432/ReelQuill
2024-10-22T23:42:52.865+03:00 DEBUG 4560 --- [reelQuill] [onnection adder] org.postgresql.jdbc.PgConnection         : PostgreSQL JDBC Driver 42.7.4
2024-10-22T23:42:52.865+03:00 DEBUG 4560 --- [reelQuill] [onnection adder] org.postgresql.jdbc.PgConnection         :   setDefaultFetchSize = 0
2024-10-22T23:42:52.865+03:00 DEBUG 4560 --- [reelQuill] [onnection adder] org.postgresql.jdbc.PgConnection         :   setPrepareThreshold = 5
2024-10-22T23:42:52.865+03:00 DEBUG 4560 --- [reelQuill] [onnection adder] o.p.core.v3.ConnectionFactoryImpl        : Trying to establish a protocol version 3 connection to localhost:5432
2024-10-22T23:42:52.865+03:00 DEBUG 4560 --- [reelQuill] [onnection adder] o.p.core.v3.ConnectionFactoryImpl        : Receive Buffer Size is 65.536
2024-10-22T23:42:52.865+03:00 DEBUG 4560 --- [reelQuill] [onnection adder] o.p.core.v3.ConnectionFactoryImpl        : Send Buffer Size is 65.536
2024-10-22T23:42:52.867+03:00 DEBUG 4560 --- [reelQuill] [    Test worker] o.h.boot.model.internal.AnnotatedColumn  : Binding column: AnnotatedColumn()
2024-10-22T23:42:52.867+03:00 DEBUG 4560 --- [reelQuill] [    Test worker] o.h.boot.internal.ClassLoaderAccessImpl  : Not known whether passed class name [com.example.reelquill.model.Friend] is safe
2024-10-22T23:42:52.867+03:00 DEBUG 4560 --- [reelQuill] [    Test worker] o.h.boot.internal.ClassLoaderAccessImpl  : No temp ClassLoader provided; using live ClassLoader for loading potentially unsafe class : com.example.reelquill.model.Friend
2024-10-22T23:42:52.867+03:00 DEBUG 4560 --- [reelQuill] [    Test worker] o.h.boot.model.internal.PropertyBinder   : MetadataSourceProcessor property id with lazy=false
2024-10-22T23:42:52.877+03:00 DEBUG 4560 --- [reelQuill] [    Test worker] o.h.b.m.internal.AbstractPropertyHolder  : Attempting to locate auto-apply AttributeConverter for property [com.example.reelquill.model.Friend:id]
2024-10-22T23:42:52.881+03:00 DEBUG 4560 --- [reelQuill] [    Test worker] o.h.b.model.internal.BasicValueBinder    : building BasicValue for id
2024-10-22T23:42:52.881+03:00 DEBUG 4560 --- [reelQuill] [    Test worker] org.hibernate.mapping.BasicValue         : Skipping column re-registration: friends.id
2024-10-22T23:42:52.887+03:00 DEBUG 4560 --- [reelQuill] [    Test worker] o.h.boot.model.internal.PropertyBinder   : Building property id
2024-10-22T23:42:52.887+03:00 DEBUG 4560 --- [reelQuill] [    Test worker] o.h.boot.model.internal.BinderHelper     : #makeIdGenerator(BasicValue([Column(id)]), id, identity, , ...)
2024-10-22T23:42:52.887+03:00 DEBUG 4560 --- [reelQuill] [    Test worker] o.h.boot.model.internal.AnnotatedColumn  : Binding column: AnnotatedColumn(column='friend_id')
2024-10-22T23:42:52.887+03:00 DEBUG 4560 --- [reelQuill] [    Test worker] o.h.boot.model.internal.PropertyBinder   : MetadataSourceProcessor property friendId with lazy=false
2024-10-22T23:42:52.887+03:00 DEBUG 4560 --- [reelQuill] [    Test worker] o.h.b.m.internal.AbstractPropertyHolder  : Attempting to locate auto-apply AttributeConverter for property [com.example.reelquill.model.Friend:friendId]
2024-10-22T23:42:52.887+03:00 DEBUG 4560 --- [reelQuill] [    Test worker] o.h.b.model.internal.BasicValueBinder    : building BasicValue for friendId
2024-10-22T23:42:52.887+03:00 DEBUG 4560 --- [reelQuill] [    Test worker] org.hibernate.mapping.BasicValue         : Skipping column re-registration: friends.friend_id
2024-10-22T23:42:52.887+03:00 DEBUG 4560 --- [reelQuill] [    Test worker] o.h.boot.model.internal.PropertyBinder   : Building property friendId
2024-10-22T23:42:52.887+03:00 DEBUG 4560 --- [reelQuill] [    Test worker] o.h.boot.model.internal.AnnotatedColumn  : Binding column: AnnotatedColumn(column='user_id')
2024-10-22T23:42:52.887+03:00 DEBUG 4560 --- [reelQuill] [    Test worker] o.h.boot.model.internal.PropertyBinder   : MetadataSourceProcessor property userId with lazy=false
2024-10-22T23:42:52.887+03:00 DEBUG 4560 --- [reelQuill] [    Test worker] o.h.b.m.internal.AbstractPropertyHolder  : Attempting to locate auto-apply AttributeConverter for property [com.example.reelquill.model.Friend:userId]
2024-10-22T23:42:52.887+03:00 DEBUG 4560 --- [reelQuill] [    Test worker] o.h.b.model.internal.BasicValueBinder    : building BasicValue for userId
2024-10-22T23:42:52.887+03:00 DEBUG 4560 --- [reelQuill] [    Test worker] org.hibernate.mapping.BasicValue         : Skipping column re-registration: friends.user_id
2024-10-22T23:42:52.887+03:00 DEBUG 4560 --- [reelQuill] [    Test worker] o.h.boot.model.internal.PropertyBinder   : Building property userId
2024-10-22T23:42:52.887+03:00 DEBUG 4560 --- [reelQuill] [    Test worker] o.h.b.r.c.i.ClassLoaderServiceImpl       : HHH000194: Package not found or no package-info.java: com.example.reelquill.model
2024-10-22T23:42:52.898+03:00 DEBUG 4560 --- [reelQuill] [    Test worker] o.h.boot.model.internal.EntityBinder     : Binding entity from annotated class: com.example.reelquill.model.GeneralInfo
2024-10-22T23:42:52.898+03:00 DEBUG 4560 --- [reelQuill] [    Test worker] o.h.boot.model.internal.EntityBinder     : Import with entity name GeneralInfo
2024-10-22T23:42:52.898+03:00 DEBUG 4560 --- [reelQuill] [    Test worker] o.h.boot.model.internal.EntityBinder     : Bind entity com.example.reelquill.model.GeneralInfo on table general_info
2024-10-22T23:42:52.898+03:00 DEBUG 4560 --- [reelQuill] [    Test worker] o.h.boot.model.internal.AnnotatedColumn  : Binding column: AnnotatedDiscriminatorColumn(column='DTYPE')
2024-10-22T23:42:52.898+03:00 DEBUG 4560 --- [reelQuill] [    Test worker] o.h.boot.model.internal.AnnotatedColumn  : Binding column: AnnotatedColumn()
2024-10-22T23:42:52.898+03:00 DEBUG 4560 --- [reelQuill] [    Test worker] o.h.boot.internal.ClassLoaderAccessImpl  : Not known whether passed class name [com.example.reelquill.model.GeneralInfo] is safe
2024-10-22T23:42:52.898+03:00 DEBUG 4560 --- [reelQuill] [    Test worker] o.h.boot.internal.ClassLoaderAccessImpl  : No temp ClassLoader provided; using live ClassLoader for loading potentially unsafe class : com.example.reelquill.model.GeneralInfo
2024-10-22T23:42:52.898+03:00 DEBUG 4560 --- [reelQuill] [    Test worker] o.h.boot.model.internal.PropertyBinder   : MetadataSourceProcessor property id with lazy=false
2024-10-22T23:42:52.898+03:00 DEBUG 4560 --- [reelQuill] [    Test worker] o.h.b.m.internal.AbstractPropertyHolder  : Attempting to locate auto-apply AttributeConverter for property [com.example.reelquill.model.GeneralInfo:id]
2024-10-22T23:42:52.898+03:00 DEBUG 4560 --- [reelQuill] [    Test worker] o.h.b.model.internal.BasicValueBinder    : building BasicValue for id
2024-10-22T23:42:52.898+03:00 DEBUG 4560 --- [reelQuill] [    Test worker] org.hibernate.mapping.BasicValue         : Skipping column re-registration: general_info.id
2024-10-22T23:42:52.898+03:00 DEBUG 4560 --- [reelQuill] [    Test worker] o.h.boot.model.internal.PropertyBinder   : Building property id
2024-10-22T23:42:52.898+03:00 DEBUG 4560 --- [reelQuill] [    Test worker] o.h.boot.model.internal.BinderHelper     : #makeIdGenerator(BasicValue([Column(id)]), id, identity, , ...)
2024-10-22T23:42:52.898+03:00 DEBUG 4560 --- [reelQuill] [    Test worker] o.h.boot.model.internal.AnnotatedColumn  : Binding column: AnnotatedColumn()
2024-10-22T23:42:52.898+03:00 DEBUG 4560 --- [reelQuill] [    Test worker] o.h.boot.model.internal.PropertyBinder   : MetadataSourceProcessor property actors with lazy=false
2024-10-22T23:42:52.898+03:00 DEBUG 4560 --- [reelQuill] [    Test worker] o.h.b.m.internal.AbstractPropertyHolder  : Attempting to locate auto-apply AttributeConverter for property [com.example.reelquill.model.GeneralInfo:actors]
2024-10-22T23:42:52.898+03:00 DEBUG 4560 --- [reelQuill] [    Test worker] o.h.b.model.internal.BasicValueBinder    : building BasicValue for actors
2024-10-22T23:42:52.898+03:00 DEBUG 4560 --- [reelQuill] [    Test worker] org.hibernate.mapping.BasicValue         : Skipping column re-registration: general_info.actors
2024-10-22T23:42:52.898+03:00 DEBUG 4560 --- [reelQuill] [    Test worker] o.h.boot.model.internal.PropertyBinder   : Building property actors
2024-10-22T23:42:52.898+03:00 DEBUG 4560 --- [reelQuill] [    Test worker] o.h.boot.model.internal.AnnotatedColumn  : Binding column: AnnotatedColumn()
2024-10-22T23:42:52.898+03:00 DEBUG 4560 --- [reelQuill] [    Test worker] o.h.boot.model.internal.PropertyBinder   : MetadataSourceProcessor property description with lazy=false
2024-10-22T23:42:52.898+03:00 DEBUG 4560 --- [reelQuill] [    Test worker] o.h.b.m.internal.AbstractPropertyHolder  : Attempting to locate auto-apply AttributeConverter for property [com.example.reelquill.model.GeneralInfo:description]
2024-10-22T23:42:52.898+03:00 DEBUG 4560 --- [reelQuill] [    Test worker] o.h.b.model.internal.BasicValueBinder    : building BasicValue for description
2024-10-22T23:42:52.898+03:00 DEBUG 4560 --- [reelQuill] [    Test worker] org.hibernate.mapping.BasicValue         : Skipping column re-registration: general_info.description
2024-10-22T23:42:52.898+03:00 DEBUG 4560 --- [reelQuill] [    Test worker] o.h.boot.model.internal.PropertyBinder   : Building property description
2024-10-22T23:42:52.898+03:00 DEBUG 4560 --- [reelQuill] [    Test worker] o.h.boot.model.internal.AnnotatedColumn  : Binding column: AnnotatedColumn()
2024-10-22T23:42:52.898+03:00 DEBUG 4560 --- [reelQuill] [    Test worker] o.h.boot.model.internal.PropertyBinder   : MetadataSourceProcessor property director with lazy=false
2024-10-22T23:42:52.898+03:00 DEBUG 4560 --- [reelQuill] [    Test worker] o.h.b.m.internal.AbstractPropertyHolder  : Attempting to locate auto-apply AttributeConverter for property [com.example.reelquill.model.GeneralInfo:director]
2024-10-22T23:42:52.898+03:00 DEBUG 4560 --- [reelQuill] [    Test worker] o.h.b.model.internal.BasicValueBinder    : building BasicValue for director
2024-10-22T23:42:52.898+03:00 DEBUG 4560 --- [reelQuill] [    Test worker] org.hibernate.mapping.BasicValue         : Skipping column re-registration: general_info.director
2024-10-22T23:42:52.898+03:00 DEBUG 4560 --- [reelQuill] [    Test worker] o.h.boot.model.internal.PropertyBinder   : Building property director
2024-10-22T23:42:52.898+03:00 DEBUG 4560 --- [reelQuill] [    Test worker] o.h.boot.model.internal.AnnotatedColumn  : Binding column: AnnotatedColumn()
2024-10-22T23:42:52.898+03:00 DEBUG 4560 --- [reelQuill] [    Test worker] o.h.boot.model.internal.PropertyBinder   : MetadataSourceProcessor property genre with lazy=false
2024-10-22T23:42:52.898+03:00 DEBUG 4560 --- [reelQuill] [    Test worker] o.h.b.m.internal.AbstractPropertyHolder  : Attempting to locate auto-apply AttributeConverter for property [com.example.reelquill.model.GeneralInfo:genre]
2024-10-22T23:42:52.898+03:00 DEBUG 4560 --- [reelQuill] [    Test worker] o.h.b.model.internal.BasicValueBinder    : building BasicValue for genre
2024-10-22T23:42:52.898+03:00 DEBUG 4560 --- [reelQuill] [    Test worker] org.hibernate.mapping.BasicValue         : Skipping column re-registration: general_info.genre
2024-10-22T23:42:52.898+03:00 DEBUG 4560 --- [reelQuill] [    Test worker] o.h.boot.model.internal.PropertyBinder   : Building property genre
2024-10-22T23:42:52.898+03:00 DEBUG 4560 --- [reelQuill] [    Test worker] o.h.boot.model.internal.AnnotatedColumn  : Binding column: AnnotatedColumn()
2024-10-22T23:42:52.898+03:00 DEBUG 4560 --- [reelQuill] [    Test worker] o.h.boot.model.internal.PropertyBinder   : MetadataSourceProcessor property metascore with lazy=false
2024-10-22T23:42:52.898+03:00 DEBUG 4560 --- [reelQuill] [    Test worker] o.h.b.m.internal.AbstractPropertyHolder  : Attempting to locate auto-apply AttributeConverter for property [com.example.reelquill.model.GeneralInfo:metascore]
2024-10-22T23:42:52.898+03:00 DEBUG 4560 --- [reelQuill] [    Test worker] o.h.b.model.internal.BasicValueBinder    : building BasicValue for metascore
2024-10-22T23:42:52.898+03:00 DEBUG 4560 --- [reelQuill] [    Test worker] org.hibernate.mapping.BasicValue         : Skipping column re-registration: general_info.metascore
2024-10-22T23:42:52.898+03:00 DEBUG 4560 --- [reelQuill] [    Test worker] o.h.boot.model.internal.PropertyBinder   : Building property metascore
2024-10-22T23:42:52.898+03:00 DEBUG 4560 --- [reelQuill] [    Test worker] o.h.boot.model.internal.AnnotatedColumn  : Binding column: AnnotatedColumn()
2024-10-22T23:42:52.898+03:00 DEBUG 4560 --- [reelQuill] [    Test worker] o.h.boot.model.internal.PropertyBinder   : MetadataSourceProcessor property rank with lazy=false
2024-10-22T23:42:52.898+03:00 DEBUG 4560 --- [reelQuill] [    Test worker] o.h.b.m.internal.AbstractPropertyHolder  : Attempting to locate auto-apply AttributeConverter for property [com.example.reelquill.model.GeneralInfo:rank]
2024-10-22T23:42:52.898+03:00 DEBUG 4560 --- [reelQuill] [    Test worker] o.h.b.model.internal.BasicValueBinder    : building BasicValue for rank
2024-10-22T23:42:52.898+03:00 DEBUG 4560 --- [reelQuill] [    Test worker] org.hibernate.mapping.BasicValue         : Skipping column re-registration: general_info.rank
2024-10-22T23:42:52.898+03:00 DEBUG 4560 --- [reelQuill] [    Test worker] o.h.boot.model.internal.PropertyBinder   : Building property rank
2024-10-22T23:42:52.898+03:00 DEBUG 4560 --- [reelQuill] [    Test worker] o.h.boot.model.internal.AnnotatedColumn  : Binding column: AnnotatedColumn()
2024-10-22T23:42:52.898+03:00 DEBUG 4560 --- [reelQuill] [    Test worker] o.h.boot.model.internal.PropertyBinder   : MetadataSourceProcessor property rating with lazy=false
2024-10-22T23:42:52.898+03:00 DEBUG 4560 --- [reelQuill] [    Test worker] o.h.b.m.internal.AbstractPropertyHolder  : Attempting to locate auto-apply AttributeConverter for property [com.example.reelquill.model.GeneralInfo:rating]
2024-10-22T23:42:52.898+03:00 DEBUG 4560 --- [reelQuill] [    Test worker] o.h.b.model.internal.BasicValueBinder    : building BasicValue for rating
2024-10-22T23:42:52.898+03:00 DEBUG 4560 --- [reelQuill] [    Test worker] org.hibernate.mapping.BasicValue         : Skipping column re-registration: general_info.rating
2024-10-22T23:42:52.898+03:00 DEBUG 4560 --- [reelQuill] [    Test worker] o.h.boot.model.internal.PropertyBinder   : Building property rating
2024-10-22T23:42:52.898+03:00 DEBUG 4560 --- [reelQuill] [    Test worker] o.h.boot.model.internal.AnnotatedColumn  : Binding column: AnnotatedColumn()
2024-10-22T23:42:52.898+03:00 DEBUG 4560 --- [reelQuill] [    Test worker] o.h.boot.model.internal.PropertyBinder   : MetadataSourceProcessor property revenue with lazy=false
2024-10-22T23:42:52.898+03:00 DEBUG 4560 --- [reelQuill] [    Test worker] o.h.b.m.internal.AbstractPropertyHolder  : Attempting to locate auto-apply AttributeConverter for property [com.example.reelquill.model.GeneralInfo:revenue]
2024-10-22T23:42:52.898+03:00 DEBUG 4560 --- [reelQuill] [    Test worker] o.h.b.model.internal.BasicValueBinder    : building BasicValue for revenue
2024-10-22T23:42:52.898+03:00 DEBUG 4560 --- [reelQuill] [    Test worker] org.hibernate.mapping.BasicValue         : Skipping column re-registration: general_info.revenue
2024-10-22T23:42:52.898+03:00 DEBUG 4560 --- [reelQuill] [    Test worker] o.h.boot.model.internal.PropertyBinder   : Building property revenue
2024-10-22T23:42:52.898+03:00 DEBUG 4560 --- [reelQuill] [    Test worker] o.h.boot.model.internal.AnnotatedColumn  : Binding column: AnnotatedColumn()
2024-10-22T23:42:52.898+03:00 DEBUG 4560 --- [reelQuill] [onnection adder] com.zaxxer.hikari.pool.HikariPool        : HikariPool-1 - Added connection org.postgresql.jdbc.PgConnection@2d7183a8
2024-10-22T23:42:52.898+03:00 DEBUG 4560 --- [reelQuill] [    Test worker] o.h.boot.model.internal.PropertyBinder   : MetadataSourceProcessor property runtime with lazy=false
2024-10-22T23:42:52.898+03:00 DEBUG 4560 --- [reelQuill] [    Test worker] o.h.b.m.internal.AbstractPropertyHolder  : Attempting to locate auto-apply AttributeConverter for property [com.example.reelquill.model.GeneralInfo:runtime]
2024-10-22T23:42:52.898+03:00 DEBUG 4560 --- [reelQuill] [    Test worker] o.h.b.model.internal.BasicValueBinder    : building BasicValue for runtime
2024-10-22T23:42:52.898+03:00 DEBUG 4560 --- [reelQuill] [    Test worker] org.hibernate.mapping.BasicValue         : Skipping column re-registration: general_info.runtime
2024-10-22T23:42:52.898+03:00 DEBUG 4560 --- [reelQuill] [    Test worker] o.h.boot.model.internal.PropertyBinder   : Building property runtime
2024-10-22T23:42:52.898+03:00 DEBUG 4560 --- [reelQuill] [    Test worker] o.h.boot.model.internal.AnnotatedColumn  : Binding column: AnnotatedColumn()
2024-10-22T23:42:52.898+03:00 DEBUG 4560 --- [reelQuill] [    Test worker] o.h.boot.model.internal.PropertyBinder   : MetadataSourceProcessor property title with lazy=false
2024-10-22T23:42:52.898+03:00 DEBUG 4560 --- [reelQuill] [    Test worker] o.h.b.m.internal.AbstractPropertyHolder  : Attempting to locate auto-apply AttributeConverter for property [com.example.reelquill.model.GeneralInfo:title]
2024-10-22T23:42:52.898+03:00 DEBUG 4560 --- [reelQuill] [    Test worker] o.h.b.model.internal.BasicValueBinder    : building BasicValue for title
2024-10-22T23:42:52.898+03:00 DEBUG 4560 --- [reelQuill] [    Test worker] org.hibernate.mapping.BasicValue         : Skipping column re-registration: general_info.title
2024-10-22T23:42:52.898+03:00 DEBUG 4560 --- [reelQuill] [    Test worker] o.h.boot.model.internal.PropertyBinder   : Building property title
2024-10-22T23:42:52.898+03:00 DEBUG 4560 --- [reelQuill] [    Test worker] o.h.boot.model.internal.AnnotatedColumn  : Binding column: AnnotatedColumn()
2024-10-22T23:42:52.898+03:00 DEBUG 4560 --- [reelQuill] [    Test worker] o.h.boot.model.internal.PropertyBinder   : MetadataSourceProcessor property votes with lazy=false
2024-10-22T23:42:52.898+03:00 DEBUG 4560 --- [reelQuill] [    Test worker] o.h.b.m.internal.AbstractPropertyHolder  : Attempting to locate auto-apply AttributeConverter for property [com.example.reelquill.model.GeneralInfo:votes]
2024-10-22T23:42:52.898+03:00 DEBUG 4560 --- [reelQuill] [    Test worker] o.h.b.model.internal.BasicValueBinder    : building BasicValue for votes
2024-10-22T23:42:52.898+03:00 DEBUG 4560 --- [reelQuill] [    Test worker] org.hibernate.mapping.BasicValue         : Skipping column re-registration: general_info.votes
2024-10-22T23:42:52.898+03:00 DEBUG 4560 --- [reelQuill] [    Test worker] o.h.boot.model.internal.PropertyBinder   : Building property votes
2024-10-22T23:42:52.898+03:00 DEBUG 4560 --- [reelQuill] [    Test worker] o.h.boot.model.internal.AnnotatedColumn  : Binding column: AnnotatedColumn()
2024-10-22T23:42:52.898+03:00 DEBUG 4560 --- [reelQuill] [    Test worker] o.h.boot.model.internal.PropertyBinder   : MetadataSourceProcessor property year with lazy=false
2024-10-22T23:42:52.898+03:00 DEBUG 4560 --- [reelQuill] [    Test worker] o.h.b.m.internal.AbstractPropertyHolder  : Attempting to locate auto-apply AttributeConverter for property [com.example.reelquill.model.GeneralInfo:year]
2024-10-22T23:42:52.898+03:00 DEBUG 4560 --- [reelQuill] [    Test worker] o.h.b.model.internal.BasicValueBinder    : building BasicValue for year
2024-10-22T23:42:52.898+03:00 DEBUG 4560 --- [reelQuill] [    Test worker] org.hibernate.mapping.BasicValue         : Skipping column re-registration: general_info.year
2024-10-22T23:42:52.898+03:00 DEBUG 4560 --- [reelQuill] [    Test worker] o.h.boot.model.internal.PropertyBinder   : Building property year
2024-10-22T23:42:52.906+03:00 DEBUG 4560 --- [reelQuill] [    Test worker] o.h.b.r.c.i.ClassLoaderServiceImpl       : HHH000194: Package not found or no package-info.java: com.example.reelquill.model
2024-10-22T23:42:52.906+03:00 DEBUG 4560 --- [reelQuill] [    Test worker] o.h.boot.model.internal.EntityBinder     : Binding entity from annotated class: com.example.reelquill.model.Quill
2024-10-22T23:42:52.906+03:00 DEBUG 4560 --- [reelQuill] [    Test worker] o.h.boot.model.internal.EntityBinder     : Import with entity name Quill
2024-10-22T23:42:52.906+03:00 DEBUG 4560 --- [reelQuill] [    Test worker] o.h.boot.model.internal.EntityBinder     : Bind entity com.example.reelquill.model.Quill on table quills
2024-10-22T23:42:52.906+03:00 DEBUG 4560 --- [reelQuill] [    Test worker] o.h.boot.model.internal.AnnotatedColumn  : Binding column: AnnotatedDiscriminatorColumn(column='DTYPE')
2024-10-22T23:42:52.907+03:00 DEBUG 4560 --- [reelQuill] [    Test worker] o.h.boot.model.internal.AnnotatedColumn  : Binding column: AnnotatedColumn()
2024-10-22T23:42:52.907+03:00 DEBUG 4560 --- [reelQuill] [    Test worker] o.h.boot.internal.ClassLoaderAccessImpl  : Not known whether passed class name [com.example.reelquill.model.Quill] is safe
2024-10-22T23:42:52.907+03:00 DEBUG 4560 --- [reelQuill] [    Test worker] o.h.boot.internal.ClassLoaderAccessImpl  : No temp ClassLoader provided; using live ClassLoader for loading potentially unsafe class : com.example.reelquill.model.Quill
2024-10-22T23:42:52.907+03:00 DEBUG 4560 --- [reelQuill] [    Test worker] o.h.boot.model.internal.PropertyBinder   : MetadataSourceProcessor property id with lazy=false
2024-10-22T23:42:52.907+03:00 DEBUG 4560 --- [reelQuill] [    Test worker] o.h.b.m.internal.AbstractPropertyHolder  : Attempting to locate auto-apply AttributeConverter for property [com.example.reelquill.model.Quill:id]
2024-10-22T23:42:52.907+03:00 DEBUG 4560 --- [reelQuill] [    Test worker] o.h.b.model.internal.BasicValueBinder    : building BasicValue for id
2024-10-22T23:42:52.907+03:00 DEBUG 4560 --- [reelQuill] [    Test worker] org.hibernate.mapping.BasicValue         : Skipping column re-registration: quills.id
2024-10-22T23:42:52.907+03:00 DEBUG 4560 --- [reelQuill] [    Test worker] o.h.boot.model.internal.PropertyBinder   : Building property id
2024-10-22T23:42:52.907+03:00 DEBUG 4560 --- [reelQuill] [    Test worker] o.h.boot.model.internal.BinderHelper     : #makeIdGenerator(BasicValue([Column(id)]), id, identity, , ...)
2024-10-22T23:42:52.907+03:00 DEBUG 4560 --- [reelQuill] [    Test worker] o.h.boot.model.internal.AnnotatedColumn  : Binding column: AnnotatedColumn(column='content')
2024-10-22T23:42:52.907+03:00 DEBUG 4560 --- [reelQuill] [    Test worker] o.h.boot.model.internal.PropertyBinder   : MetadataSourceProcessor property content with lazy=false
2024-10-22T23:42:52.907+03:00 DEBUG 4560 --- [reelQuill] [    Test worker] o.h.b.m.internal.AbstractPropertyHolder  : Attempting to locate auto-apply AttributeConverter for property [com.example.reelquill.model.Quill:content]
2024-10-22T23:42:52.907+03:00 DEBUG 4560 --- [reelQuill] [    Test worker] o.h.b.model.internal.BasicValueBinder    : building BasicValue for content
2024-10-22T23:42:52.907+03:00 DEBUG 4560 --- [reelQuill] [    Test worker] org.hibernate.mapping.BasicValue         : Skipping column re-registration: quills.content
2024-10-22T23:42:52.907+03:00 DEBUG 4560 --- [reelQuill] [    Test worker] o.h.boot.model.internal.PropertyBinder   : Building property content
2024-10-22T23:42:52.907+03:00 DEBUG 4560 --- [reelQuill] [    Test worker] o.h.boot.model.internal.AnnotatedColumn  : Binding column: AnnotatedColumn(column='created_at')
2024-10-22T23:42:52.907+03:00 DEBUG 4560 --- [reelQuill] [    Test worker] o.h.boot.model.internal.PropertyBinder   : MetadataSourceProcessor property createdAt with lazy=false
2024-10-22T23:42:52.907+03:00 DEBUG 4560 --- [reelQuill] [    Test worker] o.h.b.m.internal.AbstractPropertyHolder  : Attempting to locate auto-apply AttributeConverter for property [com.example.reelquill.model.Quill:createdAt]
2024-10-22T23:42:52.907+03:00 DEBUG 4560 --- [reelQuill] [    Test worker] o.h.b.model.internal.BasicValueBinder    : building BasicValue for createdAt
2024-10-22T23:42:52.907+03:00 DEBUG 4560 --- [reelQuill] [    Test worker] org.hibernate.mapping.BasicValue         : Skipping column re-registration: quills.created_at
2024-10-22T23:42:52.907+03:00 DEBUG 4560 --- [reelQuill] [    Test worker] o.h.boot.model.internal.PropertyBinder   : Building property createdAt
2024-10-22T23:42:52.907+03:00 DEBUG 4560 --- [reelQuill] [    Test worker] o.h.boot.model.internal.AnnotatedColumn  : Binding column: AnnotatedColumn(column='general_info_id')
2024-10-22T23:42:52.907+03:00 DEBUG 4560 --- [reelQuill] [    Test worker] o.h.boot.model.internal.PropertyBinder   : MetadataSourceProcessor property generalInfoId with lazy=false
2024-10-22T23:42:52.907+03:00 DEBUG 4560 --- [reelQuill] [    Test worker] o.h.b.m.internal.AbstractPropertyHolder  : Attempting to locate auto-apply AttributeConverter for property [com.example.reelquill.model.Quill:generalInfoId]
2024-10-22T23:42:52.907+03:00 DEBUG 4560 --- [reelQuill] [    Test worker] o.h.b.model.internal.BasicValueBinder    : building BasicValue for generalInfoId
2024-10-22T23:42:52.907+03:00 DEBUG 4560 --- [reelQuill] [    Test worker] org.hibernate.mapping.BasicValue         : Skipping column re-registration: quills.general_info_id
2024-10-22T23:42:52.907+03:00 DEBUG 4560 --- [reelQuill] [    Test worker] o.h.boot.model.internal.PropertyBinder   : Building property generalInfoId
2024-10-22T23:42:52.907+03:00 DEBUG 4560 --- [reelQuill] [    Test worker] o.h.boot.model.internal.AnnotatedColumn  : Binding column: AnnotatedColumn(column='user_id')
2024-10-22T23:42:52.907+03:00 DEBUG 4560 --- [reelQuill] [    Test worker] o.h.boot.model.internal.PropertyBinder   : MetadataSourceProcessor property userId with lazy=false
2024-10-22T23:42:52.907+03:00 DEBUG 4560 --- [reelQuill] [    Test worker] o.h.b.m.internal.AbstractPropertyHolder  : Attempting to locate auto-apply AttributeConverter for property [com.example.reelquill.model.Quill:userId]
2024-10-22T23:42:52.907+03:00 DEBUG 4560 --- [reelQuill] [    Test worker] o.h.b.model.internal.BasicValueBinder    : building BasicValue for userId
2024-10-22T23:42:52.907+03:00 DEBUG 4560 --- [reelQuill] [    Test worker] org.hibernate.mapping.BasicValue         : Skipping column re-registration: quills.user_id
2024-10-22T23:42:52.907+03:00 DEBUG 4560 --- [reelQuill] [    Test worker] o.h.boot.model.internal.PropertyBinder   : Building property userId
2024-10-22T23:42:52.907+03:00 DEBUG 4560 --- [reelQuill] [    Test worker] o.h.b.r.c.i.ClassLoaderServiceImpl       : HHH000194: Package not found or no package-info.java: com.example.reelquill.model
2024-10-22T23:42:52.907+03:00 DEBUG 4560 --- [reelQuill] [    Test worker] o.h.boot.model.internal.EntityBinder     : Binding entity from annotated class: com.example.reelquill.model.User
2024-10-22T23:42:52.907+03:00 DEBUG 4560 --- [reelQuill] [    Test worker] o.h.boot.model.internal.EntityBinder     : Import with entity name User
2024-10-22T23:42:52.907+03:00 DEBUG 4560 --- [reelQuill] [    Test worker] o.h.boot.model.internal.EntityBinder     : Bind entity com.example.reelquill.model.User on table user
2024-10-22T23:42:52.907+03:00 DEBUG 4560 --- [reelQuill] [    Test worker] o.h.boot.model.internal.AnnotatedColumn  : Binding column: AnnotatedDiscriminatorColumn(column='DTYPE')
2024-10-22T23:42:52.913+03:00 DEBUG 4560 --- [reelQuill] [    Test worker] o.h.boot.model.internal.AnnotatedColumn  : Binding column: AnnotatedColumn()
2024-10-22T23:42:52.913+03:00 DEBUG 4560 --- [reelQuill] [    Test worker] o.h.boot.internal.ClassLoaderAccessImpl  : Not known whether passed class name [com.example.reelquill.model.User] is safe
2024-10-22T23:42:52.913+03:00 DEBUG 4560 --- [reelQuill] [    Test worker] o.h.boot.internal.ClassLoaderAccessImpl  : No temp ClassLoader provided; using live ClassLoader for loading potentially unsafe class : com.example.reelquill.model.User
2024-10-22T23:42:52.913+03:00 DEBUG 4560 --- [reelQuill] [    Test worker] o.h.boot.model.internal.PropertyBinder   : MetadataSourceProcessor property id with lazy=false
2024-10-22T23:42:52.913+03:00 DEBUG 4560 --- [reelQuill] [    Test worker] o.h.b.m.internal.AbstractPropertyHolder  : Attempting to locate auto-apply AttributeConverter for property [com.example.reelquill.model.User:id]
2024-10-22T23:42:52.913+03:00 DEBUG 4560 --- [reelQuill] [    Test worker] o.h.b.model.internal.BasicValueBinder    : building BasicValue for id
2024-10-22T23:42:52.913+03:00 DEBUG 4560 --- [reelQuill] [    Test worker] org.hibernate.mapping.BasicValue         : Skipping column re-registration: user.id
2024-10-22T23:42:52.913+03:00 DEBUG 4560 --- [reelQuill] [    Test worker] o.h.boot.model.internal.PropertyBinder   : Building property id
2024-10-22T23:42:52.913+03:00 DEBUG 4560 --- [reelQuill] [    Test worker] o.h.boot.model.internal.BinderHelper     : #makeIdGenerator(BasicValue([Column(id)]), id, identity, , ...)
2024-10-22T23:42:52.913+03:00 DEBUG 4560 --- [reelQuill] [    Test worker] o.h.boot.model.internal.AnnotatedColumn  : Binding column: AnnotatedColumn()
2024-10-22T23:42:52.913+03:00 DEBUG 4560 --- [reelQuill] [    Test worker] o.h.boot.model.internal.PropertyBinder   : MetadataSourceProcessor property creationDate with lazy=false
2024-10-22T23:42:52.913+03:00 DEBUG 4560 --- [reelQuill] [    Test worker] o.h.b.m.internal.AbstractPropertyHolder  : Attempting to locate auto-apply AttributeConverter for property [com.example.reelquill.model.User:creationDate]
2024-10-22T23:42:52.913+03:00 DEBUG 4560 --- [reelQuill] [    Test worker] o.h.b.model.internal.BasicValueBinder    : building BasicValue for creationDate
2024-10-22T23:42:52.913+03:00 DEBUG 4560 --- [reelQuill] [    Test worker] org.hibernate.mapping.BasicValue         : Skipping column re-registration: user.creation_date
2024-10-22T23:42:52.913+03:00 DEBUG 4560 --- [reelQuill] [    Test worker] o.h.boot.model.internal.PropertyBinder   : Building property creationDate
2024-10-22T23:42:52.917+03:00 DEBUG 4560 --- [reelQuill] [    Test worker] o.h.boot.model.internal.AnnotatedColumn  : Binding column: AnnotatedColumn()
2024-10-22T23:42:52.917+03:00 DEBUG 4560 --- [reelQuill] [    Test worker] o.h.boot.model.internal.PropertyBinder   : MetadataSourceProcessor property email with lazy=false
2024-10-22T23:42:52.917+03:00 DEBUG 4560 --- [reelQuill] [    Test worker] o.h.b.m.internal.AbstractPropertyHolder  : Attempting to locate auto-apply AttributeConverter for property [com.example.reelquill.model.User:email]
2024-10-22T23:42:52.917+03:00 DEBUG 4560 --- [reelQuill] [    Test worker] o.h.b.model.internal.BasicValueBinder    : building BasicValue for email
2024-10-22T23:42:52.917+03:00 DEBUG 4560 --- [reelQuill] [    Test worker] org.hibernate.mapping.BasicValue         : Skipping column re-registration: user.email
2024-10-22T23:42:52.917+03:00 DEBUG 4560 --- [reelQuill] [    Test worker] o.h.boot.model.internal.PropertyBinder   : Building property email
2024-10-22T23:42:52.917+03:00 DEBUG 4560 --- [reelQuill] [    Test worker] o.h.boot.model.internal.AnnotatedColumn  : Binding column: AnnotatedColumn(column='password')
2024-10-22T23:42:52.917+03:00 DEBUG 4560 --- [reelQuill] [    Test worker] o.h.boot.model.internal.PropertyBinder   : MetadataSourceProcessor property password with lazy=false
2024-10-22T23:42:52.917+03:00 DEBUG 4560 --- [reelQuill] [    Test worker] o.h.b.m.internal.AbstractPropertyHolder  : Attempting to locate auto-apply AttributeConverter for property [com.example.reelquill.model.User:password]
2024-10-22T23:42:52.917+03:00 DEBUG 4560 --- [reelQuill] [    Test worker] o.h.b.model.internal.BasicValueBinder    : building BasicValue for password
2024-10-22T23:42:52.917+03:00 DEBUG 4560 --- [reelQuill] [    Test worker] org.hibernate.mapping.BasicValue         : Skipping column re-registration: user.password
2024-10-22T23:42:52.917+03:00 DEBUG 4560 --- [reelQuill] [    Test worker] o.h.boot.model.internal.PropertyBinder   : Building property password
2024-10-22T23:42:52.917+03:00 DEBUG 4560 --- [reelQuill] [    Test worker] o.h.boot.model.internal.AnnotatedColumn  : Binding column: AnnotatedColumn()
2024-10-22T23:42:52.917+03:00 DEBUG 4560 --- [reelQuill] [    Test worker] o.h.boot.model.internal.PropertyBinder   : MetadataSourceProcessor property updateDate with lazy=false
2024-10-22T23:42:52.917+03:00 DEBUG 4560 --- [reelQuill] [    Test worker] o.h.b.m.internal.AbstractPropertyHolder  : Attempting to locate auto-apply AttributeConverter for property [com.example.reelquill.model.User:updateDate]
2024-10-22T23:42:52.917+03:00 DEBUG 4560 --- [reelQuill] [    Test worker] o.h.b.model.internal.BasicValueBinder    : building BasicValue for updateDate
2024-10-22T23:42:52.917+03:00 DEBUG 4560 --- [reelQuill] [    Test worker] org.hibernate.mapping.BasicValue         : Skipping column re-registration: user.update_date
2024-10-22T23:42:52.917+03:00 DEBUG 4560 --- [reelQuill] [    Test worker] o.h.boot.model.internal.PropertyBinder   : Building property updateDate
2024-10-22T23:42:52.917+03:00 DEBUG 4560 --- [reelQuill] [    Test worker] o.h.boot.model.internal.AnnotatedColumn  : Binding column: AnnotatedColumn()
2024-10-22T23:42:52.917+03:00 DEBUG 4560 --- [reelQuill] [    Test worker] o.h.boot.model.internal.PropertyBinder   : MetadataSourceProcessor property username with lazy=false
2024-10-22T23:42:52.917+03:00 DEBUG 4560 --- [reelQuill] [    Test worker] o.h.b.m.internal.AbstractPropertyHolder  : Attempting to locate auto-apply AttributeConverter for property [com.example.reelquill.model.User:username]
2024-10-22T23:42:52.917+03:00 DEBUG 4560 --- [reelQuill] [    Test worker] o.h.b.model.internal.BasicValueBinder    : building BasicValue for username
2024-10-22T23:42:52.917+03:00 DEBUG 4560 --- [reelQuill] [    Test worker] org.hibernate.mapping.BasicValue         : Skipping column re-registration: user.username
2024-10-22T23:42:52.917+03:00 DEBUG 4560 --- [reelQuill] [    Test worker] o.h.boot.model.internal.PropertyBinder   : Building property username
2024-10-22T23:42:52.917+03:00 DEBUG 4560 --- [reelQuill] [    Test worker] o.h.b.r.c.i.ClassLoaderServiceImpl       : HHH000194: Package not found or no package-info.java: com.example.reelquill.model
2024-10-22T23:42:52.917+03:00 DEBUG 4560 --- [reelQuill] [    Test worker] o.h.b.model.internal.BasicValueBinder    : Starting `BasicValueBinder#fillSimpleValue` for id
2024-10-22T23:42:52.917+03:00 DEBUG 4560 --- [reelQuill] [    Test worker] o.h.b.model.internal.BasicValueBinder    : Starting `BasicValueBinder#fillSimpleValue` for friendId
2024-10-22T23:42:52.917+03:00 DEBUG 4560 --- [reelQuill] [    Test worker] o.h.b.model.internal.BasicValueBinder    : Starting `BasicValueBinder#fillSimpleValue` for userId
2024-10-22T23:42:52.917+03:00 DEBUG 4560 --- [reelQuill] [    Test worker] o.h.b.model.internal.BasicValueBinder    : Starting `BasicValueBinder#fillSimpleValue` for id
2024-10-22T23:42:52.917+03:00 DEBUG 4560 --- [reelQuill] [    Test worker] o.h.b.model.internal.BasicValueBinder    : Starting `BasicValueBinder#fillSimpleValue` for actors
2024-10-22T23:42:52.917+03:00 DEBUG 4560 --- [reelQuill] [    Test worker] o.h.b.model.internal.BasicValueBinder    : Starting `BasicValueBinder#fillSimpleValue` for description
2024-10-22T23:42:52.917+03:00 DEBUG 4560 --- [reelQuill] [    Test worker] o.h.b.model.internal.BasicValueBinder    : Starting `BasicValueBinder#fillSimpleValue` for director
2024-10-22T23:42:52.917+03:00 DEBUG 4560 --- [reelQuill] [    Test worker] o.h.b.model.internal.BasicValueBinder    : Starting `BasicValueBinder#fillSimpleValue` for genre
2024-10-22T23:42:52.917+03:00 DEBUG 4560 --- [reelQuill] [    Test worker] o.h.b.model.internal.BasicValueBinder    : Starting `BasicValueBinder#fillSimpleValue` for metascore
2024-10-22T23:42:52.917+03:00 DEBUG 4560 --- [reelQuill] [    Test worker] o.h.b.model.internal.BasicValueBinder    : Starting `BasicValueBinder#fillSimpleValue` for rank
2024-10-22T23:42:52.917+03:00 DEBUG 4560 --- [reelQuill] [    Test worker] o.h.b.model.internal.BasicValueBinder    : Starting `BasicValueBinder#fillSimpleValue` for rating
2024-10-22T23:42:52.917+03:00 DEBUG 4560 --- [reelQuill] [    Test worker] o.h.b.model.internal.BasicValueBinder    : Starting `BasicValueBinder#fillSimpleValue` for revenue
2024-10-22T23:42:52.917+03:00 DEBUG 4560 --- [reelQuill] [    Test worker] o.h.b.model.internal.BasicValueBinder    : Starting `BasicValueBinder#fillSimpleValue` for runtime
2024-10-22T23:42:52.917+03:00 DEBUG 4560 --- [reelQuill] [    Test worker] o.h.b.model.internal.BasicValueBinder    : Starting `BasicValueBinder#fillSimpleValue` for title
2024-10-22T23:42:52.917+03:00 DEBUG 4560 --- [reelQuill] [    Test worker] o.h.b.model.internal.BasicValueBinder    : Starting `BasicValueBinder#fillSimpleValue` for votes
2024-10-22T23:42:52.917+03:00 DEBUG 4560 --- [reelQuill] [    Test worker] o.h.b.model.internal.BasicValueBinder    : Starting `BasicValueBinder#fillSimpleValue` for year
2024-10-22T23:42:52.917+03:00 DEBUG 4560 --- [reelQuill] [    Test worker] o.h.b.model.internal.BasicValueBinder    : Starting `BasicValueBinder#fillSimpleValue` for id
2024-10-22T23:42:52.917+03:00 DEBUG 4560 --- [reelQuill] [    Test worker] o.h.b.model.internal.BasicValueBinder    : Starting `BasicValueBinder#fillSimpleValue` for content
2024-10-22T23:42:52.917+03:00 DEBUG 4560 --- [reelQuill] [    Test worker] o.h.b.model.internal.BasicValueBinder    : Starting `BasicValueBinder#fillSimpleValue` for createdAt
2024-10-22T23:42:52.917+03:00 DEBUG 4560 --- [reelQuill] [    Test worker] o.h.b.model.internal.BasicValueBinder    : Starting `BasicValueBinder#fillSimpleValue` for generalInfoId
2024-10-22T23:42:52.917+03:00 DEBUG 4560 --- [reelQuill] [    Test worker] o.h.b.model.internal.BasicValueBinder    : Starting `BasicValueBinder#fillSimpleValue` for userId
2024-10-22T23:42:52.917+03:00 DEBUG 4560 --- [reelQuill] [    Test worker] o.h.b.model.internal.BasicValueBinder    : Starting `BasicValueBinder#fillSimpleValue` for id
2024-10-22T23:42:52.917+03:00 DEBUG 4560 --- [reelQuill] [    Test worker] o.h.b.model.internal.BasicValueBinder    : Starting `BasicValueBinder#fillSimpleValue` for creationDate
2024-10-22T23:42:52.917+03:00 DEBUG 4560 --- [reelQuill] [    Test worker] o.h.b.model.internal.BasicValueBinder    : Starting `BasicValueBinder#fillSimpleValue` for email
2024-10-22T23:42:52.917+03:00 DEBUG 4560 --- [reelQuill] [    Test worker] o.h.b.model.internal.BasicValueBinder    : Starting `BasicValueBinder#fillSimpleValue` for password
2024-10-22T23:42:52.917+03:00 DEBUG 4560 --- [reelQuill] [    Test worker] o.h.b.model.internal.BasicValueBinder    : Starting `BasicValueBinder#fillSimpleValue` for updateDate
2024-10-22T23:42:52.917+03:00 DEBUG 4560 --- [reelQuill] [    Test worker] o.h.b.model.internal.BasicValueBinder    : Starting `BasicValueBinder#fillSimpleValue` for username
2024-10-22T23:42:52.917+03:00 DEBUG 4560 --- [reelQuill] [    Test worker] org.hibernate.mapping.PrimaryKey         : Forcing column [id] to be non-null as it is part of the primary key for table [friends]
2024-10-22T23:42:52.917+03:00 DEBUG 4560 --- [reelQuill] [    Test worker] org.hibernate.mapping.PrimaryKey         : Forcing column [id] to be non-null as it is part of the primary key for table [general_info]
2024-10-22T23:42:52.917+03:00 DEBUG 4560 --- [reelQuill] [    Test worker] org.hibernate.mapping.PrimaryKey         : Forcing column [id] to be non-null as it is part of the primary key for table [quills]
2024-10-22T23:42:52.917+03:00 DEBUG 4560 --- [reelQuill] [    Test worker] org.hibernate.mapping.PrimaryKey         : Forcing column [id] to be non-null as it is part of the primary key for table [user]
2024-10-22T23:42:52.935+03:00 DEBUG 4560 --- [reelQuill] [onnection adder] com.zaxxer.hikari.pool.HikariPool        : HikariPool-1 - After adding stats (total=3, active=0, idle=3, waiting=0)
2024-10-22T23:42:52.935+03:00 DEBUG 4560 --- [reelQuill] [onnection adder] org.postgresql.Driver                    : Connecting with URL: jdbc:postgresql://localhost:5432/ReelQuill
2024-10-22T23:42:52.935+03:00 DEBUG 4560 --- [reelQuill] [onnection adder] org.postgresql.jdbc.PgConnection         : PostgreSQL JDBC Driver 42.7.4
2024-10-22T23:42:52.935+03:00 DEBUG 4560 --- [reelQuill] [onnection adder] org.postgresql.jdbc.PgConnection         :   setDefaultFetchSize = 0
2024-10-22T23:42:52.935+03:00 DEBUG 4560 --- [reelQuill] [onnection adder] org.postgresql.jdbc.PgConnection         :   setPrepareThreshold = 5
2024-10-22T23:42:52.935+03:00 DEBUG 4560 --- [reelQuill] [onnection adder] o.p.core.v3.ConnectionFactoryImpl        : Trying to establish a protocol version 3 connection to localhost:5432
2024-10-22T23:42:52.935+03:00 DEBUG 4560 --- [reelQuill] [onnection adder] o.p.core.v3.ConnectionFactoryImpl        : Receive Buffer Size is 65.536
2024-10-22T23:42:52.935+03:00 DEBUG 4560 --- [reelQuill] [onnection adder] o.p.core.v3.ConnectionFactoryImpl        : Send Buffer Size is 65.536
2024-10-22T23:42:52.968+03:00 DEBUG 4560 --- [reelQuill] [onnection adder] com.zaxxer.hikari.pool.HikariPool        : HikariPool-1 - Added connection org.postgresql.jdbc.PgConnection@68731862
2024-10-22T23:42:52.977+03:00 DEBUG 4560 --- [reelQuill] [    Test worker] o.hibernate.internal.SessionFactoryImpl  : Building session factory
2024-10-22T23:42:53.001+03:00 DEBUG 4560 --- [reelQuill] [onnection adder] com.zaxxer.hikari.pool.HikariPool        : HikariPool-1 - After adding stats (total=4, active=0, idle=4, waiting=0)
2024-10-22T23:42:53.001+03:00 DEBUG 4560 --- [reelQuill] [onnection adder] org.postgresql.Driver                    : Connecting with URL: jdbc:postgresql://localhost:5432/ReelQuill
2024-10-22T23:42:53.001+03:00 DEBUG 4560 --- [reelQuill] [onnection adder] org.postgresql.jdbc.PgConnection         : PostgreSQL JDBC Driver 42.7.4
2024-10-22T23:42:53.001+03:00 DEBUG 4560 --- [reelQuill] [onnection adder] org.postgresql.jdbc.PgConnection         :   setDefaultFetchSize = 0
2024-10-22T23:42:53.001+03:00 DEBUG 4560 --- [reelQuill] [onnection adder] org.postgresql.jdbc.PgConnection         :   setPrepareThreshold = 5
2024-10-22T23:42:53.001+03:00 DEBUG 4560 --- [reelQuill] [onnection adder] o.p.core.v3.ConnectionFactoryImpl        : Trying to establish a protocol version 3 connection to localhost:5432
2024-10-22T23:42:53.001+03:00 DEBUG 4560 --- [reelQuill] [onnection adder] o.p.core.v3.ConnectionFactoryImpl        : Receive Buffer Size is 65.536
2024-10-22T23:42:53.001+03:00 DEBUG 4560 --- [reelQuill] [onnection adder] o.p.core.v3.ConnectionFactoryImpl        : Send Buffer Size is 65.536
2024-10-22T23:42:53.006+03:00 DEBUG 4560 --- [reelQuill] [    Test worker] .h.s.i.SessionFactoryServiceRegistryImpl : EventListenerRegistry access via ServiceRegistry is deprecated.  Use `sessionFactory.getEventEngine().getListenerRegistry()` instead
2024-10-22T23:42:53.006+03:00 DEBUG 4560 --- [reelQuill] [    Test worker] o.hibernate.internal.SessionFactoryImpl  : Instantiating SessionFactory with settings: {java.specification.version=23, sun.cpu.isalist=amd64, hibernate.resource.beans.container=org.springframework.orm.hibernate5.SpringBeanContainer@4f82248f, hibernate.connection.handling_mode=DELAYED_ACQUISITION_AND_HOLD, sun.jnu.encoding=Cp1254, org.gradle.test.worker=2, hibernate.implicit_naming_strategy=org.springframework.boot.orm.jpa.hibernate.SpringImplicitNamingStrategy, java.class.path=C:\\Users\\basak\\.gradle\\caches\\8.10.2\\workerMain\\gradle-worker.jar;C:\\Users\\basak\\IdeaProjects\\reelQuill\\build\\classes\\java\\test;C:\\Users\\basak\\IdeaProjects\\reelQuill\\build\\classes\\java\\main;C:\\Users\\basak\\IdeaProjects\\reelQuill\\build\\resources\\main;C:\\Users\\basak\\.gradle\\caches\\modules-2\\files-2.1\\org.springframework.boot\\spring-boot-starter-data-jpa\\3.3.4\\60df2a5bea8752fb215f3c8e1dffeb3554773a49\\spring-boot-starter-data-jpa-3.3.4.jar;C:\\Users\\basak\\.gradle\\caches\\modules-2\\files-2.1\\org.springframework.boot\\spring-boot-starter-web\\3.3.4\\b43a9fd107611337777b47dc7518e2aca59e58eb\\spring-boot-starter-web-3.3.4.jar;C:\\Users\\basak\\.gradle\\caches\\modules-2\\files-2.1\\org.hibernate.validator\\hibernate-validator\\8.0.0.Final\\8e0389f22a3a246915a3311877da4168256b95d2\\hibernate-validator-8.0.0.Final.jar;C:\\Users\\basak\\.gradle\\caches\\modules-2\\files-2.1\\jakarta.validation\\jakarta.validation-api\\3.0.0\\8c8eecc40da64037d7731356511c568d466f8480\\jakarta.validation-api-3.0.0.jar;C:\\Users\\basak\\.gradle\\caches\\modules-2\\files-2.1\\io.jsonwebtoken\\jjwt-impl\\0.11.5\\40a599f0e8a8e4e0701596fbb15e67bfda64fdf0\\jjwt-impl-0.11.5.jar;C:\\Users\\basak\\.gradle\\caches\\modules-2\\files-2.1\\io.jsonwebtoken\\jjwt-jackson\\0.11.5\\3b83a06809e98a69402d7333dcf67df6f6ea4579\\jjwt-jackson-0.11.5.jar;C:\\Users\\basak\\.gradle\\caches\\modules-2\\files-2.1\\io.jsonwebtoken\\jjwt-api\\0.11.5\\f742940045619d06383e7df37b21ac422b476cf1\\jjwt-api-0.11.5.jar;C:\\Users\\basak\\.gradle\\caches\\modules-2\\files-2.1\\org.springframework.security\\spring-security-core\\6.3.3\\2bf159e3db212d61408a2f728d6d7252dfaf4710\\spring-security-core-6.3.3.jar;C:\\Users\\basak\\.gradle\\caches\\modules-2\\files-2.1\\org.postgresql\\postgresql\\42.7.4\\264310fd7b2cd76738787dc0b9f7ea2e3b11adc1\\postgresql-42.7.4.jar;C:\\Users\\basak\\.gradle\\caches\\modules-2\\files-2.1\\org.springframework.boot\\spring-boot-starter-test\\3.3.4\\5817e13f51a61b15881b71273d3c6d8b4e7175f4\\spring-boot-starter-test-3.3.4.jar;C:\\Users\\basak\\.gradle\\caches\\modules-2\\files-2.1\\org.junit.jupiter\\junit-jupiter\\5.10.3\\6686d8fbf251f9bf8ecba413cab57b9e00f9134d\\junit-jupiter-5.10.3.jar;C:\\Users\\basak\\.gradle\\caches\\modules-2\\files-2.1\\org.junit.jupiter\\junit-jupiter-engine\\5.10.3\\48c14e866bb1a87ca35d24ff068463bb202ada24\\junit-jupiter-engine-5.10.3.jar;C:\\Users\\basak\\.gradle\\caches\\modules-2\\files-2.1\\org.junit.platform\\junit-platform-engine\\1.10.3\\365a320c3cfd47f3346625e541e424e35dc75c42\\junit-platform-engine-1.10.3.jar;C:\\Users\\basak\\.gradle\\caches\\modules-2\\files-2.1\\org.mockito\\mockito-junit-jupiter\\5.11.0\\8e658dd339f40305ed4293db25545b5df98b171b\\mockito-junit-jupiter-5.11.0.jar;C:\\Users\\basak\\.gradle\\caches\\modules-2\\files-2.1\\org.junit.jupiter\\junit-jupiter-params\\5.10.3\\4852f4e4af9074d9214213b199751f99efeab8b9\\junit-jupiter-params-5.10.3.jar;C:\\Users\\basak\\.gradle\\caches\\modules-2\\files-2.1\\org.junit.jupiter\\junit-jupiter-api\\5.10.3\\a22aa91d1d6c69b2020a9aeb6d095ea81132bfa5\\junit-jupiter-api-5.10.3.jar;C:\\Users\\basak\\.gradle\\caches\\modules-2\\files-2.1\\org.junit.platform\\junit-platform-commons\\1.10.3\\a353d42a2f13343a7cb80c5228ae66ff64495481\\junit-platform-commons-1.10.3.jar;C:\\Users\\basak\\.gradle\\caches\\modules-2\\files-2.1\\org.junit.platform\\junit-platform-launcher\\1.10.3\\2e07e6389624f3e93fb2e87aec2fdc30cc84b069\\junit-platform-launcher-1.10.3.jar;C:\\Users\\basak\\.gradle\\caches\\modules-2\\files-2.1\\org.springframework.boot\\spring-boot-starter-aop\\3.3.4\\4e0fef42facab9dbdbc7784dc4fb7698bf1c6b49\\spring-boot-starter-aop-3.3.4.jar;C:\\Users\\basak\\.gradle\\caches\\modules-2\\files-2.1\\org.springframework.boot\\spring-boot-starter-jdbc\\3.3.4\\b6bc324d5af04af752a6f3e44ea8e4cd96b28343\\spring-boot-starter-jdbc-3.3.4.jar;C:\\Users\\basak\\.gradle\\caches\\modules-2\\files-2.1\\org.hibernate.orm\\hibernate-core\\6.5.3.Final\\1e23c320a5d10f5eaecbd23095fca5c5c83c1fb5\\hibernate-core-6.5.3.Final.jar;C:\\Users\\basak\\.gradle\\caches\\modules-2\\files-2.1\\org.springframework.data\\spring-data-jpa\\3.3.4\\f92296e4b6d18f5f79c5e6074da96bf0de2006d3\\spring-data-jpa-3.3.4.jar;C:\\Users\\basak\\.gradle\\caches\\modules-2\\files-2.1\\org.springframework\\spring-aspects\\6.1.13\\d606215f2876e8a3ed1945db5adfbb76a7e3f0e7\\spring-aspects-6.1.13.jar;C:\\Users\\basak\\.gradle\\caches\\modules-2\\files-2.1\\org.springframework.boot\\spring-boot-starter-json\\3.3.4\\816ab4ccd364350e3d0b5c1d53c2e5302a49eae6\\spring-boot-starter-json-3.3.4.jar;C:\\Users\\basak\\.gradle\\caches\\modules-2\\files-2.1\\org.springframework.boot\\spring-boot-starter\\3.3.4\\f02312a6816fb439a55d2920b9af8f0f8abf5bac\\spring-boot-starter-3.3.4.jar;C:\\Users\\basak\\.gradle\\caches\\modules-2\\files-2.1\\org.springframework.boot\\spring-boot-starter-tomcat\\3.3.4\\7e552e904d54a0bd3f2ac8666e3344caa799a181\\spring-boot-starter-tomcat-3.3.4.jar;C:\\Users\\basak\\.gradle\\caches\\modules-2\\files-2.1\\org.springframework\\spring-webmvc\\6.1.13\\ca5f025b133c69026bfe01daa6132d0ac2e4a59f\\spring-webmvc-6.1.13.jar;C:\\Users\\basak\\.gradle\\caches\\modules-2\\files-2.1\\org.springframework\\spring-web\\6.1.13\\e4028dbbc4ae1fb4bfd3257c53302956d7687b66\\spring-web-6.1.13.jar;C:\\Users\\basak\\.gradle\\caches\\modules-2\\files-2.1\\org.jboss.logging\\jboss-logging\\3.5.3.Final\\c88fc1d8a96d4c3491f55d4317458ccad53ca663\\jboss-logging-3.5.3.Final.jar;C:\\Users\\basak\\.gradle\\caches\\modules-2\\files-2.1\\com.fasterxml\\classmate\\1.7.0\\e98374da1f2143ac8e6e0a95036994bb19137a3\\classmate-1.7.0.jar;C:\\Users\\basak\\.gradle\\caches\\modules-2\\files-2.1\\com.fasterxml.jackson.datatype\\jackson-datatype-jsr310\\2.17.2\\267b85e9ba2892a37be6d80aa9ca1438a0d8c210\\jackson-datatype-jsr310-2.17.2.jar;C:\\Users\\basak\\.gradle\\caches\\modules-2\\files-2.1\\com.fasterxml.jackson.module\\jackson-module-parameter-names\\2.17.2\\d27b9f95ccce98984c1ba58d61c5a9c072b1ad95\\jackson-module-parameter-names-2.17.2.jar;C:\\Users\\basak\\.gradle\\caches\\modules-2\\files-2.1\\com.fasterxml.jackson.core\\jackson-annotations\\2.17.2\\147b7b9412ffff24339f8aba080b292448e08698\\jackson-annotations-2.17.2.jar;C:\\Users\\basak\\.gradle\\caches\\modules-2\\files-2.1\\com.fasterxml.jackson.core\\jackson-core\\2.17.2\\969a35cb35c86512acbadcdbbbfb044c877db814\\jackson-core-2.17.2.jar;C:\\Users\\basak\\.gradle\\caches\\modules-2\\files-2.1\\com.fasterxml.jackson.datatype\\jackson-datatype-jdk8\\2.17.2\\efd3dd0e1d0db8bc72abbe71c15e697bb83b4b45\\jackson-datatype-jdk8-2.17.2.jar;C:\\Users\\basak\\.gradle\\caches\\modules-2\\files-2.1\\com.fasterxml.jackson.core\\jackson-databind\\2.17.2\\e6deb029e5901e027c129341fac39e515066b68c\\jackson-databind-2.17.2.jar;C:\\Users\\basak\\.gradle\\caches\\modules-2\\files-2.1\\org.springframework.security\\spring-security-crypto\\6.3.3\\a44e901cd1cfa1d6c20d30b69b83499e12e607a1\\spring-security-crypto-6.3.3.jar;C:\\Users\\basak\\.gradle\\caches\\modules-2\\files-2.1\\org.springframework.boot\\spring-boot-test-autoconfigure\\3.3.4\\c07efb09dba261d7d48de3e56ddfb17d40fed09d\\spring-boot-test-autoconfigure-3.3.4.jar;C:\\Users\\basak\\.gradle\\caches\\modules-2\\files-2.1\\org.springframework.boot\\spring-boot-test\\3.3.4\\d52240058128264d69d21b8c1609cdafe3ce3794\\spring-boot-test-3.3.4.jar;C:\\Users\\basak\\.gradle\\caches\\modules-2\\files-2.1\\org.springframework.boot\\spring-boot-autoconfigure\\3.3.4\\979234a0f3035fe60d5e505018789f98a7ec7ee3\\spring-boot-autoconfigure-3.3.4.jar;C:\\Users\\basak\\.gradle\\caches\\modules-2\\files-2.1\\org.springframework.boot\\spring-boot\\3.3.4\\f06c6950aa5766b63328e821641f5c7d71be819d\\spring-boot-3.3.4.jar;C:\\Users\\basak\\.gradle\\caches\\modules-2\\files-2.1\\org.springframework\\spring-context\\6.1.13\\d5163ddae069c5d78c841cd3a60c4db25bf16401\\spring-context-6.1.13.jar;C:\\Users\\basak\\.gradle\\caches\\modules-2\\files-2.1\\org.springframework\\spring-aop\\6.1.13\\ad2c631e1717fdc6d91d56c06d4fd61e0215c19a\\spring-aop-6.1.13.jar;C:\\Users\\basak\\.gradle\\caches\\modules-2\\files-2.1\\org.springframework\\spring-orm\\6.1.13\\68093388cd8fca9ad2731e63bfb8de3f2604474\\spring-orm-6.1.13.jar;C:\\Users\\basak\\.gradle\\caches\\modules-2\\files-2.1\\org.springframework\\spring-jdbc\\6.1.13\\11811219be3452cfd989c57d3de4529f6927352f\\spring-jdbc-6.1.13.jar;C:\\Users\\basak\\.gradle\\caches\\modules-2\\files-2.1\\org.springframework.data\\spring-data-commons\\3.3.4\\f0f6bca5b0cd7d318666e2d3f02726c615334678\\spring-data-commons-3.3.4.jar;C:\\Users\\basak\\.gradle\\caches\\modules-2\\files-2.1\\org.springframework\\spring-tx\\6.1.13\\ed041ecf9a5f480e1b11d0b58a06d8034ff8cfea\\spring-tx-6.1.13.jar;C:\\Users\\basak\\.gradle\\caches\\modules-2\\files-2.1\\org.springframework\\spring-beans\\6.1.13\\90bbee6278b46b145e64e5ae29316bdd459c6826\\spring-beans-6.1.13.jar;C:\\Users\\basak\\.gradle\\caches\\modules-2\\files-2.1\\org.springframework\\spring-expression\\6.1.13\\be30254712ca0549cbd539ba05c57064917253f3\\spring-expression-6.1.13.jar;C:\\Users\\basak\\.gradle\\caches\\modules-2\\files-2.1\\org.springframework\\spring-test\\6.1.13\\9f0038d672a513ddc201296922da13b1212dd0f7\\spring-test-6.1.13.jar;C:\\Users\\basak\\.gradle\\caches\\modules-2\\files-2.1\\org.springframework\\spring-core\\6.1.13\\ddbd765408d2665f47017c8f05a7682012f91da3\\spring-core-6.1.13.jar;C:\\Users\\basak\\.gradle\\caches\\modules-2\\files-2.1\\io.micrometer\\micrometer-observation\\1.13.4\\2673c9b181ab2512002b23b7ad0f1dd02212696c\\micrometer-observation-1.13.4.jar;C:\\Users\\basak\\.gradle\\caches\\modules-2\\files-2.1\\org.checkerframework\\checker-qual\\3.42.0\\638ec33f363a94d41a4f03c3e7d3dcfba64e402d\\checker-qual-3.42.0.jar;C:\\Users\\basak\\.gradle\\caches\\modules-2\\files-2.1\\com.jayway.jsonpath\\json-path\\2.9.0\\37fe2217f577b0b68b18e62c4d17a8858ecf9b69\\json-path-2.9.0.jar;C:\\Users\\basak\\.gradle\\caches\\modules-2\\files-2.1\\org.glassfish.jaxb\\jaxb-runtime\\4.0.5\\ca84c2a7169b5293e232b9d00d1e4e36d4c3914a\\jaxb-runtime-4.0.5.jar;C:\\Users\\basak\\.gradle\\caches\\modules-2\\files-2.1\\org.glassfish.jaxb\\jaxb-core\\4.0.5\\7b4b11ea5542eea4ad55e1080b23be436795b3\\jaxb-core-4.0.5.jar;C:\\Users\\basak\\.gradle\\caches\\modules-2\\files-2.1\\jakarta.xml.bind\\jakarta.xml.bind-api\\4.0.2\\6cd5a999b834b63238005b7144136379dc36cad2\\jakarta.xml.bind-api-4.0.2.jar;C:\\Users\\basak\\.gradle\\caches\\modules-2\\files-2.1\\net.minidev\\json-smart\\2.5.1\\4c11d2808d009132dfbbf947ebf37de6bf266c8e\\json-smart-2.5.1.jar;C:\\Users\\basak\\.gradle\\caches\\modules-2\\files-2.1\\org.assertj\\assertj-core\\3.25.3\\792b270e73aa1cfc28fa135be0b95e69ea451432\\assertj-core-3.25.3.jar;C:\\Users\\basak\\.gradle\\caches\\modules-2\\files-2.1\\org.awaitility\\awaitility\\4.2.2\\7336242073ebf83fe034e42b46a403c5501b63c9\\awaitility-4.2.2.jar;C:\\Users\\basak\\.gradle\\caches\\modules-2\\files-2.1\\org.hamcrest\\hamcrest\\2.2\\1820c0968dba3a11a1b30669bb1f01978a91dedc\\hamcrest-2.2.jar;C:\\Users\\basak\\.gradle\\caches\\modules-2\\files-2.1\\org.mockito\\mockito-core\\5.11.0\\e4069fa4f4ff2c94322cfec5f2e45341c6c70aff\\mockito-core-5.11.0.jar;C:\\Users\\basak\\.gradle\\caches\\modules-2\\files-2.1\\org.skyscreamer\\jsonassert\\1.5.3\\aaa43e0823d2a0e106e8754d6a9c4ab24e05e9bc\\jsonassert-1.5.3.jar;C:\\Users\\basak\\.gradle\\caches\\modules-2\\files-2.1\\org.xmlunit\\xmlunit-core\\2.9.1\\e5833662d9a1279a37da3ef6f62a1da29fcd68c4\\xmlunit-core-2.9.1.jar;C:\\Users\\basak\\.gradle\\caches\\modules-2\\files-2.1\\org.aspectj\\aspectjweaver\\1.9.22.1\\bca243d0af0db4758fbae45c5f4995cb5dabb612\\aspectjweaver-1.9.22.1.jar;C:\\Users\\basak\\.gradle\\caches\\modules-2\\files-2.1\\com.zaxxer\\HikariCP\\5.1.0\\8c96e36c14461fc436bb02b264b96ef3ca5dca8c\\HikariCP-5.1.0.jar;C:\\Users\\basak\\.gradle\\caches\\modules-2\\files-2.1\\jakarta.persistence\\jakarta.persistence-api\\3.1.0\\66901fa1c373c6aff65c13791cc11da72060a8d6\\jakarta.persistence-api-3.1.0.jar;C:\\Users\\basak\\.gradle\\caches\\modules-2\\files-2.1\\jakarta.transaction\\jakarta.transaction-api\\2.0.1\\51a520e3fae406abb84e2e1148e6746ce3f80a1a\\jakarta.transaction-api-2.0.1.jar;C:\\Users\\basak\\.gradle\\caches\\modules-2\\files-2.1\\org.hibernate.common\\hibernate-commons-annotations\\6.0.6.Final\\77a5f94b56d49508e0ee334751db5b78e5ccd50c\\hibernate-commons-annotations-6.0.6.Final.jar;C:\\Users\\basak\\.gradle\\caches\\modules-2\\files-2.1\\io.smallrye\\jandex\\3.1.2\\a6c1c89925c7df06242b03dddb353116ceb9584c\\jandex-3.1.2.jar;C:\\Users\\basak\\.gradle\\caches\\modules-2\\files-2.1\\net.bytebuddy\\byte-buddy\\1.14.19\\4c0c637b8f47dc08f89240e6f59900011752c97b\\byte-buddy-1.14.19.jar;C:\\Users\\basak\\.gradle\\caches\\modules-2\\files-2.1\\jakarta.inject\\jakarta.inject-api\\2.0.1\\4c28afe1991a941d7702fe1362c365f0a8641d1e\\jakarta.inject-api-2.0.1.jar;C:\\Users\\basak\\.gradle\\caches\\modules-2\\files-2.1\\org.antlr\\antlr4-runtime\\4.13.0\\5a02e48521624faaf5ff4d99afc88b01686af655\\antlr4-runtime-4.13.0.jar;C:\\Users\\basak\\.gradle\\caches\\modules-2\\files-2.1\\jakarta.annotation\\jakarta.annotation-api\\2.1.1\\48b9bda22b091b1f48b13af03fe36db3be6e1ae3\\jakarta.annotation-api-2.1.1.jar;C:\\Users\\basak\\.gradle\\caches\\modules-2\\files-2.1\\org.springframework.boot\\spring-boot-starter-logging\\3.3.4\\c83073c0f5574b2146695ab716bcef3d6baa45e6\\spring-boot-starter-logging-3.3.4.jar;C:\\Users\\basak\\.gradle\\caches\\modules-2\\files-2.1\\ch.qos.logback\\logback-classic\\1.5.8\\229bb1ef6b14dfbf74ff443af9097d836dc5f0dd\\logback-classic-1.5.8.jar;C:\\Users\\basak\\.gradle\\caches\\modules-2\\files-2.1\\org.apache.logging.log4j\\log4j-to-slf4j\\2.23.1\\425ad1eb8a39904d2830e907a324e956fb456520\\log4j-to-slf4j-2.23.1.jar;C:\\Users\\basak\\.gradle\\caches\\modules-2\\files-2.1\\org.slf4j\\jul-to-slf4j\\2.0.16\\6d57da3e961daac65bcca0dd3def6cd11e48a24a\\jul-to-slf4j-2.0.16.jar;C:\\Users\\basak\\.gradle\\caches\\modules-2\\files-2.1\\org.slf4j\\slf4j-api\\2.0.16\\172931663a09a1fa515567af5fbef00897d3c04\\slf4j-api-2.0.16.jar;C:\\Users\\basak\\.gradle\\caches\\modules-2\\files-2.1\\org.yaml\\snakeyaml\\2.2\\3af797a25458550a16bf89acc8e4ab2b7f2bfce0\\snakeyaml-2.2.jar;C:\\Users\\basak\\.gradle\\caches\\modules-2\\files-2.1\\org.apache.tomcat.embed\\tomcat-embed-websocket\\10.1.30\\b8cc73d6878688d5afb8fb78c3f9ea1bc3e5e6cf\\tomcat-embed-websocket-10.1.30.jar;C:\\Users\\basak\\.gradle\\caches\\modules-2\\files-2.1\\org.apache.tomcat.embed\\tomcat-embed-core\\10.1.30\\852ff3547f179175feaff39c443e9b980ec2cc2\\tomcat-embed-core-10.1.30.jar;C:\\Users\\basak\\.gradle\\caches\\modules-2\\files-2.1\\org.apache.tomcat.embed\\tomcat-embed-el\\10.1.30\\432b176aa50de87c3bbda99b0fe85523abfd1382\\tomcat-embed-el-10.1.30.jar;C:\\Users\\basak\\.gradle\\caches\\modules-2\\files-2.1\\org.springframework\\spring-jcl\\6.1.13\\37291ff008a66a9dbf2c98e11bd468cfadaa7ebc\\spring-jcl-6.1.13.jar;C:\\Users\\basak\\.gradle\\caches\\modules-2\\files-2.1\\io.micrometer\\micrometer-commons\\1.13.4\\edcf69518a4c382c48e19c7fb7d4aedfb115c0c3\\micrometer-commons-1.13.4.jar;C:\\Users\\basak\\.gradle\\caches\\modules-2\\files-2.1\\org.eclipse.angus\\angus-activation\\2.0.2\\41f1e0ddd157c856926ed149ab837d110955a9fc\\angus-activation-2.0.2.jar;C:\\Users\\basak\\.gradle\\caches\\modules-2\\files-2.1\\jakarta.activation\\jakarta.activation-api\\2.1.3\\fa165bd70cda600368eee31555222776a46b881f\\jakarta.activation-api-2.1.3.jar;C:\\Users\\basak\\.gradle\\caches\\modules-2\\files-2.1\\net.minidev\\accessors-smart\\2.5.1\\19b820261eb2e7de7d5bde11d1c06e4501dd7e5f\\accessors-smart-2.5.1.jar;C:\\Users\\basak\\.gradle\\caches\\modules-2\\files-2.1\\net.bytebuddy\\byte-buddy-agent\\1.14.19\\154da3a65b4f4a909d3e5bdec55d1b2b4cbb6ce1\\byte-buddy-agent-1.14.19.jar;C:\\Users\\basak\\.gradle\\caches\\modules-2\\files-2.1\\org.objenesis\\objenesis\\3.3\\1049c09f1de4331e8193e579448d0916d75b7631\\objenesis-3.3.jar;C:\\Users\\basak\\.gradle\\caches\\modules-2\\files-2.1\\com.vaadin.external.google\\android-json\\0.0.20131108.vaadin1\\fa26d351fe62a6a17f5cda1287c1c6110dec413f\\android-json-0.0.20131108.vaadin1.jar;C:\\Users\\basak\\.gradle\\caches\\modules-2\\files-2.1\\org.opentest4j\\opentest4j\\1.3.0\\152ea56b3a72f655d4fd677fc0ef2596c3dd5e6e\\opentest4j-1.3.0.jar;C:\\Users\\basak\\.gradle\\caches\\modules-2\\files-2.1\\org.ow2.asm\\asm\\9.6\\aa205cf0a06dbd8e04ece91c0b37c3f5d567546a\\asm-9.6.jar;C:\\Users\\basak\\.gradle\\caches\\modules-2\\files-2.1\\org.glassfish.jaxb\\txw2\\4.0.5\\f36a4ef12120a9bb06d766d6a0e54b144fd7ed98\\txw2-4.0.5.jar;C:\\Users\\basak\\.gradle\\caches\\modules-2\\files-2.1\\com.sun.istack\\istack-commons-runtime\\4.1.2\\18ec117c85f3ba0ac65409136afa8e42bc74e739\\istack-commons-runtime-4.1.2.jar;C:\\Users\\basak\\.gradle\\caches\\modules-2\\files-2.1\\ch.qos.logback\\logback-core\\1.5.8\\3fce599197de3b6f387cc9bee412ead2b4994a46\\logback-core-1.5.8.jar;C:\\Users\\basak\\.gradle\\caches\\modules-2\\files-2.1\\org.apache.logging.log4j\\log4j-api\\2.23.1\\9c15c29c526d9c6783049c0a77722693c66706e1\\log4j-api-2.23.1.jar, java.vm.vendor=Oracle Corporation, sun.arch.data.model=64, user.variant=, java.vendor.url=https://java.oracle.com/, user.timezone=Europe/Istanbul, jakarta.persistence.sharedCache.mode=UNSPECIFIED, org.jboss.logging.provider=slf4j, os.name=Windows 11, java.vm.specification.version=23, jakarta.persistence.nonJtaDataSource=HikariDataSource (HikariPool-1), user.country=TR, sun.java.launcher=SUN_STANDARD, sun.boot.library.path=C:\Program Files\Java\jdk-23\bin, sun.java.command=worker.org.gradle.process.internal.worker.GradleWorkerMain 'Gradle Test Executor 2', javax.persistence.nonJtaDataSource=HikariDataSource (HikariPool-1), hibernate.transaction.jta.platform=org.hibernate.engine.transaction.jta.platform.internal.NoJtaPlatform@22002459, jdk.debug=release, sun.cpu.endian=little, hibernate.cdi.extensions=true, user.home=C:\Users\basak, user.language=tr, java.specification.vendor=Oracle Corporation, java.version.date=2024-10-15, java.home=C:\Program Files\Java\jdk-23, file.separator=\, java.vm.compressedOopsMode=32-bit, line.separator=
, hibernate.persistenceUnitName=default, java.vm.specification.vendor=Oracle Corporation, java.specification.name=Java Platform API Specification, FILE_LOG_CHARSET=UTF-8, hibernate.transaction.coordinator_class=class org.hibernate.resource.transaction.backend.jdbc.internal.JdbcResourceLocalTransactionCoordinatorBuilderImpl, java.awt.headless=true, jakarta.persistence.validation.mode=AUTO, hibernate.hbm2ddl.auto=update, user.script=, sun.management.compiler=HotSpot 64-Bit Tiered Compilers, java.runtime.version=23.0.1+11-39, user.name=Basak, stdout.encoding=Cp1254, path.separator=;, os.version=10.0, java.runtime.name=Java(TM) SE Runtime Environment, file.encoding=UTF-8, java.vm.name=Java HotSpot(TM) 64-Bit Server VM, hibernate.show_sql=true, java.vendor.url.bug=https://bugreport.java.com/bugreport/, java.io.tmpdir=C:\Users\basak\AppData\Local\Temp\, java.version=23.0.1, hibernate.physical_naming_strategy=org.hibernate.boot.model.naming.CamelCaseToUnderscoresNamingStrategy, user.dir=C:\Users\basak\IdeaProjects\reelQuill, os.arch=amd64, java.vm.specification.name=Java Virtual Machine Specification, PID=4560, org.gradle.internal.worker.tmpdir=C:\Users\basak\IdeaProjects\reelQuill\build\tmp\test\work, sun.os.patch.level=, CONSOLE_LOG_CHARSET=UTF-8, hibernate.boot.CfgXmlAccessService.key=org.hibernate.boot.registry.StandardServiceRegistryBuilder$1@29bd056a, native.encoding=Cp1254, java.library.path=C:\Program Files\Java\jdk-23\bin;C:\Windows\Sun\Java\bin;C:\Windows\system32;C:\Windows;C:\Program Files\Common Files\Oracle\Java\javapath;C:\Windows\system32;C:\Windows;C:\Windows\System32\Wbem;C:\Windows\System32\WindowsPowerShell\v1.0\;C:\Windows\System32\OpenSSH\;C:\Program Files\NVIDIA Corporation\NVIDIA NvDLISR;C:\Program Files (x86)\NVIDIA Corporation\PhysX\Common;C:\Program Files\nodejs\;C:\Program Files\dotnet\;C:\Program Files\Git\cmd;C:\Program Files\Microsoft SQL Server\150\Tools\Binn\;C:\Program Files\Microsoft SQL Server\Client SDK\ODBC\170\Tools\Binn\;C:\Windows\system32;C:\Windows;C:\Windows\System32\Wbem;C:\Windows\System32\WindowsPowerShell\v1.0\;C:\Windows\System32\OpenSSH\;C:\Program Files\NVIDIA Corporation\NVIDIA NvDLISR;C:\Program Files (x86)\NVIDIA Corporation\PhysX\Common;C:\Program Files\nodejs\;C:\Program Files\Git\cmd;C:\Users\basak\AppData\Local\Microsoft\WindowsApps;C:\Users\basak\AppData\Local\Programs\Microsoft VS Code\bin;C:\Users\basak\AppData\Roaming\npm;C:\Users\basak\.dotnet\tools;C:\Program Files\JetBrains\IntelliJ IDEA 2024.2.3\bin;;., stderr.encoding=Cp1254, java.vendor=Oracle Corporation, java.vm.info=mixed mode, sharing, java.vm.version=23.0.1+11-39, sun.io.unicode.encoding=UnicodeLittle, hibernate.archive.scanner=org.hibernate.boot.archive.scan.internal.DisabledScanner, hibernate.connection.datasource=HikariDataSource (HikariPool-1), java.class.version=67.0, LOGGED_APPLICATION_NAME=[reelQuill] }
2024-10-22T23:42:53.007+03:00 DEBUG 4560 --- [reelQuill] [    Test worker] o.hibernate.internal.SessionFactoryImpl  : Session factory constructed with filter configurations : {}
2024-10-22T23:42:53.012+03:00 DEBUG 4560 --- [reelQuill] [    Test worker] o.h.v.i.xml.config.ValidationXmlParser   : Trying to load META-INF/validation.xml for XML based Validator configuration.
2024-10-22T23:42:53.012+03:00 DEBUG 4560 --- [reelQuill] [    Test worker] o.h.v.i.xml.config.ResourceLoaderHelper  : Trying to load META-INF/validation.xml via TCCL
2024-10-22T23:42:53.012+03:00 DEBUG 4560 --- [reelQuill] [    Test worker] o.h.v.i.xml.config.ResourceLoaderHelper  : Trying to load META-INF/validation.xml via Hibernate Validator's class loader
2024-10-22T23:42:53.012+03:00 DEBUG 4560 --- [reelQuill] [    Test worker] o.h.v.i.xml.config.ValidationXmlParser   : No META-INF/validation.xml found. Using annotation based configuration only.
2024-10-22T23:42:53.012+03:00 DEBUG 4560 --- [reelQuill] [    Test worker] o.h.v.i.e.resolver.TraversableResolvers  : Found jakarta.persistence.Persistence on classpath containing 'getPersistenceUtil'. Assuming JPA 2 environment. Trying to instantiate JPA aware TraversableResolver
2024-10-22T23:42:53.012+03:00 DEBUG 4560 --- [reelQuill] [    Test worker] o.h.v.i.e.resolver.TraversableResolvers  : Instantiated JPA aware TraversableResolver of type org.hibernate.validator.internal.engine.resolver.JPATraversableResolver.
2024-10-22T23:42:53.012+03:00 DEBUG 4560 --- [reelQuill] [    Test worker] .h.v.m.ResourceBundleMessageInterpolator : Loaded expression factory via original TCCL
2024-10-22T23:42:53.012+03:00 DEBUG 4560 --- [reelQuill] [    Test worker] .i.e.ValidatorFactoryConfigurationHelper : HV000252: Using org.hibernate.validator.internal.engine.DefaultPropertyNodeNameProvider as property node name provider.
2024-10-22T23:42:53.012+03:00 DEBUG 4560 --- [reelQuill] [    Test worker] .i.e.ValidatorFactoryConfigurationHelper : HV000234: Using org.hibernate.validator.messageinterpolation.ResourceBundleMessageInterpolator as ValidatorFactory-scoped message interpolator.
2024-10-22T23:42:53.012+03:00 DEBUG 4560 --- [reelQuill] [    Test worker] .i.e.ValidatorFactoryConfigurationHelper : HV000234: Using org.hibernate.validator.internal.engine.resolver.JPATraversableResolver as ValidatorFactory-scoped traversable resolver.
2024-10-22T23:42:53.012+03:00 DEBUG 4560 --- [reelQuill] [    Test worker] .i.e.ValidatorFactoryConfigurationHelper : HV000234: Using org.hibernate.validator.internal.util.ExecutableParameterNameProvider as ValidatorFactory-scoped parameter name provider.
2024-10-22T23:42:53.012+03:00 DEBUG 4560 --- [reelQuill] [    Test worker] .i.e.ValidatorFactoryConfigurationHelper : HV000234: Using org.hibernate.validator.internal.engine.DefaultClockProvider as ValidatorFactory-scoped clock provider.
2024-10-22T23:42:53.012+03:00 DEBUG 4560 --- [reelQuill] [    Test worker] .i.e.ValidatorFactoryConfigurationHelper : HV000234: Using org.hibernate.validator.internal.engine.scripting.DefaultScriptEvaluatorFactory as ValidatorFactory-scoped script evaluator factory.
2024-10-22T23:42:53.012+03:00 DEBUG 4560 --- [reelQuill] [    Test worker] o.h.boot.internal.ClassLoaderAccessImpl  : Not known whether passed class name [com.example.reelquill.model.Friend] is safe
2024-10-22T23:42:53.012+03:00 DEBUG 4560 --- [reelQuill] [    Test worker] o.h.boot.internal.ClassLoaderAccessImpl  : No temp ClassLoader provided; using live ClassLoader for loading potentially unsafe class : com.example.reelquill.model.Friend
2024-10-22T23:42:53.032+03:00 DEBUG 4560 --- [reelQuill] [    Test worker] o.h.boot.internal.ClassLoaderAccessImpl  : Not known whether passed class name [com.example.reelquill.model.Quill] is safe
2024-10-22T23:42:53.032+03:00 DEBUG 4560 --- [reelQuill] [    Test worker] o.h.boot.internal.ClassLoaderAccessImpl  : No temp ClassLoader provided; using live ClassLoader for loading potentially unsafe class : com.example.reelquill.model.Quill
2024-10-22T23:42:53.032+03:00 DEBUG 4560 --- [reelQuill] [    Test worker] o.h.boot.internal.ClassLoaderAccessImpl  : Not known whether passed class name [com.example.reelquill.model.GeneralInfo] is safe
2024-10-22T23:42:53.032+03:00 DEBUG 4560 --- [reelQuill] [    Test worker] o.h.boot.internal.ClassLoaderAccessImpl  : No temp ClassLoader provided; using live ClassLoader for loading potentially unsafe class : com.example.reelquill.model.GeneralInfo
2024-10-22T23:42:53.032+03:00 DEBUG 4560 --- [reelQuill] [onnection adder] com.zaxxer.hikari.pool.HikariPool        : HikariPool-1 - Added connection org.postgresql.jdbc.PgConnection@d4e29c
2024-10-22T23:42:53.037+03:00 DEBUG 4560 --- [reelQuill] [    Test worker] o.h.boot.internal.ClassLoaderAccessImpl  : Not known whether passed class name [com.example.reelquill.model.User] is safe
2024-10-22T23:42:53.037+03:00 DEBUG 4560 --- [reelQuill] [    Test worker] o.h.boot.internal.ClassLoaderAccessImpl  : No temp ClassLoader provided; using live ClassLoader for loading potentially unsafe class : com.example.reelquill.model.User
2024-10-22T23:42:53.048+03:00 DEBUG 4560 --- [reelQuill] [    Test worker] .h.s.i.SessionFactoryServiceRegistryImpl : EventListenerRegistry access via ServiceRegistry is deprecated.  Use `sessionFactory.getEventEngine().getListenerRegistry()` instead
2024-10-22T23:42:53.067+03:00 DEBUG 4560 --- [reelQuill] [onnection adder] com.zaxxer.hikari.pool.HikariPool        : HikariPool-1 - After adding stats (total=5, active=0, idle=5, waiting=0)
2024-10-22T23:42:53.067+03:00 DEBUG 4560 --- [reelQuill] [onnection adder] org.postgresql.Driver                    : Connecting with URL: jdbc:postgresql://localhost:5432/ReelQuill
2024-10-22T23:42:53.067+03:00 DEBUG 4560 --- [reelQuill] [onnection adder] org.postgresql.jdbc.PgConnection         : PostgreSQL JDBC Driver 42.7.4
2024-10-22T23:42:53.067+03:00 DEBUG 4560 --- [reelQuill] [onnection adder] org.postgresql.jdbc.PgConnection         :   setDefaultFetchSize = 0
2024-10-22T23:42:53.067+03:00 DEBUG 4560 --- [reelQuill] [onnection adder] org.postgresql.jdbc.PgConnection         :   setPrepareThreshold = 5
2024-10-22T23:42:53.067+03:00 DEBUG 4560 --- [reelQuill] [onnection adder] o.p.core.v3.ConnectionFactoryImpl        : Trying to establish a protocol version 3 connection to localhost:5432
2024-10-22T23:42:53.067+03:00 DEBUG 4560 --- [reelQuill] [onnection adder] o.p.core.v3.ConnectionFactoryImpl        : Receive Buffer Size is 65.536
2024-10-22T23:42:53.067+03:00 DEBUG 4560 --- [reelQuill] [onnection adder] o.p.core.v3.ConnectionFactoryImpl        : Send Buffer Size is 65.536
2024-10-22T23:42:53.077+03:00 DEBUG 4560 --- [reelQuill] [    Test worker] o.h.q.sqm.function.SqmFunctionRegistry   : Registered SqmFunctionTemplate [NamedSqmFunctionTemplate(max)] under max; prior registration was null
2024-10-22T23:42:53.077+03:00 DEBUG 4560 --- [reelQuill] [    Test worker] o.h.q.sqm.function.SqmFunctionRegistry   : Registered SqmFunctionTemplate [NamedSqmFunctionTemplate(min)] under min; prior registration was null
2024-10-22T23:42:53.077+03:00 DEBUG 4560 --- [reelQuill] [    Test worker] o.h.q.sqm.function.SqmFunctionRegistry   : Registered SqmFunctionTemplate [NamedSqmFunctionTemplate(sum)] under sum; prior registration was null
2024-10-22T23:42:53.077+03:00 DEBUG 4560 --- [reelQuill] [    Test worker] o.h.q.sqm.function.SqmFunctionRegistry   : Registered SqmFunctionTemplate [NamedSqmFunctionTemplate(avg)] under avg; prior registration was null
2024-10-22T23:42:53.077+03:00 DEBUG 4560 --- [reelQuill] [    Test worker] o.h.q.sqm.function.SqmFunctionRegistry   : Registered SqmFunctionTemplate [org.hibernate.dialect.function.CountFunction@44d84313] under count; prior registration was null
2024-10-22T23:42:53.077+03:00 DEBUG 4560 --- [reelQuill] [    Test worker] o.h.q.sqm.function.SqmFunctionRegistry   : Registered SqmFunctionTemplate [org.hibernate.dialect.function.EveryAnyEmulation@3e839aa3] under every; prior registration was null
2024-10-22T23:42:53.077+03:00 DEBUG 4560 --- [reelQuill] [    Test worker] o.h.q.sqm.function.SqmFunctionRegistry   : Registered SqmFunctionTemplate [org.hibernate.dialect.function.EveryAnyEmulation@751bb780] under any; prior registration was null
2024-10-22T23:42:53.077+03:00 DEBUG 4560 --- [reelQuill] [    Test worker] o.h.q.sqm.function.SqmFunctionRegistry   : Registered SqmFunctionTemplate [NamedSqmFunctionTemplate(floor)] under floor; prior registration was null
2024-10-22T23:42:53.077+03:00 DEBUG 4560 --- [reelQuill] [    Test worker] o.h.q.sqm.function.SqmFunctionRegistry   : Registered SqmFunctionTemplate [NamedSqmFunctionTemplate(ceiling)] under ceiling; prior registration was null
2024-10-22T23:42:53.077+03:00 DEBUG 4560 --- [reelQuill] [    Test worker] o.h.q.sqm.function.SqmFunctionRegistry   : Registered SqmFunctionTemplate [NamedSqmFunctionTemplate(mod)] under mod; prior registration was null
2024-10-22T23:42:53.077+03:00 DEBUG 4560 --- [reelQuill] [    Test worker] o.h.q.sqm.function.SqmFunctionRegistry   : Registered SqmFunctionTemplate [NamedSqmFunctionTemplate(abs)] under abs; prior registration was null
2024-10-22T23:42:53.077+03:00 DEBUG 4560 --- [reelQuill] [    Test worker] o.h.q.sqm.function.SqmFunctionRegistry   : Registered SqmFunctionTemplate [NamedSqmFunctionTemplate(sign)] under sign; prior registration was null
2024-10-22T23:42:53.077+03:00 DEBUG 4560 --- [reelQuill] [    Test worker] o.h.q.sqm.function.SqmFunctionRegistry   : Registered SqmFunctionTemplate [NamedSqmFunctionTemplate(sqrt)] under sqrt; prior registration was null
2024-10-22T23:42:53.077+03:00 DEBUG 4560 --- [reelQuill] [    Test worker] o.h.q.sqm.function.SqmFunctionRegistry   : Registered SqmFunctionTemplate [NamedSqmFunctionTemplate(ln)] under ln; prior registration was null
2024-10-22T23:42:53.077+03:00 DEBUG 4560 --- [reelQuill] [    Test worker] o.h.q.sqm.function.SqmFunctionRegistry   : Registered SqmFunctionTemplate [NamedSqmFunctionTemplate(exp)] under exp; prior registration was null
2024-10-22T23:42:53.077+03:00 DEBUG 4560 --- [reelQuill] [    Test worker] o.h.q.sqm.function.SqmFunctionRegistry   : Registered SqmFunctionTemplate [NamedSqmFunctionTemplate(power)] under power; prior registration was null
2024-10-22T23:42:53.077+03:00 DEBUG 4560 --- [reelQuill] [    Test worker] o.h.q.sqm.function.SqmFunctionRegistry   : Registered SqmFunctionTemplate [NamedSqmFunctionTemplate(round)] under round; prior registration was null
2024-10-22T23:42:53.077+03:00 DEBUG 4560 --- [reelQuill] [    Test worker] o.h.q.sqm.function.SqmFunctionRegistry   : Registered SqmFunctionTemplate [NamedSqmFunctionTemplate(sin)] under sin; prior registration was null
2024-10-22T23:42:53.077+03:00 DEBUG 4560 --- [reelQuill] [    Test worker] o.h.q.sqm.function.SqmFunctionRegistry   : Registered SqmFunctionTemplate [NamedSqmFunctionTemplate(cos)] under cos; prior registration was null
2024-10-22T23:42:53.077+03:00 DEBUG 4560 --- [reelQuill] [    Test worker] o.h.q.sqm.function.SqmFunctionRegistry   : Registered SqmFunctionTemplate [NamedSqmFunctionTemplate(tan)] under tan; prior registration was null
2024-10-22T23:42:53.077+03:00 DEBUG 4560 --- [reelQuill] [    Test worker] o.h.q.sqm.function.SqmFunctionRegistry   : Registered SqmFunctionTemplate [NamedSqmFunctionTemplate(asin)] under asin; prior registration was null
2024-10-22T23:42:53.077+03:00 DEBUG 4560 --- [reelQuill] [    Test worker] o.h.q.sqm.function.SqmFunctionRegistry   : Registered SqmFunctionTemplate [NamedSqmFunctionTemplate(acos)] under acos; prior registration was null
2024-10-22T23:42:53.077+03:00 DEBUG 4560 --- [reelQuill] [    Test worker] o.h.q.sqm.function.SqmFunctionRegistry   : Registered SqmFunctionTemplate [NamedSqmFunctionTemplate(atan)] under atan; prior registration was null
2024-10-22T23:42:53.077+03:00 DEBUG 4560 --- [reelQuill] [    Test worker] o.h.q.sqm.function.SqmFunctionRegistry   : Registered SqmFunctionTemplate [NamedSqmFunctionTemplate(atan2)] under atan2; prior registration was null
2024-10-22T23:42:53.077+03:00 DEBUG 4560 --- [reelQuill] [    Test worker] o.h.q.sqm.function.SqmFunctionRegistry   : Registered SqmFunctionTemplate [org.hibernate.query.sqm.function.PatternBasedSqmFunctionDescriptor@61bf405d] under sinh; prior registration was null
2024-10-22T23:42:53.077+03:00 DEBUG 4560 --- [reelQuill] [    Test worker] o.h.q.sqm.function.SqmFunctionRegistry   : Registered SqmFunctionTemplate [org.hibernate.query.sqm.function.PatternBasedSqmFunctionDescriptor@32298473] under cosh; prior registration was null
2024-10-22T23:42:53.077+03:00 DEBUG 4560 --- [reelQuill] [    Test worker] o.h.q.sqm.function.SqmFunctionRegistry   : Registered SqmFunctionTemplate [org.hibernate.query.sqm.function.PatternBasedSqmFunctionDescriptor@19f1be04] under tanh; prior registration was null
2024-10-22T23:42:53.077+03:00 DEBUG 4560 --- [reelQuill] [    Test worker] o.h.q.sqm.function.SqmFunctionRegistry   : Registered SqmFunctionTemplate [org.hibernate.query.sqm.function.PatternBasedSqmFunctionDescriptor@5d6b5d3d] under pi; prior registration was null
2024-10-22T23:42:53.077+03:00 DEBUG 4560 --- [reelQuill] [    Test worker] o.h.q.sqm.function.SqmFunctionRegistry   : Registered SqmFunctionTemplate [org.hibernate.query.sqm.function.PatternBasedSqmFunctionDescriptor@464d5365] under log; prior registration was null
2024-10-22T23:42:53.077+03:00 DEBUG 4560 --- [reelQuill] [    Test worker] o.h.q.sqm.function.SqmFunctionRegistry   : Registered SqmFunctionTemplate [NamedSqmFunctionTemplate(coalesce)] under coalesce; prior registration was null
2024-10-22T23:42:53.077+03:00 DEBUG 4560 --- [reelQuill] [    Test worker] o.h.q.sqm.function.SqmFunctionRegistry   : Registered SqmFunctionTemplate [NamedSqmFunctionTemplate(nullif)] under nullif; prior registration was null
2024-10-22T23:42:53.077+03:00 DEBUG 4560 --- [reelQuill] [    Test worker] o.h.q.sqm.function.SqmFunctionRegistry   : Registered SqmFunctionTemplate [NamedSqmFunctionTemplate(left)] under left; prior registration was null
2024-10-22T23:42:53.077+03:00 DEBUG 4560 --- [reelQuill] [    Test worker] o.h.q.sqm.function.SqmFunctionRegistry   : Registered SqmFunctionTemplate [NamedSqmFunctionTemplate(right)] under right; prior registration was null
2024-10-22T23:42:53.077+03:00 DEBUG 4560 --- [reelQuill] [    Test worker] o.h.q.sqm.function.SqmFunctionRegistry   : Registered SqmFunctionTemplate [NamedSqmFunctionTemplate(replace)] under replace; prior registration was null
2024-10-22T23:42:53.077+03:00 DEBUG 4560 --- [reelQuill] [    Test worker] o.h.q.sqm.function.SqmFunctionRegistry   : Registered SqmFunctionTemplate [NamedSqmFunctionTemplate(concat)] under concat; prior registration was null
2024-10-22T23:42:53.077+03:00 DEBUG 4560 --- [reelQuill] [    Test worker] o.h.q.sqm.function.SqmFunctionRegistry   : Registered SqmFunctionTemplate [NamedSqmFunctionTemplate(lower)] under lower; prior registration was null
2024-10-22T23:42:53.077+03:00 DEBUG 4560 --- [reelQuill] [    Test worker] o.h.q.sqm.function.SqmFunctionRegistry   : Registered SqmFunctionTemplate [NamedSqmFunctionTemplate(upper)] under upper; prior registration was null
2024-10-22T23:42:53.077+03:00 DEBUG 4560 --- [reelQuill] [    Test worker] o.h.q.sqm.function.SqmFunctionRegistry   : Registered SqmFunctionTemplate [NamedSqmFunctionTemplate(substring)] under substring; prior registration was null
2024-10-22T23:42:53.077+03:00 DEBUG 4560 --- [reelQuill] [    Test worker] o.h.q.sqm.function.SqmFunctionRegistry   : Registered SqmFunctionTemplate [NamedSqmFunctionTemplate(locate)] under locate; prior registration was null
2024-10-22T23:42:53.077+03:00 DEBUG 4560 --- [reelQuill] [    Test worker] o.h.q.sqm.function.SqmFunctionRegistry   : Registered SqmFunctionTemplate [NamedSqmFunctionTemplate(character_length)] under character_length; prior registration was null
2024-10-22T23:42:53.077+03:00 DEBUG 4560 --- [reelQuill] [    Test worker] o.h.q.sqm.function.SqmFunctionRegistry   : Registering alternate key : length -> character_length
2024-10-22T23:42:53.082+03:00 DEBUG 4560 --- [reelQuill] [    Test worker] o.h.q.sqm.function.SqmFunctionRegistry   : Registered SqmFunctionTemplate [org.hibernate.dialect.function.LocatePositionEmulation@6df31abf] under position; prior registration was null
2024-10-22T23:42:53.082+03:00 DEBUG 4560 --- [reelQuill] [    Test worker] o.h.q.sqm.function.SqmFunctionRegistry   : Registered SqmFunctionTemplate [org.hibernate.dialect.function.InsertSubstringOverlayEmulation@1786150f] under overlay; prior registration was null
2024-10-22T23:42:53.082+03:00 DEBUG 4560 --- [reelQuill] [    Test worker] o.h.q.sqm.function.SqmFunctionRegistry   : Registered SqmFunctionTemplate [org.hibernate.dialect.function.TrimFunction@14499b52] under trim; prior registration was null
2024-10-22T23:42:53.082+03:00 DEBUG 4560 --- [reelQuill] [    Test worker] o.h.q.sqm.function.SqmFunctionRegistry   : Registered SqmFunctionTemplate [org.hibernate.dialect.function.CastFunction@5f803481] under cast; prior registration was null
2024-10-22T23:42:53.082+03:00 DEBUG 4560 --- [reelQuill] [    Test worker] o.h.q.sqm.function.SqmFunctionRegistry   : Registered SqmFunctionTemplate [org.hibernate.query.sqm.function.PatternBasedSqmFunctionDescriptor@408f70ab] under collate; prior registration was null
2024-10-22T23:42:53.082+03:00 DEBUG 4560 --- [reelQuill] [    Test worker] o.h.q.sqm.function.SqmFunctionRegistry   : Registered SqmFunctionTemplate [org.hibernate.dialect.function.ExtractFunction@404dc999] under extract; prior registration was null
2024-10-22T23:42:53.082+03:00 DEBUG 4560 --- [reelQuill] [    Test worker] o.h.q.sqm.function.SqmFunctionRegistry   : Registered SqmFunctionTemplate [NamedSqmFunctionTemplate(least)] under least; prior registration was null
2024-10-22T23:42:53.082+03:00 DEBUG 4560 --- [reelQuill] [    Test worker] o.h.q.sqm.function.SqmFunctionRegistry   : Registered SqmFunctionTemplate [NamedSqmFunctionTemplate(greatest)] under greatest; prior registration was null
2024-10-22T23:42:53.082+03:00 DEBUG 4560 --- [reelQuill] [    Test worker] o.h.q.sqm.function.SqmFunctionRegistry   : Registered SqmFunctionTemplate [org.hibernate.dialect.function.CoalesceIfnullEmulation@2e4339c1] under ifnull; prior registration was null
2024-10-22T23:42:53.087+03:00 DEBUG 4560 --- [reelQuill] [    Test worker] o.h.q.sqm.function.SqmFunctionRegistry   : Registered SqmFunctionTemplate [NamedSqmFunctionTemplate(lpad)] under lpad; prior registration was null
2024-10-22T23:42:53.087+03:00 DEBUG 4560 --- [reelQuill] [    Test worker] o.h.q.sqm.function.SqmFunctionRegistry   : Registered SqmFunctionTemplate [NamedSqmFunctionTemplate(rpad)] under rpad; prior registration was null
2024-10-22T23:42:53.087+03:00 DEBUG 4560 --- [reelQuill] [    Test worker] o.h.q.sqm.function.SqmFunctionRegistry   : Registered SqmFunctionTemplate [org.hibernate.dialect.function.LpadRpadPadEmulation@552088cc] under pad; prior registration was null
2024-10-22T23:42:53.087+03:00 DEBUG 4560 --- [reelQuill] [    Test worker] o.h.q.sqm.function.SqmFunctionRegistry   : Registered SqmFunctionTemplate [org.hibernate.dialect.function.CastStrEmulation@5ebf776c] under str; prior registration was null
2024-10-22T23:42:53.087+03:00 DEBUG 4560 --- [reelQuill] [    Test worker] o.h.q.sqm.function.SqmFunctionRegistry   : Registered SqmFunctionTemplate [org.hibernate.dialect.function.FormatFunction@2bf4fa1] under format; prior registration was null
2024-10-22T23:42:53.087+03:00 DEBUG 4560 --- [reelQuill] [    Test worker] o.h.q.sqm.function.SqmFunctionRegistry   : Registered SqmFunctionTemplate [org.hibernate.dialect.function.TimestampaddFunction@70700b8a] under timestampadd; prior registration was null
2024-10-22T23:42:53.087+03:00 DEBUG 4560 --- [reelQuill] [    Test worker] o.h.q.sqm.function.SqmFunctionRegistry   : Registered SqmFunctionTemplate [org.hibernate.dialect.function.TimestampdiffFunction@4895e8f6] under timestampdiff; prior registration was null
2024-10-22T23:42:53.087+03:00 DEBUG 4560 --- [reelQuill] [    Test worker] o.h.q.sqm.function.SqmFunctionRegistry   : Registering alternate key : dateadd -> timestampadd
2024-10-22T23:42:53.087+03:00 DEBUG 4560 --- [reelQuill] [    Test worker] o.h.q.sqm.function.SqmFunctionRegistry   : Registering alternate key : datediff -> timestampdiff
2024-10-22T23:42:53.087+03:00 DEBUG 4560 --- [reelQuill] [    Test worker] o.h.q.sqm.function.SqmFunctionRegistry   : Registered SqmFunctionTemplate [org.hibernate.dialect.function.CurrentFunction@3428420d] under current_date; prior registration was null
2024-10-22T23:42:53.087+03:00 DEBUG 4560 --- [reelQuill] [    Test worker] o.h.q.sqm.function.SqmFunctionRegistry   : Registered SqmFunctionTemplate [org.hibernate.dialect.function.CurrentFunction@523ade68] under current_time; prior registration was null
2024-10-22T23:42:53.087+03:00 DEBUG 4560 --- [reelQuill] [    Test worker] o.h.q.sqm.function.SqmFunctionRegistry   : Registered SqmFunctionTemplate [org.hibernate.dialect.function.CurrentFunction@b529d7e] under current_timestamp; prior registration was null
2024-10-22T23:42:53.087+03:00 DEBUG 4560 --- [reelQuill] [    Test worker] o.h.q.sqm.function.SqmFunctionRegistry   : Registering alternate key : current date -> current_date
2024-10-22T23:42:53.087+03:00 DEBUG 4560 --- [reelQuill] [    Test worker] o.h.q.sqm.function.SqmFunctionRegistry   : Registering alternate key : current time -> current_time
2024-10-22T23:42:53.087+03:00 DEBUG 4560 --- [reelQuill] [    Test worker] o.h.q.sqm.function.SqmFunctionRegistry   : Registering alternate key : current timestamp -> current_timestamp
2024-10-22T23:42:53.087+03:00 DEBUG 4560 --- [reelQuill] [    Test worker] o.h.q.sqm.function.SqmFunctionRegistry   : Registered SqmFunctionTemplate [org.hibernate.dialect.function.CurrentFunction@3664c596] under local_date; prior registration was null
2024-10-22T23:42:53.087+03:00 DEBUG 4560 --- [reelQuill] [    Test worker] o.h.q.sqm.function.SqmFunctionRegistry   : Registered SqmFunctionTemplate [org.hibernate.dialect.function.CurrentFunction@40aad17d] under local_time; prior registration was null
2024-10-22T23:42:53.087+03:00 DEBUG 4560 --- [reelQuill] [    Test worker] o.h.q.sqm.function.SqmFunctionRegistry   : Registered SqmFunctionTemplate [org.hibernate.dialect.function.CurrentFunction@44e79e9e] under local_datetime; prior registration was null
2024-10-22T23:42:53.087+03:00 DEBUG 4560 --- [reelQuill] [    Test worker] o.h.q.sqm.function.SqmFunctionRegistry   : Registered SqmFunctionTemplate [org.hibernate.dialect.function.CurrentFunction@5bc14211] under offset_datetime; prior registration was null
2024-10-22T23:42:53.087+03:00 DEBUG 4560 --- [reelQuill] [    Test worker] o.h.q.sqm.function.SqmFunctionRegistry   : Registering alternate key : local date -> local_date
2024-10-22T23:42:53.087+03:00 DEBUG 4560 --- [reelQuill] [    Test worker] o.h.q.sqm.function.SqmFunctionRegistry   : Registering alternate key : local time -> local_time
2024-10-22T23:42:53.087+03:00 DEBUG 4560 --- [reelQuill] [    Test worker] o.h.q.sqm.function.SqmFunctionRegistry   : Registering alternate key : local datetime -> local_datetime
2024-10-22T23:42:53.087+03:00 DEBUG 4560 --- [reelQuill] [    Test worker] o.h.q.sqm.function.SqmFunctionRegistry   : Registering alternate key : offset datetime -> offset_datetime
2024-10-22T23:42:53.087+03:00 DEBUG 4560 --- [reelQuill] [    Test worker] o.h.q.sqm.function.SqmFunctionRegistry   : Registered SqmFunctionTemplate [org.hibernate.dialect.function.CurrentFunction@4b99648a] under instant; prior registration was null
2024-10-22T23:42:53.087+03:00 DEBUG 4560 --- [reelQuill] [    Test worker] o.h.q.sqm.function.SqmFunctionRegistry   : Registering alternate key : current_instant -> instant
2024-10-22T23:42:53.087+03:00 DEBUG 4560 --- [reelQuill] [    Test worker] o.h.q.sqm.function.SqmFunctionRegistry   : Registered SqmFunctionTemplate [org.hibernate.dialect.function.SqlFunction@74f89bad] under sql; prior registration was null
2024-10-22T23:42:53.087+03:00 DEBUG 4560 --- [reelQuill] [    Test worker] o.h.q.sqm.function.SqmFunctionRegistry   : Registered SqmFunctionTemplate [NamedSqmFunctionTemplate(cot)] under cot; prior registration was null
2024-10-22T23:42:53.087+03:00 DEBUG 4560 --- [reelQuill] [    Test worker] o.h.q.sqm.function.SqmFunctionRegistry   : Registered SqmFunctionTemplate [NamedSqmFunctionTemplate(radians)] under radians; prior registration was null
2024-10-22T23:42:53.087+03:00 DEBUG 4560 --- [reelQuill] [    Test worker] o.h.q.sqm.function.SqmFunctionRegistry   : Registered SqmFunctionTemplate [NamedSqmFunctionTemplate(degrees)] under degrees; prior registration was null
2024-10-22T23:42:53.087+03:00 DEBUG 4560 --- [reelQuill] [    Test worker] o.h.q.sqm.function.SqmFunctionRegistry   : Registered SqmFunctionTemplate [NamedSqmFunctionTemplate(log)] under log; prior registration was org.hibernate.query.sqm.function.PatternBasedSqmFunctionDescriptor@464d5365
2024-10-22T23:42:53.087+03:00 DEBUG 4560 --- [reelQuill] [    Test worker] o.h.q.sqm.function.SqmFunctionRegistry   : Registered SqmFunctionTemplate [org.hibernate.query.sqm.function.PatternBasedSqmFunctionDescriptor@5ad50b02] under mod; prior registration was NamedSqmFunctionTemplate(mod)
2024-10-22T23:42:53.087+03:00 DEBUG 4560 --- [reelQuill] [    Test worker] o.h.q.sqm.function.SqmFunctionRegistry   : Registered SqmFunctionTemplate [NamedSqmFunctionTemplate(log10)] under log10; prior registration was null
2024-10-22T23:42:53.087+03:00 DEBUG 4560 --- [reelQuill] [    Test worker] o.h.q.sqm.function.SqmFunctionRegistry   : Registered SqmFunctionTemplate [NamedSqmFunctionTemplate(tanh)] under tanh; prior registration was org.hibernate.query.sqm.function.PatternBasedSqmFunctionDescriptor@19f1be04
2024-10-22T23:42:53.087+03:00 DEBUG 4560 --- [reelQuill] [    Test worker] o.h.q.sqm.function.SqmFunctionRegistry   : Registered SqmFunctionTemplate [NamedSqmFunctionTemplate(sinh)] under sinh; prior registration was org.hibernate.query.sqm.function.PatternBasedSqmFunctionDescriptor@61bf405d
2024-10-22T23:42:53.087+03:00 DEBUG 4560 --- [reelQuill] [    Test worker] o.h.q.sqm.function.SqmFunctionRegistry   : Registered SqmFunctionTemplate [NamedSqmFunctionTemplate(cosh)] under cosh; prior registration was org.hibernate.query.sqm.function.PatternBasedSqmFunctionDescriptor@32298473
2024-10-22T23:42:53.087+03:00 DEBUG 4560 --- [reelQuill] [    Test worker] o.h.q.sqm.function.SqmFunctionRegistry   : Registered SqmFunctionTemplate [NamedSqmFunctionTemplate(acosh)] under acosh; prior registration was null
2024-10-22T23:42:53.087+03:00 DEBUG 4560 --- [reelQuill] [    Test worker] o.h.q.sqm.function.SqmFunctionRegistry   : Registered SqmFunctionTemplate [NamedSqmFunctionTemplate(asinh)] under asinh; prior registration was null
2024-10-22T23:42:53.087+03:00 DEBUG 4560 --- [reelQuill] [    Test worker] o.h.q.sqm.function.SqmFunctionRegistry   : Registered SqmFunctionTemplate [NamedSqmFunctionTemplate(atanh)] under atanh; prior registration was null
2024-10-22T23:42:53.087+03:00 DEBUG 4560 --- [reelQuill] [    Test worker] o.h.q.sqm.function.SqmFunctionRegistry   : Registered SqmFunctionTemplate [NamedSqmFunctionTemplate(cbrt)] under cbrt; prior registration was null
2024-10-22T23:42:53.087+03:00 DEBUG 4560 --- [reelQuill] [    Test worker] o.h.q.sqm.function.SqmFunctionRegistry   : Registered SqmFunctionTemplate [NamedSqmFunctionTemplate(pi)] under pi; prior registration was org.hibernate.query.sqm.function.PatternBasedSqmFunctionDescriptor@5d6b5d3d
2024-10-22T23:42:53.087+03:00 DEBUG 4560 --- [reelQuill] [    Test worker] o.h.q.sqm.function.SqmFunctionRegistry   : Registered SqmFunctionTemplate [NamedSqmFunctionTemplate(ltrim)] under ltrim; prior registration was null
2024-10-22T23:42:53.087+03:00 DEBUG 4560 --- [reelQuill] [    Test worker] o.h.q.sqm.function.SqmFunctionRegistry   : Registered SqmFunctionTemplate [NamedSqmFunctionTemplate(rtrim)] under rtrim; prior registration was null
2024-10-22T23:42:53.087+03:00 DEBUG 4560 --- [reelQuill] [    Test worker] o.h.q.sqm.function.SqmFunctionRegistry   : Registered SqmFunctionTemplate [NamedSqmFunctionTemplate(repeat)] under repeat; prior registration was null
2024-10-22T23:42:53.087+03:00 DEBUG 4560 --- [reelQuill] [    Test worker] o.h.q.sqm.function.SqmFunctionRegistry   : Registered SqmFunctionTemplate [NamedSqmFunctionTemplate(md5)] under md5; prior registration was null
2024-10-22T23:42:53.087+03:00 DEBUG 4560 --- [reelQuill] [    Test worker] o.h.q.sqm.function.SqmFunctionRegistry   : Registered SqmFunctionTemplate [NamedSqmFunctionTemplate(initcap)] under initcap; prior registration was null
2024-10-22T23:42:53.087+03:00 DEBUG 4560 --- [reelQuill] [    Test worker] o.h.q.sqm.function.SqmFunctionRegistry   : Registered SqmFunctionTemplate [NamedSqmFunctionTemplate(substr)] under substr; prior registration was null
2024-10-22T23:42:53.087+03:00 DEBUG 4560 --- [reelQuill] [    Test worker] o.h.q.sqm.function.SqmFunctionRegistry   : Registered SqmFunctionTemplate [NamedSqmFunctionTemplate(substr)] under substring; prior registration was NamedSqmFunctionTemplate(substring)
2024-10-22T23:42:53.087+03:00 DEBUG 4560 --- [reelQuill] [    Test worker] o.h.q.sqm.function.SqmFunctionRegistry   : Registered SqmFunctionTemplate [NamedSqmFunctionTemplate(translate)] under translate; prior registration was null
2024-10-22T23:42:53.087+03:00 DEBUG 4560 --- [reelQuill] [    Test worker] o.h.q.sqm.function.SqmFunctionRegistry   : Registered SqmFunctionTemplate [NamedSqmFunctionTemplate(to_number)] under to_number; prior registration was null
2024-10-22T23:42:53.087+03:00 DEBUG 4560 --- [reelQuill] [    Test worker] o.h.q.sqm.function.SqmFunctionRegistry   : Registered SqmFunctionTemplate [NamedSqmFunctionTemplate(to_char)] under to_char; prior registration was null
2024-10-22T23:42:53.087+03:00 DEBUG 4560 --- [reelQuill] [    Test worker] o.h.q.sqm.function.SqmFunctionRegistry   : Registered SqmFunctionTemplate [NamedSqmFunctionTemplate(to_date)] under to_date; prior registration was null
2024-10-22T23:42:53.087+03:00 DEBUG 4560 --- [reelQuill] [    Test worker] o.h.q.sqm.function.SqmFunctionRegistry   : Registered SqmFunctionTemplate [NamedSqmFunctionTemplate(to_timestamp)] under to_timestamp; prior registration was null
2024-10-22T23:42:53.087+03:00 DEBUG 4560 --- [reelQuill] [    Test worker] o.h.q.sqm.function.SqmFunctionRegistry   : Registered SqmFunctionTemplate [org.hibernate.dialect.function.ConcatPipeFunction@49153009] under concat; prior registration was NamedSqmFunctionTemplate(concat)
2024-10-22T23:42:53.087+03:00 DEBUG 4560 --- [reelQuill] [    Test worker] o.h.q.sqm.function.SqmFunctionRegistry   : Registered SqmFunctionTemplate [NamedSqmFunctionTemplate(localtime)] under localtime; prior registration was null
2024-10-22T23:42:53.087+03:00 DEBUG 4560 --- [reelQuill] [    Test worker] o.h.q.sqm.function.SqmFunctionRegistry   : Registered SqmFunctionTemplate [NamedSqmFunctionTemplate(localtimestamp)] under localtimestamp; prior registration was null
2024-10-22T23:42:53.087+03:00 DEBUG 4560 --- [reelQuill] [    Test worker] o.h.q.sqm.function.SqmFunctionRegistry   : Registered SqmFunctionTemplate [NamedSqmFunctionTemplate(localtime)] under local_time; prior registration was org.hibernate.dialect.function.CurrentFunction@40aad17d
2024-10-22T23:42:53.087+03:00 DEBUG 4560 --- [reelQuill] [    Test worker] o.h.q.sqm.function.SqmFunctionRegistry   : Registered SqmFunctionTemplate [NamedSqmFunctionTemplate(localtimestamp)] under local_datetime; prior registration was org.hibernate.dialect.function.CurrentFunction@44e79e9e
2024-10-22T23:42:53.087+03:00 DEBUG 4560 --- [reelQuill] [    Test worker] o.h.q.sqm.function.SqmFunctionRegistry   : Registered SqmFunctionTemplate [org.hibernate.dialect.function.LengthFunction@745cf754] under character_length; prior registration was NamedSqmFunctionTemplate(character_length)
2024-10-22T23:42:53.087+03:00 DEBUG 4560 --- [reelQuill] [    Test worker] o.h.q.sqm.function.SqmFunctionRegistry   : Registering alternate key : length -> character_length
2024-10-22T23:42:53.087+03:00 DEBUG 4560 --- [reelQuill] [    Test worker] o.h.q.sqm.function.SqmFunctionRegistry   : Registered SqmFunctionTemplate [org.hibernate.dialect.function.LengthFunction@25bc65ab] under bit_length; prior registration was null
2024-10-22T23:42:53.087+03:00 DEBUG 4560 --- [reelQuill] [    Test worker] o.h.q.sqm.function.SqmFunctionRegistry   : Registered SqmFunctionTemplate [org.hibernate.dialect.function.LengthFunction@6eab92f3] under octet_length; prior registration was null
2024-10-22T23:42:53.087+03:00 DEBUG 4560 --- [reelQuill] [    Test worker] o.h.q.sqm.function.SqmFunctionRegistry   : Registered SqmFunctionTemplate [NamedSqmFunctionTemplate(ascii)] under ascii; prior registration was null
2024-10-22T23:42:53.087+03:00 DEBUG 4560 --- [reelQuill] [    Test worker] o.h.q.sqm.function.SqmFunctionRegistry   : Registered SqmFunctionTemplate [NamedSqmFunctionTemplate(chr)] under chr; prior registration was null
2024-10-22T23:42:53.087+03:00 DEBUG 4560 --- [reelQuill] [    Test worker] o.h.q.sqm.function.SqmFunctionRegistry   : Registering alternate key : char -> chr
2024-10-22T23:42:53.087+03:00 DEBUG 4560 --- [reelQuill] [    Test worker] o.h.q.sqm.function.SqmFunctionRegistry   : Registered SqmFunctionTemplate [org.hibernate.query.sqm.function.PatternBasedSqmFunctionDescriptor@321b7b9e] under position; prior registration was org.hibernate.dialect.function.LocatePositionEmulation@6df31abf
2024-10-22T23:42:53.087+03:00 DEBUG 4560 --- [reelQuill] [    Test worker] o.h.q.sqm.function.SqmFunctionRegistry   : Registered SqmFunctionTemplate [org.hibernate.query.sqm.function.PatternBasedSqmFunctionDescriptor@21eedcde] under bitand; prior registration was null
2024-10-22T23:42:53.087+03:00 DEBUG 4560 --- [reelQuill] [    Test worker] o.h.q.sqm.function.SqmFunctionRegistry   : Registered SqmFunctionTemplate [org.hibernate.query.sqm.function.PatternBasedSqmFunctionDescriptor@67396475] under bitor; prior registration was null
2024-10-22T23:42:53.087+03:00 DEBUG 4560 --- [reelQuill] [    Test worker] o.h.q.sqm.function.SqmFunctionRegistry   : Registered SqmFunctionTemplate [org.hibernate.query.sqm.function.PatternBasedSqmFunctionDescriptor@55b74e6b] under bitxor; prior registration was null
2024-10-22T23:42:53.087+03:00 DEBUG 4560 --- [reelQuill] [    Test worker] o.h.q.sqm.function.SqmFunctionRegistry   : Registered SqmFunctionTemplate [org.hibernate.query.sqm.function.PatternBasedSqmFunctionDescriptor@3c1908c8] under bitnot; prior registration was null
2024-10-22T23:42:53.087+03:00 DEBUG 4560 --- [reelQuill] [    Test worker] o.h.q.sqm.function.SqmFunctionRegistry   : Registered SqmFunctionTemplate [NamedSqmFunctionTemplate(bit_and)] under bit_and; prior registration was null
2024-10-22T23:42:53.087+03:00 DEBUG 4560 --- [reelQuill] [    Test worker] o.h.q.sqm.function.SqmFunctionRegistry   : Registered SqmFunctionTemplate [NamedSqmFunctionTemplate(bit_or)] under bit_or; prior registration was null
2024-10-22T23:42:53.087+03:00 DEBUG 4560 --- [reelQuill] [    Test worker] o.h.q.sqm.function.SqmFunctionRegistry   : Registered SqmFunctionTemplate [NamedSqmFunctionTemplate(bool_and)] under bool_and; prior registration was null
2024-10-22T23:42:53.087+03:00 DEBUG 4560 --- [reelQuill] [    Test worker] o.h.q.sqm.function.SqmFunctionRegistry   : Registering alternate key : every -> bool_and
2024-10-22T23:42:53.087+03:00 DEBUG 4560 --- [reelQuill] [    Test worker] o.h.q.sqm.function.SqmFunctionRegistry   : Registered SqmFunctionTemplate [NamedSqmFunctionTemplate(bool_or)] under bool_or; prior registration was null
2024-10-22T23:42:53.087+03:00 DEBUG 4560 --- [reelQuill] [    Test worker] o.h.q.sqm.function.SqmFunctionRegistry   : Registering alternate key : any -> bool_or
2024-10-22T23:42:53.087+03:00 DEBUG 4560 --- [reelQuill] [    Test worker] o.h.q.sqm.function.SqmFunctionRegistry   : Registered SqmFunctionTemplate [org.hibernate.query.sqm.function.PatternBasedSqmFunctionDescriptor@6bc62bb9] under median; prior registration was null
2024-10-22T23:42:53.087+03:00 DEBUG 4560 --- [reelQuill] [    Test worker] o.h.q.sqm.function.SqmFunctionRegistry   : Registered SqmFunctionTemplate [NamedSqmFunctionTemplate(stddev)] under stddev; prior registration was null
2024-10-22T23:42:53.087+03:00 DEBUG 4560 --- [reelQuill] [    Test worker] o.h.q.sqm.function.SqmFunctionRegistry   : Registered SqmFunctionTemplate [NamedSqmFunctionTemplate(stddev_pop)] under stddev_pop; prior registration was null
2024-10-22T23:42:53.087+03:00 DEBUG 4560 --- [reelQuill] [    Test worker] o.h.q.sqm.function.SqmFunctionRegistry   : Registered SqmFunctionTemplate [NamedSqmFunctionTemplate(stddev_samp)] under stddev_samp; prior registration was null
2024-10-22T23:42:53.087+03:00 DEBUG 4560 --- [reelQuill] [    Test worker] o.h.q.sqm.function.SqmFunctionRegistry   : Registered SqmFunctionTemplate [NamedSqmFunctionTemplate(variance)] under variance; prior registration was null
2024-10-22T23:42:53.087+03:00 DEBUG 4560 --- [reelQuill] [    Test worker] o.h.q.sqm.function.SqmFunctionRegistry   : Registered SqmFunctionTemplate [NamedSqmFunctionTemplate(var_pop)] under var_pop; prior registration was null
2024-10-22T23:42:53.087+03:00 DEBUG 4560 --- [reelQuill] [    Test worker] o.h.q.sqm.function.SqmFunctionRegistry   : Registered SqmFunctionTemplate [NamedSqmFunctionTemplate(var_samp)] under var_samp; prior registration was null
2024-10-22T23:42:53.087+03:00 DEBUG 4560 --- [reelQuill] [    Test worker] o.h.q.sqm.function.SqmFunctionRegistry   : Registered SqmFunctionTemplate [NamedSqmFunctionTemplate(covar_pop)] under covar_pop; prior registration was null
2024-10-22T23:42:53.087+03:00 DEBUG 4560 --- [reelQuill] [    Test worker] o.h.q.sqm.function.SqmFunctionRegistry   : Registered SqmFunctionTemplate [NamedSqmFunctionTemplate(covar_samp)] under covar_samp; prior registration was null
2024-10-22T23:42:53.087+03:00 DEBUG 4560 --- [reelQuill] [    Test worker] o.h.q.sqm.function.SqmFunctionRegistry   : Registered SqmFunctionTemplate [NamedSqmFunctionTemplate(corr)] under corr; prior registration was null
2024-10-22T23:42:53.087+03:00 DEBUG 4560 --- [reelQuill] [    Test worker] o.h.q.sqm.function.SqmFunctionRegistry   : Registered SqmFunctionTemplate [NamedSqmFunctionTemplate(regr_avgx)] under regr_avgx; prior registration was null
2024-10-22T23:42:53.087+03:00 DEBUG 4560 --- [reelQuill] [    Test worker] o.h.q.sqm.function.SqmFunctionRegistry   : Registered SqmFunctionTemplate [NamedSqmFunctionTemplate(regr_avgy)] under regr_avgy; prior registration was null
2024-10-22T23:42:53.087+03:00 DEBUG 4560 --- [reelQuill] [    Test worker] o.h.q.sqm.function.SqmFunctionRegistry   : Registered SqmFunctionTemplate [NamedSqmFunctionTemplate(regr_count)] under regr_count; prior registration was null
2024-10-22T23:42:53.087+03:00 DEBUG 4560 --- [reelQuill] [    Test worker] o.h.q.sqm.function.SqmFunctionRegistry   : Registered SqmFunctionTemplate [NamedSqmFunctionTemplate(regr_intercept)] under regr_intercept; prior registration was null
2024-10-22T23:42:53.087+03:00 DEBUG 4560 --- [reelQuill] [    Test worker] o.h.q.sqm.function.SqmFunctionRegistry   : Registered SqmFunctionTemplate [NamedSqmFunctionTemplate(regr_r2)] under regr_r2; prior registration was null
2024-10-22T23:42:53.087+03:00 DEBUG 4560 --- [reelQuill] [    Test worker] o.h.q.sqm.function.SqmFunctionRegistry   : Registered SqmFunctionTemplate [NamedSqmFunctionTemplate(regr_slope)] under regr_slope; prior registration was null
2024-10-22T23:42:53.087+03:00 DEBUG 4560 --- [reelQuill] [    Test worker] o.h.q.sqm.function.SqmFunctionRegistry   : Registered SqmFunctionTemplate [NamedSqmFunctionTemplate(regr_sxx)] under regr_sxx; prior registration was null
2024-10-22T23:42:53.087+03:00 DEBUG 4560 --- [reelQuill] [    Test worker] o.h.q.sqm.function.SqmFunctionRegistry   : Registered SqmFunctionTemplate [NamedSqmFunctionTemplate(regr_sxy)] under regr_sxy; prior registration was null
2024-10-22T23:42:53.087+03:00 DEBUG 4560 --- [reelQuill] [    Test worker] o.h.q.sqm.function.SqmFunctionRegistry   : Registered SqmFunctionTemplate [NamedSqmFunctionTemplate(regr_syy)] under regr_syy; prior registration was null
2024-10-22T23:42:53.087+03:00 DEBUG 4560 --- [reelQuill] [    Test worker] o.h.q.sqm.function.SqmFunctionRegistry   : Registered SqmFunctionTemplate [org.hibernate.query.sqm.function.PatternBasedSqmFunctionDescriptor@28db2afb] under insert; prior registration was null
2024-10-22T23:42:53.087+03:00 DEBUG 4560 --- [reelQuill] [    Test worker] o.h.q.sqm.function.SqmFunctionRegistry   : Registered SqmFunctionTemplate [org.hibernate.query.sqm.function.MultipatternSqmFunctionDescriptor@37fffef3] under overlay; prior registration was org.hibernate.dialect.function.InsertSubstringOverlayEmulation@1786150f
2024-10-22T23:42:53.087+03:00 DEBUG 4560 --- [reelQuill] [    Test worker] o.h.q.sqm.function.SqmFunctionRegistry   : Registered SqmFunctionTemplate [NamedSqmFunctionTemplate(soundex)] under soundex; prior registration was null
2024-10-22T23:42:53.087+03:00 DEBUG 4560 --- [reelQuill] [    Test worker] o.h.q.sqm.function.SqmFunctionRegistry   : Registered SqmFunctionTemplate [org.hibernate.query.sqm.function.MultipatternSqmFunctionDescriptor@6a116354] under locate; prior registration was NamedSqmFunctionTemplate(locate)
2024-10-22T23:42:53.087+03:00 DEBUG 4560 --- [reelQuill] [    Test worker] o.h.q.sqm.function.SqmFunctionRegistry   : Registered SqmFunctionTemplate [NamedSqmFunctionTemplate(row_number)] under row_number; prior registration was null
2024-10-22T23:42:53.087+03:00 DEBUG 4560 --- [reelQuill] [    Test worker] o.h.q.sqm.function.SqmFunctionRegistry   : Registered SqmFunctionTemplate [NamedSqmFunctionTemplate(lag)] under lag; prior registration was null
2024-10-22T23:42:53.087+03:00 DEBUG 4560 --- [reelQuill] [    Test worker] o.h.q.sqm.function.SqmFunctionRegistry   : Registered SqmFunctionTemplate [NamedSqmFunctionTemplate(lead)] under lead; prior registration was null
2024-10-22T23:42:53.087+03:00 DEBUG 4560 --- [reelQuill] [    Test worker] o.h.q.sqm.function.SqmFunctionRegistry   : Registered SqmFunctionTemplate [NamedSqmFunctionTemplate(first_value)] under first_value; prior registration was null
2024-10-22T23:42:53.087+03:00 DEBUG 4560 --- [reelQuill] [    Test worker] o.h.q.sqm.function.SqmFunctionRegistry   : Registered SqmFunctionTemplate [NamedSqmFunctionTemplate(last_value)] under last_value; prior registration was null
2024-10-22T23:42:53.087+03:00 DEBUG 4560 --- [reelQuill] [    Test worker] o.h.q.sqm.function.SqmFunctionRegistry   : Registered SqmFunctionTemplate [NamedSqmFunctionTemplate(nth_value)] under nth_value; prior registration was null
2024-10-22T23:42:53.087+03:00 DEBUG 4560 --- [reelQuill] [    Test worker] o.h.q.sqm.function.SqmFunctionRegistry   : Registered SqmFunctionTemplate [org.hibernate.dialect.function.ListaggStringAggEmulation@3b576ee3] under listagg; prior registration was null
2024-10-22T23:42:53.087+03:00 DEBUG 4560 --- [reelQuill] [    Test worker] o.h.q.sqm.function.SqmFunctionRegistry   : Registered SqmFunctionTemplate [org.hibernate.dialect.function.array.PostgreSQLArrayConstructorFunction@2db3675a] under array; prior registration was null
2024-10-22T23:42:53.087+03:00 DEBUG 4560 --- [reelQuill] [    Test worker] o.h.q.sqm.function.SqmFunctionRegistry   : Registered SqmFunctionTemplate [org.hibernate.dialect.function.array.PostgreSQLArrayConstructorFunction@306c9b2c] under array_list; prior registration was null
2024-10-22T23:42:53.097+03:00 DEBUG 4560 --- [reelQuill] [    Test worker] o.h.q.sqm.function.SqmFunctionRegistry   : Registered SqmFunctionTemplate [org.hibernate.dialect.function.array.ArrayAggFunction@30b1c5d5] under array_agg; prior registration was null
2024-10-22T23:42:53.098+03:00 DEBUG 4560 --- [reelQuill] [onnection adder] com.zaxxer.hikari.pool.HikariPool        : HikariPool-1 - Added connection org.postgresql.jdbc.PgConnection@59d1f405
2024-10-22T23:42:53.098+03:00 DEBUG 4560 --- [reelQuill] [    Test worker] o.h.q.sqm.function.SqmFunctionRegistry   : Registered SqmFunctionTemplate [org.hibernate.dialect.function.array.PostgreSQLArrayPositionFunction@571db8b4] under array_position; prior registration was null
2024-10-22T23:42:53.098+03:00 DEBUG 4560 --- [reelQuill] [    Test worker] o.h.q.sqm.function.SqmFunctionRegistry   : Registered SqmFunctionTemplate [org.hibernate.dialect.function.array.PostgreSQLArrayPositionsFunction@dbda472] under array_positions; prior registration was null
2024-10-22T23:42:53.098+03:00 DEBUG 4560 --- [reelQuill] [    Test worker] o.h.q.sqm.function.SqmFunctionRegistry   : Registered SqmFunctionTemplate [org.hibernate.dialect.function.array.PostgreSQLArrayPositionsFunction@49f6c25e] under array_positions_list; prior registration was null
2024-10-22T23:42:53.098+03:00 DEBUG 4560 --- [reelQuill] [    Test worker] o.h.q.sqm.function.SqmFunctionRegistry   : Registered SqmFunctionTemplate [org.hibernate.query.sqm.function.PatternBasedSqmFunctionDescriptor@6c13019c] under array_length; prior registration was null
2024-10-22T23:42:53.098+03:00 DEBUG 4560 --- [reelQuill] [    Test worker] o.h.q.sqm.function.SqmFunctionRegistry   : Registered SqmFunctionTemplate [org.hibernate.dialect.function.array.PostgreSQLArrayConcatFunction@2d8087da] under array_concat; prior registration was null
2024-10-22T23:42:53.098+03:00 DEBUG 4560 --- [reelQuill] [    Test worker] o.h.q.sqm.function.SqmFunctionRegistry   : Registered SqmFunctionTemplate [org.hibernate.dialect.function.array.PostgreSQLArrayConcatElementFunction@7e1fb22c] under array_prepend; prior registration was null
2024-10-22T23:42:53.098+03:00 DEBUG 4560 --- [reelQuill] [    Test worker] o.h.q.sqm.function.SqmFunctionRegistry   : Registered SqmFunctionTemplate [org.hibernate.dialect.function.array.PostgreSQLArrayConcatElementFunction@38fc34fd] under array_append; prior registration was null
2024-10-22T23:42:53.106+03:00 DEBUG 4560 --- [reelQuill] [    Test worker] o.h.q.sqm.function.SqmFunctionRegistry   : Registered SqmFunctionTemplate [org.hibernate.dialect.function.array.ArrayContainsOperatorFunction@c697186] under array_contains; prior registration was null
2024-10-22T23:42:53.106+03:00 DEBUG 4560 --- [reelQuill] [    Test worker] o.h.q.sqm.function.SqmFunctionRegistry   : Registered SqmFunctionTemplate [org.hibernate.dialect.function.array.ArrayContainsOperatorFunction@185a7dd0] under array_contains_nullable; prior registration was null
2024-10-22T23:42:53.107+03:00 DEBUG 4560 --- [reelQuill] [    Test worker] o.h.q.sqm.function.SqmFunctionRegistry   : Registered SqmFunctionTemplate [org.hibernate.dialect.function.array.ArrayOverlapsOperatorFunction@30eb55c9] under array_overlaps; prior registration was null
2024-10-22T23:42:53.107+03:00 DEBUG 4560 --- [reelQuill] [    Test worker] o.h.q.sqm.function.SqmFunctionRegistry   : Registered SqmFunctionTemplate [org.hibernate.dialect.function.array.ArrayOverlapsOperatorFunction@2524d07a] under array_overlaps_nullable; prior registration was null
2024-10-22T23:42:53.107+03:00 DEBUG 4560 --- [reelQuill] [    Test worker] o.h.q.sqm.function.SqmFunctionRegistry   : Registered SqmFunctionTemplate [org.hibernate.query.sqm.function.PatternBasedSqmFunctionDescriptor@3c46e6f6] under array_get; prior registration was null
2024-10-22T23:42:53.107+03:00 DEBUG 4560 --- [reelQuill] [    Test worker] o.h.q.sqm.function.SqmFunctionRegistry   : Registered SqmFunctionTemplate [org.hibernate.dialect.function.array.ArraySetUnnestFunction@1be52113] under array_set; prior registration was null
2024-10-22T23:42:53.107+03:00 DEBUG 4560 --- [reelQuill] [    Test worker] o.h.q.sqm.function.SqmFunctionRegistry   : Registered SqmFunctionTemplate [NamedSqmFunctionTemplate(array_remove)] under array_remove; prior registration was null
2024-10-22T23:42:53.107+03:00 DEBUG 4560 --- [reelQuill] [    Test worker] o.h.q.sqm.function.SqmFunctionRegistry   : Registered SqmFunctionTemplate [org.hibernate.dialect.function.array.ArrayRemoveIndexUnnestFunction@338270ea] under array_remove_index; prior registration was null
2024-10-22T23:42:53.107+03:00 DEBUG 4560 --- [reelQuill] [    Test worker] o.h.q.sqm.function.SqmFunctionRegistry   : Registered SqmFunctionTemplate [org.hibernate.query.sqm.function.PatternBasedSqmFunctionDescriptor@7f64bd7] under array_slice; prior registration was null
2024-10-22T23:42:53.107+03:00 DEBUG 4560 --- [reelQuill] [    Test worker] o.h.q.sqm.function.SqmFunctionRegistry   : Registered SqmFunctionTemplate [NamedSqmFunctionTemplate(array_replace)] under array_replace; prior registration was null
2024-10-22T23:42:53.107+03:00 DEBUG 4560 --- [reelQuill] [    Test worker] o.h.q.sqm.function.SqmFunctionRegistry   : Registered SqmFunctionTemplate [org.hibernate.query.sqm.function.PatternBasedSqmFunctionDescriptor@1c79d093] under array_trim; prior registration was null
2024-10-22T23:42:53.107+03:00 DEBUG 4560 --- [reelQuill] [    Test worker] o.h.q.sqm.function.SqmFunctionRegistry   : Registered SqmFunctionTemplate [org.hibernate.dialect.function.array.PostgreSQLArrayFillFunction@6aae82cc] under array_fill; prior registration was null
2024-10-22T23:42:53.107+03:00 DEBUG 4560 --- [reelQuill] [    Test worker] o.h.q.sqm.function.SqmFunctionRegistry   : Registered SqmFunctionTemplate [org.hibernate.dialect.function.array.PostgreSQLArrayFillFunction@7a587e84] under array_fill_list; prior registration was null
2024-10-22T23:42:53.107+03:00 DEBUG 4560 --- [reelQuill] [    Test worker] o.h.q.sqm.function.SqmFunctionRegistry   : Registered SqmFunctionTemplate [org.hibernate.dialect.function.array.ArrayToStringFunction@4c9cce17] under array_to_string; prior registration was null
2024-10-22T23:42:53.107+03:00 DEBUG 4560 --- [reelQuill] [    Test worker] o.h.q.sqm.function.SqmFunctionRegistry   : Registered SqmFunctionTemplate [NamedSqmFunctionTemplate(make_date)] under make_date; prior registration was null
2024-10-22T23:42:53.107+03:00 DEBUG 4560 --- [reelQuill] [    Test worker] o.h.q.sqm.function.SqmFunctionRegistry   : Registered SqmFunctionTemplate [NamedSqmFunctionTemplate(make_time)] under make_time; prior registration was null
2024-10-22T23:42:53.107+03:00 DEBUG 4560 --- [reelQuill] [    Test worker] o.h.q.sqm.function.SqmFunctionRegistry   : Registered SqmFunctionTemplate [NamedSqmFunctionTemplate(make_timestamp)] under make_timestamp; prior registration was null
2024-10-22T23:42:53.107+03:00 DEBUG 4560 --- [reelQuill] [    Test worker] o.h.q.sqm.function.SqmFunctionRegistry   : Registered SqmFunctionTemplate [NamedSqmFunctionTemplate(make_timestamptz)] under make_timestamptz; prior registration was null
2024-10-22T23:42:53.107+03:00 DEBUG 4560 --- [reelQuill] [    Test worker] o.h.q.sqm.function.SqmFunctionRegistry   : Registered SqmFunctionTemplate [org.hibernate.dialect.function.InverseDistributionFunction@53df7e67] under mode; prior registration was null
2024-10-22T23:42:53.107+03:00 DEBUG 4560 --- [reelQuill] [    Test worker] o.h.q.sqm.function.SqmFunctionRegistry   : Registered SqmFunctionTemplate [org.hibernate.dialect.function.InverseDistributionFunction@3d4b45b] under percentile_cont; prior registration was null
2024-10-22T23:42:53.107+03:00 DEBUG 4560 --- [reelQuill] [    Test worker] o.h.q.sqm.function.SqmFunctionRegistry   : Registered SqmFunctionTemplate [org.hibernate.dialect.function.InverseDistributionFunction@4d0b276e] under percentile_disc; prior registration was null
2024-10-22T23:42:53.107+03:00 DEBUG 4560 --- [reelQuill] [    Test worker] o.h.q.sqm.function.SqmFunctionRegistry   : Registered SqmFunctionTemplate [org.hibernate.dialect.function.HypotheticalSetFunction@2ba318c2] under rank; prior registration was null
2024-10-22T23:42:53.107+03:00 DEBUG 4560 --- [reelQuill] [    Test worker] o.h.q.sqm.function.SqmFunctionRegistry   : Registered SqmFunctionTemplate [org.hibernate.dialect.function.HypotheticalSetFunction@231d3ce] under dense_rank; prior registration was null
2024-10-22T23:42:53.107+03:00 DEBUG 4560 --- [reelQuill] [    Test worker] o.h.q.sqm.function.SqmFunctionRegistry   : Registered SqmFunctionTemplate [org.hibernate.dialect.function.HypotheticalSetFunction@204c5ddf] under percent_rank; prior registration was null
2024-10-22T23:42:53.107+03:00 DEBUG 4560 --- [reelQuill] [    Test worker] o.h.q.sqm.function.SqmFunctionRegistry   : Registered SqmFunctionTemplate [org.hibernate.dialect.function.HypotheticalSetFunction@240f2efd] under cume_dist; prior registration was null
2024-10-22T23:42:53.107+03:00 DEBUG 4560 --- [reelQuill] [    Test worker] o.h.q.sqm.function.SqmFunctionRegistry   : Registered SqmFunctionTemplate [org.hibernate.dialect.function.PostgreSQLMinMaxFunction@4bfe83d] under min; prior registration was NamedSqmFunctionTemplate(min)
2024-10-22T23:42:53.107+03:00 DEBUG 4560 --- [reelQuill] [    Test worker] o.h.q.sqm.function.SqmFunctionRegistry   : Registered SqmFunctionTemplate [org.hibernate.dialect.function.PostgreSQLMinMaxFunction@5906ebfb] under max; prior registration was NamedSqmFunctionTemplate(max)
2024-10-22T23:42:53.107+03:00 DEBUG 4560 --- [reelQuill] [    Test worker] o.h.q.sqm.function.SqmFunctionRegistry   : Registered SqmFunctionTemplate [org.hibernate.query.sqm.function.PatternBasedSqmFunctionDescriptor@10fc1a22] under bitxor; prior registration was org.hibernate.query.sqm.function.PatternBasedSqmFunctionDescriptor@55b74e6b
2024-10-22T23:42:53.107+03:00 DEBUG 4560 --- [reelQuill] [    Test worker] o.h.q.sqm.function.SqmFunctionRegistry   : Registered SqmFunctionTemplate [org.hibernate.dialect.function.PostgreSQLTruncRoundFunction@7eebb316] under round; prior registration was NamedSqmFunctionTemplate(round)
2024-10-22T23:42:53.107+03:00 DEBUG 4560 --- [reelQuill] [    Test worker] o.h.q.sqm.function.SqmFunctionRegistry   : Registered SqmFunctionTemplate [org.hibernate.dialect.function.PostgreSQLTruncFunction@57167ccb] under trunc; prior registration was null
2024-10-22T23:42:53.107+03:00 DEBUG 4560 --- [reelQuill] [    Test worker] o.h.q.sqm.function.SqmFunctionRegistry   : Registering alternate key : truncate -> trunc
2024-10-22T23:42:53.107+03:00 DEBUG 4560 --- [reelQuill] [    Test worker] o.h.q.sqm.function.SqmFunctionRegistry   : Registered SqmFunctionTemplate [org.hibernate.query.sqm.function.PatternBasedSqmFunctionDescriptor@37753b69] under date_trunc; prior registration was null
2024-10-22T23:42:53.117+03:00 DEBUG 4560 --- [reelQuill] [    Test worker] org.hibernate.HQL_FUNCTIONS              : abs(NUMERIC arg)
2024-10-22T23:42:53.117+03:00 DEBUG 4560 --- [reelQuill] [    Test worker] org.hibernate.HQL_FUNCTIONS              : Double acos(NUMERIC arg)
2024-10-22T23:42:53.117+03:00 DEBUG 4560 --- [reelQuill] [    Test worker] org.hibernate.HQL_FUNCTIONS              : Double acosh(NUMERIC arg)
2024-10-22T23:42:53.117+03:00 DEBUG 4560 --- [reelQuill] [    Test worker] org.hibernate.HQL_FUNCTIONS              : Boolean any(BOOLEAN predicate)
2024-10-22T23:42:53.117+03:00 DEBUG 4560 --- [reelQuill] [    Test worker] org.hibernate.HQL_FUNCTIONS              : array( ... )
2024-10-22T23:42:53.117+03:00 DEBUG 4560 --- [reelQuill] [    Test worker] org.hibernate.HQL_FUNCTIONS              : array_agg(arg)
2024-10-22T23:42:53.117+03:00 DEBUG 4560 --- [reelQuill] [    Test worker] org.hibernate.HQL_FUNCTIONS              : array_append( ... )
2024-10-22T23:42:53.117+03:00 DEBUG 4560 --- [reelQuill] [    Test worker] org.hibernate.HQL_FUNCTIONS              : array_concat( ... )
2024-10-22T23:42:53.117+03:00 DEBUG 4560 --- [reelQuill] [    Test worker] org.hibernate.HQL_FUNCTIONS              : Boolean array_contains(ARRAY haystackArray, OBJECT needleElementOrArray)
2024-10-22T23:42:53.117+03:00 DEBUG 4560 --- [reelQuill] [    Test worker] org.hibernate.HQL_FUNCTIONS              : Boolean array_contains_nullable(ARRAY haystackArray, OBJECT needleElementOrArray)
2024-10-22T23:42:53.117+03:00 DEBUG 4560 --- [reelQuill] [    Test worker] org.hibernate.HQL_FUNCTIONS              : array_fill(OBJECT element, INTEGER elementCount)
2024-10-22T23:42:53.117+03:00 DEBUG 4560 --- [reelQuill] [    Test worker] org.hibernate.HQL_FUNCTIONS              : array_fill_list(OBJECT element, INTEGER elementCount)
2024-10-22T23:42:53.117+03:00 DEBUG 4560 --- [reelQuill] [    Test worker] org.hibernate.HQL_FUNCTIONS              : array_get(ARRAY array, INTEGER index)
2024-10-22T23:42:53.117+03:00 DEBUG 4560 --- [reelQuill] [    Test worker] org.hibernate.HQL_FUNCTIONS              : Integer array_length(ARRAY array)
2024-10-22T23:42:53.117+03:00 DEBUG 4560 --- [reelQuill] [    Test worker] org.hibernate.HQL_FUNCTIONS              : array_list( ... )
2024-10-22T23:42:53.117+03:00 DEBUG 4560 --- [reelQuill] [    Test worker] org.hibernate.HQL_FUNCTIONS              : Boolean array_overlaps(ARRAY array0, OBJECT array1)
2024-10-22T23:42:53.117+03:00 DEBUG 4560 --- [reelQuill] [    Test worker] org.hibernate.HQL_FUNCTIONS              : Boolean array_overlaps_nullable(ARRAY array0, OBJECT array1)
2024-10-22T23:42:53.117+03:00 DEBUG 4560 --- [reelQuill] [    Test worker] org.hibernate.HQL_FUNCTIONS              : Integer array_position(ARRAY array, OBJECT element[, INTEGER startPosition])
2024-10-22T23:42:53.117+03:00 DEBUG 4560 --- [reelQuill] [    Test worker] org.hibernate.HQL_FUNCTIONS              : int[] array_positions(ARRAY array, OBJECT element)
2024-10-22T23:42:53.117+03:00 DEBUG 4560 --- [reelQuill] [    Test worker] org.hibernate.HQL_FUNCTIONS              : List array_positions_list(ARRAY array, OBJECT element)
2024-10-22T23:42:53.117+03:00 DEBUG 4560 --- [reelQuill] [    Test worker] org.hibernate.HQL_FUNCTIONS              : array_prepend( ... )
2024-10-22T23:42:53.117+03:00 DEBUG 4560 --- [reelQuill] [    Test worker] org.hibernate.HQL_FUNCTIONS              : array_remove( ... )
2024-10-22T23:42:53.117+03:00 DEBUG 4560 --- [reelQuill] [    Test worker] org.hibernate.HQL_FUNCTIONS              : array_remove_index( ... )
2024-10-22T23:42:53.117+03:00 DEBUG 4560 --- [reelQuill] [    Test worker] org.hibernate.HQL_FUNCTIONS              : array_replace(ARRAY array, OBJECT old, OBJECT new)
2024-10-22T23:42:53.117+03:00 DEBUG 4560 --- [reelQuill] [    Test worker] org.hibernate.HQL_FUNCTIONS              : array_set( ... )
2024-10-22T23:42:53.117+03:00 DEBUG 4560 --- [reelQuill] [    Test worker] org.hibernate.HQL_FUNCTIONS              : array_slice(ARRAY array, INTEGER start, INTEGER end)
2024-10-22T23:42:53.117+03:00 DEBUG 4560 --- [reelQuill] [    Test worker] org.hibernate.HQL_FUNCTIONS              : String array_to_string( ... )
2024-10-22T23:42:53.117+03:00 DEBUG 4560 --- [reelQuill] [    Test worker] org.hibernate.HQL_FUNCTIONS              : array_trim(ARRAY array, INTEGER elementsToRemove)
2024-10-22T23:42:53.117+03:00 DEBUG 4560 --- [reelQuill] [    Test worker] org.hibernate.HQL_FUNCTIONS              : Integer ascii(STRING arg)
2024-10-22T23:42:53.117+03:00 DEBUG 4560 --- [reelQuill] [    Test worker] org.hibernate.HQL_FUNCTIONS              : Double asin(NUMERIC arg)
2024-10-22T23:42:53.117+03:00 DEBUG 4560 --- [reelQuill] [    Test worker] org.hibernate.HQL_FUNCTIONS              : Double asinh(NUMERIC arg)
2024-10-22T23:42:53.117+03:00 DEBUG 4560 --- [reelQuill] [    Test worker] org.hibernate.HQL_FUNCTIONS              : Double atan(NUMERIC arg)
2024-10-22T23:42:53.117+03:00 DEBUG 4560 --- [reelQuill] [    Test worker] org.hibernate.HQL_FUNCTIONS              : Double atan2(NUMERIC arg0, NUMERIC arg1)
2024-10-22T23:42:53.117+03:00 DEBUG 4560 --- [reelQuill] [    Test worker] org.hibernate.HQL_FUNCTIONS              : Double atanh(NUMERIC arg)
2024-10-22T23:42:53.117+03:00 DEBUG 4560 --- [reelQuill] [    Test worker] org.hibernate.HQL_FUNCTIONS              : avg(arg)
2024-10-22T23:42:53.117+03:00 DEBUG 4560 --- [reelQuill] [    Test worker] org.hibernate.HQL_FUNCTIONS              : bit_and(arg)
2024-10-22T23:42:53.117+03:00 DEBUG 4560 --- [reelQuill] [    Test worker] org.hibernate.HQL_FUNCTIONS              : Integer bit_length(STRING_OR_CLOB arg)
2024-10-22T23:42:53.117+03:00 DEBUG 4560 --- [reelQuill] [    Test worker] org.hibernate.HQL_FUNCTIONS              : bit_or(arg)
2024-10-22T23:42:53.117+03:00 DEBUG 4560 --- [reelQuill] [    Test worker] org.hibernate.HQL_FUNCTIONS              : bitand(arg0, arg1)
2024-10-22T23:42:53.117+03:00 DEBUG 4560 --- [reelQuill] [    Test worker] org.hibernate.HQL_FUNCTIONS              : bitnot(arg)
2024-10-22T23:42:53.117+03:00 DEBUG 4560 --- [reelQuill] [    Test worker] org.hibernate.HQL_FUNCTIONS              : bitor(arg0, arg1)
2024-10-22T23:42:53.117+03:00 DEBUG 4560 --- [reelQuill] [    Test worker] org.hibernate.HQL_FUNCTIONS              : bitxor(arg0, arg1)
2024-10-22T23:42:53.117+03:00 DEBUG 4560 --- [reelQuill] [    Test worker] org.hibernate.HQL_FUNCTIONS              : Boolean bool_and(BOOLEAN predicate)
2024-10-22T23:42:53.117+03:00 DEBUG 4560 --- [reelQuill] [    Test worker] org.hibernate.HQL_FUNCTIONS              : Boolean bool_or(BOOLEAN predicate)
2024-10-22T23:42:53.117+03:00 DEBUG 4560 --- [reelQuill] [    Test worker] org.hibernate.HQL_FUNCTIONS              : cast(arg as Type)
2024-10-22T23:42:53.117+03:00 DEBUG 4560 --- [reelQuill] [    Test worker] org.hibernate.HQL_FUNCTIONS              : Double cbrt(NUMERIC arg)
2024-10-22T23:42:53.117+03:00 DEBUG 4560 --- [reelQuill] [    Test worker] org.hibernate.HQL_FUNCTIONS              : ceiling(NUMERIC arg)
2024-10-22T23:42:53.117+03:00 DEBUG 4560 --- [reelQuill] [    Test worker] org.hibernate.HQL_FUNCTIONS              : Character char(INTEGER arg)
2024-10-22T23:42:53.117+03:00 DEBUG 4560 --- [reelQuill] [    Test worker] org.hibernate.HQL_FUNCTIONS              : Integer character_length(STRING_OR_CLOB arg)
2024-10-22T23:42:53.117+03:00 DEBUG 4560 --- [reelQuill] [    Test worker] org.hibernate.HQL_FUNCTIONS              : Character chr(INTEGER arg)
2024-10-22T23:42:53.117+03:00 DEBUG 4560 --- [reelQuill] [    Test worker] org.hibernate.HQL_FUNCTIONS              : coalesce(arg0[, arg1[, ...]])
2024-10-22T23:42:53.117+03:00 DEBUG 4560 --- [reelQuill] [    Test worker] org.hibernate.HQL_FUNCTIONS              : String collate(STRING string as COLLATION collation)
2024-10-22T23:42:53.117+03:00 DEBUG 4560 --- [reelQuill] [    Test worker] org.hibernate.HQL_FUNCTIONS              : (STRING string0[, STRING string1[, ...]])
2024-10-22T23:42:53.117+03:00 DEBUG 4560 --- [reelQuill] [    Test worker] org.hibernate.HQL_FUNCTIONS              : Double corr(NUMERIC arg0, NUMERIC arg1)
2024-10-22T23:42:53.117+03:00 DEBUG 4560 --- [reelQuill] [    Test worker] org.hibernate.HQL_FUNCTIONS              : Double cos(NUMERIC arg)
2024-10-22T23:42:53.117+03:00 DEBUG 4560 --- [reelQuill] [    Test worker] org.hibernate.HQL_FUNCTIONS              : Double cosh(NUMERIC arg)
2024-10-22T23:42:53.117+03:00 DEBUG 4560 --- [reelQuill] [    Test worker] org.hibernate.HQL_FUNCTIONS              : Double cot(NUMERIC arg)
2024-10-22T23:42:53.117+03:00 DEBUG 4560 --- [reelQuill] [    Test worker] org.hibernate.HQL_FUNCTIONS              : Long count([distinct ]{arg|*})
2024-10-22T23:42:53.117+03:00 DEBUG 4560 --- [reelQuill] [    Test worker] org.hibernate.HQL_FUNCTIONS              : Double covar_pop(NUMERIC arg0, NUMERIC arg1)
2024-10-22T23:42:53.117+03:00 DEBUG 4560 --- [reelQuill] [    Test worker] org.hibernate.HQL_FUNCTIONS              : Double covar_samp(NUMERIC arg0, NUMERIC arg1)
2024-10-22T23:42:53.117+03:00 DEBUG 4560 --- [reelQuill] [    Test worker] org.hibernate.HQL_FUNCTIONS              : Double cume_dist([arg0[, ...]])
2024-10-22T23:42:53.117+03:00 DEBUG 4560 --- [reelQuill] [    Test worker] org.hibernate.HQL_FUNCTIONS              : Date current date
2024-10-22T23:42:53.117+03:00 DEBUG 4560 --- [reelQuill] [    Test worker] org.hibernate.HQL_FUNCTIONS              : Time current time
2024-10-22T23:42:53.117+03:00 DEBUG 4560 --- [reelQuill] [    Test worker] org.hibernate.HQL_FUNCTIONS              : Timestamp current timestamp
2024-10-22T23:42:53.117+03:00 DEBUG 4560 --- [reelQuill] [    Test worker] org.hibernate.HQL_FUNCTIONS              : Date current_date
2024-10-22T23:42:53.117+03:00 DEBUG 4560 --- [reelQuill] [    Test worker] org.hibernate.HQL_FUNCTIONS              : Instant current_instant
2024-10-22T23:42:53.117+03:00 DEBUG 4560 --- [reelQuill] [    Test worker] org.hibernate.HQL_FUNCTIONS              : Time current_time
2024-10-22T23:42:53.117+03:00 DEBUG 4560 --- [reelQuill] [    Test worker] org.hibernate.HQL_FUNCTIONS              : Timestamp current_timestamp
2024-10-22T23:42:53.117+03:00 DEBUG 4560 --- [reelQuill] [    Test worker] org.hibernate.HQL_FUNCTIONS              : date_trunc(STRING field, TEMPORAL datetime)
2024-10-22T23:42:53.117+03:00 DEBUG 4560 --- [reelQuill] [    Test worker] org.hibernate.HQL_FUNCTIONS              : dateadd(TEMPORAL_UNIT field, INTEGER magnitude, TEMPORAL datetime)
2024-10-22T23:42:53.117+03:00 DEBUG 4560 --- [reelQuill] [    Test worker] org.hibernate.HQL_FUNCTIONS              : Long|Double datediff(TEMPORAL_UNIT field, TEMPORAL start, TEMPORAL end)
2024-10-22T23:42:53.117+03:00 DEBUG 4560 --- [reelQuill] [    Test worker] org.hibernate.HQL_FUNCTIONS              : Double degrees(NUMERIC arg)
2024-10-22T23:42:53.117+03:00 DEBUG 4560 --- [reelQuill] [    Test worker] org.hibernate.HQL_FUNCTIONS              : Long dense_rank([arg0[, ...]])
2024-10-22T23:42:53.117+03:00 DEBUG 4560 --- [reelQuill] [    Test worker] org.hibernate.HQL_FUNCTIONS              : Boolean every(BOOLEAN predicate)
2024-10-22T23:42:53.117+03:00 DEBUG 4560 --- [reelQuill] [    Test worker] org.hibernate.HQL_FUNCTIONS              : Double exp(NUMERIC arg)
2024-10-22T23:42:53.117+03:00 DEBUG 4560 --- [reelQuill] [    Test worker] org.hibernate.HQL_FUNCTIONS              : extract(TEMPORAL_UNIT field from TEMPORAL arg)
2024-10-22T23:42:53.117+03:00 DEBUG 4560 --- [reelQuill] [    Test worker] org.hibernate.HQL_FUNCTIONS              : first_valueANY value
2024-10-22T23:42:53.117+03:00 DEBUG 4560 --- [reelQuill] [    Test worker] org.hibernate.HQL_FUNCTIONS              : floor(NUMERIC arg)
2024-10-22T23:42:53.117+03:00 DEBUG 4560 --- [reelQuill] [    Test worker] org.hibernate.HQL_FUNCTIONS              : String format(TEMPORAL datetime as STRING pattern)
2024-10-22T23:42:53.117+03:00 DEBUG 4560 --- [reelQuill] [    Test worker] org.hibernate.HQL_FUNCTIONS              : greatest(COMPARABLE arg0, COMPARABLE arg1[, arg2[, ...]])
2024-10-22T23:42:53.117+03:00 DEBUG 4560 --- [reelQuill] [    Test worker] org.hibernate.HQL_FUNCTIONS              : ifnull(arg0, arg1)
2024-10-22T23:42:53.117+03:00 DEBUG 4560 --- [reelQuill] [    Test worker] org.hibernate.HQL_FUNCTIONS              : String initcap(arg)
2024-10-22T23:42:53.117+03:00 DEBUG 4560 --- [reelQuill] [    Test worker] org.hibernate.HQL_FUNCTIONS              : String insert(STRING string, INTEGER start, INTEGER length, STRING replacement)
2024-10-22T23:42:53.117+03:00 DEBUG 4560 --- [reelQuill] [    Test worker] org.hibernate.HQL_FUNCTIONS              : Instant instant
2024-10-22T23:42:53.117+03:00 DEBUG 4560 --- [reelQuill] [    Test worker] org.hibernate.HQL_FUNCTIONS              : lagANY value[, INTEGER offset[, ANY default]]
2024-10-22T23:42:53.117+03:00 DEBUG 4560 --- [reelQuill] [    Test worker] org.hibernate.HQL_FUNCTIONS              : last_valueANY value
2024-10-22T23:42:53.117+03:00 DEBUG 4560 --- [reelQuill] [    Test worker] org.hibernate.HQL_FUNCTIONS              : leadANY value[, INTEGER offset[, ANY default]]
2024-10-22T23:42:53.117+03:00 DEBUG 4560 --- [reelQuill] [    Test worker] org.hibernate.HQL_FUNCTIONS              : least(COMPARABLE arg0, COMPARABLE arg1[, arg2[, ...]])
2024-10-22T23:42:53.117+03:00 DEBUG 4560 --- [reelQuill] [    Test worker] org.hibernate.HQL_FUNCTIONS              : String left(STRING string, INTEGER length)
2024-10-22T23:42:53.117+03:00 DEBUG 4560 --- [reelQuill] [    Test worker] org.hibernate.HQL_FUNCTIONS              : Integer length(STRING_OR_CLOB arg)
2024-10-22T23:42:53.117+03:00 DEBUG 4560 --- [reelQuill] [    Test worker] org.hibernate.HQL_FUNCTIONS              : String listagg(STRING arg0, STRING arg1)
2024-10-22T23:42:53.117+03:00 DEBUG 4560 --- [reelQuill] [    Test worker] org.hibernate.HQL_FUNCTIONS              : Double ln(NUMERIC arg)
2024-10-22T23:42:53.117+03:00 DEBUG 4560 --- [reelQuill] [    Test worker] org.hibernate.HQL_FUNCTIONS              : LocalDate local date
2024-10-22T23:42:53.117+03:00 DEBUG 4560 --- [reelQuill] [    Test worker] org.hibernate.HQL_FUNCTIONS              : LocalDateTime local datetime
2024-10-22T23:42:53.117+03:00 DEBUG 4560 --- [reelQuill] [    Test worker] org.hibernate.HQL_FUNCTIONS              : LocalTime local time
2024-10-22T23:42:53.117+03:00 DEBUG 4560 --- [reelQuill] [    Test worker] org.hibernate.HQL_FUNCTIONS              : LocalDate local_date
2024-10-22T23:42:53.117+03:00 DEBUG 4560 --- [reelQuill] [    Test worker] org.hibernate.HQL_FUNCTIONS              : LocalDateTime local_datetime
2024-10-22T23:42:53.117+03:00 DEBUG 4560 --- [reelQuill] [    Test worker] org.hibernate.HQL_FUNCTIONS              : LocalTime local_time
2024-10-22T23:42:53.117+03:00 DEBUG 4560 --- [reelQuill] [    Test worker] org.hibernate.HQL_FUNCTIONS              : Time localtime
2024-10-22T23:42:53.117+03:00 DEBUG 4560 --- [reelQuill] [    Test worker] org.hibernate.HQL_FUNCTIONS              : Timestamp localtimestamp
2024-10-22T23:42:53.117+03:00 DEBUG 4560 --- [reelQuill] [    Test worker] org.hibernate.HQL_FUNCTIONS              : Integer locate(STRING pattern, STRING string[, INTEGER start])
2024-10-22T23:42:53.117+03:00 DEBUG 4560 --- [reelQuill] [    Test worker] org.hibernate.HQL_FUNCTIONS              : Double log(NUMERIC arg0[, NUMERIC arg1])
2024-10-22T23:42:53.117+03:00 DEBUG 4560 --- [reelQuill] [    Test worker] org.hibernate.HQL_FUNCTIONS              : Double log10(NUMERIC arg)
2024-10-22T23:42:53.117+03:00 DEBUG 4560 --- [reelQuill] [    Test worker] org.hibernate.HQL_FUNCTIONS              : String lower(STRING string)
2024-10-22T23:42:53.117+03:00 DEBUG 4560 --- [reelQuill] [    Test worker] org.hibernate.HQL_FUNCTIONS              : String lpad(STRING string, INTEGER length[, STRING padding])
2024-10-22T23:42:53.117+03:00 DEBUG 4560 --- [reelQuill] [    Test worker] org.hibernate.HQL_FUNCTIONS              : String ltrim(STRING string[, STRING characters])
2024-10-22T23:42:53.117+03:00 DEBUG 4560 --- [reelQuill] [    Test worker] org.hibernate.HQL_FUNCTIONS              : Date make_date(INTEGER arg0, INTEGER arg1, INTEGER arg2)
2024-10-22T23:42:53.117+03:00 DEBUG 4560 --- [reelQuill] [    Test worker] org.hibernate.HQL_FUNCTIONS              : Time make_time(INTEGER arg0, INTEGER arg1, INTEGER arg2)
2024-10-22T23:42:53.117+03:00 DEBUG 4560 --- [reelQuill] [    Test worker] org.hibernate.HQL_FUNCTIONS              : Timestamp make_timestamp(INTEGER arg0, INTEGER arg1, INTEGER arg2, INTEGER arg3, INTEGER arg4, INTEGER arg5)
2024-10-22T23:42:53.117+03:00 DEBUG 4560 --- [reelQuill] [    Test worker] org.hibernate.HQL_FUNCTIONS              : Timestamp make_timestamptz(INTEGER arg0, INTEGER arg1, INTEGER arg2, INTEGER arg3, INTEGER arg4, INTEGER arg5[, INTEGER arg6])
2024-10-22T23:42:53.117+03:00 DEBUG 4560 --- [reelQuill] [    Test worker] org.hibernate.HQL_FUNCTIONS              : max(COMPARABLE arg)
2024-10-22T23:42:53.117+03:00 DEBUG 4560 --- [reelQuill] [    Test worker] org.hibernate.HQL_FUNCTIONS              : String md5(arg)
2024-10-22T23:42:53.117+03:00 DEBUG 4560 --- [reelQuill] [    Test worker] org.hibernate.HQL_FUNCTIONS              : Double median(NUMERIC arg)
2024-10-22T23:42:53.117+03:00 DEBUG 4560 --- [reelQuill] [    Test worker] org.hibernate.HQL_FUNCTIONS              : min(COMPARABLE arg)
2024-10-22T23:42:53.117+03:00 DEBUG 4560 --- [reelQuill] [    Test worker] org.hibernate.HQL_FUNCTIONS              : Integer mod(INTEGER arg0, INTEGER arg1)
2024-10-22T23:42:53.117+03:00 DEBUG 4560 --- [reelQuill] [    Test worker] org.hibernate.HQL_FUNCTIONS              : mode()
2024-10-22T23:42:53.117+03:00 DEBUG 4560 --- [reelQuill] [    Test worker] org.hibernate.HQL_FUNCTIONS              : nth_valueANY value, INTEGER nth
2024-10-22T23:42:53.117+03:00 DEBUG 4560 --- [reelQuill] [    Test worker] org.hibernate.HQL_FUNCTIONS              : nullif(arg0, arg1)
2024-10-22T23:42:53.117+03:00 DEBUG 4560 --- [reelQuill] [    Test worker] org.hibernate.HQL_FUNCTIONS              : Integer octet_length(STRING_OR_CLOB arg)
2024-10-22T23:42:53.117+03:00 DEBUG 4560 --- [reelQuill] [    Test worker] org.hibernate.HQL_FUNCTIONS              : OffsetDateTime offset datetime
2024-10-22T23:42:53.117+03:00 DEBUG 4560 --- [reelQuill] [    Test worker] org.hibernate.HQL_FUNCTIONS              : OffsetDateTime offset_datetime
2024-10-22T23:42:53.117+03:00 DEBUG 4560 --- [reelQuill] [    Test worker] org.hibernate.HQL_FUNCTIONS              : String overlay(string placing replacement from start[ for length])
2024-10-22T23:42:53.117+03:00 DEBUG 4560 --- [reelQuill] [    Test worker] org.hibernate.HQL_FUNCTIONS              : String pad(STRING string with INTEGER length {leading|trailing}[ STRING character])
2024-10-22T23:42:53.117+03:00 DEBUG 4560 --- [reelQuill] [    Test worker] org.hibernate.HQL_FUNCTIONS              : Double percent_rank([arg0[, ...]])
2024-10-22T23:42:53.117+03:00 DEBUG 4560 --- [reelQuill] [    Test worker] org.hibernate.HQL_FUNCTIONS              : percentile_cont(NUMERIC arg)
2024-10-22T23:42:53.117+03:00 DEBUG 4560 --- [reelQuill] [    Test worker] org.hibernate.HQL_FUNCTIONS              : percentile_disc(NUMERIC arg)
2024-10-22T23:42:53.117+03:00 DEBUG 4560 --- [reelQuill] [    Test worker] org.hibernate.HQL_FUNCTIONS              : Double pi
2024-10-22T23:42:53.117+03:00 DEBUG 4560 --- [reelQuill] [    Test worker] org.hibernate.HQL_FUNCTIONS              : Integer position(STRING pattern in STRING string)
2024-10-22T23:42:53.117+03:00 DEBUG 4560 --- [reelQuill] [    Test worker] org.hibernate.HQL_FUNCTIONS              : Double power(NUMERIC arg0, NUMERIC arg1)
2024-10-22T23:42:53.117+03:00 DEBUG 4560 --- [reelQuill] [    Test worker] org.hibernate.HQL_FUNCTIONS              : Double radians(NUMERIC arg)
2024-10-22T23:42:53.117+03:00 DEBUG 4560 --- [reelQuill] [    Test worker] org.hibernate.HQL_FUNCTIONS              : Long rank([arg0[, ...]])
2024-10-22T23:42:53.117+03:00 DEBUG 4560 --- [reelQuill] [    Test worker] org.hibernate.HQL_FUNCTIONS              : Double regr_avgx(NUMERIC arg0, NUMERIC arg1)
2024-10-22T23:42:53.117+03:00 DEBUG 4560 --- [reelQuill] [    Test worker] org.hibernate.HQL_FUNCTIONS              : Double regr_avgy(NUMERIC arg0, NUMERIC arg1)
2024-10-22T23:42:53.117+03:00 DEBUG 4560 --- [reelQuill] [    Test worker] org.hibernate.HQL_FUNCTIONS              : Double regr_count(NUMERIC arg0, NUMERIC arg1)
2024-10-22T23:42:53.117+03:00 DEBUG 4560 --- [reelQuill] [    Test worker] org.hibernate.HQL_FUNCTIONS              : Double regr_intercept(NUMERIC arg0, NUMERIC arg1)
2024-10-22T23:42:53.117+03:00 DEBUG 4560 --- [reelQuill] [    Test worker] org.hibernate.HQL_FUNCTIONS              : Double regr_r2(NUMERIC arg0, NUMERIC arg1)
2024-10-22T23:42:53.117+03:00 DEBUG 4560 --- [reelQuill] [    Test worker] org.hibernate.HQL_FUNCTIONS              : Double regr_slope(NUMERIC arg0, NUMERIC arg1)
2024-10-22T23:42:53.117+03:00 DEBUG 4560 --- [reelQuill] [    Test worker] org.hibernate.HQL_FUNCTIONS              : Double regr_sxx(NUMERIC arg0, NUMERIC arg1)
2024-10-22T23:42:53.117+03:00 DEBUG 4560 --- [reelQuill] [    Test worker] org.hibernate.HQL_FUNCTIONS              : Double regr_sxy(NUMERIC arg0, NUMERIC arg1)
2024-10-22T23:42:53.117+03:00 DEBUG 4560 --- [reelQuill] [    Test worker] org.hibernate.HQL_FUNCTIONS              : Double regr_syy(NUMERIC arg0, NUMERIC arg1)
2024-10-22T23:42:53.117+03:00 DEBUG 4560 --- [reelQuill] [    Test worker] org.hibernate.HQL_FUNCTIONS              : String repeat(STRING string, INTEGER times)
2024-10-22T23:42:53.117+03:00 DEBUG 4560 --- [reelQuill] [    Test worker] org.hibernate.HQL_FUNCTIONS              : String replace(STRING string, STRING pattern, STRING replacement)
2024-10-22T23:42:53.117+03:00 DEBUG 4560 --- [reelQuill] [    Test worker] org.hibernate.HQL_FUNCTIONS              : String right(STRING string, INTEGER length)
2024-10-22T23:42:53.117+03:00 DEBUG 4560 --- [reelQuill] [    Test worker] org.hibernate.HQL_FUNCTIONS              : round(NUMERIC number[, INTEGER places])
2024-10-22T23:42:53.117+03:00 DEBUG 4560 --- [reelQuill] [    Test worker] org.hibernate.HQL_FUNCTIONS              : Long row_number()
2024-10-22T23:42:53.117+03:00 DEBUG 4560 --- [reelQuill] [    Test worker] org.hibernate.HQL_FUNCTIONS              : String rpad(STRING string, INTEGER length[, STRING padding])
2024-10-22T23:42:53.117+03:00 DEBUG 4560 --- [reelQuill] [    Test worker] org.hibernate.HQL_FUNCTIONS              : String rtrim(STRING string[, STRING characters])
2024-10-22T23:42:53.117+03:00 DEBUG 4560 --- [reelQuill] [    Test worker] org.hibernate.HQL_FUNCTIONS              : Integer sign(NUMERIC arg)
2024-10-22T23:42:53.117+03:00 DEBUG 4560 --- [reelQuill] [    Test worker] org.hibernate.HQL_FUNCTIONS              : Double sin(NUMERIC arg)
2024-10-22T23:42:53.117+03:00 DEBUG 4560 --- [reelQuill] [    Test worker] org.hibernate.HQL_FUNCTIONS              : Double sinh(NUMERIC arg)
2024-10-22T23:42:53.117+03:00 DEBUG 4560 --- [reelQuill] [    Test worker] org.hibernate.HQL_FUNCTIONS              : String soundex(arg)
2024-10-22T23:42:53.117+03:00 DEBUG 4560 --- [reelQuill] [    Test worker] org.hibernate.HQL_FUNCTIONS              : Object sql
2024-10-22T23:42:53.117+03:00 DEBUG 4560 --- [reelQuill] [    Test worker] org.hibernate.HQL_FUNCTIONS              : Double sqrt(NUMERIC arg)
2024-10-22T23:42:53.117+03:00 DEBUG 4560 --- [reelQuill] [    Test worker] org.hibernate.HQL_FUNCTIONS              : Double stddev(NUMERIC arg)
2024-10-22T23:42:53.117+03:00 DEBUG 4560 --- [reelQuill] [    Test worker] org.hibernate.HQL_FUNCTIONS              : Double stddev_pop(NUMERIC arg)
2024-10-22T23:42:53.117+03:00 DEBUG 4560 --- [reelQuill] [    Test worker] org.hibernate.HQL_FUNCTIONS              : Double stddev_samp(NUMERIC arg)
2024-10-22T23:42:53.117+03:00 DEBUG 4560 --- [reelQuill] [    Test worker] org.hibernate.HQL_FUNCTIONS              : String str(arg)
2024-10-22T23:42:53.117+03:00 DEBUG 4560 --- [reelQuill] [    Test worker] org.hibernate.HQL_FUNCTIONS              : String substr(STRING string, INTEGER start[, INTEGER length])
2024-10-22T23:42:53.117+03:00 DEBUG 4560 --- [reelQuill] [    Test worker] org.hibernate.HQL_FUNCTIONS              : String substring(STRING string{ from|,} INTEGER start[{ for|,} INTEGER length])
2024-10-22T23:42:53.117+03:00 DEBUG 4560 --- [reelQuill] [    Test worker] org.hibernate.HQL_FUNCTIONS              : sum(arg)
2024-10-22T23:42:53.117+03:00 DEBUG 4560 --- [reelQuill] [    Test worker] org.hibernate.HQL_FUNCTIONS              : Double tan(NUMERIC arg)
2024-10-22T23:42:53.117+03:00 DEBUG 4560 --- [reelQuill] [    Test worker] org.hibernate.HQL_FUNCTIONS              : Double tanh(NUMERIC arg)
2024-10-22T23:42:53.117+03:00 DEBUG 4560 --- [reelQuill] [    Test worker] org.hibernate.HQL_FUNCTIONS              : timestampadd(TEMPORAL_UNIT field, INTEGER magnitude, TEMPORAL datetime)
2024-10-22T23:42:53.117+03:00 DEBUG 4560 --- [reelQuill] [    Test worker] org.hibernate.HQL_FUNCTIONS              : Long|Double timestampdiff(TEMPORAL_UNIT field, TEMPORAL start, TEMPORAL end)
2024-10-22T23:42:53.117+03:00 DEBUG 4560 --- [reelQuill] [    Test worker] org.hibernate.HQL_FUNCTIONS              : String to_char(ANY arg0[, STRING arg1, STRING arg2])
2024-10-22T23:42:53.117+03:00 DEBUG 4560 --- [reelQuill] [    Test worker] org.hibernate.HQL_FUNCTIONS              : Date to_date(STRING arg0[, STRING arg1, STRING arg2])
2024-10-22T23:42:53.117+03:00 DEBUG 4560 --- [reelQuill] [    Test worker] org.hibernate.HQL_FUNCTIONS              : Double to_number(STRING arg0[, STRING arg1, STRING arg2])
2024-10-22T23:42:53.117+03:00 DEBUG 4560 --- [reelQuill] [    Test worker] org.hibernate.HQL_FUNCTIONS              : Timestamp to_timestamp(STRING arg0[, STRING arg1, STRING arg2])
2024-10-22T23:42:53.117+03:00 DEBUG 4560 --- [reelQuill] [    Test worker] org.hibernate.HQL_FUNCTIONS              : String translate(STRING arg0, STRING arg1, STRING arg2)
2024-10-22T23:42:53.117+03:00 DEBUG 4560 --- [reelQuill] [    Test worker] org.hibernate.HQL_FUNCTIONS              : String trim([[{leading|trailing|both} ][STRING arg0 ]from] STRING arg1)
2024-10-22T23:42:53.117+03:00 DEBUG 4560 --- [reelQuill] [    Test worker] org.hibernate.HQL_FUNCTIONS              : trunc( ... )
2024-10-22T23:42:53.117+03:00 DEBUG 4560 --- [reelQuill] [    Test worker] org.hibernate.HQL_FUNCTIONS              : truncate( ... )
2024-10-22T23:42:53.117+03:00 DEBUG 4560 --- [reelQuill] [    Test worker] org.hibernate.HQL_FUNCTIONS              : String upper(STRING string)
2024-10-22T23:42:53.117+03:00 DEBUG 4560 --- [reelQuill] [    Test worker] org.hibernate.HQL_FUNCTIONS              : Double var_pop(NUMERIC arg)
2024-10-22T23:42:53.117+03:00 DEBUG 4560 --- [reelQuill] [    Test worker] org.hibernate.HQL_FUNCTIONS              : Double var_samp(NUMERIC arg)
2024-10-22T23:42:53.117+03:00 DEBUG 4560 --- [reelQuill] [    Test worker] org.hibernate.HQL_FUNCTIONS              : Double variance(NUMERIC arg)
2024-10-22T23:42:53.117+03:00 DEBUG 4560 --- [reelQuill] [    Test worker] org.hibernate.orm.query.plan.cache       : Starting QueryInterpretationCache(2048)
2024-10-22T23:42:53.130+03:00 DEBUG 4560 --- [reelQuill] [onnection adder] com.zaxxer.hikari.pool.HikariPool        : HikariPool-1 - After adding stats (total=6, active=0, idle=6, waiting=0)
2024-10-22T23:42:53.130+03:00 DEBUG 4560 --- [reelQuill] [onnection adder] org.postgresql.Driver                    : Connecting with URL: jdbc:postgresql://localhost:5432/ReelQuill
2024-10-22T23:42:53.130+03:00 DEBUG 4560 --- [reelQuill] [onnection adder] org.postgresql.jdbc.PgConnection         : PostgreSQL JDBC Driver 42.7.4
2024-10-22T23:42:53.130+03:00 DEBUG 4560 --- [reelQuill] [onnection adder] org.postgresql.jdbc.PgConnection         :   setDefaultFetchSize = 0
2024-10-22T23:42:53.130+03:00 DEBUG 4560 --- [reelQuill] [onnection adder] org.postgresql.jdbc.PgConnection         :   setPrepareThreshold = 5
2024-10-22T23:42:53.130+03:00 DEBUG 4560 --- [reelQuill] [onnection adder] o.p.core.v3.ConnectionFactoryImpl        : Trying to establish a protocol version 3 connection to localhost:5432
2024-10-22T23:42:53.130+03:00 DEBUG 4560 --- [reelQuill] [onnection adder] o.p.core.v3.ConnectionFactoryImpl        : Receive Buffer Size is 65.536
2024-10-22T23:42:53.130+03:00 DEBUG 4560 --- [reelQuill] [onnection adder] o.p.core.v3.ConnectionFactoryImpl        : Send Buffer Size is 65.536
2024-10-22T23:42:53.157+03:00 DEBUG 4560 --- [reelQuill] [onnection adder] com.zaxxer.hikari.pool.HikariPool        : HikariPool-1 - Added connection org.postgresql.jdbc.PgConnection@789c5054
2024-10-22T23:42:53.168+03:00 DEBUG 4560 --- [reelQuill] [    Test worker] .h.s.i.SessionFactoryServiceRegistryImpl : EventListenerRegistry access via ServiceRegistry is deprecated.  Use `sessionFactory.getEventEngine().getListenerRegistry()` instead
2024-10-22T23:42:53.168+03:00 DEBUG 4560 --- [reelQuill] [    Test worker] h.e.i.EntityCopyObserverFactoryInitiator : Configured EntityCopyObserver strategy: disallow
2024-10-22T23:42:53.194+03:00 DEBUG 4560 --- [reelQuill] [onnection adder] com.zaxxer.hikari.pool.HikariPool        : HikariPool-1 - After adding stats (total=7, active=0, idle=7, waiting=0)
2024-10-22T23:42:53.194+03:00 DEBUG 4560 --- [reelQuill] [onnection adder] org.postgresql.Driver                    : Connecting with URL: jdbc:postgresql://localhost:5432/ReelQuill
2024-10-22T23:42:53.194+03:00 DEBUG 4560 --- [reelQuill] [onnection adder] org.postgresql.jdbc.PgConnection         : PostgreSQL JDBC Driver 42.7.4
2024-10-22T23:42:53.194+03:00 DEBUG 4560 --- [reelQuill] [onnection adder] org.postgresql.jdbc.PgConnection         :   setDefaultFetchSize = 0
2024-10-22T23:42:53.194+03:00 DEBUG 4560 --- [reelQuill] [onnection adder] org.postgresql.jdbc.PgConnection         :   setPrepareThreshold = 5
2024-10-22T23:42:53.194+03:00 DEBUG 4560 --- [reelQuill] [onnection adder] o.p.core.v3.ConnectionFactoryImpl        : Trying to establish a protocol version 3 connection to localhost:5432
2024-10-22T23:42:53.194+03:00 DEBUG 4560 --- [reelQuill] [onnection adder] o.p.core.v3.ConnectionFactoryImpl        : Receive Buffer Size is 65.536
2024-10-22T23:42:53.194+03:00 DEBUG 4560 --- [reelQuill] [onnection adder] o.p.core.v3.ConnectionFactoryImpl        : Send Buffer Size is 65.536
2024-10-22T23:42:53.217+03:00 DEBUG 4560 --- [reelQuill] [    Test worker] o.h.boot.internal.ClassLoaderAccessImpl  : Not known whether passed class name [com.example.reelquill.model.Friend] is safe
2024-10-22T23:42:53.217+03:00 DEBUG 4560 --- [reelQuill] [    Test worker] o.h.boot.internal.ClassLoaderAccessImpl  : No temp ClassLoader provided; using live ClassLoader for loading potentially unsafe class : com.example.reelquill.model.Friend
2024-10-22T23:42:53.228+03:00 DEBUG 4560 --- [reelQuill] [onnection adder] com.zaxxer.hikari.pool.HikariPool        : HikariPool-1 - Added connection org.postgresql.jdbc.PgConnection@85ce72d
2024-10-22T23:42:53.273+03:00 DEBUG 4560 --- [reelQuill] [onnection adder] com.zaxxer.hikari.pool.HikariPool        : HikariPool-1 - After adding stats (total=8, active=0, idle=8, waiting=0)
2024-10-22T23:42:53.273+03:00 DEBUG 4560 --- [reelQuill] [onnection adder] org.postgresql.Driver                    : Connecting with URL: jdbc:postgresql://localhost:5432/ReelQuill
2024-10-22T23:42:53.273+03:00 DEBUG 4560 --- [reelQuill] [onnection adder] org.postgresql.jdbc.PgConnection         : PostgreSQL JDBC Driver 42.7.4
2024-10-22T23:42:53.273+03:00 DEBUG 4560 --- [reelQuill] [onnection adder] org.postgresql.jdbc.PgConnection         :   setDefaultFetchSize = 0
2024-10-22T23:42:53.273+03:00 DEBUG 4560 --- [reelQuill] [onnection adder] org.postgresql.jdbc.PgConnection         :   setPrepareThreshold = 5
2024-10-22T23:42:53.273+03:00 DEBUG 4560 --- [reelQuill] [onnection adder] o.p.core.v3.ConnectionFactoryImpl        : Trying to establish a protocol version 3 connection to localhost:5432
2024-10-22T23:42:53.273+03:00 DEBUG 4560 --- [reelQuill] [onnection adder] o.p.core.v3.ConnectionFactoryImpl        : Receive Buffer Size is 65.536
2024-10-22T23:42:53.273+03:00 DEBUG 4560 --- [reelQuill] [onnection adder] o.p.core.v3.ConnectionFactoryImpl        : Send Buffer Size is 65.536
2024-10-22T23:42:53.297+03:00 DEBUG 4560 --- [reelQuill] [onnection adder] com.zaxxer.hikari.pool.HikariPool        : HikariPool-1 - Added connection org.postgresql.jdbc.PgConnection@2fbb24b8
2024-10-22T23:42:53.337+03:00 DEBUG 4560 --- [reelQuill] [onnection adder] com.zaxxer.hikari.pool.HikariPool        : HikariPool-1 - After adding stats (total=9, active=0, idle=9, waiting=0)
2024-10-22T23:42:53.337+03:00 DEBUG 4560 --- [reelQuill] [onnection adder] org.postgresql.Driver                    : Connecting with URL: jdbc:postgresql://localhost:5432/ReelQuill
2024-10-22T23:42:53.337+03:00 DEBUG 4560 --- [reelQuill] [onnection adder] org.postgresql.jdbc.PgConnection         : PostgreSQL JDBC Driver 42.7.4
2024-10-22T23:42:53.337+03:00 DEBUG 4560 --- [reelQuill] [onnection adder] org.postgresql.jdbc.PgConnection         :   setDefaultFetchSize = 0
2024-10-22T23:42:53.337+03:00 DEBUG 4560 --- [reelQuill] [onnection adder] org.postgresql.jdbc.PgConnection         :   setPrepareThreshold = 5
2024-10-22T23:42:53.337+03:00 DEBUG 4560 --- [reelQuill] [onnection adder] o.p.core.v3.ConnectionFactoryImpl        : Trying to establish a protocol version 3 connection to localhost:5432
2024-10-22T23:42:53.337+03:00 DEBUG 4560 --- [reelQuill] [onnection adder] o.p.core.v3.ConnectionFactoryImpl        : Receive Buffer Size is 65.536
2024-10-22T23:42:53.337+03:00 DEBUG 4560 --- [reelQuill] [onnection adder] o.p.core.v3.ConnectionFactoryImpl        : Send Buffer Size is 65.536
2024-10-22T23:42:53.337+03:00 DEBUG 4560 --- [reelQuill] [    Test worker] o.h.b.i.bytebuddy.BytecodeProviderImpl   : HHH000513: Unable to create the ReflectionOptimizer for [com.example.reelquill.model.Friend]: private accessor [friendId]
2024-10-22T23:42:53.357+03:00 DEBUG 4560 --- [reelQuill] [    Test worker] o.h.boot.internal.ClassLoaderAccessImpl  : Not known whether passed class name [com.example.reelquill.model.Quill] is safe
2024-10-22T23:42:53.357+03:00 DEBUG 4560 --- [reelQuill] [    Test worker] o.h.boot.internal.ClassLoaderAccessImpl  : No temp ClassLoader provided; using live ClassLoader for loading potentially unsafe class : com.example.reelquill.model.Quill
2024-10-22T23:42:53.367+03:00 DEBUG 4560 --- [reelQuill] [    Test worker] o.h.b.i.bytebuddy.BytecodeProviderImpl   : HHH000513: Unable to create the ReflectionOptimizer for [com.example.reelquill.model.Quill]: private accessor [content]
2024-10-22T23:42:53.369+03:00 DEBUG 4560 --- [reelQuill] [    Test worker] o.h.boot.internal.ClassLoaderAccessImpl  : Not known whether passed class name [com.example.reelquill.model.GeneralInfo] is safe
2024-10-22T23:42:53.369+03:00 DEBUG 4560 --- [reelQuill] [    Test worker] o.h.boot.internal.ClassLoaderAccessImpl  : No temp ClassLoader provided; using live ClassLoader for loading potentially unsafe class : com.example.reelquill.model.GeneralInfo
2024-10-22T23:42:53.369+03:00 DEBUG 4560 --- [reelQuill] [onnection adder] com.zaxxer.hikari.pool.HikariPool        : HikariPool-1 - Added connection org.postgresql.jdbc.PgConnection@791c8c96
2024-10-22T23:42:53.377+03:00 DEBUG 4560 --- [reelQuill] [    Test worker] o.h.b.i.bytebuddy.BytecodeProviderImpl   : HHH000513: Unable to create the ReflectionOptimizer for [com.example.reelquill.model.GeneralInfo]: private accessor [actors]
2024-10-22T23:42:53.377+03:00 DEBUG 4560 --- [reelQuill] [    Test worker] o.h.boot.internal.ClassLoaderAccessImpl  : Not known whether passed class name [com.example.reelquill.model.User] is safe
2024-10-22T23:42:53.377+03:00 DEBUG 4560 --- [reelQuill] [    Test worker] o.h.boot.internal.ClassLoaderAccessImpl  : No temp ClassLoader provided; using live ClassLoader for loading potentially unsafe class : com.example.reelquill.model.User
2024-10-22T23:42:53.387+03:00 DEBUG 4560 --- [reelQuill] [    Test worker] o.h.b.i.bytebuddy.BytecodeProviderImpl   : HHH000513: Unable to create the ReflectionOptimizer for [com.example.reelquill.model.User]: private accessor [creationDate]
2024-10-22T23:42:53.402+03:00 DEBUG 4560 --- [reelQuill] [onnection adder] com.zaxxer.hikari.pool.HikariPool        : HikariPool-1 - After adding stats (total=10, active=0, idle=10, waiting=0)
2024-10-22T23:42:53.407+03:00 DEBUG 4560 --- [reelQuill] [    Test worker] o.hibernate.orm.model.mapping.creation   : Starting post-init callbacks
2024-10-22T23:42:53.407+03:00 DEBUG 4560 --- [reelQuill] [    Test worker] o.hibernate.orm.model.mapping.creation   : Starting PostInitCallbackEntry : Entity(com.example.reelquill.model.Friend) `staticFetchableList` generator
2024-10-22T23:42:53.407+03:00 DEBUG 4560 --- [reelQuill] [    Test worker] o.hibernate.orm.model.mapping.creation   : Starting PostInitCallbackEntry : Entity(com.example.reelquill.model.Quill) `staticFetchableList` generator
2024-10-22T23:42:53.407+03:00 DEBUG 4560 --- [reelQuill] [    Test worker] o.hibernate.orm.model.mapping.creation   : Starting PostInitCallbackEntry : Entity(com.example.reelquill.model.GeneralInfo) `staticFetchableList` generator
2024-10-22T23:42:53.407+03:00 DEBUG 4560 --- [reelQuill] [    Test worker] o.hibernate.orm.model.mapping.creation   : Starting PostInitCallbackEntry : Entity(com.example.reelquill.model.User) `staticFetchableList` generator
2024-10-22T23:42:53.465+03:00 DEBUG 4560 --- [reelQuill] [    Test worker] org.hibernate.orm.sql.ast.create         : Created new SQL alias : f1_0
2024-10-22T23:42:53.465+03:00 DEBUG 4560 --- [reelQuill] [    Test worker] org.hibernate.orm.sql.ast.create         : Registration of TableGroup [StandardTableGroup(com.example.reelquill.model.Friend)] with identifierForTableGroup [com.example.reelquill.model.Friend] for NavigablePath [com.example.reelquill.model.Friend] 
2024-10-22T23:42:53.468+03:00 DEBUG 4560 --- [reelQuill] [    Test worker] org.hibernate.orm.results.graph.AST      : DomainResult Graph:
 \-EntityResultImpl [com.example.reelquill.model.Friend]
 |  +-BasicFetch [com.example.reelquill.model.Friend.friendId]
 |  \-BasicFetch [com.example.reelquill.model.Friend.userId]

2024-10-22T23:42:53.478+03:00 DEBUG 4560 --- [reelQuill] [    Test worker] org.hibernate.orm.sql.ast.tree           : SQL AST Tree:
    SelectStatement {
      FromClause {
        StandardTableGroup (f1 : com.example.reelquill.model.Friend) {
          primaryTableReference : friends as f1_0
        }
      }
    }

2024-10-22T23:42:53.481+03:00 DEBUG 4560 --- [reelQuill] [    Test worker] o.h.p.entity.AbstractEntityPersister     : Static SQL for entity: com.example.reelquill.model.Friend
2024-10-22T23:42:53.481+03:00 DEBUG 4560 --- [reelQuill] [    Test worker] o.h.p.entity.AbstractEntityPersister     :  Version select: select id from friends where id=?
2024-10-22T23:42:53.481+03:00 DEBUG 4560 --- [reelQuill] [    Test worker] o.h.p.entity.AbstractEntityPersister     :  Insert (0): insert into friends (friend_id,user_id) values (?,?) returning id
2024-10-22T23:42:53.481+03:00 DEBUG 4560 --- [reelQuill] [    Test worker] o.h.p.entity.AbstractEntityPersister     :  Update (0): update friends set friend_id=?,user_id=? where id=?
2024-10-22T23:42:53.481+03:00 DEBUG 4560 --- [reelQuill] [    Test worker] o.h.p.entity.AbstractEntityPersister     :  Delete (0): delete from friends where id=?
2024-10-22T23:42:53.481+03:00 DEBUG 4560 --- [reelQuill] [    Test worker] org.hibernate.orm.sql.ast.create         : Created new SQL alias : q1_0
2024-10-22T23:42:53.481+03:00 DEBUG 4560 --- [reelQuill] [    Test worker] org.hibernate.orm.sql.ast.create         : Registration of TableGroup [StandardTableGroup(com.example.reelquill.model.Quill)] with identifierForTableGroup [com.example.reelquill.model.Quill] for NavigablePath [com.example.reelquill.model.Quill] 
2024-10-22T23:42:53.481+03:00 DEBUG 4560 --- [reelQuill] [    Test worker] org.hibernate.orm.results.graph.AST      : DomainResult Graph:
 \-EntityResultImpl [com.example.reelquill.model.Quill]
 |  +-BasicFetch [com.example.reelquill.model.Quill.content]
 |  +-BasicFetch [com.example.reelquill.model.Quill.createdAt]
 |  +-BasicFetch [com.example.reelquill.model.Quill.generalInfoId]
 |  \-BasicFetch [com.example.reelquill.model.Quill.userId]

2024-10-22T23:42:53.481+03:00 DEBUG 4560 --- [reelQuill] [    Test worker] org.hibernate.orm.sql.ast.tree           : SQL AST Tree:
    SelectStatement {
      FromClause {
        StandardTableGroup (q1 : com.example.reelquill.model.Quill) {
          primaryTableReference : quills as q1_0
        }
      }
    }

2024-10-22T23:42:53.481+03:00 DEBUG 4560 --- [reelQuill] [    Test worker] o.h.p.entity.AbstractEntityPersister     : Static SQL for entity: com.example.reelquill.model.Quill
2024-10-22T23:42:53.481+03:00 DEBUG 4560 --- [reelQuill] [    Test worker] o.h.p.entity.AbstractEntityPersister     :  Version select: select id from quills where id=?
2024-10-22T23:42:53.481+03:00 DEBUG 4560 --- [reelQuill] [    Test worker] o.h.p.entity.AbstractEntityPersister     :  Insert (0): insert into quills (content,created_at,general_info_id,user_id) values (?,?,?,?) returning id
2024-10-22T23:42:53.481+03:00 DEBUG 4560 --- [reelQuill] [    Test worker] o.h.p.entity.AbstractEntityPersister     :  Update (0): update quills set content=?,general_info_id=?,user_id=? where id=?
2024-10-22T23:42:53.481+03:00 DEBUG 4560 --- [reelQuill] [    Test worker] o.h.p.entity.AbstractEntityPersister     :  Delete (0): delete from quills where id=?
2024-10-22T23:42:53.481+03:00 DEBUG 4560 --- [reelQuill] [    Test worker] org.hibernate.orm.sql.ast.create         : Created new SQL alias : gi1_0
2024-10-22T23:42:53.481+03:00 DEBUG 4560 --- [reelQuill] [    Test worker] org.hibernate.orm.sql.ast.create         : Registration of TableGroup [StandardTableGroup(com.example.reelquill.model.GeneralInfo)] with identifierForTableGroup [com.example.reelquill.model.GeneralInfo] for NavigablePath [com.example.reelquill.model.GeneralInfo] 
2024-10-22T23:42:53.481+03:00 DEBUG 4560 --- [reelQuill] [    Test worker] org.hibernate.orm.results.graph.AST      : DomainResult Graph:
 \-EntityResultImpl [com.example.reelquill.model.GeneralInfo]
 |  +-BasicFetch [com.example.reelquill.model.GeneralInfo.actors]
 |  +-BasicFetch [com.example.reelquill.model.GeneralInfo.description]
 |  +-BasicFetch [com.example.reelquill.model.GeneralInfo.director]
 |  +-BasicFetch [com.example.reelquill.model.GeneralInfo.genre]
 |  +-BasicFetch [com.example.reelquill.model.GeneralInfo.metascore]
 |  +-BasicFetch [com.example.reelquill.model.GeneralInfo.rank]
 |  +-BasicFetch [com.example.reelquill.model.GeneralInfo.rating]
 |  +-BasicFetch [com.example.reelquill.model.GeneralInfo.revenue]
 |  +-BasicFetch [com.example.reelquill.model.GeneralInfo.runtime]
 |  +-BasicFetch [com.example.reelquill.model.GeneralInfo.title]
 |  +-BasicFetch [com.example.reelquill.model.GeneralInfo.votes]
 |  \-BasicFetch [com.example.reelquill.model.GeneralInfo.year]

2024-10-22T23:42:53.481+03:00 DEBUG 4560 --- [reelQuill] [    Test worker] org.hibernate.orm.sql.ast.tree           : SQL AST Tree:
    SelectStatement {
      FromClause {
        StandardTableGroup (gi1 : com.example.reelquill.model.GeneralInfo) {
          primaryTableReference : general_info as gi1_0
        }
      }
    }

2024-10-22T23:42:53.481+03:00 DEBUG 4560 --- [reelQuill] [    Test worker] o.h.p.entity.AbstractEntityPersister     : Static SQL for entity: com.example.reelquill.model.GeneralInfo
2024-10-22T23:42:53.481+03:00 DEBUG 4560 --- [reelQuill] [    Test worker] o.h.p.entity.AbstractEntityPersister     :  Version select: select id from general_info where id=?
2024-10-22T23:42:53.481+03:00 DEBUG 4560 --- [reelQuill] [    Test worker] o.h.p.entity.AbstractEntityPersister     :  Insert (0): insert into general_info (actors,description,director,genre,metascore,rank,rating,revenue,runtime,title,votes,year) values (?,?,?,?,?,?,?,?,?,?,?,?) returning id
2024-10-22T23:42:53.481+03:00 DEBUG 4560 --- [reelQuill] [    Test worker] o.h.p.entity.AbstractEntityPersister     :  Update (0): update general_info set actors=?,description=?,director=?,genre=?,metascore=?,rank=?,rating=?,revenue=?,runtime=?,title=?,votes=?,year=? where id=?
2024-10-22T23:42:53.481+03:00 DEBUG 4560 --- [reelQuill] [    Test worker] o.h.p.entity.AbstractEntityPersister     :  Delete (0): delete from general_info where id=?
2024-10-22T23:42:53.481+03:00 DEBUG 4560 --- [reelQuill] [    Test worker] org.hibernate.orm.sql.ast.create         : Created new SQL alias : u1_0
2024-10-22T23:42:53.481+03:00 DEBUG 4560 --- [reelQuill] [    Test worker] org.hibernate.orm.sql.ast.create         : Registration of TableGroup [StandardTableGroup(com.example.reelquill.model.User)] with identifierForTableGroup [com.example.reelquill.model.User] for NavigablePath [com.example.reelquill.model.User] 
2024-10-22T23:42:53.481+03:00 DEBUG 4560 --- [reelQuill] [    Test worker] org.hibernate.orm.results.graph.AST      : DomainResult Graph:
 \-EntityResultImpl [com.example.reelquill.model.User]
 |  +-BasicFetch [com.example.reelquill.model.User.creationDate]
 |  +-BasicFetch [com.example.reelquill.model.User.email]
 |  +-BasicFetch [com.example.reelquill.model.User.password]
 |  +-BasicFetch [com.example.reelquill.model.User.updateDate]
 |  \-BasicFetch [com.example.reelquill.model.User.username]

2024-10-22T23:42:53.481+03:00 DEBUG 4560 --- [reelQuill] [    Test worker] org.hibernate.orm.sql.ast.tree           : SQL AST Tree:
    SelectStatement {
      FromClause {
        StandardTableGroup (u1 : com.example.reelquill.model.User) {
          primaryTableReference : "user" as u1_0
        }
      }
    }

2024-10-22T23:42:53.481+03:00 DEBUG 4560 --- [reelQuill] [    Test worker] o.h.p.entity.AbstractEntityPersister     : Static SQL for entity: com.example.reelquill.model.User
2024-10-22T23:42:53.481+03:00 DEBUG 4560 --- [reelQuill] [    Test worker] o.h.p.entity.AbstractEntityPersister     :  Version select: select id from "user" where id=?
2024-10-22T23:42:53.481+03:00 DEBUG 4560 --- [reelQuill] [    Test worker] o.h.p.entity.AbstractEntityPersister     :  Insert (0): insert into "user" (creation_date,email,password,update_date,username) values (?,?,?,?,?) returning id
2024-10-22T23:42:53.481+03:00 DEBUG 4560 --- [reelQuill] [    Test worker] o.h.p.entity.AbstractEntityPersister     :  Update (0): update "user" set creation_date=?,email=?,password=?,update_date=?,username=? where id=?
2024-10-22T23:42:53.481+03:00 DEBUG 4560 --- [reelQuill] [    Test worker] o.h.p.entity.AbstractEntityPersister     :  Delete (0): delete from "user" where id=?
2024-10-22T23:42:53.507+03:00  INFO 4560 --- [reelQuill] [    Test worker] o.h.e.t.j.p.i.JtaPlatformInitiator       : HHH000489: No JTA platform available (set 'hibernate.transaction.jta.platform' to enable JTA platform integration)
2024-10-22T23:42:53.507+03:00 DEBUG 4560 --- [reelQuill] [    Test worker] o.h.type.spi.TypeConfiguration$Scope     : Scoping TypeConfiguration [org.hibernate.type.spi.TypeConfiguration@31b6fb14] to SessionFactoryImplementor [org.hibernate.internal.SessionFactoryImpl@32068aef]
2024-10-22T23:42:53.507+03:00 DEBUG 4560 --- [reelQuill] [    Test worker] o.h.query.named.NamedObjectRepository    : Checking 0 named HQL queries
2024-10-22T23:42:53.507+03:00 DEBUG 4560 --- [reelQuill] [    Test worker] o.h.query.named.NamedObjectRepository    : Checking 0 named SQL queries
2024-10-22T23:42:53.547+03:00 DEBUG 4560 --- [reelQuill] [    Test worker] org.hibernate.mapping.Table              : No alter strings for table : `user`
2024-10-22T23:42:53.547+03:00 DEBUG 4560 --- [reelQuill] [    Test worker] org.hibernate.mapping.Table              : No alter strings for table : friends
2024-10-22T23:42:53.547+03:00 DEBUG 4560 --- [reelQuill] [    Test worker] org.hibernate.mapping.Table              : No alter strings for table : general_info
2024-10-22T23:42:53.547+03:00 DEBUG 4560 --- [reelQuill] [    Test worker] org.hibernate.mapping.Table              : No alter strings for table : quills
2024-10-22T23:42:53.547+03:00 DEBUG 4560 --- [reelQuill] [    Test worker] o.h.internal.SessionFactoryRegistry      : Initializing SessionFactoryRegistry : org.hibernate.internal.SessionFactoryRegistry@1fdd5517
2024-10-22T23:42:53.547+03:00 DEBUG 4560 --- [reelQuill] [    Test worker] o.h.internal.SessionFactoryRegistry      : Registering SessionFactory: a2d3154c-d4c0-45f8-8860-0dedb2306540 (<unnamed>)
2024-10-22T23:42:53.547+03:00 DEBUG 4560 --- [reelQuill] [    Test worker] o.h.internal.SessionFactoryRegistry      : Not binding SessionFactory to JNDI, no JNDI name configured
2024-10-22T23:42:53.547+03:00 DEBUG 4560 --- [reelQuill] [    Test worker] o.hibernate.internal.SessionFactoryImpl  : Instantiated SessionFactory
2024-10-22T23:42:53.547+03:00  INFO 4560 --- [reelQuill] [    Test worker] j.LocalContainerEntityManagerFactoryBean : Initialized JPA EntityManagerFactory for persistence unit 'default'
2024-10-22T23:42:53.557+03:00 DEBUG 4560 --- [reelQuill] [    Test worker] o.s.b.f.s.DefaultListableBeanFactory     : Creating shared instance of singleton bean 'reelQuillApplication'
2024-10-22T23:42:53.557+03:00 DEBUG 4560 --- [reelQuill] [    Test worker] o.s.b.f.s.DefaultListableBeanFactory     : Creating shared instance of singleton bean 'webConfig'
2024-10-22T23:42:53.557+03:00 DEBUG 4560 --- [reelQuill] [    Test worker] o.s.b.f.s.DefaultListableBeanFactory     : Creating shared instance of singleton bean 'friendController'
2024-10-22T23:42:53.560+03:00 DEBUG 4560 --- [reelQuill] [    Test worker] o.s.b.f.s.DefaultListableBeanFactory     : Creating shared instance of singleton bean 'friendService'
2024-10-22T23:42:53.560+03:00 DEBUG 4560 --- [reelQuill] [    Test worker] o.s.b.f.s.DefaultListableBeanFactory     : Creating shared instance of singleton bean 'friendRepository'
2024-10-22T23:42:53.567+03:00 DEBUG 4560 --- [reelQuill] [    Test worker] o.s.b.f.s.DefaultListableBeanFactory     : Creating shared instance of singleton bean 'jpa.named-queries#0'
2024-10-22T23:42:53.567+03:00 DEBUG 4560 --- [reelQuill] [    Test worker] o.s.b.f.s.DefaultListableBeanFactory     : Creating shared instance of singleton bean 'jpa.FriendRepository.fragments#0'
2024-10-22T23:42:53.567+03:00 DEBUG 4560 --- [reelQuill] [    Test worker] o.s.b.f.s.DefaultListableBeanFactory     : Creating shared instance of singleton bean 'jpaSharedEM_entityManagerFactory'
2024-10-22T23:42:53.608+03:00 DEBUG 4560 --- [reelQuill] [    Test worker] o.s.b.f.s.DefaultListableBeanFactory     : Creating shared instance of singleton bean 'jpaMappingContext'
2024-10-22T23:42:53.618+03:00 DEBUG 4560 --- [reelQuill] [    Test worker] .c.JpaMetamodelMappingContextFactoryBean : Initializing JpaMetamodelMappingContext…
2024-10-22T23:42:53.627+03:00 DEBUG 4560 --- [reelQuill] [    Test worker] .c.JpaMetamodelMappingContextFactoryBean : Finished initializing JpaMetamodelMappingContext
2024-10-22T23:42:53.656+03:00 DEBUG 4560 --- [reelQuill] [    Test worker] tor$SharedEntityManagerInvocationHandler : Creating new EntityManager for shared EntityManager invocation
2024-10-22T23:42:53.688+03:00 DEBUG 4560 --- [reelQuill] [    Test worker] o.h.stat.internal.StatisticsInitiator    : Statistics initialized [enabled=false]
2024-10-22T23:42:53.698+03:00 DEBUG 4560 --- [reelQuill] [    Test worker] tor$SharedEntityManagerInvocationHandler : Creating new EntityManager for shared EntityManager invocation
2024-10-22T23:42:53.738+03:00 DEBUG 4560 --- [reelQuill] [    Test worker] o.s.d.r.c.s.RepositoryFactorySupport     : Initializing repository instance for com.example.reelquill.repository.FriendRepository…
2024-10-22T23:42:53.757+03:00 DEBUG 4560 --- [reelQuill] [    Test worker] tor$SharedEntityManagerInvocationHandler : Creating new EntityManager for shared EntityManager invocation
2024-10-22T23:42:53.787+03:00 DEBUG 4560 --- [reelQuill] [    Test worker] o.s.d.r.c.s.RepositoryFactorySupport     : Finished creation of repository instance for com.example.reelquill.repository.FriendRepository.
2024-10-22T23:42:53.787+03:00 DEBUG 4560 --- [reelQuill] [    Test worker] o.s.b.f.s.DefaultListableBeanFactory     : Creating shared instance of singleton bean 'generalInfoController'
2024-10-22T23:42:53.797+03:00 DEBUG 4560 --- [reelQuill] [    Test worker] o.s.b.f.s.DefaultListableBeanFactory     : Creating shared instance of singleton bean 'generalInfoService'
2024-10-22T23:42:53.797+03:00 DEBUG 4560 --- [reelQuill] [    Test worker] o.s.b.f.s.DefaultListableBeanFactory     : Creating shared instance of singleton bean 'generalInfoRepository'
2024-10-22T23:42:53.797+03:00 DEBUG 4560 --- [reelQuill] [    Test worker] o.s.b.f.s.DefaultListableBeanFactory     : Creating shared instance of singleton bean 'jpa.named-queries#1'
2024-10-22T23:42:53.797+03:00 DEBUG 4560 --- [reelQuill] [    Test worker] o.s.b.f.s.DefaultListableBeanFactory     : Creating shared instance of singleton bean 'jpa.GeneralInfoRepository.fragments#0'
2024-10-22T23:42:53.797+03:00 DEBUG 4560 --- [reelQuill] [    Test worker] tor$SharedEntityManagerInvocationHandler : Creating new EntityManager for shared EntityManager invocation
2024-10-22T23:42:53.797+03:00 DEBUG 4560 --- [reelQuill] [    Test worker] o.s.d.r.c.s.RepositoryFactorySupport     : Initializing repository instance for com.example.reelquill.repository.GeneralInfoRepository…
2024-10-22T23:42:53.797+03:00 DEBUG 4560 --- [reelQuill] [    Test worker] tor$SharedEntityManagerInvocationHandler : Creating new EntityManager for shared EntityManager invocation
2024-10-22T23:42:53.829+03:00 DEBUG 4560 --- [reelQuill] [    Test worker] o.s.d.jpa.repository.query.NamedQuery    : Looking up named query GeneralInfo.findAllByOrderByIdAsc
2024-10-22T23:42:53.829+03:00 DEBUG 4560 --- [reelQuill] [    Test worker] cResourceLocalTransactionCoordinatorImpl : JDBC transaction marked for rollback-only (exception provided for stack trace)

java.lang.Exception: exception just for purpose of providing stack trace
	at org.hibernate.resource.transaction.backend.jdbc.internal.JdbcResourceLocalTransactionCoordinatorImpl$TransactionDriverControlImpl.markRollbackOnly(JdbcResourceLocalTransactionCoordinatorImpl.java:309) ~[hibernate-core-6.5.3.Final.jar:6.5.3.Final]
	at org.hibernate.internal.AbstractSharedSessionContract.buildNamedQuery(AbstractSharedSessionContract.java:1109) ~[hibernate-core-6.5.3.Final.jar:6.5.3.Final]
	at org.hibernate.internal.AbstractSharedSessionContract.createNamedQuery(AbstractSharedSessionContract.java:987) ~[hibernate-core-6.5.3.Final.jar:6.5.3.Final]
	at org.hibernate.internal.AbstractSharedSessionContract.createNamedQuery(AbstractSharedSessionContract.java:140) ~[hibernate-core-6.5.3.Final.jar:6.5.3.Final]
	at java.base/jdk.internal.reflect.DirectMethodHandleAccessor.invoke(DirectMethodHandleAccessor.java:103) ~[na:na]
	at java.base/java.lang.reflect.Method.invoke(Method.java:580) ~[na:na]
	at org.springframework.orm.jpa.ExtendedEntityManagerCreator$ExtendedEntityManagerInvocationHandler.invoke(ExtendedEntityManagerCreator.java:364) ~[spring-orm-6.1.13.jar:6.1.13]
	at jdk.proxy3/jdk.proxy3.$Proxy125.createNamedQuery(Unknown Source) ~[na:na]
	at org.springframework.data.jpa.repository.query.NamedQuery.hasNamedQuery(NamedQuery.java:112) ~[spring-data-jpa-3.3.4.jar:3.3.4]
	at org.springframework.data.jpa.repository.query.NamedQuery.lookupFrom(NamedQuery.java:138) ~[spring-data-jpa-3.3.4.jar:3.3.4]
	at org.springframework.data.jpa.repository.query.JpaQueryLookupStrategy$DeclaredQueryLookupStrategy.resolveQuery(JpaQueryLookupStrategy.java:180) ~[spring-data-jpa-3.3.4.jar:3.3.4]
	at org.springframework.data.jpa.repository.query.JpaQueryLookupStrategy$CreateIfNotFoundQueryLookupStrategy.resolveQuery(JpaQueryLookupStrategy.java:252) ~[spring-data-jpa-3.3.4.jar:3.3.4]
	at org.springframework.data.jpa.repository.query.JpaQueryLookupStrategy$AbstractQueryLookupStrategy.resolveQuery(JpaQueryLookupStrategy.java:95) ~[spring-data-jpa-3.3.4.jar:3.3.4]
	at org.springframework.data.repository.core.support.QueryExecutorMethodInterceptor.lookupQuery(QueryExecutorMethodInterceptor.java:115) ~[spring-data-commons-3.3.4.jar:3.3.4]
	at org.springframework.data.repository.core.support.QueryExecutorMethodInterceptor.mapMethodsToQuery(QueryExecutorMethodInterceptor.java:103) ~[spring-data-commons-3.3.4.jar:3.3.4]
	at org.springframework.data.repository.core.support.QueryExecutorMethodInterceptor.lambda$new$0(QueryExecutorMethodInterceptor.java:92) ~[spring-data-commons-3.3.4.jar:3.3.4]
	at java.base/java.util.Optional.map(Optional.java:260) ~[na:na]
	at org.springframework.data.repository.core.support.QueryExecutorMethodInterceptor.<init>(QueryExecutorMethodInterceptor.java:92) ~[spring-data-commons-3.3.4.jar:3.3.4]
	at org.springframework.data.repository.core.support.RepositoryFactorySupport.getRepository(RepositoryFactorySupport.java:357) ~[spring-data-commons-3.3.4.jar:3.3.4]
	at org.springframework.data.repository.core.support.RepositoryFactoryBeanSupport.lambda$afterPropertiesSet$5(RepositoryFactoryBeanSupport.java:286) ~[spring-data-commons-3.3.4.jar:3.3.4]
	at org.springframework.data.util.Lazy.getNullable(Lazy.java:135) ~[spring-data-commons-3.3.4.jar:3.3.4]
	at org.springframework.data.util.Lazy.get(Lazy.java:113) ~[spring-data-commons-3.3.4.jar:3.3.4]
	at org.springframework.data.repository.core.support.RepositoryFactoryBeanSupport.afterPropertiesSet(RepositoryFactoryBeanSupport.java:292) ~[spring-data-commons-3.3.4.jar:3.3.4]
	at org.springframework.data.jpa.repository.support.JpaRepositoryFactoryBean.afterPropertiesSet(JpaRepositoryFactoryBean.java:132) ~[spring-data-jpa-3.3.4.jar:3.3.4]
	at org.springframework.beans.factory.support.AbstractAutowireCapableBeanFactory.invokeInitMethods(AbstractAutowireCapableBeanFactory.java:1853) ~[spring-beans-6.1.13.jar:6.1.13]
	at org.springframework.beans.factory.support.AbstractAutowireCapableBeanFactory.initializeBean(AbstractAutowireCapableBeanFactory.java:1802) ~[spring-beans-6.1.13.jar:6.1.13]
	at org.springframework.beans.factory.support.AbstractAutowireCapableBeanFactory.doCreateBean(AbstractAutowireCapableBeanFactory.java:600) ~[spring-beans-6.1.13.jar:6.1.13]
	at org.springframework.beans.factory.support.AbstractAutowireCapableBeanFactory.createBean(AbstractAutowireCapableBeanFactory.java:522) ~[spring-beans-6.1.13.jar:6.1.13]
	at org.springframework.beans.factory.support.AbstractBeanFactory.lambda$doGetBean$0(AbstractBeanFactory.java:337) ~[spring-beans-6.1.13.jar:6.1.13]
	at org.springframework.beans.factory.support.DefaultSingletonBeanRegistry.getSingleton(DefaultSingletonBeanRegistry.java:234) ~[spring-beans-6.1.13.jar:6.1.13]
	at org.springframework.beans.factory.support.AbstractBeanFactory.doGetBean(AbstractBeanFactory.java:335) ~[spring-beans-6.1.13.jar:6.1.13]
	at org.springframework.beans.factory.support.AbstractBeanFactory.getBean(AbstractBeanFactory.java:200) ~[spring-beans-6.1.13.jar:6.1.13]
	at org.springframework.beans.factory.config.DependencyDescriptor.resolveCandidate(DependencyDescriptor.java:254) ~[spring-beans-6.1.13.jar:6.1.13]
	at org.springframework.beans.factory.support.DefaultListableBeanFactory.doResolveDependency(DefaultListableBeanFactory.java:1443) ~[spring-beans-6.1.13.jar:6.1.13]
	at org.springframework.beans.factory.support.DefaultListableBeanFactory.resolveDependency(DefaultListableBeanFactory.java:1353) ~[spring-beans-6.1.13.jar:6.1.13]
	at org.springframework.beans.factory.annotation.AutowiredAnnotationBeanPostProcessor$AutowiredFieldElement.resolveFieldValue(AutowiredAnnotationBeanPostProcessor.java:785) ~[spring-beans-6.1.13.jar:6.1.13]
	at org.springframework.beans.factory.annotation.AutowiredAnnotationBeanPostProcessor$AutowiredFieldElement.inject(AutowiredAnnotationBeanPostProcessor.java:768) ~[spring-beans-6.1.13.jar:6.1.13]
	at org.springframework.beans.factory.annotation.InjectionMetadata.inject(InjectionMetadata.java:145) ~[spring-beans-6.1.13.jar:6.1.13]
	at org.springframework.beans.factory.annotation.AutowiredAnnotationBeanPostProcessor.postProcessProperties(AutowiredAnnotationBeanPostProcessor.java:509) ~[spring-beans-6.1.13.jar:6.1.13]
	at org.springframework.beans.factory.support.AbstractAutowireCapableBeanFactory.populateBean(AbstractAutowireCapableBeanFactory.java:1439) ~[spring-beans-6.1.13.jar:6.1.13]
	at org.springframework.beans.factory.support.AbstractAutowireCapableBeanFactory.doCreateBean(AbstractAutowireCapableBeanFactory.java:599) ~[spring-beans-6.1.13.jar:6.1.13]
	at org.springframework.beans.factory.support.AbstractAutowireCapableBeanFactory.createBean(AbstractAutowireCapableBeanFactory.java:522) ~[spring-beans-6.1.13.jar:6.1.13]
	at org.springframework.beans.factory.support.AbstractBeanFactory.lambda$doGetBean$0(AbstractBeanFactory.java:337) ~[spring-beans-6.1.13.jar:6.1.13]
	at org.springframework.beans.factory.support.DefaultSingletonBeanRegistry.getSingleton(DefaultSingletonBeanRegistry.java:234) ~[spring-beans-6.1.13.jar:6.1.13]
	at org.springframework.beans.factory.support.AbstractBeanFactory.doGetBean(AbstractBeanFactory.java:335) ~[spring-beans-6.1.13.jar:6.1.13]
	at org.springframework.beans.factory.support.AbstractBeanFactory.getBean(AbstractBeanFactory.java:200) ~[spring-beans-6.1.13.jar:6.1.13]
	at org.springframework.beans.factory.config.DependencyDescriptor.resolveCandidate(DependencyDescriptor.java:254) ~[spring-beans-6.1.13.jar:6.1.13]
	at org.springframework.beans.factory.support.DefaultListableBeanFactory.doResolveDependency(DefaultListableBeanFactory.java:1443) ~[spring-beans-6.1.13.jar:6.1.13]
	at org.springframework.beans.factory.support.DefaultListableBeanFactory.resolveDependency(DefaultListableBeanFactory.java:1353) ~[spring-beans-6.1.13.jar:6.1.13]
	at org.springframework.beans.factory.annotation.AutowiredAnnotationBeanPostProcessor$AutowiredFieldElement.resolveFieldValue(AutowiredAnnotationBeanPostProcessor.java:785) ~[spring-beans-6.1.13.jar:6.1.13]
	at org.springframework.beans.factory.annotation.AutowiredAnnotationBeanPostProcessor$AutowiredFieldElement.inject(AutowiredAnnotationBeanPostProcessor.java:768) ~[spring-beans-6.1.13.jar:6.1.13]
	at org.springframework.beans.factory.annotation.InjectionMetadata.inject(InjectionMetadata.java:145) ~[spring-beans-6.1.13.jar:6.1.13]
	at org.springframework.beans.factory.annotation.AutowiredAnnotationBeanPostProcessor.postProcessProperties(AutowiredAnnotationBeanPostProcessor.java:509) ~[spring-beans-6.1.13.jar:6.1.13]
	at org.springframework.beans.factory.support.AbstractAutowireCapableBeanFactory.populateBean(AbstractAutowireCapableBeanFactory.java:1439) ~[spring-beans-6.1.13.jar:6.1.13]
	at org.springframework.beans.factory.support.AbstractAutowireCapableBeanFactory.doCreateBean(AbstractAutowireCapableBeanFactory.java:599) ~[spring-beans-6.1.13.jar:6.1.13]
	at org.springframework.beans.factory.support.AbstractAutowireCapableBeanFactory.createBean(AbstractAutowireCapableBeanFactory.java:522) ~[spring-beans-6.1.13.jar:6.1.13]
	at org.springframework.beans.factory.support.AbstractBeanFactory.lambda$doGetBean$0(AbstractBeanFactory.java:337) ~[spring-beans-6.1.13.jar:6.1.13]
	at org.springframework.beans.factory.support.DefaultSingletonBeanRegistry.getSingleton(DefaultSingletonBeanRegistry.java:234) ~[spring-beans-6.1.13.jar:6.1.13]
	at org.springframework.beans.factory.support.AbstractBeanFactory.doGetBean(AbstractBeanFactory.java:335) ~[spring-beans-6.1.13.jar:6.1.13]
	at org.springframework.beans.factory.support.AbstractBeanFactory.getBean(AbstractBeanFactory.java:200) ~[spring-beans-6.1.13.jar:6.1.13]
	at org.springframework.beans.factory.support.DefaultListableBeanFactory.preInstantiateSingletons(DefaultListableBeanFactory.java:975) ~[spring-beans-6.1.13.jar:6.1.13]
	at org.springframework.context.support.AbstractApplicationContext.finishBeanFactoryInitialization(AbstractApplicationContext.java:971) ~[spring-context-6.1.13.jar:6.1.13]
	at org.springframework.context.support.AbstractApplicationContext.refresh(AbstractApplicationContext.java:625) ~[spring-context-6.1.13.jar:6.1.13]
	at org.springframework.boot.SpringApplication.refresh(SpringApplication.java:754) ~[spring-boot-3.3.4.jar:3.3.4]
	at org.springframework.boot.SpringApplication.refreshContext(SpringApplication.java:456) ~[spring-boot-3.3.4.jar:3.3.4]
	at org.springframework.boot.SpringApplication.run(SpringApplication.java:335) ~[spring-boot-3.3.4.jar:3.3.4]
	at org.springframework.boot.test.context.SpringBootContextLoader.lambda$loadContext$3(SpringBootContextLoader.java:137) ~[spring-boot-test-3.3.4.jar:3.3.4]
	at org.springframework.util.function.ThrowingSupplier.get(ThrowingSupplier.java:58) ~[spring-core-6.1.13.jar:6.1.13]
	at org.springframework.util.function.ThrowingSupplier.get(ThrowingSupplier.java:46) ~[spring-core-6.1.13.jar:6.1.13]
	at org.springframework.boot.SpringApplication.withHook(SpringApplication.java:1463) ~[spring-boot-3.3.4.jar:3.3.4]
	at org.springframework.boot.test.context.SpringBootContextLoader$ContextLoaderHook.run(SpringBootContextLoader.java:553) ~[spring-boot-test-3.3.4.jar:3.3.4]
	at org.springframework.boot.test.context.SpringBootContextLoader.loadContext(SpringBootContextLoader.java:137) ~[spring-boot-test-3.3.4.jar:3.3.4]
	at org.springframework.boot.test.context.SpringBootContextLoader.loadContext(SpringBootContextLoader.java:108) ~[spring-boot-test-3.3.4.jar:3.3.4]
	at org.springframework.test.context.cache.DefaultCacheAwareContextLoaderDelegate.loadContextInternal(DefaultCacheAwareContextLoaderDelegate.java:225) ~[spring-test-6.1.13.jar:6.1.13]
	at org.springframework.test.context.cache.DefaultCacheAwareContextLoaderDelegate.loadContext(DefaultCacheAwareContextLoaderDelegate.java:152) ~[spring-test-6.1.13.jar:6.1.13]
	at org.springframework.test.context.support.DefaultTestContext.getApplicationContext(DefaultTestContext.java:130) ~[spring-test-6.1.13.jar:6.1.13]
	at org.springframework.test.context.web.ServletTestExecutionListener.setUpRequestContextIfNecessary(ServletTestExecutionListener.java:191) ~[spring-test-6.1.13.jar:6.1.13]
	at org.springframework.test.context.web.ServletTestExecutionListener.prepareTestInstance(ServletTestExecutionListener.java:130) ~[spring-test-6.1.13.jar:6.1.13]
	at org.springframework.test.context.TestContextManager.prepareTestInstance(TestContextManager.java:260) ~[spring-test-6.1.13.jar:6.1.13]
	at org.springframework.test.context.junit.jupiter.SpringExtension.postProcessTestInstance(SpringExtension.java:163) ~[spring-test-6.1.13.jar:6.1.13]
	at org.junit.jupiter.engine.descriptor.ClassBasedTestDescriptor.lambda$invokeTestInstancePostProcessors$10(ClassBasedTestDescriptor.java:378) ~[junit-jupiter-engine-5.10.3.jar:5.10.3]
	at org.junit.jupiter.engine.descriptor.ClassBasedTestDescriptor.executeAndMaskThrowable(ClassBasedTestDescriptor.java:383) ~[junit-jupiter-engine-5.10.3.jar:5.10.3]
	at org.junit.jupiter.engine.descriptor.ClassBasedTestDescriptor.lambda$invokeTestInstancePostProcessors$11(ClassBasedTestDescriptor.java:378) ~[junit-jupiter-engine-5.10.3.jar:5.10.3]
	at java.base/java.util.stream.ReferencePipeline$3$1.accept(ReferencePipeline.java:215) ~[na:na]
	at java.base/java.util.stream.ReferencePipeline$2$1.accept(ReferencePipeline.java:197) ~[na:na]
	at java.base/java.util.ArrayList$ArrayListSpliterator.forEachRemaining(ArrayList.java:1709) ~[na:na]
	at java.base/java.util.stream.AbstractPipeline.copyInto(AbstractPipeline.java:570) ~[na:na]
	at java.base/java.util.stream.AbstractPipeline.wrapAndCopyInto(AbstractPipeline.java:560) ~[na:na]
	at java.base/java.util.stream.StreamSpliterators$WrappingSpliterator.forEachRemaining(StreamSpliterators.java:315) ~[na:na]
	at java.base/java.util.stream.Streams$ConcatSpliterator.forEachRemaining(Streams.java:735) ~[na:na]
	at java.base/java.util.stream.Streams$ConcatSpliterator.forEachRemaining(Streams.java:734) ~[na:na]
	at java.base/java.util.stream.ReferencePipeline$Head.forEach(ReferencePipeline.java:807) ~[na:na]
	at org.junit.jupiter.engine.descriptor.ClassBasedTestDescriptor.invokeTestInstancePostProcessors(ClassBasedTestDescriptor.java:377) ~[junit-jupiter-engine-5.10.3.jar:5.10.3]
	at org.junit.jupiter.engine.descriptor.ClassBasedTestDescriptor.lambda$instantiateAndPostProcessTestInstance$6(ClassBasedTestDescriptor.java:290) ~[junit-jupiter-engine-5.10.3.jar:5.10.3]
	at org.junit.platform.engine.support.hierarchical.ThrowableCollector.execute(ThrowableCollector.java:73) ~[junit-platform-engine-1.10.3.jar:1.10.3]
	at org.junit.jupiter.engine.descriptor.ClassBasedTestDescriptor.instantiateAndPostProcessTestInstance(ClassBasedTestDescriptor.java:289) ~[junit-jupiter-engine-5.10.3.jar:5.10.3]
	at org.junit.jupiter.engine.descriptor.ClassBasedTestDescriptor.lambda$testInstancesProvider$4(ClassBasedTestDescriptor.java:279) ~[junit-jupiter-engine-5.10.3.jar:5.10.3]
	at java.base/java.util.Optional.orElseGet(Optional.java:364) ~[na:na]
	at org.junit.jupiter.engine.descriptor.ClassBasedTestDescriptor.lambda$testInstancesProvider$5(ClassBasedTestDescriptor.java:278) ~[junit-jupiter-engine-5.10.3.jar:5.10.3]
	at org.junit.jupiter.engine.execution.TestInstancesProvider.getTestInstances(TestInstancesProvider.java:31) ~[junit-jupiter-engine-5.10.3.jar:5.10.3]
	at org.junit.jupiter.engine.descriptor.TestMethodTestDescriptor.lambda$prepare$0(TestMethodTestDescriptor.java:106) ~[junit-jupiter-engine-5.10.3.jar:5.10.3]
	at org.junit.platform.engine.support.hierarchical.ThrowableCollector.execute(ThrowableCollector.java:73) ~[junit-platform-engine-1.10.3.jar:1.10.3]
	at org.junit.jupiter.engine.descriptor.TestMethodTestDescriptor.prepare(TestMethodTestDescriptor.java:105) ~[junit-jupiter-engine-5.10.3.jar:5.10.3]
	at org.junit.jupiter.engine.descriptor.TestMethodTestDescriptor.prepare(TestMethodTestDescriptor.java:69) ~[junit-jupiter-engine-5.10.3.jar:5.10.3]
	at org.junit.platform.engine.support.hierarchical.NodeTestTask.lambda$prepare$2(NodeTestTask.java:123) ~[junit-platform-engine-1.10.3.jar:1.10.3]
	at org.junit.platform.engine.support.hierarchical.ThrowableCollector.execute(ThrowableCollector.java:73) ~[junit-platform-engine-1.10.3.jar:1.10.3]
	at org.junit.platform.engine.support.hierarchical.NodeTestTask.prepare(NodeTestTask.java:123) ~[junit-platform-engine-1.10.3.jar:1.10.3]
	at org.junit.platform.engine.support.hierarchical.NodeTestTask.execute(NodeTestTask.java:90) ~[junit-platform-engine-1.10.3.jar:1.10.3]
	at java.base/java.util.ArrayList.forEach(ArrayList.java:1597) ~[na:na]
	at org.junit.platform.engine.support.hierarchical.SameThreadHierarchicalTestExecutorService.invokeAll(SameThreadHierarchicalTestExecutorService.java:41) ~[junit-platform-engine-1.10.3.jar:1.10.3]
	at org.junit.platform.engine.support.hierarchical.NodeTestTask.lambda$executeRecursively$6(NodeTestTask.java:155) ~[junit-platform-engine-1.10.3.jar:1.10.3]
	at org.junit.platform.engine.support.hierarchical.ThrowableCollector.execute(ThrowableCollector.java:73) ~[junit-platform-engine-1.10.3.jar:1.10.3]
	at org.junit.platform.engine.support.hierarchical.NodeTestTask.lambda$executeRecursively$8(NodeTestTask.java:141) ~[junit-platform-engine-1.10.3.jar:1.10.3]
	at org.junit.platform.engine.support.hierarchical.Node.around(Node.java:137) ~[junit-platform-engine-1.10.3.jar:1.10.3]
	at org.junit.platform.engine.support.hierarchical.NodeTestTask.lambda$executeRecursively$9(NodeTestTask.java:139) ~[junit-platform-engine-1.10.3.jar:1.10.3]
	at org.junit.platform.engine.support.hierarchical.ThrowableCollector.execute(ThrowableCollector.java:73) ~[junit-platform-engine-1.10.3.jar:1.10.3]
	at org.junit.platform.engine.support.hierarchical.NodeTestTask.executeRecursively(NodeTestTask.java:138) ~[junit-platform-engine-1.10.3.jar:1.10.3]
	at org.junit.platform.engine.support.hierarchical.NodeTestTask.execute(NodeTestTask.java:95) ~[junit-platform-engine-1.10.3.jar:1.10.3]
	at java.base/java.util.ArrayList.forEach(ArrayList.java:1597) ~[na:na]
	at org.junit.platform.engine.support.hierarchical.SameThreadHierarchicalTestExecutorService.invokeAll(SameThreadHierarchicalTestExecutorService.java:41) ~[junit-platform-engine-1.10.3.jar:1.10.3]
	at org.junit.platform.engine.support.hierarchical.NodeTestTask.lambda$executeRecursively$6(NodeTestTask.java:155) ~[junit-platform-engine-1.10.3.jar:1.10.3]
	at org.junit.platform.engine.support.hierarchical.ThrowableCollector.execute(ThrowableCollector.java:73) ~[junit-platform-engine-1.10.3.jar:1.10.3]
	at org.junit.platform.engine.support.hierarchical.NodeTestTask.lambda$executeRecursively$8(NodeTestTask.java:141) ~[junit-platform-engine-1.10.3.jar:1.10.3]
	at org.junit.platform.engine.support.hierarchical.Node.around(Node.java:137) ~[junit-platform-engine-1.10.3.jar:1.10.3]
	at org.junit.platform.engine.support.hierarchical.NodeTestTask.lambda$executeRecursively$9(NodeTestTask.java:139) ~[junit-platform-engine-1.10.3.jar:1.10.3]
	at org.junit.platform.engine.support.hierarchical.ThrowableCollector.execute(ThrowableCollector.java:73) ~[junit-platform-engine-1.10.3.jar:1.10.3]
	at org.junit.platform.engine.support.hierarchical.NodeTestTask.executeRecursively(NodeTestTask.java:138) ~[junit-platform-engine-1.10.3.jar:1.10.3]
	at org.junit.platform.engine.support.hierarchical.NodeTestTask.execute(NodeTestTask.java:95) ~[junit-platform-engine-1.10.3.jar:1.10.3]
	at org.junit.platform.engine.support.hierarchical.SameThreadHierarchicalTestExecutorService.submit(SameThreadHierarchicalTestExecutorService.java:35) ~[junit-platform-engine-1.10.3.jar:1.10.3]
	at org.junit.platform.engine.support.hierarchical.HierarchicalTestExecutor.execute(HierarchicalTestExecutor.java:57) ~[junit-platform-engine-1.10.3.jar:1.10.3]
	at org.junit.platform.engine.support.hierarchical.HierarchicalTestEngine.execute(HierarchicalTestEngine.java:54) ~[junit-platform-engine-1.10.3.jar:1.10.3]
	at org.junit.platform.launcher.core.EngineExecutionOrchestrator.execute(EngineExecutionOrchestrator.java:198) ~[junit-platform-launcher-1.10.3.jar:1.10.3]
	at org.junit.platform.launcher.core.EngineExecutionOrchestrator.execute(EngineExecutionOrchestrator.java:169) ~[junit-platform-launcher-1.10.3.jar:1.10.3]
	at org.junit.platform.launcher.core.EngineExecutionOrchestrator.execute(EngineExecutionOrchestrator.java:93) ~[junit-platform-launcher-1.10.3.jar:1.10.3]
	at org.junit.platform.launcher.core.EngineExecutionOrchestrator.lambda$execute$0(EngineExecutionOrchestrator.java:58) ~[junit-platform-launcher-1.10.3.jar:1.10.3]
	at org.junit.platform.launcher.core.EngineExecutionOrchestrator.withInterceptedStreams(EngineExecutionOrchestrator.java:141) ~[junit-platform-launcher-1.10.3.jar:1.10.3]
	at org.junit.platform.launcher.core.EngineExecutionOrchestrator.execute(EngineExecutionOrchestrator.java:57) ~[junit-platform-launcher-1.10.3.jar:1.10.3]
	at org.junit.platform.launcher.core.DefaultLauncher.execute(DefaultLauncher.java:103) ~[junit-platform-launcher-1.10.3.jar:1.10.3]
	at org.junit.platform.launcher.core.DefaultLauncher.execute(DefaultLauncher.java:85) ~[junit-platform-launcher-1.10.3.jar:1.10.3]
	at org.junit.platform.launcher.core.DelegatingLauncher.execute(DelegatingLauncher.java:47) ~[junit-platform-launcher-1.10.3.jar:1.10.3]
	at org.gradle.api.internal.tasks.testing.junitplatform.JUnitPlatformTestClassProcessor$CollectAllTestClassesExecutor.processAllTestClasses(JUnitPlatformTestClassProcessor.java:124) ~[na:na]
	at org.gradle.api.internal.tasks.testing.junitplatform.JUnitPlatformTestClassProcessor$CollectAllTestClassesExecutor.access$000(JUnitPlatformTestClassProcessor.java:99) ~[na:na]
	at org.gradle.api.internal.tasks.testing.junitplatform.JUnitPlatformTestClassProcessor.stop(JUnitPlatformTestClassProcessor.java:94) ~[na:na]
	at org.gradle.api.internal.tasks.testing.SuiteTestClassProcessor.stop(SuiteTestClassProcessor.java:63) ~[na:na]
	at java.base/jdk.internal.reflect.DirectMethodHandleAccessor.invoke(DirectMethodHandleAccessor.java:103) ~[na:na]
	at java.base/java.lang.reflect.Method.invoke(Method.java:580) ~[na:na]
	at org.gradle.internal.dispatch.ReflectionDispatch.dispatch(ReflectionDispatch.java:36) ~[na:na]
	at org.gradle.internal.dispatch.ReflectionDispatch.dispatch(ReflectionDispatch.java:24) ~[na:na]
	at org.gradle.internal.dispatch.ContextClassLoaderDispatch.dispatch(ContextClassLoaderDispatch.java:33) ~[na:na]
	at org.gradle.internal.dispatch.ProxyDispatchAdapter$DispatchingInvocationHandler.invoke(ProxyDispatchAdapter.java:92) ~[na:na]
	at jdk.proxy1/jdk.proxy1.$Proxy4.stop(Unknown Source) ~[na:na]
	at org.gradle.api.internal.tasks.testing.worker.TestWorker$3.run(TestWorker.java:200) ~[na:na]
	at org.gradle.api.internal.tasks.testing.worker.TestWorker.executeAndMaintainThreadName(TestWorker.java:132) ~[na:na]
	at org.gradle.api.internal.tasks.testing.worker.TestWorker.execute(TestWorker.java:103) ~[na:na]
	at org.gradle.api.internal.tasks.testing.worker.TestWorker.execute(TestWorker.java:63) ~[na:na]
	at org.gradle.process.internal.worker.child.ActionExecutionWorker.execute(ActionExecutionWorker.java:56) ~[na:na]
	at org.gradle.process.internal.worker.child.SystemApplicationClassLoaderWorker.call(SystemApplicationClassLoaderWorker.java:121) ~[na:na]
	at org.gradle.process.internal.worker.child.SystemApplicationClassLoaderWorker.call(SystemApplicationClassLoaderWorker.java:71) ~[na:na]
	at worker.org.gradle.process.internal.worker.GradleWorkerMain.run(GradleWorkerMain.java:69) ~[gradle-worker.jar:na]
	at worker.org.gradle.process.internal.worker.GradleWorkerMain.main(GradleWorkerMain.java:74) ~[gradle-worker.jar:na]

2024-10-22T23:42:53.848+03:00 DEBUG 4560 --- [reelQuill] [    Test worker] o.s.d.jpa.repository.query.NamedQuery    : Did not find named query GeneralInfo.findAllByOrderByIdAsc
2024-10-22T23:42:53.848+03:00 DEBUG 4560 --- [reelQuill] [    Test worker] tor$SharedEntityManagerInvocationHandler : Creating new EntityManager for shared EntityManager invocation
2024-10-22T23:42:53.908+03:00 DEBUG 4560 --- [reelQuill] [    Test worker] o.s.d.r.c.s.RepositoryFactorySupport     : Finished creation of repository instance for com.example.reelquill.repository.GeneralInfoRepository.
2024-10-22T23:42:53.908+03:00 DEBUG 4560 --- [reelQuill] [    Test worker] o.s.b.f.s.DefaultListableBeanFactory     : Creating shared instance of singleton bean 'quillController'
2024-10-22T23:42:53.908+03:00 DEBUG 4560 --- [reelQuill] [    Test worker] o.s.b.f.s.DefaultListableBeanFactory     : Creating shared instance of singleton bean 'quillService'
2024-10-22T23:42:53.908+03:00 DEBUG 4560 --- [reelQuill] [    Test worker] o.s.b.f.s.DefaultListableBeanFactory     : Creating shared instance of singleton bean 'quillRepository'
2024-10-22T23:42:53.908+03:00 DEBUG 4560 --- [reelQuill] [    Test worker] o.s.b.f.s.DefaultListableBeanFactory     : Creating shared instance of singleton bean 'jpa.named-queries#3'
2024-10-22T23:42:53.917+03:00 DEBUG 4560 --- [reelQuill] [    Test worker] o.s.b.f.s.DefaultListableBeanFactory     : Creating shared instance of singleton bean 'jpa.QuillRepository.fragments#0'
2024-10-22T23:42:53.917+03:00 DEBUG 4560 --- [reelQuill] [    Test worker] tor$SharedEntityManagerInvocationHandler : Creating new EntityManager for shared EntityManager invocation
2024-10-22T23:42:53.917+03:00 DEBUG 4560 --- [reelQuill] [    Test worker] o.s.d.r.c.s.RepositoryFactorySupport     : Initializing repository instance for com.example.reelquill.repository.QuillRepository…
2024-10-22T23:42:53.917+03:00 DEBUG 4560 --- [reelQuill] [    Test worker] tor$SharedEntityManagerInvocationHandler : Creating new EntityManager for shared EntityManager invocation
2024-10-22T23:42:53.927+03:00 DEBUG 4560 --- [reelQuill] [    Test worker] o.s.d.r.c.s.RepositoryFactorySupport     : Finished creation of repository instance for com.example.reelquill.repository.QuillRepository.
2024-10-22T23:42:53.927+03:00 DEBUG 4560 --- [reelQuill] [    Test worker] o.s.b.f.s.DefaultListableBeanFactory     : Creating shared instance of singleton bean 'userController'
2024-10-22T23:42:53.927+03:00 DEBUG 4560 --- [reelQuill] [    Test worker] o.s.b.f.s.DefaultListableBeanFactory     : Creating shared instance of singleton bean 'userService'
2024-10-22T23:42:53.927+03:00 DEBUG 4560 --- [reelQuill] [    Test worker] o.s.b.f.s.DefaultListableBeanFactory     : Creating shared instance of singleton bean 'userRepository'
2024-10-22T23:42:53.927+03:00 DEBUG 4560 --- [reelQuill] [    Test worker] o.s.b.f.s.DefaultListableBeanFactory     : Creating shared instance of singleton bean 'jpa.named-queries#2'
2024-10-22T23:42:53.927+03:00 DEBUG 4560 --- [reelQuill] [    Test worker] o.s.b.f.s.DefaultListableBeanFactory     : Creating shared instance of singleton bean 'jpa.UserRepository.fragments#0'
2024-10-22T23:42:53.927+03:00 DEBUG 4560 --- [reelQuill] [    Test worker] tor$SharedEntityManagerInvocationHandler : Creating new EntityManager for shared EntityManager invocation
2024-10-22T23:42:53.937+03:00 DEBUG 4560 --- [reelQuill] [    Test worker] o.s.d.r.c.s.RepositoryFactorySupport     : Initializing repository instance for com.example.reelquill.repository.UserRepository…
2024-10-22T23:42:53.940+03:00 DEBUG 4560 --- [reelQuill] [    Test worker] tor$SharedEntityManagerInvocationHandler : Creating new EntityManager for shared EntityManager invocation
2024-10-22T23:42:53.940+03:00 DEBUG 4560 --- [reelQuill] [    Test worker] o.s.d.jpa.repository.query.NamedQuery    : Looking up named query User.findByUsername
2024-10-22T23:42:53.940+03:00 DEBUG 4560 --- [reelQuill] [    Test worker] cResourceLocalTransactionCoordinatorImpl : JDBC transaction marked for rollback-only (exception provided for stack trace)

java.lang.Exception: exception just for purpose of providing stack trace
	at org.hibernate.resource.transaction.backend.jdbc.internal.JdbcResourceLocalTransactionCoordinatorImpl$TransactionDriverControlImpl.markRollbackOnly(JdbcResourceLocalTransactionCoordinatorImpl.java:309) ~[hibernate-core-6.5.3.Final.jar:6.5.3.Final]
	at org.hibernate.internal.AbstractSharedSessionContract.buildNamedQuery(AbstractSharedSessionContract.java:1109) ~[hibernate-core-6.5.3.Final.jar:6.5.3.Final]
	at org.hibernate.internal.AbstractSharedSessionContract.createNamedQuery(AbstractSharedSessionContract.java:987) ~[hibernate-core-6.5.3.Final.jar:6.5.3.Final]
	at org.hibernate.internal.AbstractSharedSessionContract.createNamedQuery(AbstractSharedSessionContract.java:140) ~[hibernate-core-6.5.3.Final.jar:6.5.3.Final]
	at java.base/jdk.internal.reflect.DirectMethodHandleAccessor.invoke(DirectMethodHandleAccessor.java:103) ~[na:na]
	at java.base/java.lang.reflect.Method.invoke(Method.java:580) ~[na:na]
	at org.springframework.orm.jpa.ExtendedEntityManagerCreator$ExtendedEntityManagerInvocationHandler.invoke(ExtendedEntityManagerCreator.java:364) ~[spring-orm-6.1.13.jar:6.1.13]
	at jdk.proxy3/jdk.proxy3.$Proxy125.createNamedQuery(Unknown Source) ~[na:na]
	at org.springframework.data.jpa.repository.query.NamedQuery.hasNamedQuery(NamedQuery.java:112) ~[spring-data-jpa-3.3.4.jar:3.3.4]
	at org.springframework.data.jpa.repository.query.NamedQuery.lookupFrom(NamedQuery.java:138) ~[spring-data-jpa-3.3.4.jar:3.3.4]
	at org.springframework.data.jpa.repository.query.JpaQueryLookupStrategy$DeclaredQueryLookupStrategy.resolveQuery(JpaQueryLookupStrategy.java:180) ~[spring-data-jpa-3.3.4.jar:3.3.4]
	at org.springframework.data.jpa.repository.query.JpaQueryLookupStrategy$CreateIfNotFoundQueryLookupStrategy.resolveQuery(JpaQueryLookupStrategy.java:252) ~[spring-data-jpa-3.3.4.jar:3.3.4]
	at org.springframework.data.jpa.repository.query.JpaQueryLookupStrategy$AbstractQueryLookupStrategy.resolveQuery(JpaQueryLookupStrategy.java:95) ~[spring-data-jpa-3.3.4.jar:3.3.4]
	at org.springframework.data.repository.core.support.QueryExecutorMethodInterceptor.lookupQuery(QueryExecutorMethodInterceptor.java:115) ~[spring-data-commons-3.3.4.jar:3.3.4]
	at org.springframework.data.repository.core.support.QueryExecutorMethodInterceptor.mapMethodsToQuery(QueryExecutorMethodInterceptor.java:103) ~[spring-data-commons-3.3.4.jar:3.3.4]
	at org.springframework.data.repository.core.support.QueryExecutorMethodInterceptor.lambda$new$0(QueryExecutorMethodInterceptor.java:92) ~[spring-data-commons-3.3.4.jar:3.3.4]
	at java.base/java.util.Optional.map(Optional.java:260) ~[na:na]
	at org.springframework.data.repository.core.support.QueryExecutorMethodInterceptor.<init>(QueryExecutorMethodInterceptor.java:92) ~[spring-data-commons-3.3.4.jar:3.3.4]
	at org.springframework.data.repository.core.support.RepositoryFactorySupport.getRepository(RepositoryFactorySupport.java:357) ~[spring-data-commons-3.3.4.jar:3.3.4]
	at org.springframework.data.repository.core.support.RepositoryFactoryBeanSupport.lambda$afterPropertiesSet$5(RepositoryFactoryBeanSupport.java:286) ~[spring-data-commons-3.3.4.jar:3.3.4]
	at org.springframework.data.util.Lazy.getNullable(Lazy.java:135) ~[spring-data-commons-3.3.4.jar:3.3.4]
	at org.springframework.data.util.Lazy.get(Lazy.java:113) ~[spring-data-commons-3.3.4.jar:3.3.4]
	at org.springframework.data.repository.core.support.RepositoryFactoryBeanSupport.afterPropertiesSet(RepositoryFactoryBeanSupport.java:292) ~[spring-data-commons-3.3.4.jar:3.3.4]
	at org.springframework.data.jpa.repository.support.JpaRepositoryFactoryBean.afterPropertiesSet(JpaRepositoryFactoryBean.java:132) ~[spring-data-jpa-3.3.4.jar:3.3.4]
	at org.springframework.beans.factory.support.AbstractAutowireCapableBeanFactory.invokeInitMethods(AbstractAutowireCapableBeanFactory.java:1853) ~[spring-beans-6.1.13.jar:6.1.13]
	at org.springframework.beans.factory.support.AbstractAutowireCapableBeanFactory.initializeBean(AbstractAutowireCapableBeanFactory.java:1802) ~[spring-beans-6.1.13.jar:6.1.13]
	at org.springframework.beans.factory.support.AbstractAutowireCapableBeanFactory.doCreateBean(AbstractAutowireCapableBeanFactory.java:600) ~[spring-beans-6.1.13.jar:6.1.13]
	at org.springframework.beans.factory.support.AbstractAutowireCapableBeanFactory.createBean(AbstractAutowireCapableBeanFactory.java:522) ~[spring-beans-6.1.13.jar:6.1.13]
	at org.springframework.beans.factory.support.AbstractBeanFactory.lambda$doGetBean$0(AbstractBeanFactory.java:337) ~[spring-beans-6.1.13.jar:6.1.13]
	at org.springframework.beans.factory.support.DefaultSingletonBeanRegistry.getSingleton(DefaultSingletonBeanRegistry.java:234) ~[spring-beans-6.1.13.jar:6.1.13]
	at org.springframework.beans.factory.support.AbstractBeanFactory.doGetBean(AbstractBeanFactory.java:335) ~[spring-beans-6.1.13.jar:6.1.13]
	at org.springframework.beans.factory.support.AbstractBeanFactory.getBean(AbstractBeanFactory.java:200) ~[spring-beans-6.1.13.jar:6.1.13]
	at org.springframework.beans.factory.config.DependencyDescriptor.resolveCandidate(DependencyDescriptor.java:254) ~[spring-beans-6.1.13.jar:6.1.13]
	at org.springframework.beans.factory.support.DefaultListableBeanFactory.doResolveDependency(DefaultListableBeanFactory.java:1443) ~[spring-beans-6.1.13.jar:6.1.13]
	at org.springframework.beans.factory.support.DefaultListableBeanFactory.resolveDependency(DefaultListableBeanFactory.java:1353) ~[spring-beans-6.1.13.jar:6.1.13]
	at org.springframework.beans.factory.annotation.AutowiredAnnotationBeanPostProcessor$AutowiredFieldElement.resolveFieldValue(AutowiredAnnotationBeanPostProcessor.java:785) ~[spring-beans-6.1.13.jar:6.1.13]
	at org.springframework.beans.factory.annotation.AutowiredAnnotationBeanPostProcessor$AutowiredFieldElement.inject(AutowiredAnnotationBeanPostProcessor.java:768) ~[spring-beans-6.1.13.jar:6.1.13]
	at org.springframework.beans.factory.annotation.InjectionMetadata.inject(InjectionMetadata.java:145) ~[spring-beans-6.1.13.jar:6.1.13]
	at org.springframework.beans.factory.annotation.AutowiredAnnotationBeanPostProcessor.postProcessProperties(AutowiredAnnotationBeanPostProcessor.java:509) ~[spring-beans-6.1.13.jar:6.1.13]
	at org.springframework.beans.factory.support.AbstractAutowireCapableBeanFactory.populateBean(AbstractAutowireCapableBeanFactory.java:1439) ~[spring-beans-6.1.13.jar:6.1.13]
	at org.springframework.beans.factory.support.AbstractAutowireCapableBeanFactory.doCreateBean(AbstractAutowireCapableBeanFactory.java:599) ~[spring-beans-6.1.13.jar:6.1.13]
	at org.springframework.beans.factory.support.AbstractAutowireCapableBeanFactory.createBean(AbstractAutowireCapableBeanFactory.java:522) ~[spring-beans-6.1.13.jar:6.1.13]
	at org.springframework.beans.factory.support.AbstractBeanFactory.lambda$doGetBean$0(AbstractBeanFactory.java:337) ~[spring-beans-6.1.13.jar:6.1.13]
	at org.springframework.beans.factory.support.DefaultSingletonBeanRegistry.getSingleton(DefaultSingletonBeanRegistry.java:234) ~[spring-beans-6.1.13.jar:6.1.13]
	at org.springframework.beans.factory.support.AbstractBeanFactory.doGetBean(AbstractBeanFactory.java:335) ~[spring-beans-6.1.13.jar:6.1.13]
	at org.springframework.beans.factory.support.AbstractBeanFactory.getBean(AbstractBeanFactory.java:200) ~[spring-beans-6.1.13.jar:6.1.13]
	at org.springframework.beans.factory.config.DependencyDescriptor.resolveCandidate(DependencyDescriptor.java:254) ~[spring-beans-6.1.13.jar:6.1.13]
	at org.springframework.beans.factory.support.DefaultListableBeanFactory.doResolveDependency(DefaultListableBeanFactory.java:1443) ~[spring-beans-6.1.13.jar:6.1.13]
	at org.springframework.beans.factory.support.DefaultListableBeanFactory.resolveDependency(DefaultListableBeanFactory.java:1353) ~[spring-beans-6.1.13.jar:6.1.13]
	at org.springframework.beans.factory.annotation.AutowiredAnnotationBeanPostProcessor$AutowiredFieldElement.resolveFieldValue(AutowiredAnnotationBeanPostProcessor.java:785) ~[spring-beans-6.1.13.jar:6.1.13]
	at org.springframework.beans.factory.annotation.AutowiredAnnotationBeanPostProcessor$AutowiredFieldElement.inject(AutowiredAnnotationBeanPostProcessor.java:768) ~[spring-beans-6.1.13.jar:6.1.13]
	at org.springframework.beans.factory.annotation.InjectionMetadata.inject(InjectionMetadata.java:145) ~[spring-beans-6.1.13.jar:6.1.13]
	at org.springframework.beans.factory.annotation.AutowiredAnnotationBeanPostProcessor.postProcessProperties(AutowiredAnnotationBeanPostProcessor.java:509) ~[spring-beans-6.1.13.jar:6.1.13]
	at org.springframework.beans.factory.support.AbstractAutowireCapableBeanFactory.populateBean(AbstractAutowireCapableBeanFactory.java:1439) ~[spring-beans-6.1.13.jar:6.1.13]
	at org.springframework.beans.factory.support.AbstractAutowireCapableBeanFactory.doCreateBean(AbstractAutowireCapableBeanFactory.java:599) ~[spring-beans-6.1.13.jar:6.1.13]
	at org.springframework.beans.factory.support.AbstractAutowireCapableBeanFactory.createBean(AbstractAutowireCapableBeanFactory.java:522) ~[spring-beans-6.1.13.jar:6.1.13]
	at org.springframework.beans.factory.support.AbstractBeanFactory.lambda$doGetBean$0(AbstractBeanFactory.java:337) ~[spring-beans-6.1.13.jar:6.1.13]
	at org.springframework.beans.factory.support.DefaultSingletonBeanRegistry.getSingleton(DefaultSingletonBeanRegistry.java:234) ~[spring-beans-6.1.13.jar:6.1.13]
	at org.springframework.beans.factory.support.AbstractBeanFactory.doGetBean(AbstractBeanFactory.java:335) ~[spring-beans-6.1.13.jar:6.1.13]
	at org.springframework.beans.factory.support.AbstractBeanFactory.getBean(AbstractBeanFactory.java:200) ~[spring-beans-6.1.13.jar:6.1.13]
	at org.springframework.beans.factory.support.DefaultListableBeanFactory.preInstantiateSingletons(DefaultListableBeanFactory.java:975) ~[spring-beans-6.1.13.jar:6.1.13]
	at org.springframework.context.support.AbstractApplicationContext.finishBeanFactoryInitialization(AbstractApplicationContext.java:971) ~[spring-context-6.1.13.jar:6.1.13]
	at org.springframework.context.support.AbstractApplicationContext.refresh(AbstractApplicationContext.java:625) ~[spring-context-6.1.13.jar:6.1.13]
	at org.springframework.boot.SpringApplication.refresh(SpringApplication.java:754) ~[spring-boot-3.3.4.jar:3.3.4]
	at org.springframework.boot.SpringApplication.refreshContext(SpringApplication.java:456) ~[spring-boot-3.3.4.jar:3.3.4]
	at org.springframework.boot.SpringApplication.run(SpringApplication.java:335) ~[spring-boot-3.3.4.jar:3.3.4]
	at org.springframework.boot.test.context.SpringBootContextLoader.lambda$loadContext$3(SpringBootContextLoader.java:137) ~[spring-boot-test-3.3.4.jar:3.3.4]
	at org.springframework.util.function.ThrowingSupplier.get(ThrowingSupplier.java:58) ~[spring-core-6.1.13.jar:6.1.13]
	at org.springframework.util.function.ThrowingSupplier.get(ThrowingSupplier.java:46) ~[spring-core-6.1.13.jar:6.1.13]
	at org.springframework.boot.SpringApplication.withHook(SpringApplication.java:1463) ~[spring-boot-3.3.4.jar:3.3.4]
	at org.springframework.boot.test.context.SpringBootContextLoader$ContextLoaderHook.run(SpringBootContextLoader.java:553) ~[spring-boot-test-3.3.4.jar:3.3.4]
	at org.springframework.boot.test.context.SpringBootContextLoader.loadContext(SpringBootContextLoader.java:137) ~[spring-boot-test-3.3.4.jar:3.3.4]
	at org.springframework.boot.test.context.SpringBootContextLoader.loadContext(SpringBootContextLoader.java:108) ~[spring-boot-test-3.3.4.jar:3.3.4]
	at org.springframework.test.context.cache.DefaultCacheAwareContextLoaderDelegate.loadContextInternal(DefaultCacheAwareContextLoaderDelegate.java:225) ~[spring-test-6.1.13.jar:6.1.13]
	at org.springframework.test.context.cache.DefaultCacheAwareContextLoaderDelegate.loadContext(DefaultCacheAwareContextLoaderDelegate.java:152) ~[spring-test-6.1.13.jar:6.1.13]
	at org.springframework.test.context.support.DefaultTestContext.getApplicationContext(DefaultTestContext.java:130) ~[spring-test-6.1.13.jar:6.1.13]
	at org.springframework.test.context.web.ServletTestExecutionListener.setUpRequestContextIfNecessary(ServletTestExecutionListener.java:191) ~[spring-test-6.1.13.jar:6.1.13]
	at org.springframework.test.context.web.ServletTestExecutionListener.prepareTestInstance(ServletTestExecutionListener.java:130) ~[spring-test-6.1.13.jar:6.1.13]
	at org.springframework.test.context.TestContextManager.prepareTestInstance(TestContextManager.java:260) ~[spring-test-6.1.13.jar:6.1.13]
	at org.springframework.test.context.junit.jupiter.SpringExtension.postProcessTestInstance(SpringExtension.java:163) ~[spring-test-6.1.13.jar:6.1.13]
	at org.junit.jupiter.engine.descriptor.ClassBasedTestDescriptor.lambda$invokeTestInstancePostProcessors$10(ClassBasedTestDescriptor.java:378) ~[junit-jupiter-engine-5.10.3.jar:5.10.3]
	at org.junit.jupiter.engine.descriptor.ClassBasedTestDescriptor.executeAndMaskThrowable(ClassBasedTestDescriptor.java:383) ~[junit-jupiter-engine-5.10.3.jar:5.10.3]
	at org.junit.jupiter.engine.descriptor.ClassBasedTestDescriptor.lambda$invokeTestInstancePostProcessors$11(ClassBasedTestDescriptor.java:378) ~[junit-jupiter-engine-5.10.3.jar:5.10.3]
	at java.base/java.util.stream.ReferencePipeline$3$1.accept(ReferencePipeline.java:215) ~[na:na]
	at java.base/java.util.stream.ReferencePipeline$2$1.accept(ReferencePipeline.java:197) ~[na:na]
	at java.base/java.util.ArrayList$ArrayListSpliterator.forEachRemaining(ArrayList.java:1709) ~[na:na]
	at java.base/java.util.stream.AbstractPipeline.copyInto(AbstractPipeline.java:570) ~[na:na]
	at java.base/java.util.stream.AbstractPipeline.wrapAndCopyInto(AbstractPipeline.java:560) ~[na:na]
	at java.base/java.util.stream.StreamSpliterators$WrappingSpliterator.forEachRemaining(StreamSpliterators.java:315) ~[na:na]
	at java.base/java.util.stream.Streams$ConcatSpliterator.forEachRemaining(Streams.java:735) ~[na:na]
	at java.base/java.util.stream.Streams$ConcatSpliterator.forEachRemaining(Streams.java:734) ~[na:na]
	at java.base/java.util.stream.ReferencePipeline$Head.forEach(ReferencePipeline.java:807) ~[na:na]
	at org.junit.jupiter.engine.descriptor.ClassBasedTestDescriptor.invokeTestInstancePostProcessors(ClassBasedTestDescriptor.java:377) ~[junit-jupiter-engine-5.10.3.jar:5.10.3]
	at org.junit.jupiter.engine.descriptor.ClassBasedTestDescriptor.lambda$instantiateAndPostProcessTestInstance$6(ClassBasedTestDescriptor.java:290) ~[junit-jupiter-engine-5.10.3.jar:5.10.3]
	at org.junit.platform.engine.support.hierarchical.ThrowableCollector.execute(ThrowableCollector.java:73) ~[junit-platform-engine-1.10.3.jar:1.10.3]
	at org.junit.jupiter.engine.descriptor.ClassBasedTestDescriptor.instantiateAndPostProcessTestInstance(ClassBasedTestDescriptor.java:289) ~[junit-jupiter-engine-5.10.3.jar:5.10.3]
	at org.junit.jupiter.engine.descriptor.ClassBasedTestDescriptor.lambda$testInstancesProvider$4(ClassBasedTestDescriptor.java:279) ~[junit-jupiter-engine-5.10.3.jar:5.10.3]
	at java.base/java.util.Optional.orElseGet(Optional.java:364) ~[na:na]
	at org.junit.jupiter.engine.descriptor.ClassBasedTestDescriptor.lambda$testInstancesProvider$5(ClassBasedTestDescriptor.java:278) ~[junit-jupiter-engine-5.10.3.jar:5.10.3]
	at org.junit.jupiter.engine.execution.TestInstancesProvider.getTestInstances(TestInstancesProvider.java:31) ~[junit-jupiter-engine-5.10.3.jar:5.10.3]
	at org.junit.jupiter.engine.descriptor.TestMethodTestDescriptor.lambda$prepare$0(TestMethodTestDescriptor.java:106) ~[junit-jupiter-engine-5.10.3.jar:5.10.3]
	at org.junit.platform.engine.support.hierarchical.ThrowableCollector.execute(ThrowableCollector.java:73) ~[junit-platform-engine-1.10.3.jar:1.10.3]
	at org.junit.jupiter.engine.descriptor.TestMethodTestDescriptor.prepare(TestMethodTestDescriptor.java:105) ~[junit-jupiter-engine-5.10.3.jar:5.10.3]
	at org.junit.jupiter.engine.descriptor.TestMethodTestDescriptor.prepare(TestMethodTestDescriptor.java:69) ~[junit-jupiter-engine-5.10.3.jar:5.10.3]
	at org.junit.platform.engine.support.hierarchical.NodeTestTask.lambda$prepare$2(NodeTestTask.java:123) ~[junit-platform-engine-1.10.3.jar:1.10.3]
	at org.junit.platform.engine.support.hierarchical.ThrowableCollector.execute(ThrowableCollector.java:73) ~[junit-platform-engine-1.10.3.jar:1.10.3]
	at org.junit.platform.engine.support.hierarchical.NodeTestTask.prepare(NodeTestTask.java:123) ~[junit-platform-engine-1.10.3.jar:1.10.3]
	at org.junit.platform.engine.support.hierarchical.NodeTestTask.execute(NodeTestTask.java:90) ~[junit-platform-engine-1.10.3.jar:1.10.3]
	at java.base/java.util.ArrayList.forEach(ArrayList.java:1597) ~[na:na]
	at org.junit.platform.engine.support.hierarchical.SameThreadHierarchicalTestExecutorService.invokeAll(SameThreadHierarchicalTestExecutorService.java:41) ~[junit-platform-engine-1.10.3.jar:1.10.3]
	at org.junit.platform.engine.support.hierarchical.NodeTestTask.lambda$executeRecursively$6(NodeTestTask.java:155) ~[junit-platform-engine-1.10.3.jar:1.10.3]
	at org.junit.platform.engine.support.hierarchical.ThrowableCollector.execute(ThrowableCollector.java:73) ~[junit-platform-engine-1.10.3.jar:1.10.3]
	at org.junit.platform.engine.support.hierarchical.NodeTestTask.lambda$executeRecursively$8(NodeTestTask.java:141) ~[junit-platform-engine-1.10.3.jar:1.10.3]
	at org.junit.platform.engine.support.hierarchical.Node.around(Node.java:137) ~[junit-platform-engine-1.10.3.jar:1.10.3]
	at org.junit.platform.engine.support.hierarchical.NodeTestTask.lambda$executeRecursively$9(NodeTestTask.java:139) ~[junit-platform-engine-1.10.3.jar:1.10.3]
	at org.junit.platform.engine.support.hierarchical.ThrowableCollector.execute(ThrowableCollector.java:73) ~[junit-platform-engine-1.10.3.jar:1.10.3]
	at org.junit.platform.engine.support.hierarchical.NodeTestTask.executeRecursively(NodeTestTask.java:138) ~[junit-platform-engine-1.10.3.jar:1.10.3]
	at org.junit.platform.engine.support.hierarchical.NodeTestTask.execute(NodeTestTask.java:95) ~[junit-platform-engine-1.10.3.jar:1.10.3]
	at java.base/java.util.ArrayList.forEach(ArrayList.java:1597) ~[na:na]
	at org.junit.platform.engine.support.hierarchical.SameThreadHierarchicalTestExecutorService.invokeAll(SameThreadHierarchicalTestExecutorService.java:41) ~[junit-platform-engine-1.10.3.jar:1.10.3]
	at org.junit.platform.engine.support.hierarchical.NodeTestTask.lambda$executeRecursively$6(NodeTestTask.java:155) ~[junit-platform-engine-1.10.3.jar:1.10.3]
	at org.junit.platform.engine.support.hierarchical.ThrowableCollector.execute(ThrowableCollector.java:73) ~[junit-platform-engine-1.10.3.jar:1.10.3]
	at org.junit.platform.engine.support.hierarchical.NodeTestTask.lambda$executeRecursively$8(NodeTestTask.java:141) ~[junit-platform-engine-1.10.3.jar:1.10.3]
	at org.junit.platform.engine.support.hierarchical.Node.around(Node.java:137) ~[junit-platform-engine-1.10.3.jar:1.10.3]
	at org.junit.platform.engine.support.hierarchical.NodeTestTask.lambda$executeRecursively$9(NodeTestTask.java:139) ~[junit-platform-engine-1.10.3.jar:1.10.3]
	at org.junit.platform.engine.support.hierarchical.ThrowableCollector.execute(ThrowableCollector.java:73) ~[junit-platform-engine-1.10.3.jar:1.10.3]
	at org.junit.platform.engine.support.hierarchical.NodeTestTask.executeRecursively(NodeTestTask.java:138) ~[junit-platform-engine-1.10.3.jar:1.10.3]
	at org.junit.platform.engine.support.hierarchical.NodeTestTask.execute(NodeTestTask.java:95) ~[junit-platform-engine-1.10.3.jar:1.10.3]
	at org.junit.platform.engine.support.hierarchical.SameThreadHierarchicalTestExecutorService.submit(SameThreadHierarchicalTestExecutorService.java:35) ~[junit-platform-engine-1.10.3.jar:1.10.3]
	at org.junit.platform.engine.support.hierarchical.HierarchicalTestExecutor.execute(HierarchicalTestExecutor.java:57) ~[junit-platform-engine-1.10.3.jar:1.10.3]
	at org.junit.platform.engine.support.hierarchical.HierarchicalTestEngine.execute(HierarchicalTestEngine.java:54) ~[junit-platform-engine-1.10.3.jar:1.10.3]
	at org.junit.platform.launcher.core.EngineExecutionOrchestrator.execute(EngineExecutionOrchestrator.java:198) ~[junit-platform-launcher-1.10.3.jar:1.10.3]
	at org.junit.platform.launcher.core.EngineExecutionOrchestrator.execute(EngineExecutionOrchestrator.java:169) ~[junit-platform-launcher-1.10.3.jar:1.10.3]
	at org.junit.platform.launcher.core.EngineExecutionOrchestrator.execute(EngineExecutionOrchestrator.java:93) ~[junit-platform-launcher-1.10.3.jar:1.10.3]
	at org.junit.platform.launcher.core.EngineExecutionOrchestrator.lambda$execute$0(EngineExecutionOrchestrator.java:58) ~[junit-platform-launcher-1.10.3.jar:1.10.3]
	at org.junit.platform.launcher.core.EngineExecutionOrchestrator.withInterceptedStreams(EngineExecutionOrchestrator.java:141) ~[junit-platform-launcher-1.10.3.jar:1.10.3]
	at org.junit.platform.launcher.core.EngineExecutionOrchestrator.execute(EngineExecutionOrchestrator.java:57) ~[junit-platform-launcher-1.10.3.jar:1.10.3]
	at org.junit.platform.launcher.core.DefaultLauncher.execute(DefaultLauncher.java:103) ~[junit-platform-launcher-1.10.3.jar:1.10.3]
	at org.junit.platform.launcher.core.DefaultLauncher.execute(DefaultLauncher.java:85) ~[junit-platform-launcher-1.10.3.jar:1.10.3]
	at org.junit.platform.launcher.core.DelegatingLauncher.execute(DelegatingLauncher.java:47) ~[junit-platform-launcher-1.10.3.jar:1.10.3]
	at org.gradle.api.internal.tasks.testing.junitplatform.JUnitPlatformTestClassProcessor$CollectAllTestClassesExecutor.processAllTestClasses(JUnitPlatformTestClassProcessor.java:124) ~[na:na]
	at org.gradle.api.internal.tasks.testing.junitplatform.JUnitPlatformTestClassProcessor$CollectAllTestClassesExecutor.access$000(JUnitPlatformTestClassProcessor.java:99) ~[na:na]
	at org.gradle.api.internal.tasks.testing.junitplatform.JUnitPlatformTestClassProcessor.stop(JUnitPlatformTestClassProcessor.java:94) ~[na:na]
	at org.gradle.api.internal.tasks.testing.SuiteTestClassProcessor.stop(SuiteTestClassProcessor.java:63) ~[na:na]
	at java.base/jdk.internal.reflect.DirectMethodHandleAccessor.invoke(DirectMethodHandleAccessor.java:103) ~[na:na]
	at java.base/java.lang.reflect.Method.invoke(Method.java:580) ~[na:na]
	at org.gradle.internal.dispatch.ReflectionDispatch.dispatch(ReflectionDispatch.java:36) ~[na:na]
	at org.gradle.internal.dispatch.ReflectionDispatch.dispatch(ReflectionDispatch.java:24) ~[na:na]
	at org.gradle.internal.dispatch.ContextClassLoaderDispatch.dispatch(ContextClassLoaderDispatch.java:33) ~[na:na]
	at org.gradle.internal.dispatch.ProxyDispatchAdapter$DispatchingInvocationHandler.invoke(ProxyDispatchAdapter.java:92) ~[na:na]
	at jdk.proxy1/jdk.proxy1.$Proxy4.stop(Unknown Source) ~[na:na]
	at org.gradle.api.internal.tasks.testing.worker.TestWorker$3.run(TestWorker.java:200) ~[na:na]
	at org.gradle.api.internal.tasks.testing.worker.TestWorker.executeAndMaintainThreadName(TestWorker.java:132) ~[na:na]
	at org.gradle.api.internal.tasks.testing.worker.TestWorker.execute(TestWorker.java:103) ~[na:na]
	at org.gradle.api.internal.tasks.testing.worker.TestWorker.execute(TestWorker.java:63) ~[na:na]
	at org.gradle.process.internal.worker.child.ActionExecutionWorker.execute(ActionExecutionWorker.java:56) ~[na:na]
	at org.gradle.process.internal.worker.child.SystemApplicationClassLoaderWorker.call(SystemApplicationClassLoaderWorker.java:121) ~[na:na]
	at org.gradle.process.internal.worker.child.SystemApplicationClassLoaderWorker.call(SystemApplicationClassLoaderWorker.java:71) ~[na:na]
	at worker.org.gradle.process.internal.worker.GradleWorkerMain.run(GradleWorkerMain.java:69) ~[gradle-worker.jar:na]
	at worker.org.gradle.process.internal.worker.GradleWorkerMain.main(GradleWorkerMain.java:74) ~[gradle-worker.jar:na]

2024-10-22T23:42:53.947+03:00 DEBUG 4560 --- [reelQuill] [    Test worker] o.s.d.jpa.repository.query.NamedQuery    : Did not find named query User.findByUsername
2024-10-22T23:42:53.947+03:00 DEBUG 4560 --- [reelQuill] [    Test worker] tor$SharedEntityManagerInvocationHandler : Creating new EntityManager for shared EntityManager invocation
2024-10-22T23:42:53.998+03:00 DEBUG 4560 --- [reelQuill] [    Test worker] o.s.d.r.c.s.RepositoryFactorySupport     : Finished creation of repository instance for com.example.reelquill.repository.UserRepository.
2024-10-22T23:42:53.998+03:00 DEBUG 4560 --- [reelQuill] [    Test worker] o.s.b.f.s.DefaultListableBeanFactory     : Creating shared instance of singleton bean 'jwtUtil'
2024-10-22T23:42:54.003+03:00 DEBUG 4560 --- [reelQuill] [    Test worker] o.s.b.f.s.DefaultListableBeanFactory     : Creating shared instance of singleton bean 'globalExceptionHandler'
2024-10-22T23:42:54.003+03:00 DEBUG 4560 --- [reelQuill] [    Test worker] o.s.b.f.s.DefaultListableBeanFactory     : Creating shared instance of singleton bean 'org.springframework.boot.autoconfigure.context.PropertyPlaceholderAutoConfiguration'
2024-10-22T23:42:54.003+03:00 DEBUG 4560 --- [reelQuill] [    Test worker] o.s.b.f.s.DefaultListableBeanFactory     : Creating shared instance of singleton bean 'org.springframework.boot.autoconfigure.ssl.SslAutoConfiguration'
2024-10-22T23:42:54.003+03:00 DEBUG 4560 --- [reelQuill] [    Test worker] o.s.b.f.s.DefaultListableBeanFactory     : Creating shared instance of singleton bean 'spring.ssl-org.springframework.boot.autoconfigure.ssl.SslProperties'
2024-10-22T23:42:54.007+03:00 DEBUG 4560 --- [reelQuill] [    Test worker] o.s.b.f.s.DefaultListableBeanFactory     : Autowiring by type from bean name 'org.springframework.boot.autoconfigure.ssl.SslAutoConfiguration' via constructor to bean named 'spring.ssl-org.springframework.boot.autoconfigure.ssl.SslProperties'
2024-10-22T23:42:54.007+03:00 DEBUG 4560 --- [reelQuill] [    Test worker] o.s.b.f.s.DefaultListableBeanFactory     : Creating shared instance of singleton bean 'fileWatcher'
2024-10-22T23:42:54.012+03:00 DEBUG 4560 --- [reelQuill] [    Test worker] o.s.b.f.s.DefaultListableBeanFactory     : Creating shared instance of singleton bean 'sslPropertiesSslBundleRegistrar'
2024-10-22T23:42:54.012+03:00 DEBUG 4560 --- [reelQuill] [    Test worker] o.s.b.f.s.DefaultListableBeanFactory     : Autowiring by type from bean name 'sslPropertiesSslBundleRegistrar' via factory method to bean named 'fileWatcher'
2024-10-22T23:42:54.012+03:00 DEBUG 4560 --- [reelQuill] [    Test worker] o.s.b.f.s.DefaultListableBeanFactory     : Creating shared instance of singleton bean 'sslBundleRegistry'
2024-10-22T23:42:54.019+03:00 DEBUG 4560 --- [reelQuill] [    Test worker] o.s.b.f.s.DefaultListableBeanFactory     : Creating shared instance of singleton bean 'org.springframework.boot.autoconfigure.websocket.servlet.WebSocketServletAutoConfiguration$TomcatWebSocketConfiguration'
2024-10-22T23:42:54.019+03:00 DEBUG 4560 --- [reelQuill] [    Test worker] o.s.b.f.s.DefaultListableBeanFactory     : Creating shared instance of singleton bean 'websocketServletWebServerCustomizer'
2024-10-22T23:42:54.019+03:00 DEBUG 4560 --- [reelQuill] [    Test worker] o.s.b.f.s.DefaultListableBeanFactory     : Creating shared instance of singleton bean 'org.springframework.boot.autoconfigure.websocket.servlet.WebSocketServletAutoConfiguration'
2024-10-22T23:42:54.027+03:00 DEBUG 4560 --- [reelQuill] [    Test worker] o.s.b.f.s.DefaultListableBeanFactory     : Creating shared instance of singleton bean 'org.springframework.boot.autoconfigure.web.servlet.ServletWebServerFactoryConfiguration$EmbeddedTomcat'
2024-10-22T23:42:54.027+03:00 DEBUG 4560 --- [reelQuill] [    Test worker] o.s.b.f.s.DefaultListableBeanFactory     : Creating shared instance of singleton bean 'tomcatServletWebServerFactory'
2024-10-22T23:42:54.057+03:00 DEBUG 4560 --- [reelQuill] [    Test worker] o.a.catalina.core.AprLifecycleListener   : The Apache Tomcat Native library could not be found using names [tcnative-2, libtcnative-2, tcnative-1, libtcnative-1] on the java.library.path [C:\Program Files\Java\jdk-23\bin;C:\Windows\Sun\Java\bin;C:\Windows\system32;C:\Windows;C:\Program Files\Common Files\Oracle\Java\javapath;C:\Windows\system32;C:\Windows;C:\Windows\System32\Wbem;C:\Windows\System32\WindowsPowerShell\v1.0\;C:\Windows\System32\OpenSSH\;C:\Program Files\NVIDIA Corporation\NVIDIA NvDLISR;C:\Program Files (x86)\NVIDIA Corporation\PhysX\Common;C:\Program Files\nodejs\;C:\Program Files\dotnet\;C:\Program Files\Git\cmd;C:\Program Files\Microsoft SQL Server\150\Tools\Binn\;C:\Program Files\Microsoft SQL Server\Client SDK\ODBC\170\Tools\Binn\;C:\Windows\system32;C:\Windows;C:\Windows\System32\Wbem;C:\Windows\System32\WindowsPowerShell\v1.0\;C:\Windows\System32\OpenSSH\;C:\Program Files\NVIDIA Corporation\NVIDIA NvDLISR;C:\Program Files (x86)\NVIDIA Corporation\PhysX\Common;C:\Program Files\nodejs\;C:\Program Files\Git\cmd;C:\Users\basak\AppData\Local\Microsoft\WindowsApps;C:\Users\basak\AppData\Local\Programs\Microsoft VS Code\bin;C:\Users\basak\AppData\Roaming\npm;C:\Users\basak\.dotnet\tools;C:\Program Files\JetBrains\IntelliJ IDEA 2024.2.3\bin;;.]. The errors reported were [Can't load library: C:\Users\basak\IdeaProjects\reelQuill\bin\tcnative-2.dll, Can't load library: C:\Users\basak\IdeaProjects\reelQuill\bin\libtcnative-2.dll, Can't load library: C:\Users\basak\IdeaProjects\reelQuill\bin\tcnative-1.dll, Can't load library: C:\Users\basak\IdeaProjects\reelQuill\bin\libtcnative-1.dll, no tcnative-2 in java.library.path: C:\Program Files\Java\jdk-23\bin;C:\Windows\Sun\Java\bin;C:\Windows\system32;C:\Windows;C:\Program Files\Common Files\Oracle\Java\javapath;C:\Windows\system32;C:\Windows;C:\Windows\System32\Wbem;C:\Windows\System32\WindowsPowerShell\v1.0\;C:\Windows\System32\OpenSSH\;C:\Program Files\NVIDIA Corporation\NVIDIA NvDLISR;C:\Program Files (x86)\NVIDIA Corporation\PhysX\Common;C:\Program Files\nodejs\;C:\Program Files\dotnet\;C:\Program Files\Git\cmd;C:\Program Files\Microsoft SQL Server\150\Tools\Binn\;C:\Program Files\Microsoft SQL Server\Client SDK\ODBC\170\Tools\Binn\;C:\Windows\system32;C:\Windows;C:\Windows\System32\Wbem;C:\Windows\System32\WindowsPowerShell\v1.0\;C:\Windows\System32\OpenSSH\;C:\Program Files\NVIDIA Corporation\NVIDIA NvDLISR;C:\Program Files (x86)\NVIDIA Corporation\PhysX\Common;C:\Program Files\nodejs\;C:\Program Files\Git\cmd;C:\Users\basak\AppData\Local\Microsoft\WindowsApps;C:\Users\basak\AppData\Local\Programs\Microsoft VS Code\bin;C:\Users\basak\AppData\Roaming\npm;C:\Users\basak\.dotnet\tools;C:\Program Files\JetBrains\IntelliJ IDEA 2024.2.3\bin;;., no libtcnative-2 in java.library.path: C:\Program Files\Java\jdk-23\bin;C:\Windows\Sun\Java\bin;C:\Windows\system32;C:\Windows;C:\Program Files\Common Files\Oracle\Java\javapath;C:\Windows\system32;C:\Windows;C:\Windows\System32\Wbem;C:\Windows\System32\WindowsPowerShell\v1.0\;C:\Windows\System32\OpenSSH\;C:\Program Files\NVIDIA Corporation\NVIDIA NvDLISR;C:\Program Files (x86)\NVIDIA Corporation\PhysX\Common;C:\Program Files\nodejs\;C:\Program Files\dotnet\;C:\Program Files\Git\cmd;C:\Program Files\Microsoft SQL Server\150\Tools\Binn\;C:\Program Files\Microsoft SQL Server\Client SDK\ODBC\170\Tools\Binn\;C:\Windows\system32;C:\Windows;C:\Windows\System32\Wbem;C:\Windows\System32\WindowsPowerShell\v1.0\;C:\Windows\System32\OpenSSH\;C:\Program Files\NVIDIA Corporation\NVIDIA NvDLISR;C:\Program Files (x86)\NVIDIA Corporation\PhysX\Common;C:\Program Files\nodejs\;C:\Program Files\Git\cmd;C:\Users\basak\AppData\Local\Microsoft\WindowsApps;C:\Users\basak\AppData\Local\Programs\Microsoft VS Code\bin;C:\Users\basak\AppData\Roaming\npm;C:\Users\basak\.dotnet\tools;C:\Program Files\JetBrains\IntelliJ IDEA 2024.2.3\bin;;., no tcnative-1 in java.library.path: C:\Program Files\Java\jdk-23\bin;C:\Windows\Sun\Java\bin;C:\Windows\system32;C:\Windows;C:\Program Files\Common Files\Oracle\Java\javapath;C:\Windows\system32;C:\Windows;C:\Windows\System32\Wbem;C:\Windows\System32\WindowsPowerShell\v1.0\;C:\Windows\System32\OpenSSH\;C:\Program Files\NVIDIA Corporation\NVIDIA NvDLISR;C:\Program Files (x86)\NVIDIA Corporation\PhysX\Common;C:\Program Files\nodejs\;C:\Program Files\dotnet\;C:\Program Files\Git\cmd;C:\Program Files\Microsoft SQL Server\150\Tools\Binn\;C:\Program Files\Microsoft SQL Server\Client SDK\ODBC\170\Tools\Binn\;C:\Windows\system32;C:\Windows;C:\Windows\System32\Wbem;C:\Windows\System32\WindowsPowerShell\v1.0\;C:\Windows\System32\OpenSSH\;C:\Program Files\NVIDIA Corporation\NVIDIA NvDLISR;C:\Program Files (x86)\NVIDIA Corporation\PhysX\Common;C:\Program Files\nodejs\;C:\Program Files\Git\cmd;C:\Users\basak\AppData\Local\Microsoft\WindowsApps;C:\Users\basak\AppData\Local\Programs\Microsoft VS Code\bin;C:\Users\basak\AppData\Roaming\npm;C:\Users\basak\.dotnet\tools;C:\Program Files\JetBrains\IntelliJ IDEA 2024.2.3\bin;;., no libtcnative-1 in java.library.path: C:\Program Files\Java\jdk-23\bin;C:\Windows\Sun\Java\bin;C:\Windows\system32;C:\Windows;C:\Program Files\Common Files\Oracle\Java\javapath;C:\Windows\system32;C:\Windows;C:\Windows\System32\Wbem;C:\Windows\System32\WindowsPowerShell\v1.0\;C:\Windows\System32\OpenSSH\;C:\Program Files\NVIDIA Corporation\NVIDIA NvDLISR;C:\Program Files (x86)\NVIDIA Corporation\PhysX\Common;C:\Program Files\nodejs\;C:\Program Files\dotnet\;C:\Program Files\Git\cmd;C:\Program Files\Microsoft SQL Server\150\Tools\Binn\;C:\Program Files\Microsoft SQL Server\Client SDK\ODBC\170\Tools\Binn\;C:\Windows\system32;C:\Windows;C:\Windows\System32\Wbem;C:\Windows\System32\WindowsPowerShell\v1.0\;C:\Windows\System32\OpenSSH\;C:\Program Files\NVIDIA Corporation\NVIDIA NvDLISR;C:\Program Files (x86)\NVIDIA Corporation\PhysX\Common;C:\Program Files\nodejs\;C:\Program Files\Git\cmd;C:\Users\basak\AppData\Local\Microsoft\WindowsApps;C:\Users\basak\AppData\Local\Programs\Microsoft VS Code\bin;C:\Users\basak\AppData\Roaming\npm;C:\Users\basak\.dotnet\tools;C:\Program Files\JetBrains\IntelliJ IDEA 2024.2.3\bin;;.]

org.apache.tomcat.jni.LibraryNotFoundError: Can't load library: C:\Users\basak\IdeaProjects\reelQuill\bin\tcnative-2.dll, Can't load library: C:\Users\basak\IdeaProjects\reelQuill\bin\libtcnative-2.dll, Can't load library: C:\Users\basak\IdeaProjects\reelQuill\bin\tcnative-1.dll, Can't load library: C:\Users\basak\IdeaProjects\reelQuill\bin\libtcnative-1.dll, no tcnative-2 in java.library.path: C:\Program Files\Java\jdk-23\bin;C:\Windows\Sun\Java\bin;C:\Windows\system32;C:\Windows;C:\Program Files\Common Files\Oracle\Java\javapath;C:\Windows\system32;C:\Windows;C:\Windows\System32\Wbem;C:\Windows\System32\WindowsPowerShell\v1.0\;C:\Windows\System32\OpenSSH\;C:\Program Files\NVIDIA Corporation\NVIDIA NvDLISR;C:\Program Files (x86)\NVIDIA Corporation\PhysX\Common;C:\Program Files\nodejs\;C:\Program Files\dotnet\;C:\Program Files\Git\cmd;C:\Program Files\Microsoft SQL Server\150\Tools\Binn\;C:\Program Files\Microsoft SQL Server\Client SDK\ODBC\170\Tools\Binn\;C:\Windows\system32;C:\Windows;C:\Windows\System32\Wbem;C:\Windows\System32\WindowsPowerShell\v1.0\;C:\Windows\System32\OpenSSH\;C:\Program Files\NVIDIA Corporation\NVIDIA NvDLISR;C:\Program Files (x86)\NVIDIA Corporation\PhysX\Common;C:\Program Files\nodejs\;C:\Program Files\Git\cmd;C:\Users\basak\AppData\Local\Microsoft\WindowsApps;C:\Users\basak\AppData\Local\Programs\Microsoft VS Code\bin;C:\Users\basak\AppData\Roaming\npm;C:\Users\basak\.dotnet\tools;C:\Program Files\JetBrains\IntelliJ IDEA 2024.2.3\bin;;., no libtcnative-2 in java.library.path: C:\Program Files\Java\jdk-23\bin;C:\Windows\Sun\Java\bin;C:\Windows\system32;C:\Windows;C:\Program Files\Common Files\Oracle\Java\javapath;C:\Windows\system32;C:\Windows;C:\Windows\System32\Wbem;C:\Windows\System32\WindowsPowerShell\v1.0\;C:\Windows\System32\OpenSSH\;C:\Program Files\NVIDIA Corporation\NVIDIA NvDLISR;C:\Program Files (x86)\NVIDIA Corporation\PhysX\Common;C:\Program Files\nodejs\;C:\Program Files\dotnet\;C:\Program Files\Git\cmd;C:\Program Files\Microsoft SQL Server\150\Tools\Binn\;C:\Program Files\Microsoft SQL Server\Client SDK\ODBC\170\Tools\Binn\;C:\Windows\system32;C:\Windows;C:\Windows\System32\Wbem;C:\Windows\System32\WindowsPowerShell\v1.0\;C:\Windows\System32\OpenSSH\;C:\Program Files\NVIDIA Corporation\NVIDIA NvDLISR;C:\Program Files (x86)\NVIDIA Corporation\PhysX\Common;C:\Program Files\nodejs\;C:\Program Files\Git\cmd;C:\Users\basak\AppData\Local\Microsoft\WindowsApps;C:\Users\basak\AppData\Local\Programs\Microsoft VS Code\bin;C:\Users\basak\AppData\Roaming\npm;C:\Users\basak\.dotnet\tools;C:\Program Files\JetBrains\IntelliJ IDEA 2024.2.3\bin;;., no tcnative-1 in java.library.path: C:\Program Files\Java\jdk-23\bin;C:\Windows\Sun\Java\bin;C:\Windows\system32;C:\Windows;C:\Program Files\Common Files\Oracle\Java\javapath;C:\Windows\system32;C:\Windows;C:\Windows\System32\Wbem;C:\Windows\System32\WindowsPowerShell\v1.0\;C:\Windows\System32\OpenSSH\;C:\Program Files\NVIDIA Corporation\NVIDIA NvDLISR;C:\Program Files (x86)\NVIDIA Corporation\PhysX\Common;C:\Program Files\nodejs\;C:\Program Files\dotnet\;C:\Program Files\Git\cmd;C:\Program Files\Microsoft SQL Server\150\Tools\Binn\;C:\Program Files\Microsoft SQL Server\Client SDK\ODBC\170\Tools\Binn\;C:\Windows\system32;C:\Windows;C:\Windows\System32\Wbem;C:\Windows\System32\WindowsPowerShell\v1.0\;C:\Windows\System32\OpenSSH\;C:\Program Files\NVIDIA Corporation\NVIDIA NvDLISR;C:\Program Files (x86)\NVIDIA Corporation\PhysX\Common;C:\Program Files\nodejs\;C:\Program Files\Git\cmd;C:\Users\basak\AppData\Local\Microsoft\WindowsApps;C:\Users\basak\AppData\Local\Programs\Microsoft VS Code\bin;C:\Users\basak\AppData\Roaming\npm;C:\Users\basak\.dotnet\tools;C:\Program Files\JetBrains\IntelliJ IDEA 2024.2.3\bin;;., no libtcnative-1 in java.library.path: C:\Program Files\Java\jdk-23\bin;C:\Windows\Sun\Java\bin;C:\Windows\system32;C:\Windows;C:\Program Files\Common Files\Oracle\Java\javapath;C:\Windows\system32;C:\Windows;C:\Windows\System32\Wbem;C:\Windows\System32\WindowsPowerShell\v1.0\;C:\Windows\System32\OpenSSH\;C:\Program Files\NVIDIA Corporation\NVIDIA NvDLISR;C:\Program Files (x86)\NVIDIA Corporation\PhysX\Common;C:\Program Files\nodejs\;C:\Program Files\dotnet\;C:\Program Files\Git\cmd;C:\Program Files\Microsoft SQL Server\150\Tools\Binn\;C:\Program Files\Microsoft SQL Server\Client SDK\ODBC\170\Tools\Binn\;C:\Windows\system32;C:\Windows;C:\Windows\System32\Wbem;C:\Windows\System32\WindowsPowerShell\v1.0\;C:\Windows\System32\OpenSSH\;C:\Program Files\NVIDIA Corporation\NVIDIA NvDLISR;C:\Program Files (x86)\NVIDIA Corporation\PhysX\Common;C:\Program Files\nodejs\;C:\Program Files\Git\cmd;C:\Users\basak\AppData\Local\Microsoft\WindowsApps;C:\Users\basak\AppData\Local\Programs\Microsoft VS Code\bin;C:\Users\basak\AppData\Roaming\npm;C:\Users\basak\.dotnet\tools;C:\Program Files\JetBrains\IntelliJ IDEA 2024.2.3\bin;;.
	at org.apache.tomcat.jni.Library.<init>(Library.java:91) ~[tomcat-embed-core-10.1.30.jar:10.1.30]
	at org.apache.tomcat.jni.Library.initialize(Library.java:147) ~[tomcat-embed-core-10.1.30.jar:10.1.30]
	at org.apache.catalina.core.AprLifecycleListener.init(AprLifecycleListener.java:209) ~[tomcat-embed-core-10.1.30.jar:10.1.30]
	at org.apache.catalina.core.AprLifecycleListener.isAprAvailable(AprLifecycleListener.java:113) ~[tomcat-embed-core-10.1.30.jar:10.1.30]
	at org.springframework.boot.web.embedded.tomcat.TomcatServletWebServerFactory.getDefaultServerLifecycleListeners(TomcatServletWebServerFactory.java:191) ~[spring-boot-3.3.4.jar:3.3.4]
	at org.springframework.boot.web.embedded.tomcat.TomcatServletWebServerFactory.<init>(TomcatServletWebServerFactory.java:138) ~[spring-boot-3.3.4.jar:3.3.4]
	at org.springframework.boot.autoconfigure.web.servlet.ServletWebServerFactoryConfiguration$EmbeddedTomcat.tomcatServletWebServerFactory(ServletWebServerFactoryConfiguration.java:73) ~[spring-boot-autoconfigure-3.3.4.jar:3.3.4]
	at java.base/jdk.internal.reflect.DirectMethodHandleAccessor.invoke(DirectMethodHandleAccessor.java:103) ~[na:na]
	at java.base/java.lang.reflect.Method.invoke(Method.java:580) ~[na:na]
	at org.springframework.beans.factory.support.SimpleInstantiationStrategy.instantiate(SimpleInstantiationStrategy.java:146) ~[spring-beans-6.1.13.jar:6.1.13]
	at org.springframework.beans.factory.support.ConstructorResolver.instantiate(ConstructorResolver.java:644) ~[spring-beans-6.1.13.jar:6.1.13]
	at org.springframework.beans.factory.support.ConstructorResolver.instantiateUsingFactoryMethod(ConstructorResolver.java:636) ~[spring-beans-6.1.13.jar:6.1.13]
	at org.springframework.beans.factory.support.AbstractAutowireCapableBeanFactory.instantiateUsingFactoryMethod(AbstractAutowireCapableBeanFactory.java:1355) ~[spring-beans-6.1.13.jar:6.1.13]
	at org.springframework.beans.factory.support.AbstractAutowireCapableBeanFactory.createBeanInstance(AbstractAutowireCapableBeanFactory.java:1185) ~[spring-beans-6.1.13.jar:6.1.13]
	at org.springframework.beans.factory.support.AbstractAutowireCapableBeanFactory.doCreateBean(AbstractAutowireCapableBeanFactory.java:562) ~[spring-beans-6.1.13.jar:6.1.13]
	at org.springframework.beans.factory.support.AbstractAutowireCapableBeanFactory.createBean(AbstractAutowireCapableBeanFactory.java:522) ~[spring-beans-6.1.13.jar:6.1.13]
	at org.springframework.beans.factory.support.AbstractBeanFactory.lambda$doGetBean$0(AbstractBeanFactory.java:337) ~[spring-beans-6.1.13.jar:6.1.13]
	at org.springframework.beans.factory.support.DefaultSingletonBeanRegistry.getSingleton(DefaultSingletonBeanRegistry.java:234) ~[spring-beans-6.1.13.jar:6.1.13]
	at org.springframework.beans.factory.support.AbstractBeanFactory.doGetBean(AbstractBeanFactory.java:335) ~[spring-beans-6.1.13.jar:6.1.13]
	at org.springframework.beans.factory.support.AbstractBeanFactory.getBean(AbstractBeanFactory.java:200) ~[spring-beans-6.1.13.jar:6.1.13]
	at org.springframework.beans.factory.support.DefaultListableBeanFactory.preInstantiateSingletons(DefaultListableBeanFactory.java:975) ~[spring-beans-6.1.13.jar:6.1.13]
	at org.springframework.context.support.AbstractApplicationContext.finishBeanFactoryInitialization(AbstractApplicationContext.java:971) ~[spring-context-6.1.13.jar:6.1.13]
	at org.springframework.context.support.AbstractApplicationContext.refresh(AbstractApplicationContext.java:625) ~[spring-context-6.1.13.jar:6.1.13]
	at org.springframework.boot.SpringApplication.refresh(SpringApplication.java:754) ~[spring-boot-3.3.4.jar:3.3.4]
	at org.springframework.boot.SpringApplication.refreshContext(SpringApplication.java:456) ~[spring-boot-3.3.4.jar:3.3.4]
	at org.springframework.boot.SpringApplication.run(SpringApplication.java:335) ~[spring-boot-3.3.4.jar:3.3.4]
	at org.springframework.boot.test.context.SpringBootContextLoader.lambda$loadContext$3(SpringBootContextLoader.java:137) ~[spring-boot-test-3.3.4.jar:3.3.4]
	at org.springframework.util.function.ThrowingSupplier.get(ThrowingSupplier.java:58) ~[spring-core-6.1.13.jar:6.1.13]
	at org.springframework.util.function.ThrowingSupplier.get(ThrowingSupplier.java:46) ~[spring-core-6.1.13.jar:6.1.13]
	at org.springframework.boot.SpringApplication.withHook(SpringApplication.java:1463) ~[spring-boot-3.3.4.jar:3.3.4]
	at org.springframework.boot.test.context.SpringBootContextLoader$ContextLoaderHook.run(SpringBootContextLoader.java:553) ~[spring-boot-test-3.3.4.jar:3.3.4]
	at org.springframework.boot.test.context.SpringBootContextLoader.loadContext(SpringBootContextLoader.java:137) ~[spring-boot-test-3.3.4.jar:3.3.4]
	at org.springframework.boot.test.context.SpringBootContextLoader.loadContext(SpringBootContextLoader.java:108) ~[spring-boot-test-3.3.4.jar:3.3.4]
	at org.springframework.test.context.cache.DefaultCacheAwareContextLoaderDelegate.loadContextInternal(DefaultCacheAwareContextLoaderDelegate.java:225) ~[spring-test-6.1.13.jar:6.1.13]
	at org.springframework.test.context.cache.DefaultCacheAwareContextLoaderDelegate.loadContext(DefaultCacheAwareContextLoaderDelegate.java:152) ~[spring-test-6.1.13.jar:6.1.13]
	at org.springframework.test.context.support.DefaultTestContext.getApplicationContext(DefaultTestContext.java:130) ~[spring-test-6.1.13.jar:6.1.13]
	at org.springframework.test.context.web.ServletTestExecutionListener.setUpRequestContextIfNecessary(ServletTestExecutionListener.java:191) ~[spring-test-6.1.13.jar:6.1.13]
	at org.springframework.test.context.web.ServletTestExecutionListener.prepareTestInstance(ServletTestExecutionListener.java:130) ~[spring-test-6.1.13.jar:6.1.13]
	at org.springframework.test.context.TestContextManager.prepareTestInstance(TestContextManager.java:260) ~[spring-test-6.1.13.jar:6.1.13]
	at org.springframework.test.context.junit.jupiter.SpringExtension.postProcessTestInstance(SpringExtension.java:163) ~[spring-test-6.1.13.jar:6.1.13]
	at org.junit.jupiter.engine.descriptor.ClassBasedTestDescriptor.lambda$invokeTestInstancePostProcessors$10(ClassBasedTestDescriptor.java:378) ~[junit-jupiter-engine-5.10.3.jar:5.10.3]
	at org.junit.jupiter.engine.descriptor.ClassBasedTestDescriptor.executeAndMaskThrowable(ClassBasedTestDescriptor.java:383) ~[junit-jupiter-engine-5.10.3.jar:5.10.3]
	at org.junit.jupiter.engine.descriptor.ClassBasedTestDescriptor.lambda$invokeTestInstancePostProcessors$11(ClassBasedTestDescriptor.java:378) ~[junit-jupiter-engine-5.10.3.jar:5.10.3]
	at java.base/java.util.stream.ReferencePipeline$3$1.accept(ReferencePipeline.java:215) ~[na:na]
	at java.base/java.util.stream.ReferencePipeline$2$1.accept(ReferencePipeline.java:197) ~[na:na]
	at java.base/java.util.ArrayList$ArrayListSpliterator.forEachRemaining(ArrayList.java:1709) ~[na:na]
	at java.base/java.util.stream.AbstractPipeline.copyInto(AbstractPipeline.java:570) ~[na:na]
	at java.base/java.util.stream.AbstractPipeline.wrapAndCopyInto(AbstractPipeline.java:560) ~[na:na]
	at java.base/java.util.stream.StreamSpliterators$WrappingSpliterator.forEachRemaining(StreamSpliterators.java:315) ~[na:na]
	at java.base/java.util.stream.Streams$ConcatSpliterator.forEachRemaining(Streams.java:735) ~[na:na]
	at java.base/java.util.stream.Streams$ConcatSpliterator.forEachRemaining(Streams.java:734) ~[na:na]
	at java.base/java.util.stream.ReferencePipeline$Head.forEach(ReferencePipeline.java:807) ~[na:na]
	at org.junit.jupiter.engine.descriptor.ClassBasedTestDescriptor.invokeTestInstancePostProcessors(ClassBasedTestDescriptor.java:377) ~[junit-jupiter-engine-5.10.3.jar:5.10.3]
	at org.junit.jupiter.engine.descriptor.ClassBasedTestDescriptor.lambda$instantiateAndPostProcessTestInstance$6(ClassBasedTestDescriptor.java:290) ~[junit-jupiter-engine-5.10.3.jar:5.10.3]
	at org.junit.platform.engine.support.hierarchical.ThrowableCollector.execute(ThrowableCollector.java:73) ~[junit-platform-engine-1.10.3.jar:1.10.3]
	at org.junit.jupiter.engine.descriptor.ClassBasedTestDescriptor.instantiateAndPostProcessTestInstance(ClassBasedTestDescriptor.java:289) ~[junit-jupiter-engine-5.10.3.jar:5.10.3]
	at org.junit.jupiter.engine.descriptor.ClassBasedTestDescriptor.lambda$testInstancesProvider$4(ClassBasedTestDescriptor.java:279) ~[junit-jupiter-engine-5.10.3.jar:5.10.3]
	at java.base/java.util.Optional.orElseGet(Optional.java:364) ~[na:na]
	at org.junit.jupiter.engine.descriptor.ClassBasedTestDescriptor.lambda$testInstancesProvider$5(ClassBasedTestDescriptor.java:278) ~[junit-jupiter-engine-5.10.3.jar:5.10.3]
	at org.junit.jupiter.engine.execution.TestInstancesProvider.getTestInstances(TestInstancesProvider.java:31) ~[junit-jupiter-engine-5.10.3.jar:5.10.3]
	at org.junit.jupiter.engine.descriptor.TestMethodTestDescriptor.lambda$prepare$0(TestMethodTestDescriptor.java:106) ~[junit-jupiter-engine-5.10.3.jar:5.10.3]
	at org.junit.platform.engine.support.hierarchical.ThrowableCollector.execute(ThrowableCollector.java:73) ~[junit-platform-engine-1.10.3.jar:1.10.3]
	at org.junit.jupiter.engine.descriptor.TestMethodTestDescriptor.prepare(TestMethodTestDescriptor.java:105) ~[junit-jupiter-engine-5.10.3.jar:5.10.3]
	at org.junit.jupiter.engine.descriptor.TestMethodTestDescriptor.prepare(TestMethodTestDescriptor.java:69) ~[junit-jupiter-engine-5.10.3.jar:5.10.3]
	at org.junit.platform.engine.support.hierarchical.NodeTestTask.lambda$prepare$2(NodeTestTask.java:123) ~[junit-platform-engine-1.10.3.jar:1.10.3]
	at org.junit.platform.engine.support.hierarchical.ThrowableCollector.execute(ThrowableCollector.java:73) ~[junit-platform-engine-1.10.3.jar:1.10.3]
	at org.junit.platform.engine.support.hierarchical.NodeTestTask.prepare(NodeTestTask.java:123) ~[junit-platform-engine-1.10.3.jar:1.10.3]
	at org.junit.platform.engine.support.hierarchical.NodeTestTask.execute(NodeTestTask.java:90) ~[junit-platform-engine-1.10.3.jar:1.10.3]
	at java.base/java.util.ArrayList.forEach(ArrayList.java:1597) ~[na:na]
	at org.junit.platform.engine.support.hierarchical.SameThreadHierarchicalTestExecutorService.invokeAll(SameThreadHierarchicalTestExecutorService.java:41) ~[junit-platform-engine-1.10.3.jar:1.10.3]
	at org.junit.platform.engine.support.hierarchical.NodeTestTask.lambda$executeRecursively$6(NodeTestTask.java:155) ~[junit-platform-engine-1.10.3.jar:1.10.3]
	at org.junit.platform.engine.support.hierarchical.ThrowableCollector.execute(ThrowableCollector.java:73) ~[junit-platform-engine-1.10.3.jar:1.10.3]
	at org.junit.platform.engine.support.hierarchical.NodeTestTask.lambda$executeRecursively$8(NodeTestTask.java:141) ~[junit-platform-engine-1.10.3.jar:1.10.3]
	at org.junit.platform.engine.support.hierarchical.Node.around(Node.java:137) ~[junit-platform-engine-1.10.3.jar:1.10.3]
	at org.junit.platform.engine.support.hierarchical.NodeTestTask.lambda$executeRecursively$9(NodeTestTask.java:139) ~[junit-platform-engine-1.10.3.jar:1.10.3]
	at org.junit.platform.engine.support.hierarchical.ThrowableCollector.execute(ThrowableCollector.java:73) ~[junit-platform-engine-1.10.3.jar:1.10.3]
	at org.junit.platform.engine.support.hierarchical.NodeTestTask.executeRecursively(NodeTestTask.java:138) ~[junit-platform-engine-1.10.3.jar:1.10.3]
	at org.junit.platform.engine.support.hierarchical.NodeTestTask.execute(NodeTestTask.java:95) ~[junit-platform-engine-1.10.3.jar:1.10.3]
	at java.base/java.util.ArrayList.forEach(ArrayList.java:1597) ~[na:na]
	at org.junit.platform.engine.support.hierarchical.SameThreadHierarchicalTestExecutorService.invokeAll(SameThreadHierarchicalTestExecutorService.java:41) ~[junit-platform-engine-1.10.3.jar:1.10.3]
	at org.junit.platform.engine.support.hierarchical.NodeTestTask.lambda$executeRecursively$6(NodeTestTask.java:155) ~[junit-platform-engine-1.10.3.jar:1.10.3]
	at org.junit.platform.engine.support.hierarchical.ThrowableCollector.execute(ThrowableCollector.java:73) ~[junit-platform-engine-1.10.3.jar:1.10.3]
	at org.junit.platform.engine.support.hierarchical.NodeTestTask.lambda$executeRecursively$8(NodeTestTask.java:141) ~[junit-platform-engine-1.10.3.jar:1.10.3]
	at org.junit.platform.engine.support.hierarchical.Node.around(Node.java:137) ~[junit-platform-engine-1.10.3.jar:1.10.3]
	at org.junit.platform.engine.support.hierarchical.NodeTestTask.lambda$executeRecursively$9(NodeTestTask.java:139) ~[junit-platform-engine-1.10.3.jar:1.10.3]
	at org.junit.platform.engine.support.hierarchical.ThrowableCollector.execute(ThrowableCollector.java:73) ~[junit-platform-engine-1.10.3.jar:1.10.3]
	at org.junit.platform.engine.support.hierarchical.NodeTestTask.executeRecursively(NodeTestTask.java:138) ~[junit-platform-engine-1.10.3.jar:1.10.3]
	at org.junit.platform.engine.support.hierarchical.NodeTestTask.execute(NodeTestTask.java:95) ~[junit-platform-engine-1.10.3.jar:1.10.3]
	at org.junit.platform.engine.support.hierarchical.SameThreadHierarchicalTestExecutorService.submit(SameThreadHierarchicalTestExecutorService.java:35) ~[junit-platform-engine-1.10.3.jar:1.10.3]
	at org.junit.platform.engine.support.hierarchical.HierarchicalTestExecutor.execute(HierarchicalTestExecutor.java:57) ~[junit-platform-engine-1.10.3.jar:1.10.3]
	at org.junit.platform.engine.support.hierarchical.HierarchicalTestEngine.execute(HierarchicalTestEngine.java:54) ~[junit-platform-engine-1.10.3.jar:1.10.3]
	at org.junit.platform.launcher.core.EngineExecutionOrchestrator.execute(EngineExecutionOrchestrator.java:198) ~[junit-platform-launcher-1.10.3.jar:1.10.3]
	at org.junit.platform.launcher.core.EngineExecutionOrchestrator.execute(EngineExecutionOrchestrator.java:169) ~[junit-platform-launcher-1.10.3.jar:1.10.3]
	at org.junit.platform.launcher.core.EngineExecutionOrchestrator.execute(EngineExecutionOrchestrator.java:93) ~[junit-platform-launcher-1.10.3.jar:1.10.3]
	at org.junit.platform.launcher.core.EngineExecutionOrchestrator.lambda$execute$0(EngineExecutionOrchestrator.java:58) ~[junit-platform-launcher-1.10.3.jar:1.10.3]
	at org.junit.platform.launcher.core.EngineExecutionOrchestrator.withInterceptedStreams(EngineExecutionOrchestrator.java:141) ~[junit-platform-launcher-1.10.3.jar:1.10.3]
	at org.junit.platform.launcher.core.EngineExecutionOrchestrator.execute(EngineExecutionOrchestrator.java:57) ~[junit-platform-launcher-1.10.3.jar:1.10.3]
	at org.junit.platform.launcher.core.DefaultLauncher.execute(DefaultLauncher.java:103) ~[junit-platform-launcher-1.10.3.jar:1.10.3]
	at org.junit.platform.launcher.core.DefaultLauncher.execute(DefaultLauncher.java:85) ~[junit-platform-launcher-1.10.3.jar:1.10.3]
	at org.junit.platform.launcher.core.DelegatingLauncher.execute(DelegatingLauncher.java:47) ~[junit-platform-launcher-1.10.3.jar:1.10.3]
	at org.gradle.api.internal.tasks.testing.junitplatform.JUnitPlatformTestClassProcessor$CollectAllTestClassesExecutor.processAllTestClasses(JUnitPlatformTestClassProcessor.java:124) ~[na:na]
	at org.gradle.api.internal.tasks.testing.junitplatform.JUnitPlatformTestClassProcessor$CollectAllTestClassesExecutor.access$000(JUnitPlatformTestClassProcessor.java:99) ~[na:na]
	at org.gradle.api.internal.tasks.testing.junitplatform.JUnitPlatformTestClassProcessor.stop(JUnitPlatformTestClassProcessor.java:94) ~[na:na]
	at org.gradle.api.internal.tasks.testing.SuiteTestClassProcessor.stop(SuiteTestClassProcessor.java:63) ~[na:na]
	at java.base/jdk.internal.reflect.DirectMethodHandleAccessor.invoke(DirectMethodHandleAccessor.java:103) ~[na:na]
	at java.base/java.lang.reflect.Method.invoke(Method.java:580) ~[na:na]
	at org.gradle.internal.dispatch.ReflectionDispatch.dispatch(ReflectionDispatch.java:36) ~[na:na]
	at org.gradle.internal.dispatch.ReflectionDispatch.dispatch(ReflectionDispatch.java:24) ~[na:na]
	at org.gradle.internal.dispatch.ContextClassLoaderDispatch.dispatch(ContextClassLoaderDispatch.java:33) ~[na:na]
	at org.gradle.internal.dispatch.ProxyDispatchAdapter$DispatchingInvocationHandler.invoke(ProxyDispatchAdapter.java:92) ~[na:na]
	at jdk.proxy1/jdk.proxy1.$Proxy4.stop(Unknown Source) ~[na:na]
	at org.gradle.api.internal.tasks.testing.worker.TestWorker$3.run(TestWorker.java:200) ~[na:na]
	at org.gradle.api.internal.tasks.testing.worker.TestWorker.executeAndMaintainThreadName(TestWorker.java:132) ~[na:na]
	at org.gradle.api.internal.tasks.testing.worker.TestWorker.execute(TestWorker.java:103) ~[na:na]
	at org.gradle.api.internal.tasks.testing.worker.TestWorker.execute(TestWorker.java:63) ~[na:na]
	at org.gradle.process.internal.worker.child.ActionExecutionWorker.execute(ActionExecutionWorker.java:56) ~[na:na]
	at org.gradle.process.internal.worker.child.SystemApplicationClassLoaderWorker.call(SystemApplicationClassLoaderWorker.java:121) ~[na:na]
	at org.gradle.process.internal.worker.child.SystemApplicationClassLoaderWorker.call(SystemApplicationClassLoaderWorker.java:71) ~[na:na]
	at worker.org.gradle.process.internal.worker.GradleWorkerMain.run(GradleWorkerMain.java:69) ~[gradle-worker.jar:na]
	at worker.org.gradle.process.internal.worker.GradleWorkerMain.main(GradleWorkerMain.java:74) ~[gradle-worker.jar:na]

2024-10-22T23:42:54.083+03:00 DEBUG 4560 --- [reelQuill] [    Test worker] o.s.b.f.s.DefaultListableBeanFactory     : Creating shared instance of singleton bean 'servletWebServerFactoryCustomizer'
2024-10-22T23:42:54.083+03:00 DEBUG 4560 --- [reelQuill] [    Test worker] o.s.b.f.s.DefaultListableBeanFactory     : Creating shared instance of singleton bean 'org.springframework.boot.autoconfigure.web.servlet.ServletWebServerFactoryAutoConfiguration'
2024-10-22T23:42:54.083+03:00 DEBUG 4560 --- [reelQuill] [    Test worker] o.s.b.f.s.DefaultListableBeanFactory     : Creating shared instance of singleton bean 'server-org.springframework.boot.autoconfigure.web.ServerProperties'
2024-10-22T23:42:54.107+03:00 DEBUG 4560 --- [reelQuill] [    Test worker] o.s.b.f.s.DefaultListableBeanFactory     : Autowiring by type from bean name 'servletWebServerFactoryCustomizer' via factory method to bean named 'server-org.springframework.boot.autoconfigure.web.ServerProperties'
2024-10-22T23:42:54.108+03:00 DEBUG 4560 --- [reelQuill] [    Test worker] o.s.b.f.s.DefaultListableBeanFactory     : Creating shared instance of singleton bean 'tomcatServletWebServerFactoryCustomizer'
2024-10-22T23:42:54.108+03:00 DEBUG 4560 --- [reelQuill] [    Test worker] o.s.b.f.s.DefaultListableBeanFactory     : Autowiring by type from bean name 'tomcatServletWebServerFactoryCustomizer' via factory method to bean named 'server-org.springframework.boot.autoconfigure.web.ServerProperties'
2024-10-22T23:42:54.108+03:00 DEBUG 4560 --- [reelQuill] [    Test worker] o.s.b.f.s.DefaultListableBeanFactory     : Creating shared instance of singleton bean 'localeCharsetMappingsCustomizer'
2024-10-22T23:42:54.108+03:00 DEBUG 4560 --- [reelQuill] [    Test worker] o.s.b.f.s.DefaultListableBeanFactory     : Creating shared instance of singleton bean 'org.springframework.boot.autoconfigure.web.servlet.HttpEncodingAutoConfiguration'
2024-10-22T23:42:54.108+03:00 DEBUG 4560 --- [reelQuill] [    Test worker] o.s.b.f.s.DefaultListableBeanFactory     : Autowiring by type from bean name 'org.springframework.boot.autoconfigure.web.servlet.HttpEncodingAutoConfiguration' via constructor to bean named 'server-org.springframework.boot.autoconfigure.web.ServerProperties'
2024-10-22T23:42:54.117+03:00 DEBUG 4560 --- [reelQuill] [    Test worker] o.s.b.f.s.DefaultListableBeanFactory     : Creating shared instance of singleton bean 'errorPageCustomizer'
2024-10-22T23:42:54.117+03:00 DEBUG 4560 --- [reelQuill] [    Test worker] o.s.b.f.s.DefaultListableBeanFactory     : Creating shared instance of singleton bean 'org.springframework.boot.autoconfigure.web.servlet.error.ErrorMvcAutoConfiguration'
2024-10-22T23:42:54.117+03:00 DEBUG 4560 --- [reelQuill] [    Test worker] o.s.b.f.s.DefaultListableBeanFactory     : Autowiring by type from bean name 'org.springframework.boot.autoconfigure.web.servlet.error.ErrorMvcAutoConfiguration' via constructor to bean named 'server-org.springframework.boot.autoconfigure.web.ServerProperties'
2024-10-22T23:42:54.117+03:00 DEBUG 4560 --- [reelQuill] [    Test worker] o.s.b.f.s.DefaultListableBeanFactory     : Creating shared instance of singleton bean 'dispatcherServletRegistration'
2024-10-22T23:42:54.117+03:00 DEBUG 4560 --- [reelQuill] [    Test worker] o.s.b.f.s.DefaultListableBeanFactory     : Creating shared instance of singleton bean 'org.springframework.boot.autoconfigure.web.servlet.DispatcherServletAutoConfiguration$DispatcherServletRegistrationConfiguration'
2024-10-22T23:42:54.117+03:00 DEBUG 4560 --- [reelQuill] [    Test worker] o.s.b.f.s.DefaultListableBeanFactory     : Creating shared instance of singleton bean 'dispatcherServlet'
2024-10-22T23:42:54.117+03:00 DEBUG 4560 --- [reelQuill] [    Test worker] o.s.b.f.s.DefaultListableBeanFactory     : Creating shared instance of singleton bean 'org.springframework.boot.autoconfigure.web.servlet.DispatcherServletAutoConfiguration$DispatcherServletConfiguration'
2024-10-22T23:42:54.117+03:00 DEBUG 4560 --- [reelQuill] [    Test worker] o.s.b.f.s.DefaultListableBeanFactory     : Creating shared instance of singleton bean 'spring.mvc-org.springframework.boot.autoconfigure.web.servlet.WebMvcProperties'
2024-10-22T23:42:54.117+03:00 DEBUG 4560 --- [reelQuill] [    Test worker] o.s.b.f.s.DefaultListableBeanFactory     : Autowiring by type from bean name 'dispatcherServlet' via factory method to bean named 'spring.mvc-org.springframework.boot.autoconfigure.web.servlet.WebMvcProperties'
2024-10-22T23:42:54.130+03:00 DEBUG 4560 --- [reelQuill] [    Test worker] o.s.b.f.s.DefaultListableBeanFactory     : Autowiring by type from bean name 'dispatcherServletRegistration' via factory method to bean named 'dispatcherServlet'
2024-10-22T23:42:54.130+03:00 DEBUG 4560 --- [reelQuill] [    Test worker] o.s.b.f.s.DefaultListableBeanFactory     : Autowiring by type from bean name 'dispatcherServletRegistration' via factory method to bean named 'spring.mvc-org.springframework.boot.autoconfigure.web.servlet.WebMvcProperties'
2024-10-22T23:42:54.137+03:00 DEBUG 4560 --- [reelQuill] [    Test worker] o.s.b.f.s.DefaultListableBeanFactory     : Creating shared instance of singleton bean 'multipartConfigElement'
2024-10-22T23:42:54.137+03:00 DEBUG 4560 --- [reelQuill] [    Test worker] o.s.b.f.s.DefaultListableBeanFactory     : Creating shared instance of singleton bean 'org.springframework.boot.autoconfigure.web.servlet.MultipartAutoConfiguration'
2024-10-22T23:42:54.137+03:00 DEBUG 4560 --- [reelQuill] [    Test worker] o.s.b.f.s.DefaultListableBeanFactory     : Creating shared instance of singleton bean 'spring.servlet.multipart-org.springframework.boot.autoconfigure.web.servlet.MultipartProperties'
2024-10-22T23:42:54.137+03:00 DEBUG 4560 --- [reelQuill] [    Test worker] o.s.b.f.s.DefaultListableBeanFactory     : Autowiring by type from bean name 'org.springframework.boot.autoconfigure.web.servlet.MultipartAutoConfiguration' via constructor to bean named 'spring.servlet.multipart-org.springframework.boot.autoconfigure.web.servlet.MultipartProperties'
2024-10-22T23:42:54.137+03:00 DEBUG 4560 --- [reelQuill] [    Test worker] o.s.b.f.s.DefaultListableBeanFactory     : Autowiring by type from bean name 'errorPageCustomizer' via factory method to bean named 'dispatcherServletRegistration'
2024-10-22T23:42:54.147+03:00 DEBUG 4560 --- [reelQuill] [    Test worker] o.s.b.f.s.DefaultListableBeanFactory     : Creating shared instance of singleton bean 'org.springframework.boot.autoconfigure.web.servlet.DispatcherServletAutoConfiguration'
2024-10-22T23:42:54.147+03:00 DEBUG 4560 --- [reelQuill] [    Test worker] o.s.b.f.s.DefaultListableBeanFactory     : Creating shared instance of singleton bean 'org.springframework.boot.autoconfigure.task.TaskExecutorConfigurations$ThreadPoolTaskExecutorBuilderConfiguration'
2024-10-22T23:42:54.147+03:00 DEBUG 4560 --- [reelQuill] [    Test worker] o.s.b.f.s.DefaultListableBeanFactory     : Creating shared instance of singleton bean 'threadPoolTaskExecutorBuilder'
2024-10-22T23:42:54.147+03:00 DEBUG 4560 --- [reelQuill] [    Test worker] o.s.b.f.s.DefaultListableBeanFactory     : Creating shared instance of singleton bean 'spring.task.execution-org.springframework.boot.autoconfigure.task.TaskExecutionProperties'
2024-10-22T23:42:54.147+03:00 DEBUG 4560 --- [reelQuill] [    Test worker] o.s.b.f.s.DefaultListableBeanFactory     : Autowiring by type from bean name 'threadPoolTaskExecutorBuilder' via factory method to bean named 'spring.task.execution-org.springframework.boot.autoconfigure.task.TaskExecutionProperties'
2024-10-22T23:42:54.147+03:00 DEBUG 4560 --- [reelQuill] [    Test worker] o.s.b.f.s.DefaultListableBeanFactory     : Creating shared instance of singleton bean 'org.springframework.boot.autoconfigure.task.TaskExecutorConfigurations$TaskExecutorBuilderConfiguration'
2024-10-22T23:42:54.147+03:00 DEBUG 4560 --- [reelQuill] [    Test worker] o.s.b.f.s.DefaultListableBeanFactory     : Creating shared instance of singleton bean 'taskExecutorBuilder'
2024-10-22T23:42:54.147+03:00 DEBUG 4560 --- [reelQuill] [    Test worker] o.s.b.f.s.DefaultListableBeanFactory     : Autowiring by type from bean name 'taskExecutorBuilder' via factory method to bean named 'spring.task.execution-org.springframework.boot.autoconfigure.task.TaskExecutionProperties'
2024-10-22T23:42:54.147+03:00 DEBUG 4560 --- [reelQuill] [    Test worker] o.s.b.f.s.DefaultListableBeanFactory     : Creating shared instance of singleton bean 'org.springframework.boot.autoconfigure.task.TaskExecutorConfigurations$SimpleAsyncTaskExecutorBuilderConfiguration'
2024-10-22T23:42:54.147+03:00 DEBUG 4560 --- [reelQuill] [    Test worker] o.s.b.f.s.DefaultListableBeanFactory     : Autowiring by type from bean name 'org.springframework.boot.autoconfigure.task.TaskExecutorConfigurations$SimpleAsyncTaskExecutorBuilderConfiguration' via constructor to bean named 'spring.task.execution-org.springframework.boot.autoconfigure.task.TaskExecutionProperties'
2024-10-22T23:42:54.147+03:00 DEBUG 4560 --- [reelQuill] [    Test worker] o.s.b.f.s.DefaultListableBeanFactory     : Creating shared instance of singleton bean 'simpleAsyncTaskExecutorBuilder'
2024-10-22T23:42:54.147+03:00 DEBUG 4560 --- [reelQuill] [    Test worker] o.s.b.f.s.DefaultListableBeanFactory     : Creating shared instance of singleton bean 'org.springframework.boot.autoconfigure.task.TaskExecutorConfigurations$TaskExecutorConfiguration'
2024-10-22T23:42:54.147+03:00 DEBUG 4560 --- [reelQuill] [    Test worker] o.s.b.f.s.DefaultListableBeanFactory     : Creating shared instance of singleton bean 'org.springframework.boot.autoconfigure.task.TaskExecutionAutoConfiguration'
2024-10-22T23:42:54.147+03:00 DEBUG 4560 --- [reelQuill] [    Test worker] o.s.b.f.s.DefaultListableBeanFactory     : Creating shared instance of singleton bean 'org.springframework.boot.autoconfigure.validation.ValidationAutoConfiguration'
2024-10-22T23:42:54.147+03:00 DEBUG 4560 --- [reelQuill] [    Test worker] o.s.b.f.s.DefaultListableBeanFactory     : Creating shared instance of singleton bean 'defaultValidator'
2024-10-22T23:42:54.147+03:00 DEBUG 4560 --- [reelQuill] [    Test worker] o.s.b.f.s.DefaultListableBeanFactory     : Autowiring by type from bean name 'defaultValidator' via factory method to bean named 'org.springframework.web.context.support.GenericWebApplicationContext@6f8e0cee'
2024-10-22T23:42:54.157+03:00 DEBUG 4560 --- [reelQuill] [    Test worker] .h.v.m.ResourceBundleMessageInterpolator : Loaded expression factory via original TCCL
2024-10-22T23:42:54.157+03:00 DEBUG 4560 --- [reelQuill] [    Test worker] o.h.v.i.e.AbstractConfigurationImpl      : Setting custom MessageInterpolator of type org.springframework.validation.beanvalidation.LocaleContextMessageInterpolator
2024-10-22T23:42:54.157+03:00 DEBUG 4560 --- [reelQuill] [    Test worker] o.h.v.i.e.AbstractConfigurationImpl      : Setting custom ConstraintValidatorFactory of type org.springframework.validation.beanvalidation.SpringConstraintValidatorFactory
2024-10-22T23:42:54.157+03:00 DEBUG 4560 --- [reelQuill] [    Test worker] o.h.v.i.xml.config.ValidationXmlParser   : Trying to load META-INF/validation.xml for XML based Validator configuration.
2024-10-22T23:42:54.157+03:00 DEBUG 4560 --- [reelQuill] [    Test worker] o.h.v.i.xml.config.ResourceLoaderHelper  : Trying to load META-INF/validation.xml via user class loader
2024-10-22T23:42:54.157+03:00 DEBUG 4560 --- [reelQuill] [    Test worker] o.h.v.i.xml.config.ResourceLoaderHelper  : Trying to load META-INF/validation.xml via TCCL
2024-10-22T23:42:54.157+03:00 DEBUG 4560 --- [reelQuill] [    Test worker] o.h.v.i.xml.config.ResourceLoaderHelper  : Trying to load META-INF/validation.xml via Hibernate Validator's class loader
2024-10-22T23:42:54.157+03:00 DEBUG 4560 --- [reelQuill] [    Test worker] o.h.v.i.xml.config.ValidationXmlParser   : No META-INF/validation.xml found. Using annotation based configuration only.
2024-10-22T23:42:54.157+03:00 DEBUG 4560 --- [reelQuill] [    Test worker] o.h.v.i.e.resolver.TraversableResolvers  : Found jakarta.persistence.Persistence on classpath containing 'getPersistenceUtil'. Assuming JPA 2 environment. Trying to instantiate JPA aware TraversableResolver
2024-10-22T23:42:54.157+03:00 DEBUG 4560 --- [reelQuill] [    Test worker] o.h.v.i.e.resolver.TraversableResolvers  : Instantiated JPA aware TraversableResolver of type org.hibernate.validator.internal.engine.resolver.JPATraversableResolver.
2024-10-22T23:42:54.162+03:00 DEBUG 4560 --- [reelQuill] [    Test worker] .i.e.ValidatorFactoryConfigurationHelper : HV000252: Using org.hibernate.validator.internal.engine.DefaultPropertyNodeNameProvider as property node name provider.
2024-10-22T23:42:54.162+03:00 DEBUG 4560 --- [reelQuill] [    Test worker] .i.e.ValidatorFactoryConfigurationHelper : HV000234: Using org.springframework.validation.beanvalidation.LocaleContextMessageInterpolator as ValidatorFactory-scoped message interpolator.
2024-10-22T23:42:54.162+03:00 DEBUG 4560 --- [reelQuill] [    Test worker] .i.e.ValidatorFactoryConfigurationHelper : HV000234: Using org.hibernate.validator.internal.engine.resolver.JPATraversableResolver as ValidatorFactory-scoped traversable resolver.
2024-10-22T23:42:54.162+03:00 DEBUG 4560 --- [reelQuill] [    Test worker] .i.e.ValidatorFactoryConfigurationHelper : HV000234: Using org.hibernate.validator.internal.util.ExecutableParameterNameProvider as ValidatorFactory-scoped parameter name provider.
2024-10-22T23:42:54.162+03:00 DEBUG 4560 --- [reelQuill] [    Test worker] .i.e.ValidatorFactoryConfigurationHelper : HV000234: Using org.hibernate.validator.internal.engine.DefaultClockProvider as ValidatorFactory-scoped clock provider.
2024-10-22T23:42:54.162+03:00 DEBUG 4560 --- [reelQuill] [    Test worker] .i.e.ValidatorFactoryConfigurationHelper : HV000234: Using org.hibernate.validator.internal.engine.scripting.DefaultScriptEvaluatorFactory as ValidatorFactory-scoped script evaluator factory.
2024-10-22T23:42:54.162+03:00 DEBUG 4560 --- [reelQuill] [    Test worker] o.s.b.f.s.DefaultListableBeanFactory     : Creating shared instance of singleton bean 'org.springframework.boot.autoconfigure.web.servlet.error.ErrorMvcAutoConfiguration$WhitelabelErrorViewConfiguration'
2024-10-22T23:42:54.162+03:00 DEBUG 4560 --- [reelQuill] [    Test worker] o.s.b.f.s.DefaultListableBeanFactory     : Creating shared instance of singleton bean 'error'
2024-10-22T23:42:54.162+03:00 DEBUG 4560 --- [reelQuill] [    Test worker] o.s.b.f.s.DefaultListableBeanFactory     : Creating shared instance of singleton bean 'beanNameViewResolver'
2024-10-22T23:42:54.167+03:00 DEBUG 4560 --- [reelQuill] [    Test worker] o.s.b.f.s.DefaultListableBeanFactory     : Creating shared instance of singleton bean 'org.springframework.boot.autoconfigure.web.servlet.error.ErrorMvcAutoConfiguration$DefaultErrorViewResolverConfiguration'
2024-10-22T23:42:54.167+03:00 DEBUG 4560 --- [reelQuill] [    Test worker] o.s.b.f.s.DefaultListableBeanFactory     : Creating shared instance of singleton bean 'spring.web-org.springframework.boot.autoconfigure.web.WebProperties'
2024-10-22T23:42:54.167+03:00 DEBUG 4560 --- [reelQuill] [    Test worker] o.s.b.f.s.DefaultListableBeanFactory     : Autowiring by type from bean name 'org.springframework.boot.autoconfigure.web.servlet.error.ErrorMvcAutoConfiguration$DefaultErrorViewResolverConfiguration' via constructor to bean named 'org.springframework.web.context.support.GenericWebApplicationContext@6f8e0cee'
2024-10-22T23:42:54.167+03:00 DEBUG 4560 --- [reelQuill] [    Test worker] o.s.b.f.s.DefaultListableBeanFactory     : Autowiring by type from bean name 'org.springframework.boot.autoconfigure.web.servlet.error.ErrorMvcAutoConfiguration$DefaultErrorViewResolverConfiguration' via constructor to bean named 'spring.web-org.springframework.boot.autoconfigure.web.WebProperties'
2024-10-22T23:42:54.167+03:00 DEBUG 4560 --- [reelQuill] [    Test worker] o.s.b.f.s.DefaultListableBeanFactory     : Creating shared instance of singleton bean 'conventionErrorViewResolver'
2024-10-22T23:42:54.167+03:00 DEBUG 4560 --- [reelQuill] [    Test worker] o.s.b.f.s.DefaultListableBeanFactory     : Creating shared instance of singleton bean 'errorAttributes'
2024-10-22T23:42:54.167+03:00 DEBUG 4560 --- [reelQuill] [    Test worker] o.s.b.f.s.DefaultListableBeanFactory     : Creating shared instance of singleton bean 'basicErrorController'
2024-10-22T23:42:54.167+03:00 DEBUG 4560 --- [reelQuill] [    Test worker] o.s.b.f.s.DefaultListableBeanFactory     : Autowiring by type from bean name 'basicErrorController' via factory method to bean named 'errorAttributes'
2024-10-22T23:42:54.167+03:00 DEBUG 4560 --- [reelQuill] [    Test worker] o.s.b.f.s.DefaultListableBeanFactory     : Creating shared instance of singleton bean 'org.springframework.boot.autoconfigure.web.servlet.WebMvcAutoConfiguration$EnableWebMvcConfiguration'
2024-10-22T23:42:54.167+03:00 DEBUG 4560 --- [reelQuill] [    Test worker] o.s.b.f.s.DefaultListableBeanFactory     : Autowiring by type from bean name 'org.springframework.boot.autoconfigure.web.servlet.WebMvcAutoConfiguration$EnableWebMvcConfiguration' via constructor to bean named 'spring.mvc-org.springframework.boot.autoconfigure.web.servlet.WebMvcProperties'
2024-10-22T23:42:54.167+03:00 DEBUG 4560 --- [reelQuill] [    Test worker] o.s.b.f.s.DefaultListableBeanFactory     : Autowiring by type from bean name 'org.springframework.boot.autoconfigure.web.servlet.WebMvcAutoConfiguration$EnableWebMvcConfiguration' via constructor to bean named 'spring.web-org.springframework.boot.autoconfigure.web.WebProperties'
2024-10-22T23:42:54.167+03:00 DEBUG 4560 --- [reelQuill] [    Test worker] o.s.b.f.s.DefaultListableBeanFactory     : Autowiring by type from bean name 'org.springframework.boot.autoconfigure.web.servlet.WebMvcAutoConfiguration$EnableWebMvcConfiguration' via constructor to bean named 'org.springframework.beans.factory.support.DefaultListableBeanFactory@16ade133'
2024-10-22T23:42:54.178+03:00 DEBUG 4560 --- [reelQuill] [    Test worker] o.s.b.f.s.DefaultListableBeanFactory     : Creating shared instance of singleton bean 'org.springframework.boot.autoconfigure.web.servlet.WebMvcAutoConfiguration$WebMvcAutoConfigurationAdapter'
2024-10-22T23:42:54.178+03:00 DEBUG 4560 --- [reelQuill] [    Test worker] o.s.b.f.s.DefaultListableBeanFactory     : Autowiring by type from bean name 'org.springframework.boot.autoconfigure.web.servlet.WebMvcAutoConfiguration$WebMvcAutoConfigurationAdapter' via constructor to bean named 'spring.web-org.springframework.boot.autoconfigure.web.WebProperties'
2024-10-22T23:42:54.178+03:00 DEBUG 4560 --- [reelQuill] [    Test worker] o.s.b.f.s.DefaultListableBeanFactory     : Autowiring by type from bean name 'org.springframework.boot.autoconfigure.web.servlet.WebMvcAutoConfiguration$WebMvcAutoConfigurationAdapter' via constructor to bean named 'spring.mvc-org.springframework.boot.autoconfigure.web.servlet.WebMvcProperties'
2024-10-22T23:42:54.178+03:00 DEBUG 4560 --- [reelQuill] [    Test worker] o.s.b.f.s.DefaultListableBeanFactory     : Autowiring by type from bean name 'org.springframework.boot.autoconfigure.web.servlet.WebMvcAutoConfiguration$WebMvcAutoConfigurationAdapter' via constructor to bean named 'org.springframework.beans.factory.support.DefaultListableBeanFactory@16ade133'
2024-10-22T23:42:54.178+03:00 DEBUG 4560 --- [reelQuill] [    Test worker] o.s.b.f.s.DefaultListableBeanFactory     : Creating shared instance of singleton bean 'openEntityManagerInViewInterceptorConfigurer'
2024-10-22T23:42:54.178+03:00 DEBUG 4560 --- [reelQuill] [    Test worker] o.s.b.f.s.DefaultListableBeanFactory     : Creating shared instance of singleton bean 'org.springframework.boot.autoconfigure.orm.jpa.JpaBaseConfiguration$JpaWebConfiguration'
2024-10-22T23:42:54.178+03:00 DEBUG 4560 --- [reelQuill] [    Test worker] o.s.b.f.s.DefaultListableBeanFactory     : Autowiring by type from bean name 'org.springframework.boot.autoconfigure.orm.jpa.JpaBaseConfiguration$JpaWebConfiguration' via constructor to bean named 'spring.jpa-org.springframework.boot.autoconfigure.orm.jpa.JpaProperties'
2024-10-22T23:42:54.178+03:00 DEBUG 4560 --- [reelQuill] [    Test worker] o.s.b.f.s.DefaultListableBeanFactory     : Creating shared instance of singleton bean 'openEntityManagerInViewInterceptor'
2024-10-22T23:42:54.178+03:00  WARN 4560 --- [reelQuill] [    Test worker] JpaBaseConfiguration$JpaWebConfiguration : spring.jpa.open-in-view is enabled by default. Therefore, database queries may be performed during view rendering. Explicitly configure spring.jpa.open-in-view to disable this warning
2024-10-22T23:42:54.178+03:00 DEBUG 4560 --- [reelQuill] [    Test worker] o.s.b.f.s.DefaultListableBeanFactory     : Autowiring by type from bean name 'openEntityManagerInViewInterceptorConfigurer' via factory method to bean named 'openEntityManagerInViewInterceptor'
2024-10-22T23:42:54.187+03:00 DEBUG 4560 --- [reelQuill] [    Test worker] o.s.b.f.s.DefaultListableBeanFactory     : Creating shared instance of singleton bean 'org.springframework.data.web.config.SpringDataWebConfiguration'
2024-10-22T23:42:54.187+03:00 DEBUG 4560 --- [reelQuill] [    Test worker] o.s.b.f.s.DefaultListableBeanFactory     : Autowiring by type from bean name 'org.springframework.data.web.config.SpringDataWebConfiguration' via constructor to bean named 'org.springframework.web.context.support.GenericWebApplicationContext@6f8e0cee'
2024-10-22T23:42:54.187+03:00 DEBUG 4560 --- [reelQuill] [    Test worker] o.s.b.f.s.DefaultListableBeanFactory     : Creating shared instance of singleton bean 'welcomePageHandlerMapping'
2024-10-22T23:42:54.187+03:00 DEBUG 4560 --- [reelQuill] [    Test worker] o.s.b.f.s.DefaultListableBeanFactory     : Creating shared instance of singleton bean 'mvcConversionService'
2024-10-22T23:42:54.197+03:00 DEBUG 4560 --- [reelQuill] [    Test worker] o.s.b.f.s.DefaultListableBeanFactory     : Creating shared instance of singleton bean 'mvcResourceUrlProvider'
2024-10-22T23:42:54.197+03:00 DEBUG 4560 --- [reelQuill] [    Test worker] o.s.b.f.s.DefaultListableBeanFactory     : Autowiring by type from bean name 'welcomePageHandlerMapping' via factory method to bean named 'org.springframework.web.context.support.GenericWebApplicationContext@6f8e0cee'
2024-10-22T23:42:54.197+03:00 DEBUG 4560 --- [reelQuill] [    Test worker] o.s.b.f.s.DefaultListableBeanFactory     : Autowiring by type from bean name 'welcomePageHandlerMapping' via factory method to bean named 'mvcConversionService'
2024-10-22T23:42:54.197+03:00 DEBUG 4560 --- [reelQuill] [    Test worker] o.s.b.f.s.DefaultListableBeanFactory     : Autowiring by type from bean name 'welcomePageHandlerMapping' via factory method to bean named 'mvcResourceUrlProvider'
2024-10-22T23:42:54.217+03:00 DEBUG 4560 --- [reelQuill] [    Test worker] o.s.b.f.s.DefaultListableBeanFactory     : Creating shared instance of singleton bean 'welcomePageNotAcceptableHandlerMapping'
2024-10-22T23:42:54.217+03:00 DEBUG 4560 --- [reelQuill] [    Test worker] o.s.b.f.s.DefaultListableBeanFactory     : Autowiring by type from bean name 'welcomePageNotAcceptableHandlerMapping' via factory method to bean named 'org.springframework.web.context.support.GenericWebApplicationContext@6f8e0cee'
2024-10-22T23:42:54.225+03:00 DEBUG 4560 --- [reelQuill] [    Test worker] o.s.b.f.s.DefaultListableBeanFactory     : Autowiring by type from bean name 'welcomePageNotAcceptableHandlerMapping' via factory method to bean named 'mvcConversionService'
2024-10-22T23:42:54.225+03:00 DEBUG 4560 --- [reelQuill] [    Test worker] o.s.b.f.s.DefaultListableBeanFactory     : Autowiring by type from bean name 'welcomePageNotAcceptableHandlerMapping' via factory method to bean named 'mvcResourceUrlProvider'
2024-10-22T23:42:54.227+03:00 DEBUG 4560 --- [reelQuill] [    Test worker] o.s.b.f.s.DefaultListableBeanFactory     : Creating shared instance of singleton bean 'localeResolver'
2024-10-22T23:42:54.227+03:00 DEBUG 4560 --- [reelQuill] [    Test worker] o.s.b.f.s.DefaultListableBeanFactory     : Creating shared instance of singleton bean 'themeResolver'
2024-10-22T23:42:54.227+03:00 DEBUG 4560 --- [reelQuill] [    Test worker] o.s.b.f.s.DefaultListableBeanFactory     : Creating shared instance of singleton bean 'flashMapManager'
2024-10-22T23:42:54.227+03:00 DEBUG 4560 --- [reelQuill] [    Test worker] o.s.b.f.s.DefaultListableBeanFactory     : Creating shared instance of singleton bean 'mvcValidator'
2024-10-22T23:42:54.237+03:00 DEBUG 4560 --- [reelQuill] [    Test worker] o.s.b.f.s.DefaultListableBeanFactory     : Creating shared instance of singleton bean 'mvcContentNegotiationManager'
2024-10-22T23:42:54.240+03:00 DEBUG 4560 --- [reelQuill] [    Test worker] o.s.b.f.s.DefaultListableBeanFactory     : Creating shared instance of singleton bean 'requestMappingHandlerMapping'
2024-10-22T23:42:54.240+03:00 DEBUG 4560 --- [reelQuill] [    Test worker] o.s.b.f.s.DefaultListableBeanFactory     : Autowiring by type from bean name 'requestMappingHandlerMapping' via factory method to bean named 'mvcContentNegotiationManager'
2024-10-22T23:42:54.240+03:00 DEBUG 4560 --- [reelQuill] [    Test worker] o.s.b.f.s.DefaultListableBeanFactory     : Autowiring by type from bean name 'requestMappingHandlerMapping' via factory method to bean named 'mvcConversionService'
2024-10-22T23:42:54.240+03:00 DEBUG 4560 --- [reelQuill] [    Test worker] o.s.b.f.s.DefaultListableBeanFactory     : Autowiring by type from bean name 'requestMappingHandlerMapping' via factory method to bean named 'mvcResourceUrlProvider'
2024-10-22T23:42:54.267+03:00 DEBUG 4560 --- [reelQuill] [    Test worker] _.s.web.servlet.HandlerMapping.Mappings  : 
	c.e.r.c.FriendController:
	{GET [/api/friends]}: getAllFriends()
	{POST [/api/friends]}: createFriend(Friend)
2024-10-22T23:42:54.272+03:00 DEBUG 4560 --- [reelQuill] [    Test worker] _.s.web.servlet.HandlerMapping.Mappings  : 
	c.e.r.c.GeneralInfoController:
	{GET [/api/generalInfo/{id}]}: getGeneralInfoById(int)
	{DELETE [/api/generalInfo/{id}]}: deleteGeneralInfo(int)
	{GET [/api/generalInfo]}: getAllGeneralInfo()
2024-10-22T23:42:54.277+03:00 DEBUG 4560 --- [reelQuill] [    Test worker] _.s.web.servlet.HandlerMapping.Mappings  : 
	c.e.r.c.QuillController:
	{GET [/api/quills]}: getAllQuills()
	{POST [/api/quills]}: createQuill(Quill)
2024-10-22T23:42:54.277+03:00 DEBUG 4560 --- [reelQuill] [    Test worker] _.s.web.servlet.HandlerMapping.Mappings  : 
	c.e.r.c.UserController:
	{POST [/api/users/login]}: login(LoginRequest)
	{GET [/api/users]}: getAllUsers()
	{GET [/api/users/{id}]}: getUserById(int)
	{DELETE [/api/users/{id}]}: deleteUser(int)
	{POST [/api/users]}: createUser(User)
2024-10-22T23:42:54.277+03:00 DEBUG 4560 --- [reelQuill] [    Test worker] _.s.web.servlet.HandlerMapping.Mappings  : 
	o.s.b.a.w.s.e.BasicErrorController:
	{ [/error]}: error(HttpServletRequest)
	{ [/error], produces [text/html]}: errorHtml(HttpServletRequest,HttpServletResponse)
2024-10-22T23:42:54.277+03:00 DEBUG 4560 --- [reelQuill] [    Test worker] s.w.s.m.m.a.RequestMappingHandlerMapping : 14 mappings in 'requestMappingHandlerMapping'
2024-10-22T23:42:54.288+03:00 DEBUG 4560 --- [reelQuill] [    Test worker] o.s.b.f.s.DefaultListableBeanFactory     : Creating shared instance of singleton bean 'mvcPatternParser'
2024-10-22T23:42:54.288+03:00 DEBUG 4560 --- [reelQuill] [    Test worker] o.s.b.f.s.DefaultListableBeanFactory     : Creating shared instance of singleton bean 'mvcUrlPathHelper'
2024-10-22T23:42:54.288+03:00 DEBUG 4560 --- [reelQuill] [    Test worker] o.s.b.f.s.DefaultListableBeanFactory     : Creating shared instance of singleton bean 'mvcPathMatcher'
2024-10-22T23:42:54.288+03:00 DEBUG 4560 --- [reelQuill] [    Test worker] o.s.b.f.s.DefaultListableBeanFactory     : Creating shared instance of singleton bean 'viewControllerHandlerMapping'
2024-10-22T23:42:54.288+03:00 DEBUG 4560 --- [reelQuill] [    Test worker] o.s.b.f.s.DefaultListableBeanFactory     : Autowiring by type from bean name 'viewControllerHandlerMapping' via factory method to bean named 'mvcConversionService'
2024-10-22T23:42:54.288+03:00 DEBUG 4560 --- [reelQuill] [    Test worker] o.s.b.f.s.DefaultListableBeanFactory     : Autowiring by type from bean name 'viewControllerHandlerMapping' via factory method to bean named 'mvcResourceUrlProvider'
2024-10-22T23:42:54.288+03:00 DEBUG 4560 --- [reelQuill] [    Test worker] o.s.b.f.s.DefaultListableBeanFactory     : Creating shared instance of singleton bean 'beanNameHandlerMapping'
2024-10-22T23:42:54.288+03:00 DEBUG 4560 --- [reelQuill] [    Test worker] o.s.b.f.s.DefaultListableBeanFactory     : Autowiring by type from bean name 'beanNameHandlerMapping' via factory method to bean named 'mvcConversionService'
2024-10-22T23:42:54.288+03:00 DEBUG 4560 --- [reelQuill] [    Test worker] o.s.b.f.s.DefaultListableBeanFactory     : Autowiring by type from bean name 'beanNameHandlerMapping' via factory method to bean named 'mvcResourceUrlProvider'
2024-10-22T23:42:54.297+03:00 DEBUG 4560 --- [reelQuill] [    Test worker] _.s.web.servlet.HandlerMapping.Mappings  : 'beanNameHandlerMapping' {}
2024-10-22T23:42:54.297+03:00 DEBUG 4560 --- [reelQuill] [    Test worker] o.s.b.f.s.DefaultListableBeanFactory     : Creating shared instance of singleton bean 'routerFunctionMapping'
2024-10-22T23:42:54.297+03:00 DEBUG 4560 --- [reelQuill] [    Test worker] o.s.b.f.s.DefaultListableBeanFactory     : Autowiring by type from bean name 'routerFunctionMapping' via factory method to bean named 'mvcConversionService'
2024-10-22T23:42:54.297+03:00 DEBUG 4560 --- [reelQuill] [    Test worker] o.s.b.f.s.DefaultListableBeanFactory     : Autowiring by type from bean name 'routerFunctionMapping' via factory method to bean named 'mvcResourceUrlProvider'
2024-10-22T23:42:54.297+03:00 DEBUG 4560 --- [reelQuill] [    Test worker] o.s.b.f.s.DefaultListableBeanFactory     : Creating shared instance of singleton bean 'messageConverters'
2024-10-22T23:42:54.297+03:00 DEBUG 4560 --- [reelQuill] [    Test worker] o.s.b.f.s.DefaultListableBeanFactory     : Creating shared instance of singleton bean 'org.springframework.boot.autoconfigure.http.HttpMessageConvertersAutoConfiguration'
2024-10-22T23:42:54.307+03:00 DEBUG 4560 --- [reelQuill] [    Test worker] o.s.b.f.s.DefaultListableBeanFactory     : Creating shared instance of singleton bean 'stringHttpMessageConverter'
2024-10-22T23:42:54.307+03:00 DEBUG 4560 --- [reelQuill] [    Test worker] o.s.b.f.s.DefaultListableBeanFactory     : Creating shared instance of singleton bean 'org.springframework.boot.autoconfigure.http.HttpMessageConvertersAutoConfiguration$StringHttpMessageConverterConfiguration'
2024-10-22T23:42:54.307+03:00 DEBUG 4560 --- [reelQuill] [    Test worker] o.s.b.f.s.DefaultListableBeanFactory     : Autowiring by type from bean name 'stringHttpMessageConverter' via factory method to bean named 'environment'
2024-10-22T23:42:54.307+03:00 DEBUG 4560 --- [reelQuill] [    Test worker] o.s.b.f.s.DefaultListableBeanFactory     : Creating shared instance of singleton bean 'mappingJackson2HttpMessageConverter'
2024-10-22T23:42:54.307+03:00 DEBUG 4560 --- [reelQuill] [    Test worker] o.s.b.f.s.DefaultListableBeanFactory     : Creating shared instance of singleton bean 'org.springframework.boot.autoconfigure.http.JacksonHttpMessageConvertersConfiguration$MappingJackson2HttpMessageConverterConfiguration'
2024-10-22T23:42:54.307+03:00 DEBUG 4560 --- [reelQuill] [    Test worker] o.s.b.f.s.DefaultListableBeanFactory     : Creating shared instance of singleton bean 'jacksonObjectMapper'
2024-10-22T23:42:54.307+03:00 DEBUG 4560 --- [reelQuill] [    Test worker] o.s.b.f.s.DefaultListableBeanFactory     : Creating shared instance of singleton bean 'org.springframework.boot.autoconfigure.jackson.JacksonAutoConfiguration$JacksonObjectMapperConfiguration'
2024-10-22T23:42:54.317+03:00 DEBUG 4560 --- [reelQuill] [    Test worker] o.s.b.f.s.DefaultListableBeanFactory     : Creating shared instance of singleton bean 'org.springframework.boot.autoconfigure.jackson.JacksonAutoConfiguration$JacksonObjectMapperBuilderConfiguration'
2024-10-22T23:42:54.317+03:00 DEBUG 4560 --- [reelQuill] [    Test worker] o.s.b.f.s.DefaultListableBeanFactory     : Creating shared instance of singleton bean 'standardJacksonObjectMapperBuilderCustomizer'
2024-10-22T23:42:54.317+03:00 DEBUG 4560 --- [reelQuill] [    Test worker] o.s.b.f.s.DefaultListableBeanFactory     : Creating shared instance of singleton bean 'org.springframework.boot.autoconfigure.jackson.JacksonAutoConfiguration$Jackson2ObjectMapperBuilderCustomizerConfiguration'
2024-10-22T23:42:54.320+03:00 DEBUG 4560 --- [reelQuill] [    Test worker] o.s.b.f.s.DefaultListableBeanFactory     : Creating shared instance of singleton bean 'spring.jackson-org.springframework.boot.autoconfigure.jackson.JacksonProperties'
2024-10-22T23:42:54.324+03:00 DEBUG 4560 --- [reelQuill] [    Test worker] o.s.b.f.s.DefaultListableBeanFactory     : Autowiring by type from bean name 'standardJacksonObjectMapperBuilderCustomizer' via factory method to bean named 'spring.jackson-org.springframework.boot.autoconfigure.jackson.JacksonProperties'
2024-10-22T23:42:54.325+03:00 DEBUG 4560 --- [reelQuill] [    Test worker] o.s.b.f.s.DefaultListableBeanFactory     : Creating shared instance of singleton bean 'parameterNamesModule'
2024-10-22T23:42:54.325+03:00 DEBUG 4560 --- [reelQuill] [    Test worker] o.s.b.f.s.DefaultListableBeanFactory     : Creating shared instance of singleton bean 'org.springframework.boot.autoconfigure.jackson.JacksonAutoConfiguration$ParameterNamesModuleConfiguration'
2024-10-22T23:42:54.327+03:00 DEBUG 4560 --- [reelQuill] [    Test worker] o.s.b.f.s.DefaultListableBeanFactory     : Creating shared instance of singleton bean 'jsonMixinModule'
2024-10-22T23:42:54.327+03:00 DEBUG 4560 --- [reelQuill] [    Test worker] o.s.b.f.s.DefaultListableBeanFactory     : Creating shared instance of singleton bean 'org.springframework.boot.autoconfigure.jackson.JacksonAutoConfiguration$JacksonMixinConfiguration'
2024-10-22T23:42:54.327+03:00 DEBUG 4560 --- [reelQuill] [    Test worker] o.s.b.f.s.DefaultListableBeanFactory     : Creating shared instance of singleton bean 'jsonMixinModuleEntries'
2024-10-22T23:42:54.327+03:00 DEBUG 4560 --- [reelQuill] [    Test worker] o.s.b.f.s.DefaultListableBeanFactory     : Autowiring by type from bean name 'jsonMixinModuleEntries' via factory method to bean named 'org.springframework.web.context.support.GenericWebApplicationContext@6f8e0cee'
2024-10-22T23:42:54.337+03:00 DEBUG 4560 --- [reelQuill] [    Test worker] o.s.b.f.s.DefaultListableBeanFactory     : Autowiring by type from bean name 'jsonMixinModule' via factory method to bean named 'org.springframework.web.context.support.GenericWebApplicationContext@6f8e0cee'
2024-10-22T23:42:54.337+03:00 DEBUG 4560 --- [reelQuill] [    Test worker] o.s.b.f.s.DefaultListableBeanFactory     : Autowiring by type from bean name 'jsonMixinModule' via factory method to bean named 'jsonMixinModuleEntries'
2024-10-22T23:42:54.337+03:00 DEBUG 4560 --- [reelQuill] [    Test worker] o.s.b.f.s.DefaultListableBeanFactory     : Creating shared instance of singleton bean 'jsonComponentModule'
2024-10-22T23:42:54.337+03:00 DEBUG 4560 --- [reelQuill] [    Test worker] o.s.b.f.s.DefaultListableBeanFactory     : Creating shared instance of singleton bean 'org.springframework.boot.autoconfigure.jackson.JacksonAutoConfiguration'
2024-10-22T23:42:54.347+03:00 DEBUG 4560 --- [reelQuill] [    Test worker] o.s.b.f.s.DefaultListableBeanFactory     : Creating shared instance of singleton bean 'jacksonGeoModule'
2024-10-22T23:42:54.347+03:00 DEBUG 4560 --- [reelQuill] [    Test worker] o.s.b.f.s.DefaultListableBeanFactory     : Creating shared instance of singleton bean 'org.springframework.data.web.config.SpringDataJacksonConfiguration'
2024-10-22T23:42:54.352+03:00 DEBUG 4560 --- [reelQuill] [    Test worker] o.s.b.f.s.DefaultListableBeanFactory     : Creating shared instance of singleton bean 'pageModule'
2024-10-22T23:42:54.357+03:00 DEBUG 4560 --- [reelQuill] [    Test worker] o.s.b.f.s.DefaultListableBeanFactory     : Autowiring by type from bean name 'jacksonObjectMapperBuilder' via factory method to bean named 'org.springframework.web.context.support.GenericWebApplicationContext@6f8e0cee'
2024-10-22T23:42:54.357+03:00 DEBUG 4560 --- [reelQuill] [    Test worker] o.s.b.f.s.DefaultListableBeanFactory     : Autowiring by type from bean name 'jacksonObjectMapperBuilder' via factory method to bean named 'standardJacksonObjectMapperBuilderCustomizer'
2024-10-22T23:42:54.357+03:00 DEBUG 4560 --- [reelQuill] [    Test worker] o.s.b.f.s.DefaultListableBeanFactory     : Autowiring by type from bean name 'jacksonObjectMapper' via factory method to bean named 'jacksonObjectMapperBuilder'
2024-10-22T23:42:54.377+03:00 DEBUG 4560 --- [reelQuill] [    Test worker] o.s.b.f.s.DefaultListableBeanFactory     : Autowiring by type from bean name 'mappingJackson2HttpMessageConverter' via factory method to bean named 'jacksonObjectMapper'
2024-10-22T23:42:54.427+03:00 DEBUG 4560 --- [reelQuill] [    Test worker] o.s.b.f.s.DefaultListableBeanFactory     : Creating shared instance of singleton bean 'resourceHandlerMapping'
2024-10-22T23:42:54.427+03:00 DEBUG 4560 --- [reelQuill] [    Test worker] o.s.b.f.s.DefaultListableBeanFactory     : Autowiring by type from bean name 'resourceHandlerMapping' via factory method to bean named 'mvcContentNegotiationManager'
2024-10-22T23:42:54.427+03:00 DEBUG 4560 --- [reelQuill] [    Test worker] o.s.b.f.s.DefaultListableBeanFactory     : Autowiring by type from bean name 'resourceHandlerMapping' via factory method to bean named 'mvcConversionService'
2024-10-22T23:42:54.427+03:00 DEBUG 4560 --- [reelQuill] [    Test worker] o.s.b.f.s.DefaultListableBeanFactory     : Autowiring by type from bean name 'resourceHandlerMapping' via factory method to bean named 'mvcResourceUrlProvider'
2024-10-22T23:42:54.431+03:00 DEBUG 4560 --- [reelQuill] [    Test worker] _.s.web.servlet.HandlerMapping.Mappings  : 'resourceHandlerMapping' {/webjars/**=ResourceHttpRequestHandler [classpath [META-INF/resources/webjars/]], /**=ResourceHttpRequestHandler [classpath [META-INF/resources/], classpath [resources/], classpath [static/], classpath [public/], ServletContext [/]]}
2024-10-22T23:42:54.431+03:00 DEBUG 4560 --- [reelQuill] [    Test worker] o.s.b.f.s.DefaultListableBeanFactory     : Creating shared instance of singleton bean 'defaultServletHandlerMapping'
2024-10-22T23:42:54.431+03:00 DEBUG 4560 --- [reelQuill] [    Test worker] o.s.b.f.s.DefaultListableBeanFactory     : Creating shared instance of singleton bean 'requestMappingHandlerAdapter'
2024-10-22T23:42:54.437+03:00 DEBUG 4560 --- [reelQuill] [    Test worker] o.s.b.f.s.DefaultListableBeanFactory     : Autowiring by type from bean name 'requestMappingHandlerAdapter' via factory method to bean named 'mvcContentNegotiationManager'
2024-10-22T23:42:54.437+03:00 DEBUG 4560 --- [reelQuill] [    Test worker] o.s.b.f.s.DefaultListableBeanFactory     : Autowiring by type from bean name 'requestMappingHandlerAdapter' via factory method to bean named 'mvcConversionService'
2024-10-22T23:42:54.437+03:00 DEBUG 4560 --- [reelQuill] [    Test worker] o.s.b.f.s.DefaultListableBeanFactory     : Autowiring by type from bean name 'requestMappingHandlerAdapter' via factory method to bean named 'mvcValidator'
2024-10-22T23:42:54.437+03:00 DEBUG 4560 --- [reelQuill] [    Test worker] o.s.b.f.s.DefaultListableBeanFactory     : Creating shared instance of singleton bean 'sortResolver'
2024-10-22T23:42:54.437+03:00 DEBUG 4560 --- [reelQuill] [    Test worker] o.s.b.f.s.DefaultListableBeanFactory     : Creating shared instance of singleton bean 'sortCustomizer'
2024-10-22T23:42:54.437+03:00 DEBUG 4560 --- [reelQuill] [    Test worker] o.s.b.f.s.DefaultListableBeanFactory     : Creating shared instance of singleton bean 'org.springframework.boot.autoconfigure.data.web.SpringDataWebAutoConfiguration'
2024-10-22T23:42:54.437+03:00 DEBUG 4560 --- [reelQuill] [    Test worker] o.s.b.f.s.DefaultListableBeanFactory     : Creating shared instance of singleton bean 'spring.data.web-org.springframework.boot.autoconfigure.data.web.SpringDataWebProperties'
2024-10-22T23:42:54.437+03:00 DEBUG 4560 --- [reelQuill] [    Test worker] o.s.b.f.s.DefaultListableBeanFactory     : Autowiring by type from bean name 'org.springframework.boot.autoconfigure.data.web.SpringDataWebAutoConfiguration' via constructor to bean named 'spring.data.web-org.springframework.boot.autoconfigure.data.web.SpringDataWebProperties'
2024-10-22T23:42:54.447+03:00 DEBUG 4560 --- [reelQuill] [    Test worker] o.s.b.f.s.DefaultListableBeanFactory     : Creating shared instance of singleton bean 'pageableResolver'
2024-10-22T23:42:54.448+03:00 DEBUG 4560 --- [reelQuill] [    Test worker] o.s.b.f.s.DefaultListableBeanFactory     : Creating shared instance of singleton bean 'pageableCustomizer'
2024-10-22T23:42:54.448+03:00 DEBUG 4560 --- [reelQuill] [    Test worker] o.s.b.f.s.DefaultListableBeanFactory     : Creating shared instance of singleton bean 'applicationTaskExecutor'
2024-10-22T23:42:54.448+03:00 DEBUG 4560 --- [reelQuill] [    Test worker] o.s.b.f.s.DefaultListableBeanFactory     : Autowiring by type from bean name 'applicationTaskExecutor' via factory method to bean named 'taskExecutorBuilder'
2024-10-22T23:42:54.448+03:00 DEBUG 4560 --- [reelQuill] [    Test worker] o.s.s.concurrent.ThreadPoolTaskExecutor  : Initializing ExecutorService 'applicationTaskExecutor'
2024-10-22T23:42:54.463+03:00 DEBUG 4560 --- [reelQuill] [    Test worker] s.w.s.m.m.a.RequestMappingHandlerAdapter : ControllerAdvice beans: 0 @ModelAttribute, 0 @InitBinder, 1 RequestBodyAdvice, 1 ResponseBodyAdvice
2024-10-22T23:42:54.479+03:00 DEBUG 4560 --- [reelQuill] [    Test worker] o.s.b.f.s.DefaultListableBeanFactory     : Creating shared instance of singleton bean 'handlerFunctionAdapter'
2024-10-22T23:42:54.487+03:00 DEBUG 4560 --- [reelQuill] [    Test worker] o.s.b.f.s.DefaultListableBeanFactory     : Creating shared instance of singleton bean 'mvcUriComponentsContributor'
2024-10-22T23:42:54.487+03:00 DEBUG 4560 --- [reelQuill] [    Test worker] o.s.b.f.s.DefaultListableBeanFactory     : Autowiring by type from bean name 'mvcUriComponentsContributor' via factory method to bean named 'mvcConversionService'
2024-10-22T23:42:54.487+03:00 DEBUG 4560 --- [reelQuill] [    Test worker] o.s.b.f.s.DefaultListableBeanFactory     : Autowiring by type from bean name 'mvcUriComponentsContributor' via factory method to bean named 'requestMappingHandlerAdapter'
2024-10-22T23:42:54.487+03:00 DEBUG 4560 --- [reelQuill] [    Test worker] o.s.b.f.s.DefaultListableBeanFactory     : Creating shared instance of singleton bean 'httpRequestHandlerAdapter'
2024-10-22T23:42:54.487+03:00 DEBUG 4560 --- [reelQuill] [    Test worker] o.s.b.f.s.DefaultListableBeanFactory     : Creating shared instance of singleton bean 'simpleControllerHandlerAdapter'
2024-10-22T23:42:54.487+03:00 DEBUG 4560 --- [reelQuill] [    Test worker] o.s.b.f.s.DefaultListableBeanFactory     : Creating shared instance of singleton bean 'handlerExceptionResolver'
2024-10-22T23:42:54.487+03:00 DEBUG 4560 --- [reelQuill] [    Test worker] o.s.b.f.s.DefaultListableBeanFactory     : Autowiring by type from bean name 'handlerExceptionResolver' via factory method to bean named 'mvcContentNegotiationManager'
2024-10-22T23:42:54.493+03:00 DEBUG 4560 --- [reelQuill] [    Test worker] .m.m.a.ExceptionHandlerExceptionResolver : ControllerAdvice beans: 1 @ExceptionHandler, 1 ResponseBodyAdvice
2024-10-22T23:42:54.493+03:00 DEBUG 4560 --- [reelQuill] [    Test worker] o.s.b.f.s.DefaultListableBeanFactory     : Creating shared instance of singleton bean 'mvcViewResolver'
2024-10-22T23:42:54.496+03:00 DEBUG 4560 --- [reelQuill] [    Test worker] o.s.b.f.s.DefaultListableBeanFactory     : Autowiring by type from bean name 'mvcViewResolver' via factory method to bean named 'mvcContentNegotiationManager'
2024-10-22T23:42:54.498+03:00 DEBUG 4560 --- [reelQuill] [    Test worker] o.s.b.f.s.DefaultListableBeanFactory     : Creating shared instance of singleton bean 'viewNameTranslator'
2024-10-22T23:42:54.498+03:00 DEBUG 4560 --- [reelQuill] [    Test worker] o.s.b.f.s.DefaultListableBeanFactory     : Creating shared instance of singleton bean 'defaultViewResolver'
2024-10-22T23:42:54.498+03:00 DEBUG 4560 --- [reelQuill] [    Test worker] o.s.b.f.s.DefaultListableBeanFactory     : Creating shared instance of singleton bean 'viewResolver'
2024-10-22T23:42:54.498+03:00 DEBUG 4560 --- [reelQuill] [    Test worker] o.s.b.f.s.DefaultListableBeanFactory     : Autowiring by type from bean name 'viewResolver' via factory method to bean named 'org.springframework.beans.factory.support.DefaultListableBeanFactory@16ade133'
2024-10-22T23:42:54.506+03:00 DEBUG 4560 --- [reelQuill] [    Test worker] o.s.b.f.s.DefaultListableBeanFactory     : Creating shared instance of singleton bean 'viewResolver'
2024-10-22T23:42:54.507+03:00 DEBUG 4560 --- [reelQuill] [    Test worker] o.s.b.f.s.DefaultListableBeanFactory     : Creating shared instance of singleton bean 'requestContextFilter'
2024-10-22T23:42:54.510+03:00 DEBUG 4560 --- [reelQuill] [    Test worker] o.s.b.f.s.DefaultListableBeanFactory     : Creating shared instance of singleton bean 'org.springframework.boot.autoconfigure.web.servlet.WebMvcAutoConfiguration'
2024-10-22T23:42:54.510+03:00 DEBUG 4560 --- [reelQuill] [    Test worker] o.s.b.f.s.DefaultListableBeanFactory     : Creating shared instance of singleton bean 'formContentFilter'
2024-10-22T23:42:54.512+03:00 DEBUG 4560 --- [reelQuill] [    Test worker] o.s.b.f.s.DefaultListableBeanFactory     : Creating shared instance of singleton bean 'org.springframework.boot.autoconfigure.aop.AopAutoConfiguration$AspectJAutoProxyingConfiguration$CglibAutoProxyConfiguration'
2024-10-22T23:42:54.512+03:00 DEBUG 4560 --- [reelQuill] [    Test worker] o.s.b.f.s.DefaultListableBeanFactory     : Creating shared instance of singleton bean 'org.springframework.boot.autoconfigure.aop.AopAutoConfiguration$AspectJAutoProxyingConfiguration'
2024-10-22T23:42:54.512+03:00 DEBUG 4560 --- [reelQuill] [    Test worker] o.s.b.f.s.DefaultListableBeanFactory     : Creating shared instance of singleton bean 'org.springframework.boot.autoconfigure.aop.AopAutoConfiguration'
2024-10-22T23:42:54.512+03:00 DEBUG 4560 --- [reelQuill] [    Test worker] o.s.b.f.s.DefaultListableBeanFactory     : Creating shared instance of singleton bean 'org.springframework.boot.autoconfigure.availability.ApplicationAvailabilityAutoConfiguration'
2024-10-22T23:42:54.512+03:00 DEBUG 4560 --- [reelQuill] [    Test worker] o.s.b.f.s.DefaultListableBeanFactory     : Creating shared instance of singleton bean 'applicationAvailability'
2024-10-22T23:42:54.512+03:00 DEBUG 4560 --- [reelQuill] [    Test worker] o.s.b.f.s.DefaultListableBeanFactory     : Creating shared instance of singleton bean 'org.springframework.boot.autoconfigure.transaction.jta.JtaAutoConfiguration'
2024-10-22T23:42:54.512+03:00 DEBUG 4560 --- [reelQuill] [    Test worker] o.s.b.f.s.DefaultListableBeanFactory     : Creating shared instance of singleton bean 'org.springframework.boot.autoconfigure.jdbc.metadata.DataSourcePoolMetadataProvidersConfiguration'
2024-10-22T23:42:54.512+03:00 DEBUG 4560 --- [reelQuill] [    Test worker] o.s.b.f.s.DefaultListableBeanFactory     : Creating shared instance of singleton bean 'org.springframework.boot.autoconfigure.jdbc.DataSourceAutoConfiguration'
2024-10-22T23:42:54.512+03:00 DEBUG 4560 --- [reelQuill] [    Test worker] o.s.b.f.s.DefaultListableBeanFactory     : Creating shared instance of singleton bean 'org.springframework.boot.autoconfigure.transaction.TransactionManagerCustomizationAutoConfiguration'
2024-10-22T23:42:54.512+03:00 DEBUG 4560 --- [reelQuill] [    Test worker] o.s.b.f.s.DefaultListableBeanFactory     : Creating shared instance of singleton bean 'platformTransactionManagerCustomizers'
2024-10-22T23:42:54.512+03:00 DEBUG 4560 --- [reelQuill] [    Test worker] o.s.b.f.s.DefaultListableBeanFactory     : Creating shared instance of singleton bean 'transactionExecutionListeners'
2024-10-22T23:42:54.517+03:00 DEBUG 4560 --- [reelQuill] [    Test worker] o.s.b.f.s.DefaultListableBeanFactory     : Creating shared instance of singleton bean 'spring.transaction-org.springframework.boot.autoconfigure.transaction.TransactionProperties'
2024-10-22T23:42:54.517+03:00 DEBUG 4560 --- [reelQuill] [    Test worker] o.s.b.f.s.DefaultListableBeanFactory     : Creating shared instance of singleton bean 'org.springframework.boot.autoconfigure.orm.jpa.JpaBaseConfiguration$PersistenceManagedTypesConfiguration'
2024-10-22T23:42:54.517+03:00 DEBUG 4560 --- [reelQuill] [    Test worker] o.s.b.f.s.DefaultListableBeanFactory     : Creating shared instance of singleton bean 'transactionManager'
2024-10-22T23:42:54.532+03:00 DEBUG 4560 --- [reelQuill] [    Test worker] o.s.b.f.s.DefaultListableBeanFactory     : Creating shared instance of singleton bean 'org.springframework.boot.autoconfigure.orm.jpa.HibernateJpaAutoConfiguration'
2024-10-22T23:42:54.532+03:00 DEBUG 4560 --- [reelQuill] [    Test worker] o.s.b.f.s.DefaultListableBeanFactory     : Creating shared instance of singleton bean 'org.springframework.boot.autoconfigure.context.ConfigurationPropertiesAutoConfiguration'
2024-10-22T23:42:54.532+03:00 DEBUG 4560 --- [reelQuill] [    Test worker] o.s.b.f.s.DefaultListableBeanFactory     : Creating shared instance of singleton bean 'org.springframework.boot.autoconfigure.context.LifecycleAutoConfiguration'
2024-10-22T23:42:54.532+03:00 DEBUG 4560 --- [reelQuill] [    Test worker] o.s.b.f.s.DefaultListableBeanFactory     : Creating shared instance of singleton bean 'lifecycleProcessor'
2024-10-22T23:42:54.532+03:00 DEBUG 4560 --- [reelQuill] [    Test worker] o.s.b.f.s.DefaultListableBeanFactory     : Creating shared instance of singleton bean 'spring.lifecycle-org.springframework.boot.autoconfigure.context.LifecycleProperties'
2024-10-22T23:42:54.532+03:00 DEBUG 4560 --- [reelQuill] [    Test worker] o.s.b.f.s.DefaultListableBeanFactory     : Autowiring by type from bean name 'lifecycleProcessor' via factory method to bean named 'spring.lifecycle-org.springframework.boot.autoconfigure.context.LifecycleProperties'
2024-10-22T23:42:54.537+03:00 DEBUG 4560 --- [reelQuill] [    Test worker] o.s.b.f.s.DefaultListableBeanFactory     : Creating shared instance of singleton bean 'org.springframework.boot.autoconfigure.dao.PersistenceExceptionTranslationAutoConfiguration'
2024-10-22T23:42:54.537+03:00 DEBUG 4560 --- [reelQuill] [    Test worker] o.s.b.f.s.DefaultListableBeanFactory     : Creating shared instance of singleton bean 'org.springframework.boot.autoconfigure.data.jpa.JpaRepositoriesAutoConfiguration'
2024-10-22T23:42:54.537+03:00 DEBUG 4560 --- [reelQuill] [    Test worker] o.s.b.f.s.DefaultListableBeanFactory     : Creating shared instance of singleton bean 'org.springframework.data.jpa.util.JpaMetamodelCacheCleanup'
2024-10-22T23:42:54.537+03:00 DEBUG 4560 --- [reelQuill] [    Test worker] o.s.b.f.s.DefaultListableBeanFactory     : Creating shared instance of singleton bean 'org.springframework.data.jpa.repository.support.JpaEvaluationContextExtension'
2024-10-22T23:42:54.537+03:00 DEBUG 4560 --- [reelQuill] [    Test worker] o.s.b.f.s.DefaultListableBeanFactory     : Creating shared instance of singleton bean 'data-jpa.repository-aot-processor#0'
2024-10-22T23:42:54.547+03:00 DEBUG 4560 --- [reelQuill] [    Test worker] o.s.b.f.s.DefaultListableBeanFactory     : Creating shared instance of singleton bean 'org.springframework.boot.autoconfigure.http.JacksonHttpMessageConvertersConfiguration'
2024-10-22T23:42:54.547+03:00 DEBUG 4560 --- [reelQuill] [    Test worker] o.s.b.f.s.DefaultListableBeanFactory     : Creating shared instance of singleton bean 'org.springframework.data.web.config.ProjectingArgumentResolverRegistrar'
2024-10-22T23:42:54.547+03:00 DEBUG 4560 --- [reelQuill] [    Test worker] o.s.b.f.s.DefaultListableBeanFactory     : Creating shared instance of singleton bean 'offsetResolver'
2024-10-22T23:42:54.547+03:00 DEBUG 4560 --- [reelQuill] [    Test worker] o.s.b.f.s.DefaultListableBeanFactory     : Creating shared instance of singleton bean 'org.springframework.boot.autoconfigure.info.ProjectInfoAutoConfiguration'
2024-10-22T23:42:54.547+03:00 DEBUG 4560 --- [reelQuill] [    Test worker] o.s.b.f.s.DefaultListableBeanFactory     : Creating shared instance of singleton bean 'spring.info-org.springframework.boot.autoconfigure.info.ProjectInfoProperties'
2024-10-22T23:42:54.547+03:00 DEBUG 4560 --- [reelQuill] [    Test worker] o.s.b.f.s.DefaultListableBeanFactory     : Autowiring by type from bean name 'org.springframework.boot.autoconfigure.info.ProjectInfoAutoConfiguration' via constructor to bean named 'spring.info-org.springframework.boot.autoconfigure.info.ProjectInfoProperties'
2024-10-22T23:42:54.547+03:00 DEBUG 4560 --- [reelQuill] [    Test worker] o.s.b.f.s.DefaultListableBeanFactory     : Creating shared instance of singleton bean 'org.springframework.boot.autoconfigure.jdbc.JdbcTemplateConfiguration'
2024-10-22T23:42:54.547+03:00 DEBUG 4560 --- [reelQuill] [    Test worker] o.s.b.f.s.DefaultListableBeanFactory     : Creating shared instance of singleton bean 'jdbcTemplate'
2024-10-22T23:42:54.558+03:00 DEBUG 4560 --- [reelQuill] [    Test worker] o.s.b.f.s.DefaultListableBeanFactory     : Creating shared instance of singleton bean 'spring.jdbc-org.springframework.boot.autoconfigure.jdbc.JdbcProperties'
2024-10-22T23:42:54.558+03:00 DEBUG 4560 --- [reelQuill] [    Test worker] o.s.b.f.s.DefaultListableBeanFactory     : Autowiring by type from bean name 'jdbcTemplate' via factory method to bean named 'dataSource'
2024-10-22T23:42:54.558+03:00 DEBUG 4560 --- [reelQuill] [    Test worker] o.s.b.f.s.DefaultListableBeanFactory     : Autowiring by type from bean name 'jdbcTemplate' via factory method to bean named 'spring.jdbc-org.springframework.boot.autoconfigure.jdbc.JdbcProperties'
2024-10-22T23:42:54.560+03:00 DEBUG 4560 --- [reelQuill] [    Test worker] o.s.b.f.s.DefaultListableBeanFactory     : Creating shared instance of singleton bean 'org.springframework.boot.autoconfigure.jdbc.NamedParameterJdbcTemplateConfiguration'
2024-10-22T23:42:54.560+03:00 DEBUG 4560 --- [reelQuill] [    Test worker] o.s.b.f.s.DefaultListableBeanFactory     : Creating shared instance of singleton bean 'namedParameterJdbcTemplate'
2024-10-22T23:42:54.560+03:00 DEBUG 4560 --- [reelQuill] [    Test worker] o.s.b.f.s.DefaultListableBeanFactory     : Autowiring by type from bean name 'namedParameterJdbcTemplate' via factory method to bean named 'jdbcTemplate'
2024-10-22T23:42:54.568+03:00 DEBUG 4560 --- [reelQuill] [    Test worker] o.s.b.f.s.DefaultListableBeanFactory     : Creating shared instance of singleton bean 'org.springframework.boot.autoconfigure.jdbc.JdbcTemplateAutoConfiguration'
2024-10-22T23:42:54.568+03:00 DEBUG 4560 --- [reelQuill] [    Test worker] o.s.b.f.s.DefaultListableBeanFactory     : Creating shared instance of singleton bean 'org.springframework.boot.autoconfigure.jdbc.JdbcClientAutoConfiguration'
2024-10-22T23:42:54.568+03:00 DEBUG 4560 --- [reelQuill] [    Test worker] o.s.b.f.s.DefaultListableBeanFactory     : Creating shared instance of singleton bean 'jdbcClient'
2024-10-22T23:42:54.568+03:00 DEBUG 4560 --- [reelQuill] [    Test worker] o.s.b.f.s.DefaultListableBeanFactory     : Autowiring by type from bean name 'jdbcClient' via factory method to bean named 'namedParameterJdbcTemplate'
2024-10-22T23:42:54.576+03:00 DEBUG 4560 --- [reelQuill] [    Test worker] o.s.b.f.s.DefaultListableBeanFactory     : Creating shared instance of singleton bean 'org.springframework.boot.autoconfigure.security.servlet.SpringBootWebSecurityConfiguration'
2024-10-22T23:42:54.576+03:00 DEBUG 4560 --- [reelQuill] [    Test worker] o.s.b.f.s.DefaultListableBeanFactory     : Creating shared instance of singleton bean 'org.springframework.boot.autoconfigure.security.servlet.SecurityAutoConfiguration'
2024-10-22T23:42:54.576+03:00 DEBUG 4560 --- [reelQuill] [    Test worker] o.s.b.f.s.DefaultListableBeanFactory     : Creating shared instance of singleton bean 'authenticationEventPublisher'
2024-10-22T23:42:54.576+03:00 DEBUG 4560 --- [reelQuill] [    Test worker] o.s.b.f.s.DefaultListableBeanFactory     : Autowiring by type from bean name 'authenticationEventPublisher' via factory method to bean named 'org.springframework.web.context.support.GenericWebApplicationContext@6f8e0cee'
2024-10-22T23:42:54.577+03:00 DEBUG 4560 --- [reelQuill] [    Test worker] o.s.b.f.s.DefaultListableBeanFactory     : Creating shared instance of singleton bean 'spring.security-org.springframework.boot.autoconfigure.security.SecurityProperties'
2024-10-22T23:42:54.577+03:00 DEBUG 4560 --- [reelQuill] [    Test worker] o.s.b.f.s.DefaultListableBeanFactory     : Creating shared instance of singleton bean 'org.springframework.boot.autoconfigure.sql.init.SqlInitializationAutoConfiguration'
2024-10-22T23:42:54.577+03:00 DEBUG 4560 --- [reelQuill] [    Test worker] o.s.b.f.s.DefaultListableBeanFactory     : Creating shared instance of singleton bean 'org.springframework.boot.autoconfigure.task.TaskSchedulingConfigurations$ThreadPoolTaskSchedulerBuilderConfiguration'
2024-10-22T23:42:54.577+03:00 DEBUG 4560 --- [reelQuill] [    Test worker] o.s.b.f.s.DefaultListableBeanFactory     : Creating shared instance of singleton bean 'threadPoolTaskSchedulerBuilder'
2024-10-22T23:42:54.577+03:00 DEBUG 4560 --- [reelQuill] [    Test worker] o.s.b.f.s.DefaultListableBeanFactory     : Creating shared instance of singleton bean 'spring.task.scheduling-org.springframework.boot.autoconfigure.task.TaskSchedulingProperties'
2024-10-22T23:42:54.577+03:00 DEBUG 4560 --- [reelQuill] [    Test worker] o.s.b.f.s.DefaultListableBeanFactory     : Autowiring by type from bean name 'threadPoolTaskSchedulerBuilder' via factory method to bean named 'spring.task.scheduling-org.springframework.boot.autoconfigure.task.TaskSchedulingProperties'
2024-10-22T23:42:54.577+03:00 DEBUG 4560 --- [reelQuill] [    Test worker] o.s.b.f.s.DefaultListableBeanFactory     : Creating shared instance of singleton bean 'org.springframework.boot.autoconfigure.task.TaskSchedulingConfigurations$TaskSchedulerBuilderConfiguration'
2024-10-22T23:42:54.577+03:00 DEBUG 4560 --- [reelQuill] [    Test worker] o.s.b.f.s.DefaultListableBeanFactory     : Creating shared instance of singleton bean 'taskSchedulerBuilder'
2024-10-22T23:42:54.577+03:00 DEBUG 4560 --- [reelQuill] [    Test worker] o.s.b.f.s.DefaultListableBeanFactory     : Autowiring by type from bean name 'taskSchedulerBuilder' via factory method to bean named 'spring.task.scheduling-org.springframework.boot.autoconfigure.task.TaskSchedulingProperties'
2024-10-22T23:42:54.587+03:00 DEBUG 4560 --- [reelQuill] [    Test worker] o.s.b.f.s.DefaultListableBeanFactory     : Creating shared instance of singleton bean 'org.springframework.boot.autoconfigure.task.TaskSchedulingConfigurations$SimpleAsyncTaskSchedulerBuilderConfiguration'
2024-10-22T23:42:54.587+03:00 DEBUG 4560 --- [reelQuill] [    Test worker] o.s.b.f.s.DefaultListableBeanFactory     : Autowiring by type from bean name 'org.springframework.boot.autoconfigure.task.TaskSchedulingConfigurations$SimpleAsyncTaskSchedulerBuilderConfiguration' via constructor to bean named 'spring.task.scheduling-org.springframework.boot.autoconfigure.task.TaskSchedulingProperties'
2024-10-22T23:42:54.587+03:00 DEBUG 4560 --- [reelQuill] [    Test worker] o.s.b.f.s.DefaultListableBeanFactory     : Creating shared instance of singleton bean 'simpleAsyncTaskSchedulerBuilder'
2024-10-22T23:42:54.587+03:00 DEBUG 4560 --- [reelQuill] [    Test worker] o.s.b.f.s.DefaultListableBeanFactory     : Creating shared instance of singleton bean 'org.springframework.boot.autoconfigure.task.TaskSchedulingAutoConfiguration'
2024-10-22T23:42:54.587+03:00 DEBUG 4560 --- [reelQuill] [    Test worker] o.s.b.f.s.DefaultListableBeanFactory     : Creating shared instance of singleton bean 'org.springframework.boot.autoconfigure.jdbc.DataSourceTransactionManagerAutoConfiguration$JdbcTransactionManagerConfiguration'
2024-10-22T23:42:54.592+03:00 DEBUG 4560 --- [reelQuill] [    Test worker] o.s.b.f.s.DefaultListableBeanFactory     : Creating shared instance of singleton bean 'org.springframework.boot.autoconfigure.jdbc.DataSourceTransactionManagerAutoConfiguration'
2024-10-22T23:42:54.592+03:00 DEBUG 4560 --- [reelQuill] [    Test worker] o.s.b.f.s.DefaultListableBeanFactory     : Creating shared instance of singleton bean 'org.springframework.boot.autoconfigure.transaction.TransactionAutoConfiguration$EnableTransactionManagementConfiguration$CglibAutoProxyConfiguration'
2024-10-22T23:42:54.592+03:00 DEBUG 4560 --- [reelQuill] [    Test worker] o.s.b.f.s.DefaultListableBeanFactory     : Creating shared instance of singleton bean 'org.springframework.boot.autoconfigure.transaction.TransactionAutoConfiguration$EnableTransactionManagementConfiguration'
2024-10-22T23:42:54.592+03:00 DEBUG 4560 --- [reelQuill] [    Test worker] o.s.b.f.s.DefaultListableBeanFactory     : Creating shared instance of singleton bean 'org.springframework.boot.autoconfigure.transaction.TransactionAutoConfiguration$TransactionTemplateConfiguration'
2024-10-22T23:42:54.592+03:00 DEBUG 4560 --- [reelQuill] [    Test worker] o.s.b.f.s.DefaultListableBeanFactory     : Creating shared instance of singleton bean 'transactionTemplate'
2024-10-22T23:42:54.592+03:00 DEBUG 4560 --- [reelQuill] [    Test worker] o.s.b.f.s.DefaultListableBeanFactory     : Autowiring by type from bean name 'transactionTemplate' via factory method to bean named 'transactionManager'
2024-10-22T23:42:54.592+03:00 DEBUG 4560 --- [reelQuill] [    Test worker] o.s.b.f.s.DefaultListableBeanFactory     : Creating shared instance of singleton bean 'org.springframework.boot.autoconfigure.transaction.TransactionAutoConfiguration'
2024-10-22T23:42:54.592+03:00 DEBUG 4560 --- [reelQuill] [    Test worker] o.s.b.f.s.DefaultListableBeanFactory     : Creating shared instance of singleton bean 'org.springframework.boot.autoconfigure.web.client.RestClientAutoConfiguration'
2024-10-22T23:42:54.592+03:00 DEBUG 4560 --- [reelQuill] [    Test worker] o.s.b.f.s.DefaultListableBeanFactory     : Creating shared instance of singleton bean 'httpMessageConvertersRestClientCustomizer'
2024-10-22T23:42:54.592+03:00 DEBUG 4560 --- [reelQuill] [    Test worker] o.s.b.f.s.DefaultListableBeanFactory     : Creating shared instance of singleton bean 'restClientSsl'
2024-10-22T23:42:54.592+03:00 DEBUG 4560 --- [reelQuill] [    Test worker] o.s.b.f.s.DefaultListableBeanFactory     : Autowiring by type from bean name 'restClientSsl' via factory method to bean named 'sslBundleRegistry'
2024-10-22T23:42:54.592+03:00 DEBUG 4560 --- [reelQuill] [    Test worker] o.s.b.f.s.DefaultListableBeanFactory     : Creating shared instance of singleton bean 'restClientBuilderConfigurer'
2024-10-22T23:42:54.592+03:00 DEBUG 4560 --- [reelQuill] [    Test worker] o.s.b.f.s.DefaultListableBeanFactory     : Creating shared instance of singleton bean 'org.springframework.boot.autoconfigure.web.client.RestTemplateAutoConfiguration'
2024-10-22T23:42:54.592+03:00 DEBUG 4560 --- [reelQuill] [    Test worker] o.s.b.f.s.DefaultListableBeanFactory     : Creating shared instance of singleton bean 'characterEncodingFilter'
2024-10-22T23:42:54.597+03:00 DEBUG 4560 --- [reelQuill] [    Test worker] o.s.b.f.s.DefaultListableBeanFactory     : Creating shared instance of singleton bean 'multipartResolver'
2024-10-22T23:42:54.606+03:00 DEBUG 4560 --- [reelQuill] [    Test worker] o.s.c.support.DefaultLifecycleProcessor  : Starting beans in phase -2147483647
2024-10-22T23:42:54.606+03:00 DEBUG 4560 --- [reelQuill] [    Test worker] o.s.c.support.DefaultLifecycleProcessor  : Successfully started bean 'springBootLoggingLifecycle'
2024-10-22T23:42:54.606+03:00 DEBUG 4560 --- [reelQuill] [    Test worker] o.s.c.support.DefaultLifecycleProcessor  : Starting beans in phase 2147483647
2024-10-22T23:42:54.617+03:00 DEBUG 4560 --- [reelQuill] [    Test worker] .s.b.a.l.ConditionEvaluationReportLogger : 


============================
CONDITIONS EVALUATION REPORT
============================


Positive matches:
-----------------

   AopAutoConfiguration matched:
      - @ConditionalOnProperty (spring.aop.auto=true) matched (OnPropertyCondition)

   AopAutoConfiguration.AspectJAutoProxyingConfiguration matched:
      - @ConditionalOnClass found required class 'org.aspectj.weaver.Advice' (OnClassCondition)

   AopAutoConfiguration.AspectJAutoProxyingConfiguration.CglibAutoProxyConfiguration matched:
      - @ConditionalOnProperty (spring.aop.proxy-target-class=true) matched (OnPropertyCondition)

   ApplicationAvailabilityAutoConfiguration#applicationAvailability matched:
      - @ConditionalOnMissingBean (types: org.springframework.boot.availability.ApplicationAvailability; SearchStrategy: all) did not find any beans (OnBeanCondition)

   DataSourceAutoConfiguration matched:
      - @ConditionalOnClass found required classes 'javax.sql.DataSource', 'org.springframework.jdbc.datasource.embedded.EmbeddedDatabaseType' (OnClassCondition)
      - @ConditionalOnMissingBean (types: io.r2dbc.spi.ConnectionFactory; SearchStrategy: all) did not find any beans (OnBeanCondition)

   DataSourceAutoConfiguration.PooledDataSourceConfiguration matched:
      - AnyNestedCondition 1 matched 1 did not; NestedCondition on DataSourceAutoConfiguration.PooledDataSourceCondition.PooledDataSourceAvailable PooledDataSource found supported DataSource; NestedCondition on DataSourceAutoConfiguration.PooledDataSourceCondition.ExplicitType @ConditionalOnProperty (spring.datasource.type) did not find property 'type' (DataSourceAutoConfiguration.PooledDataSourceCondition)
      - @ConditionalOnMissingBean (types: javax.sql.DataSource,javax.sql.XADataSource; SearchStrategy: all) did not find any beans (OnBeanCondition)

   DataSourceAutoConfiguration.PooledDataSourceConfiguration#jdbcConnectionDetails matched:
      - @ConditionalOnMissingBean (types: org.springframework.boot.autoconfigure.jdbc.JdbcConnectionDetails; SearchStrategy: all) did not find any beans (OnBeanCondition)

   DataSourceConfiguration.Hikari matched:
      - @ConditionalOnClass found required class 'com.zaxxer.hikari.HikariDataSource' (OnClassCondition)
      - @ConditionalOnProperty (spring.datasource.type=com.zaxxer.hikari.HikariDataSource) matched (OnPropertyCondition)
      - @ConditionalOnMissingBean (types: javax.sql.DataSource; SearchStrategy: all) did not find any beans (OnBeanCondition)

   DataSourceInitializationConfiguration matched:
      - @ConditionalOnClass found required class 'org.springframework.jdbc.datasource.init.DatabasePopulator' (OnClassCondition)
      - @ConditionalOnSingleCandidate (types: javax.sql.DataSource; SearchStrategy: all) found a single bean 'dataSource'; @ConditionalOnMissingBean (types: org.springframework.boot.autoconfigure.sql.init.SqlDataSourceScriptDatabaseInitializer,org.springframework.boot.autoconfigure.sql.init.SqlR2dbcScriptDatabaseInitializer; SearchStrategy: all) did not find any beans (OnBeanCondition)

   DataSourcePoolMetadataProvidersConfiguration.HikariPoolDataSourceMetadataProviderConfiguration matched:
      - @ConditionalOnClass found required class 'com.zaxxer.hikari.HikariDataSource' (OnClassCondition)

   DataSourceTransactionManagerAutoConfiguration matched:
      - @ConditionalOnClass found required classes 'javax.sql.DataSource', 'org.springframework.jdbc.core.JdbcTemplate', 'org.springframework.transaction.TransactionManager' (OnClassCondition)

   DataSourceTransactionManagerAutoConfiguration.JdbcTransactionManagerConfiguration matched:
      - @ConditionalOnSingleCandidate (types: javax.sql.DataSource; SearchStrategy: all) found a single bean 'dataSource' (OnBeanCondition)

   DispatcherServletAutoConfiguration matched:
      - @ConditionalOnClass found required class 'org.springframework.web.servlet.DispatcherServlet' (OnClassCondition)
      - found 'session' scope (OnWebApplicationCondition)

   DispatcherServletAutoConfiguration.DispatcherServletConfiguration matched:
      - @ConditionalOnClass found required class 'jakarta.servlet.ServletRegistration' (OnClassCondition)
      - Default DispatcherServlet did not find dispatcher servlet beans (DispatcherServletAutoConfiguration.DefaultDispatcherServletCondition)

   DispatcherServletAutoConfiguration.DispatcherServletRegistrationConfiguration matched:
      - @ConditionalOnClass found required class 'jakarta.servlet.ServletRegistration' (OnClassCondition)
      - DispatcherServlet Registration did not find servlet registration bean (DispatcherServletAutoConfiguration.DispatcherServletRegistrationCondition)

   DispatcherServletAutoConfiguration.DispatcherServletRegistrationConfiguration#dispatcherServletRegistration matched:
      - @ConditionalOnBean (names: dispatcherServlet types: org.springframework.web.servlet.DispatcherServlet; SearchStrategy: all) found bean 'dispatcherServlet' (OnBeanCondition)

   ErrorMvcAutoConfiguration matched:
      - @ConditionalOnClass found required classes 'jakarta.servlet.Servlet', 'org.springframework.web.servlet.DispatcherServlet' (OnClassCondition)
      - found 'session' scope (OnWebApplicationCondition)

   ErrorMvcAutoConfiguration#basicErrorController matched:
      - @ConditionalOnMissingBean (types: org.springframework.boot.web.servlet.error.ErrorController; SearchStrategy: current) did not find any beans (OnBeanCondition)

   ErrorMvcAutoConfiguration#errorAttributes matched:
      - @ConditionalOnMissingBean (types: org.springframework.boot.web.servlet.error.ErrorAttributes; SearchStrategy: current) did not find any beans (OnBeanCondition)

   ErrorMvcAutoConfiguration.DefaultErrorViewResolverConfiguration#conventionErrorViewResolver matched:
      - @ConditionalOnBean (types: org.springframework.web.servlet.DispatcherServlet; SearchStrategy: all) found bean 'dispatcherServlet'; @ConditionalOnMissingBean (types: org.springframework.boot.autoconfigure.web.servlet.error.ErrorViewResolver; SearchStrategy: all) did not find any beans (OnBeanCondition)

   ErrorMvcAutoConfiguration.WhitelabelErrorViewConfiguration matched:
      - @ConditionalOnProperty (server.error.whitelabel.enabled) matched (OnPropertyCondition)
      - ErrorTemplate Missing did not find error template view (ErrorMvcAutoConfiguration.ErrorTemplateMissingCondition)

   ErrorMvcAutoConfiguration.WhitelabelErrorViewConfiguration#beanNameViewResolver matched:
      - @ConditionalOnMissingBean (types: org.springframework.web.servlet.view.BeanNameViewResolver; SearchStrategy: all) did not find any beans (OnBeanCondition)

   ErrorMvcAutoConfiguration.WhitelabelErrorViewConfiguration#defaultErrorView matched:
      - @ConditionalOnMissingBean (names: error; SearchStrategy: all) did not find any beans (OnBeanCondition)

   GenericCacheConfiguration matched:
      - Cache org.springframework.boot.autoconfigure.cache.GenericCacheConfiguration automatic cache type (CacheCondition)

   HibernateJpaAutoConfiguration matched:
      - @ConditionalOnClass found required classes 'org.springframework.orm.jpa.LocalContainerEntityManagerFactoryBean', 'jakarta.persistence.EntityManager', 'org.hibernate.engine.spi.SessionImplementor' (OnClassCondition)

   HibernateJpaConfiguration matched:
      - @ConditionalOnSingleCandidate (types: javax.sql.DataSource; SearchStrategy: all) found a single bean 'dataSource' (OnBeanCondition)

   HttpEncodingAutoConfiguration matched:
      - @ConditionalOnClass found required class 'org.springframework.web.filter.CharacterEncodingFilter' (OnClassCondition)
      - found 'session' scope (OnWebApplicationCondition)
      - @ConditionalOnProperty (server.servlet.encoding.enabled) matched (OnPropertyCondition)

   HttpEncodingAutoConfiguration#characterEncodingFilter matched:
      - @ConditionalOnMissingBean (types: org.springframework.web.filter.CharacterEncodingFilter; SearchStrategy: all) did not find any beans (OnBeanCondition)

   HttpMessageConvertersAutoConfiguration matched:
      - @ConditionalOnClass found required class 'org.springframework.http.converter.HttpMessageConverter' (OnClassCondition)
      - NoneNestedConditions 0 matched 1 did not; NestedCondition on HttpMessageConvertersAutoConfiguration.NotReactiveWebApplicationCondition.ReactiveWebApplication did not find reactive web application classes (HttpMessageConvertersAutoConfiguration.NotReactiveWebApplicationCondition)

   HttpMessageConvertersAutoConfiguration#messageConverters matched:
      - @ConditionalOnMissingBean (types: org.springframework.boot.autoconfigure.http.HttpMessageConverters; SearchStrategy: all) did not find any beans (OnBeanCondition)

   HttpMessageConvertersAutoConfiguration.StringHttpMessageConverterConfiguration matched:
      - @ConditionalOnClass found required class 'org.springframework.http.converter.StringHttpMessageConverter' (OnClassCondition)

   HttpMessageConvertersAutoConfiguration.StringHttpMessageConverterConfiguration#stringHttpMessageConverter matched:
      - @ConditionalOnMissingBean (types: org.springframework.http.converter.StringHttpMessageConverter; SearchStrategy: all) did not find any beans (OnBeanCondition)

   JacksonAutoConfiguration matched:
      - @ConditionalOnClass found required class 'com.fasterxml.jackson.databind.ObjectMapper' (OnClassCondition)

   JacksonAutoConfiguration.Jackson2ObjectMapperBuilderCustomizerConfiguration matched:
      - @ConditionalOnClass found required class 'org.springframework.http.converter.json.Jackson2ObjectMapperBuilder' (OnClassCondition)

   JacksonAutoConfiguration.JacksonObjectMapperBuilderConfiguration matched:
      - @ConditionalOnClass found required class 'org.springframework.http.converter.json.Jackson2ObjectMapperBuilder' (OnClassCondition)

   JacksonAutoConfiguration.JacksonObjectMapperBuilderConfiguration#jacksonObjectMapperBuilder matched:
      - @ConditionalOnMissingBean (types: org.springframework.http.converter.json.Jackson2ObjectMapperBuilder; SearchStrategy: all) did not find any beans (OnBeanCondition)

   JacksonAutoConfiguration.JacksonObjectMapperConfiguration matched:
      - @ConditionalOnClass found required class 'org.springframework.http.converter.json.Jackson2ObjectMapperBuilder' (OnClassCondition)

   JacksonAutoConfiguration.JacksonObjectMapperConfiguration#jacksonObjectMapper matched:
      - @ConditionalOnMissingBean (types: com.fasterxml.jackson.databind.ObjectMapper; SearchStrategy: all) did not find any beans (OnBeanCondition)

   JacksonAutoConfiguration.ParameterNamesModuleConfiguration matched:
      - @ConditionalOnClass found required class 'com.fasterxml.jackson.module.paramnames.ParameterNamesModule' (OnClassCondition)

   JacksonAutoConfiguration.ParameterNamesModuleConfiguration#parameterNamesModule matched:
      - @ConditionalOnMissingBean (types: com.fasterxml.jackson.module.paramnames.ParameterNamesModule; SearchStrategy: all) did not find any beans (OnBeanCondition)

   JacksonHttpMessageConvertersConfiguration.MappingJackson2HttpMessageConverterConfiguration matched:
      - @ConditionalOnClass found required class 'com.fasterxml.jackson.databind.ObjectMapper' (OnClassCondition)
      - @ConditionalOnProperty (spring.mvc.converters.preferred-json-mapper=jackson) matched (OnPropertyCondition)
      - @ConditionalOnBean (types: com.fasterxml.jackson.databind.ObjectMapper; SearchStrategy: all) found bean 'jacksonObjectMapper' (OnBeanCondition)

   JacksonHttpMessageConvertersConfiguration.MappingJackson2HttpMessageConverterConfiguration#mappingJackson2HttpMessageConverter matched:
      - @ConditionalOnMissingBean (types: org.springframework.http.converter.json.MappingJackson2HttpMessageConverter ignored: org.springframework.hateoas.server.mvc.TypeConstrainedMappingJackson2HttpMessageConverter,org.springframework.data.rest.webmvc.alps.AlpsJsonHttpMessageConverter; SearchStrategy: all) did not find any beans (OnBeanCondition)

   JdbcClientAutoConfiguration matched:
      - @ConditionalOnSingleCandidate (types: org.springframework.jdbc.core.namedparam.NamedParameterJdbcTemplate; SearchStrategy: all) found a single bean 'namedParameterJdbcTemplate'; @ConditionalOnMissingBean (types: org.springframework.jdbc.core.simple.JdbcClient; SearchStrategy: all) did not find any beans (OnBeanCondition)

   JdbcTemplateAutoConfiguration matched:
      - @ConditionalOnClass found required classes 'javax.sql.DataSource', 'org.springframework.jdbc.core.JdbcTemplate' (OnClassCondition)
      - @ConditionalOnSingleCandidate (types: javax.sql.DataSource; SearchStrategy: all) found a single bean 'dataSource' (OnBeanCondition)

   JdbcTemplateConfiguration matched:
      - @ConditionalOnMissingBean (types: org.springframework.jdbc.core.JdbcOperations; SearchStrategy: all) did not find any beans (OnBeanCondition)

   JpaBaseConfiguration#entityManagerFactory matched:
      - @ConditionalOnMissingBean (types: org.springframework.orm.jpa.LocalContainerEntityManagerFactoryBean,jakarta.persistence.EntityManagerFactory; SearchStrategy: all) did not find any beans (OnBeanCondition)

   JpaBaseConfiguration#entityManagerFactoryBuilder matched:
      - @ConditionalOnMissingBean (types: org.springframework.boot.orm.jpa.EntityManagerFactoryBuilder; SearchStrategy: all) did not find any beans (OnBeanCondition)

   JpaBaseConfiguration#jpaVendorAdapter matched:
      - @ConditionalOnMissingBean (types: org.springframework.orm.jpa.JpaVendorAdapter; SearchStrategy: all) did not find any beans (OnBeanCondition)

   JpaBaseConfiguration#transactionManager matched:
      - @ConditionalOnMissingBean (types: org.springframework.transaction.TransactionManager; SearchStrategy: all) did not find any beans (OnBeanCondition)

   JpaBaseConfiguration.JpaWebConfiguration matched:
      - @ConditionalOnClass found required class 'org.springframework.web.servlet.config.annotation.WebMvcConfigurer' (OnClassCondition)
      - found 'session' scope (OnWebApplicationCondition)
      - @ConditionalOnProperty (spring.jpa.open-in-view=true) matched (OnPropertyCondition)
      - @ConditionalOnMissingBean (types: org.springframework.orm.jpa.support.OpenEntityManagerInViewInterceptor,org.springframework.orm.jpa.support.OpenEntityManagerInViewFilter; SearchStrategy: all) did not find any beans (OnBeanCondition)

   JpaBaseConfiguration.PersistenceManagedTypesConfiguration matched:
      - @ConditionalOnMissingBean (types: org.springframework.orm.jpa.LocalContainerEntityManagerFactoryBean,jakarta.persistence.EntityManagerFactory; SearchStrategy: all) did not find any beans (OnBeanCondition)

   JpaBaseConfiguration.PersistenceManagedTypesConfiguration#persistenceManagedTypes matched:
      - @ConditionalOnMissingBean (types: org.springframework.orm.jpa.persistenceunit.PersistenceManagedTypes; SearchStrategy: all) did not find any beans (OnBeanCondition)

   JpaRepositoriesAutoConfiguration matched:
      - @ConditionalOnClass found required class 'org.springframework.data.jpa.repository.JpaRepository' (OnClassCondition)
      - @ConditionalOnProperty (spring.data.jpa.repositories.enabled=true) matched (OnPropertyCondition)
      - @ConditionalOnBean (types: javax.sql.DataSource; SearchStrategy: all) found bean 'dataSource'; @ConditionalOnMissingBean (types: org.springframework.data.jpa.repository.support.JpaRepositoryFactoryBean,org.springframework.data.jpa.repository.config.JpaRepositoryConfigExtension; SearchStrategy: all) did not find any beans (OnBeanCondition)

   JtaAutoConfiguration matched:
      - @ConditionalOnClass found required class 'jakarta.transaction.Transaction' (OnClassCondition)
      - @ConditionalOnProperty (spring.jta.enabled) matched (OnPropertyCondition)

   LifecycleAutoConfiguration#defaultLifecycleProcessor matched:
      - @ConditionalOnMissingBean (names: lifecycleProcessor; SearchStrategy: current) did not find any beans (OnBeanCondition)

   MultipartAutoConfiguration matched:
      - @ConditionalOnClass found required classes 'jakarta.servlet.Servlet', 'org.springframework.web.multipart.support.StandardServletMultipartResolver', 'jakarta.servlet.MultipartConfigElement' (OnClassCondition)
      - found 'session' scope (OnWebApplicationCondition)
      - @ConditionalOnProperty (spring.servlet.multipart.enabled) matched (OnPropertyCondition)

   MultipartAutoConfiguration#multipartConfigElement matched:
      - @ConditionalOnMissingBean (types: jakarta.servlet.MultipartConfigElement; SearchStrategy: all) did not find any beans (OnBeanCondition)

   MultipartAutoConfiguration#multipartResolver matched:
      - @ConditionalOnMissingBean (types: org.springframework.web.multipart.MultipartResolver; SearchStrategy: all) did not find any beans (OnBeanCondition)

   NamedParameterJdbcTemplateConfiguration matched:
      - @ConditionalOnSingleCandidate (types: org.springframework.jdbc.core.JdbcTemplate; SearchStrategy: all) found a single bean 'jdbcTemplate'; @ConditionalOnMissingBean (types: org.springframework.jdbc.core.namedparam.NamedParameterJdbcOperations; SearchStrategy: all) did not find any beans (OnBeanCondition)

   NoOpCacheConfiguration matched:
      - Cache org.springframework.boot.autoconfigure.cache.NoOpCacheConfiguration automatic cache type (CacheCondition)

   PersistenceExceptionTranslationAutoConfiguration matched:
      - @ConditionalOnClass found required class 'org.springframework.dao.annotation.PersistenceExceptionTranslationPostProcessor' (OnClassCondition)

   PersistenceExceptionTranslationAutoConfiguration#persistenceExceptionTranslationPostProcessor matched:
      - @ConditionalOnProperty (spring.dao.exceptiontranslation.enabled) matched (OnPropertyCondition)
      - @ConditionalOnMissingBean (types: org.springframework.dao.annotation.PersistenceExceptionTranslationPostProcessor; SearchStrategy: all) did not find any beans (OnBeanCondition)

   PropertyPlaceholderAutoConfiguration#propertySourcesPlaceholderConfigurer matched:
      - @ConditionalOnMissingBean (types: org.springframework.context.support.PropertySourcesPlaceholderConfigurer; SearchStrategy: current) did not find any beans (OnBeanCondition)

   RestClientAutoConfiguration matched:
      - @ConditionalOnClass found required class 'org.springframework.web.client.RestClient' (OnClassCondition)
      - NoneNestedConditions 0 matched 1 did not; NestedCondition on NotReactiveWebApplicationCondition.ReactiveWebApplication did not find reactive web application classes (NotReactiveWebApplicationCondition)

   RestClientAutoConfiguration#httpMessageConvertersRestClientCustomizer matched:
      - @ConditionalOnMissingBean (types: org.springframework.boot.autoconfigure.web.client.HttpMessageConvertersRestClientCustomizer; SearchStrategy: all) did not find any beans (OnBeanCondition)

   RestClientAutoConfiguration#restClientBuilder matched:
      - @ConditionalOnMissingBean (types: org.springframework.web.client.RestClient$Builder; SearchStrategy: all) did not find any beans (OnBeanCondition)

   RestClientAutoConfiguration#restClientBuilderConfigurer matched:
      - @ConditionalOnMissingBean (types: org.springframework.boot.autoconfigure.web.client.RestClientBuilderConfigurer; SearchStrategy: all) did not find any beans (OnBeanCondition)

   RestClientAutoConfiguration#restClientSsl matched:
      - @ConditionalOnBean (types: org.springframework.boot.ssl.SslBundles; SearchStrategy: all) found bean 'sslBundleRegistry'; @ConditionalOnMissingBean (types: org.springframework.boot.autoconfigure.web.client.RestClientSsl; SearchStrategy: all) did not find any beans (OnBeanCondition)

   RestTemplateAutoConfiguration matched:
      - @ConditionalOnClass found required class 'org.springframework.web.client.RestTemplate' (OnClassCondition)
      - NoneNestedConditions 0 matched 1 did not; NestedCondition on NotReactiveWebApplicationCondition.ReactiveWebApplication did not find reactive web application classes (NotReactiveWebApplicationCondition)

   RestTemplateAutoConfiguration#restTemplateBuilder matched:
      - @ConditionalOnMissingBean (types: org.springframework.boot.web.client.RestTemplateBuilder; SearchStrategy: all) did not find any beans (OnBeanCondition)

   SecurityAutoConfiguration matched:
      - @ConditionalOnClass found required class 'org.springframework.security.authentication.DefaultAuthenticationEventPublisher' (OnClassCondition)

   SecurityAutoConfiguration#authenticationEventPublisher matched:
      - @ConditionalOnMissingBean (types: org.springframework.security.authentication.AuthenticationEventPublisher; SearchStrategy: all) did not find any beans (OnBeanCondition)

   ServletWebServerFactoryAutoConfiguration matched:
      - @ConditionalOnClass found required class 'jakarta.servlet.ServletRequest' (OnClassCondition)
      - found 'session' scope (OnWebApplicationCondition)

   ServletWebServerFactoryAutoConfiguration#tomcatServletWebServerFactoryCustomizer matched:
      - @ConditionalOnClass found required class 'org.apache.catalina.startup.Tomcat' (OnClassCondition)

   ServletWebServerFactoryConfiguration.EmbeddedTomcat matched:
      - @ConditionalOnClass found required classes 'jakarta.servlet.Servlet', 'org.apache.catalina.startup.Tomcat', 'org.apache.coyote.UpgradeProtocol' (OnClassCondition)
      - @ConditionalOnMissingBean (types: org.springframework.boot.web.servlet.server.ServletWebServerFactory; SearchStrategy: current) did not find any beans (OnBeanCondition)

   SimpleCacheConfiguration matched:
      - Cache org.springframework.boot.autoconfigure.cache.SimpleCacheConfiguration automatic cache type (CacheCondition)

   SpringBootWebSecurityConfiguration matched:
      - found 'session' scope (OnWebApplicationCondition)

   SpringDataWebAutoConfiguration matched:
      - @ConditionalOnClass found required classes 'org.springframework.data.web.PageableHandlerMethodArgumentResolver', 'org.springframework.web.servlet.config.annotation.WebMvcConfigurer' (OnClassCondition)
      - found 'session' scope (OnWebApplicationCondition)
      - @ConditionalOnMissingBean (types: org.springframework.data.web.PageableHandlerMethodArgumentResolver; SearchStrategy: all) did not find any beans (OnBeanCondition)

   SpringDataWebAutoConfiguration#pageableCustomizer matched:
      - @ConditionalOnMissingBean (types: org.springframework.data.web.config.PageableHandlerMethodArgumentResolverCustomizer; SearchStrategy: all) did not find any beans (OnBeanCondition)

   SpringDataWebAutoConfiguration#sortCustomizer matched:
      - @ConditionalOnMissingBean (types: org.springframework.data.web.config.SortHandlerMethodArgumentResolverCustomizer; SearchStrategy: all) did not find any beans (OnBeanCondition)

   SqlInitializationAutoConfiguration matched:
      - @ConditionalOnProperty (spring.sql.init.enabled) matched (OnPropertyCondition)
      - NoneNestedConditions 0 matched 1 did not; NestedCondition on SqlInitializationAutoConfiguration.SqlInitializationModeCondition.ModeIsNever @ConditionalOnProperty (spring.sql.init.mode=never) did not find property 'mode' (SqlInitializationAutoConfiguration.SqlInitializationModeCondition)

   SslAutoConfiguration#sslBundleRegistry matched:
      - @ConditionalOnMissingBean (types: org.springframework.boot.ssl.SslBundleRegistry,org.springframework.boot.ssl.SslBundles; SearchStrategy: all) did not find any beans (OnBeanCondition)

   TaskExecutionAutoConfiguration matched:
      - @ConditionalOnClass found required class 'org.springframework.scheduling.concurrent.ThreadPoolTaskExecutor' (OnClassCondition)

   TaskExecutorConfigurations.SimpleAsyncTaskExecutorBuilderConfiguration#simpleAsyncTaskExecutorBuilder matched:
      - @ConditionalOnMissingBean (types: org.springframework.boot.task.SimpleAsyncTaskExecutorBuilder; SearchStrategy: all) did not find any beans (OnBeanCondition)
      - @ConditionalOnThreading found PLATFORM (OnThreadingCondition)

   TaskExecutorConfigurations.TaskExecutorBuilderConfiguration#taskExecutorBuilder matched:
      - @ConditionalOnMissingBean (types: org.springframework.boot.task.TaskExecutorBuilder; SearchStrategy: all) did not find any beans (OnBeanCondition)

   TaskExecutorConfigurations.TaskExecutorConfiguration matched:
      - @ConditionalOnMissingBean (types: java.util.concurrent.Executor; SearchStrategy: all) did not find any beans (OnBeanCondition)

   TaskExecutorConfigurations.TaskExecutorConfiguration#applicationTaskExecutor matched:
      - @ConditionalOnThreading found PLATFORM (OnThreadingCondition)

   TaskExecutorConfigurations.ThreadPoolTaskExecutorBuilderConfiguration#threadPoolTaskExecutorBuilder matched:
      - @ConditionalOnMissingBean (types: org.springframework.boot.task.TaskExecutorBuilder,org.springframework.boot.task.ThreadPoolTaskExecutorBuilder; SearchStrategy: all) did not find any beans (OnBeanCondition)

   TaskSchedulingAutoConfiguration matched:
      - @ConditionalOnClass found required class 'org.springframework.scheduling.concurrent.ThreadPoolTaskScheduler' (OnClassCondition)

   TaskSchedulingConfigurations.SimpleAsyncTaskSchedulerBuilderConfiguration#simpleAsyncTaskSchedulerBuilder matched:
      - @ConditionalOnMissingBean (types: org.springframework.boot.task.SimpleAsyncTaskSchedulerBuilder; SearchStrategy: all) did not find any beans (OnBeanCondition)
      - @ConditionalOnThreading found PLATFORM (OnThreadingCondition)

   TaskSchedulingConfigurations.TaskSchedulerBuilderConfiguration#taskSchedulerBuilder matched:
      - @ConditionalOnMissingBean (types: org.springframework.boot.task.TaskSchedulerBuilder; SearchStrategy: all) did not find any beans (OnBeanCondition)

   TaskSchedulingConfigurations.ThreadPoolTaskSchedulerBuilderConfiguration#threadPoolTaskSchedulerBuilder matched:
      - @ConditionalOnMissingBean (types: org.springframework.boot.task.TaskSchedulerBuilder,org.springframework.boot.task.ThreadPoolTaskSchedulerBuilder; SearchStrategy: all) did not find any beans (OnBeanCondition)

   TransactionAutoConfiguration matched:
      - @ConditionalOnClass found required class 'org.springframework.transaction.PlatformTransactionManager' (OnClassCondition)

   TransactionAutoConfiguration.EnableTransactionManagementConfiguration matched:
      - @ConditionalOnBean (types: org.springframework.transaction.TransactionManager; SearchStrategy: all) found bean 'transactionManager'; @ConditionalOnMissingBean (types: org.springframework.transaction.annotation.AbstractTransactionManagementConfiguration; SearchStrategy: all) did not find any beans (OnBeanCondition)

   TransactionAutoConfiguration.EnableTransactionManagementConfiguration.CglibAutoProxyConfiguration matched:
      - @ConditionalOnProperty (spring.aop.proxy-target-class=true) matched (OnPropertyCondition)

   TransactionAutoConfiguration.TransactionTemplateConfiguration matched:
      - @ConditionalOnSingleCandidate (types: org.springframework.transaction.PlatformTransactionManager; SearchStrategy: all) found a single bean 'transactionManager' (OnBeanCondition)

   TransactionAutoConfiguration.TransactionTemplateConfiguration#transactionTemplate matched:
      - @ConditionalOnMissingBean (types: org.springframework.transaction.support.TransactionOperations; SearchStrategy: all) did not find any beans (OnBeanCondition)

   TransactionManagerCustomizationAutoConfiguration matched:
      - @ConditionalOnClass found required class 'org.springframework.transaction.PlatformTransactionManager' (OnClassCondition)

   TransactionManagerCustomizationAutoConfiguration#platformTransactionManagerCustomizers matched:
      - @ConditionalOnMissingBean (types: org.springframework.boot.autoconfigure.transaction.TransactionManagerCustomizers; SearchStrategy: all) did not find any beans (OnBeanCondition)

   ValidationAutoConfiguration matched:
      - @ConditionalOnClass found required class 'jakarta.validation.executable.ExecutableValidator' (OnClassCondition)
      - @ConditionalOnResource found location classpath:META-INF/services/jakarta.validation.spi.ValidationProvider (OnResourceCondition)

   ValidationAutoConfiguration#defaultValidator matched:
      - @ConditionalOnMissingBean (types: jakarta.validation.Validator; SearchStrategy: all) did not find any beans (OnBeanCondition)

   ValidationAutoConfiguration#methodValidationPostProcessor matched:
      - @ConditionalOnMissingBean (types: org.springframework.validation.beanvalidation.MethodValidationPostProcessor; SearchStrategy: current) did not find any beans (OnBeanCondition)

   WebMvcAutoConfiguration matched:
      - @ConditionalOnClass found required classes 'jakarta.servlet.Servlet', 'org.springframework.web.servlet.DispatcherServlet', 'org.springframework.web.servlet.config.annotation.WebMvcConfigurer' (OnClassCondition)
      - found 'session' scope (OnWebApplicationCondition)
      - @ConditionalOnMissingBean (types: org.springframework.web.servlet.config.annotation.WebMvcConfigurationSupport; SearchStrategy: all) did not find any beans (OnBeanCondition)

   WebMvcAutoConfiguration#formContentFilter matched:
      - @ConditionalOnProperty (spring.mvc.formcontent.filter.enabled) matched (OnPropertyCondition)
      - @ConditionalOnMissingBean (types: org.springframework.web.filter.FormContentFilter; SearchStrategy: all) did not find any beans (OnBeanCondition)

   WebMvcAutoConfiguration.EnableWebMvcConfiguration#flashMapManager matched:
      - @ConditionalOnMissingBean (names: flashMapManager; SearchStrategy: all) did not find any beans (OnBeanCondition)

   WebMvcAutoConfiguration.EnableWebMvcConfiguration#localeResolver matched:
      - @ConditionalOnMissingBean (names: localeResolver; SearchStrategy: all) did not find any beans (OnBeanCondition)

   WebMvcAutoConfiguration.EnableWebMvcConfiguration#themeResolver matched:
      - @ConditionalOnMissingBean (names: themeResolver; SearchStrategy: all) did not find any beans (OnBeanCondition)

   WebMvcAutoConfiguration.WebMvcAutoConfigurationAdapter#defaultViewResolver matched:
      - @ConditionalOnMissingBean (types: org.springframework.web.servlet.view.InternalResourceViewResolver; SearchStrategy: all) did not find any beans (OnBeanCondition)

   WebMvcAutoConfiguration.WebMvcAutoConfigurationAdapter#requestContextFilter matched:
      - @ConditionalOnMissingBean (types: org.springframework.web.context.request.RequestContextListener,org.springframework.web.filter.RequestContextFilter; SearchStrategy: all) did not find any beans (OnBeanCondition)

   WebMvcAutoConfiguration.WebMvcAutoConfigurationAdapter#viewResolver matched:
      - @ConditionalOnBean (types: org.springframework.web.servlet.ViewResolver; SearchStrategy: all) found beans 'defaultViewResolver', 'beanNameViewResolver', 'mvcViewResolver'; @ConditionalOnMissingBean (names: viewResolver types: org.springframework.web.servlet.view.ContentNegotiatingViewResolver; SearchStrategy: all) did not find any beans (OnBeanCondition)

   WebSocketServletAutoConfiguration matched:
      - @ConditionalOnClass found required classes 'jakarta.servlet.Servlet', 'jakarta.websocket.server.ServerContainer' (OnClassCondition)
      - found 'session' scope (OnWebApplicationCondition)

   WebSocketServletAutoConfiguration.TomcatWebSocketConfiguration matched:
      - @ConditionalOnClass found required classes 'org.apache.catalina.startup.Tomcat', 'org.apache.tomcat.websocket.server.WsSci' (OnClassCondition)

   WebSocketServletAutoConfiguration.TomcatWebSocketConfiguration#websocketServletWebServerCustomizer matched:
      - @ConditionalOnMissingBean (names: websocketServletWebServerCustomizer; SearchStrategy: all) did not find any beans (OnBeanCondition)


Negative matches:
-----------------

   ActiveMQAutoConfiguration:
      Did not match:
         - @ConditionalOnClass did not find required class 'jakarta.jms.ConnectionFactory' (OnClassCondition)

   AopAutoConfiguration.AspectJAutoProxyingConfiguration.JdkDynamicAutoProxyConfiguration:
      Did not match:
         - @ConditionalOnProperty (spring.aop.proxy-target-class=false) did not find property 'proxy-target-class' (OnPropertyCondition)

   AopAutoConfiguration.ClassProxyingConfiguration:
      Did not match:
         - @ConditionalOnMissingClass found unwanted class 'org.aspectj.weaver.Advice' (OnClassCondition)

   ArtemisAutoConfiguration:
      Did not match:
         - @ConditionalOnClass did not find required class 'jakarta.jms.ConnectionFactory' (OnClassCondition)

   BatchAutoConfiguration:
      Did not match:
         - @ConditionalOnClass did not find required class 'org.springframework.batch.core.launch.JobLauncher' (OnClassCondition)

   Cache2kCacheConfiguration:
      Did not match:
         - @ConditionalOnClass did not find required class 'org.cache2k.Cache2kBuilder' (OnClassCondition)

   CacheAutoConfiguration:
      Did not match:
         - @ConditionalOnBean (types: org.springframework.cache.interceptor.CacheAspectSupport; SearchStrategy: all) did not find any beans of type org.springframework.cache.interceptor.CacheAspectSupport (OnBeanCondition)
      Matched:
         - @ConditionalOnClass found required class 'org.springframework.cache.CacheManager' (OnClassCondition)

   CacheAutoConfiguration.CacheManagerEntityManagerFactoryDependsOnPostProcessor:
      Did not match:
         - Ancestor org.springframework.boot.autoconfigure.cache.CacheAutoConfiguration did not match (ConditionEvaluationReport.AncestorsMatchedCondition)
      Matched:
         - @ConditionalOnClass found required class 'org.springframework.orm.jpa.LocalContainerEntityManagerFactoryBean' (OnClassCondition)

   CaffeineCacheConfiguration:
      Did not match:
         - @ConditionalOnClass did not find required class 'com.github.benmanes.caffeine.cache.Caffeine' (OnClassCondition)

   CassandraAutoConfiguration:
      Did not match:
         - @ConditionalOnClass did not find required class 'com.datastax.oss.driver.api.core.CqlSession' (OnClassCondition)

   CassandraDataAutoConfiguration:
      Did not match:
         - @ConditionalOnClass did not find required class 'com.datastax.oss.driver.api.core.CqlSession' (OnClassCondition)

   CassandraReactiveDataAutoConfiguration:
      Did not match:
         - @ConditionalOnClass did not find required class 'com.datastax.oss.driver.api.core.CqlSession' (OnClassCondition)

   CassandraReactiveRepositoriesAutoConfiguration:
      Did not match:
         - @ConditionalOnClass did not find required class 'org.springframework.data.cassandra.ReactiveSession' (OnClassCondition)

   CassandraRepositoriesAutoConfiguration:
      Did not match:
         - @ConditionalOnClass did not find required class 'com.datastax.oss.driver.api.core.CqlSession' (OnClassCondition)

   ClientHttpConnectorAutoConfiguration:
      Did not match:
         - @ConditionalOnClass did not find required class 'org.springframework.web.reactive.function.client.WebClient' (OnClassCondition)

   CodecsAutoConfiguration:
      Did not match:
         - @ConditionalOnClass did not find required class 'org.springframework.web.reactive.function.client.WebClient' (OnClassCondition)

   CouchbaseAutoConfiguration:
      Did not match:
         - @ConditionalOnClass did not find required class 'com.couchbase.client.java.Cluster' (OnClassCondition)

   CouchbaseCacheConfiguration:
      Did not match:
         - @ConditionalOnClass did not find required class 'com.couchbase.client.java.Cluster' (OnClassCondition)

   CouchbaseDataAutoConfiguration:
      Did not match:
         - @ConditionalOnClass did not find required class 'com.couchbase.client.java.Bucket' (OnClassCondition)

   CouchbaseReactiveDataAutoConfiguration:
      Did not match:
         - @ConditionalOnClass did not find required class 'com.couchbase.client.java.Cluster' (OnClassCondition)

   CouchbaseReactiveRepositoriesAutoConfiguration:
      Did not match:
         - @ConditionalOnClass did not find required class 'com.couchbase.client.java.Cluster' (OnClassCondition)

   CouchbaseRepositoriesAutoConfiguration:
      Did not match:
         - @ConditionalOnClass did not find required class 'com.couchbase.client.java.Bucket' (OnClassCondition)

   DataSourceAutoConfiguration.EmbeddedDatabaseConfiguration:
      Did not match:
         - EmbeddedDataSource spring.datasource.url is set (DataSourceAutoConfiguration.EmbeddedDatabaseCondition)

   DataSourceCheckpointRestoreConfiguration:
      Did not match:
         - @ConditionalOnClass did not find required class 'org.crac.Resource' (OnClassCondition)

   DataSourceConfiguration.Dbcp2:
      Did not match:
         - @ConditionalOnClass did not find required class 'org.apache.commons.dbcp2.BasicDataSource' (OnClassCondition)

   DataSourceConfiguration.Generic:
      Did not match:
         - @ConditionalOnProperty (spring.datasource.type) did not find property 'spring.datasource.type' (OnPropertyCondition)

   DataSourceConfiguration.OracleUcp:
      Did not match:
         - @ConditionalOnClass did not find required classes 'oracle.ucp.jdbc.PoolDataSourceImpl', 'oracle.jdbc.OracleConnection' (OnClassCondition)

   DataSourceConfiguration.Tomcat:
      Did not match:
         - @ConditionalOnClass did not find required class 'org.apache.tomcat.jdbc.pool.DataSource' (OnClassCondition)

   DataSourceJmxConfiguration:
      Did not match:
         - @ConditionalOnProperty (spring.jmx.enabled=true) found different value in property 'enabled' (OnPropertyCondition)

   DataSourcePoolMetadataProvidersConfiguration.CommonsDbcp2PoolDataSourceMetadataProviderConfiguration:
      Did not match:
         - @ConditionalOnClass did not find required class 'org.apache.commons.dbcp2.BasicDataSource' (OnClassCondition)

   DataSourcePoolMetadataProvidersConfiguration.OracleUcpPoolDataSourceMetadataProviderConfiguration:
      Did not match:
         - @ConditionalOnClass did not find required classes 'oracle.ucp.jdbc.PoolDataSource', 'oracle.jdbc.OracleConnection' (OnClassCondition)

   DataSourcePoolMetadataProvidersConfiguration.TomcatDataSourcePoolMetadataProviderConfiguration:
      Did not match:
         - @ConditionalOnClass did not find required class 'org.apache.tomcat.jdbc.pool.DataSource' (OnClassCondition)

   DataSourceTransactionManagerAutoConfiguration.JdbcTransactionManagerConfiguration#transactionManager:
      Did not match:
         - @ConditionalOnMissingBean (types: org.springframework.transaction.TransactionManager; SearchStrategy: all) found beans of type 'org.springframework.transaction.TransactionManager' transactionManager (OnBeanCondition)

   DispatcherServletAutoConfiguration.DispatcherServletConfiguration#multipartResolver:
      Did not match:
         - @ConditionalOnBean (types: org.springframework.web.multipart.MultipartResolver; SearchStrategy: all) did not find any beans of type org.springframework.web.multipart.MultipartResolver (OnBeanCondition)

   ElasticsearchClientAutoConfiguration:
      Did not match:
         - @ConditionalOnClass did not find required class 'co.elastic.clients.elasticsearch.ElasticsearchClient' (OnClassCondition)

   ElasticsearchDataAutoConfiguration:
      Did not match:
         - @ConditionalOnClass did not find required class 'org.springframework.data.elasticsearch.client.elc.ElasticsearchTemplate' (OnClassCondition)

   ElasticsearchRepositoriesAutoConfiguration:
      Did not match:
         - @ConditionalOnClass did not find required class 'org.springframework.data.elasticsearch.repository.ElasticsearchRepository' (OnClassCondition)

   ElasticsearchRestClientAutoConfiguration:
      Did not match:
         - @ConditionalOnClass did not find required class 'org.elasticsearch.client.RestClientBuilder' (OnClassCondition)

   EmbeddedLdapAutoConfiguration:
      Did not match:
         - @ConditionalOnClass did not find required class 'com.unboundid.ldap.listener.InMemoryDirectoryServer' (OnClassCondition)

   EmbeddedWebServerFactoryCustomizerAutoConfiguration:
      Did not match:
         - Application is deployed as a WAR file. (OnWarDeploymentCondition)
      Matched:
         - @ConditionalOnWebApplication (required) found 'session' scope (OnWebApplicationCondition)

   ErrorWebFluxAutoConfiguration:
      Did not match:
         - @ConditionalOnClass did not find required class 'org.springframework.web.reactive.config.WebFluxConfigurer' (OnClassCondition)

   FlywayAutoConfiguration:
      Did not match:
         - @ConditionalOnClass did not find required class 'org.flywaydb.core.Flyway' (OnClassCondition)

   FreeMarkerAutoConfiguration:
      Did not match:
         - @ConditionalOnClass did not find required class 'freemarker.template.Configuration' (OnClassCondition)

   GraphQlAutoConfiguration:
      Did not match:
         - @ConditionalOnClass did not find required class 'graphql.GraphQL' (OnClassCondition)

   GraphQlQueryByExampleAutoConfiguration:
      Did not match:
         - @ConditionalOnClass did not find required class 'graphql.GraphQL' (OnClassCondition)

   GraphQlQuerydslAutoConfiguration:
      Did not match:
         - @ConditionalOnClass did not find required class 'com.querydsl.core.Query' (OnClassCondition)

   GraphQlRSocketAutoConfiguration:
      Did not match:
         - @ConditionalOnClass did not find required class 'graphql.GraphQL' (OnClassCondition)

   GraphQlReactiveQueryByExampleAutoConfiguration:
      Did not match:
         - @ConditionalOnClass did not find required class 'graphql.GraphQL' (OnClassCondition)

   GraphQlReactiveQuerydslAutoConfiguration:
      Did not match:
         - @ConditionalOnClass did not find required class 'com.querydsl.core.Query' (OnClassCondition)

   GraphQlWebFluxAutoConfiguration:
      Did not match:
         - @ConditionalOnClass did not find required class 'graphql.GraphQL' (OnClassCondition)

   GraphQlWebFluxSecurityAutoConfiguration:
      Did not match:
         - @ConditionalOnClass did not find required class 'graphql.GraphQL' (OnClassCondition)

   GraphQlWebMvcAutoConfiguration:
      Did not match:
         - @ConditionalOnClass did not find required class 'graphql.GraphQL' (OnClassCondition)

   GraphQlWebMvcSecurityAutoConfiguration:
      Did not match:
         - @ConditionalOnClass did not find required class 'graphql.GraphQL' (OnClassCondition)

   GroovyTemplateAutoConfiguration:
      Did not match:
         - @ConditionalOnClass did not find required class 'groovy.text.markup.MarkupTemplateEngine' (OnClassCondition)

   GsonAutoConfiguration:
      Did not match:
         - @ConditionalOnClass did not find required class 'com.google.gson.Gson' (OnClassCondition)

   GsonHttpMessageConvertersConfiguration:
      Did not match:
         - @ConditionalOnClass did not find required class 'com.google.gson.Gson' (OnClassCondition)

   H2ConsoleAutoConfiguration:
      Did not match:
         - @ConditionalOnClass did not find required class 'org.h2.server.web.JakartaWebServlet' (OnClassCondition)

   HazelcastAutoConfiguration:
      Did not match:
         - @ConditionalOnClass did not find required class 'com.hazelcast.core.HazelcastInstance' (OnClassCondition)

   HazelcastCacheConfiguration:
      Did not match:
         - @ConditionalOnClass did not find required class 'com.hazelcast.core.HazelcastInstance' (OnClassCondition)

   HazelcastJpaDependencyAutoConfiguration:
      Did not match:
         - @ConditionalOnClass did not find required class 'com.hazelcast.core.HazelcastInstance' (OnClassCondition)

   HttpHandlerAutoConfiguration:
      Did not match:
         - @ConditionalOnClass did not find required class 'org.springframework.web.reactive.DispatcherHandler' (OnClassCondition)

   HypermediaAutoConfiguration:
      Did not match:
         - @ConditionalOnClass did not find required class 'org.springframework.hateoas.EntityModel' (OnClassCondition)

   InfinispanCacheConfiguration:
      Did not match:
         - @ConditionalOnClass did not find required class 'org.infinispan.spring.embedded.provider.SpringEmbeddedCacheManager' (OnClassCondition)

   InfluxDbAutoConfiguration:
      Did not match:
         - @ConditionalOnClass did not find required class 'org.influxdb.InfluxDB' (OnClassCondition)

   IntegrationAutoConfiguration:
      Did not match:
         - @ConditionalOnClass did not find required class 'org.springframework.integration.config.EnableIntegration' (OnClassCondition)

   JCacheCacheConfiguration:
      Did not match:
         - @ConditionalOnClass did not find required class 'javax.cache.Caching' (OnClassCondition)

   JacksonHttpMessageConvertersConfiguration.MappingJackson2XmlHttpMessageConverterConfiguration:
      Did not match:
         - @ConditionalOnClass did not find required class 'com.fasterxml.jackson.dataformat.xml.XmlMapper' (OnClassCondition)

   JdbcRepositoriesAutoConfiguration:
      Did not match:
         - @ConditionalOnClass did not find required class 'org.springframework.data.jdbc.repository.config.AbstractJdbcConfiguration' (OnClassCondition)

   JerseyAutoConfiguration:
      Did not match:
         - @ConditionalOnClass did not find required class 'org.glassfish.jersey.server.spring.SpringComponentProvider' (OnClassCondition)

   JmsAutoConfiguration:
      Did not match:
         - @ConditionalOnClass did not find required class 'jakarta.jms.Message' (OnClassCondition)

   JmxAutoConfiguration:
      Did not match:
         - @ConditionalOnProperty (spring.jmx.enabled=true) found different value in property 'enabled' (OnPropertyCondition)
      Matched:
         - @ConditionalOnClass found required class 'org.springframework.jmx.export.MBeanExporter' (OnClassCondition)

   JndiConnectionFactoryAutoConfiguration:
      Did not match:
         - @ConditionalOnClass did not find required class 'org.springframework.jms.core.JmsTemplate' (OnClassCondition)

   JndiDataSourceAutoConfiguration:
      Did not match:
         - @ConditionalOnProperty (spring.datasource.jndi-name) did not find property 'jndi-name' (OnPropertyCondition)
      Matched:
         - @ConditionalOnClass found required classes 'javax.sql.DataSource', 'org.springframework.jdbc.datasource.embedded.EmbeddedDatabaseType' (OnClassCondition)

   JndiJtaConfiguration:
      Did not match:
         - @ConditionalOnJndi JNDI environment is not available (OnJndiCondition)
      Matched:
         - @ConditionalOnClass found required class 'org.springframework.transaction.jta.JtaTransactionManager' (OnClassCondition)

   JooqAutoConfiguration:
      Did not match:
         - @ConditionalOnClass did not find required class 'org.jooq.DSLContext' (OnClassCondition)

   JpaRepositoriesAutoConfiguration#entityManagerFactoryBootstrapExecutorCustomizer:
      Did not match:
         - AnyNestedCondition 0 matched 2 did not; NestedCondition on JpaRepositoriesAutoConfiguration.BootstrapExecutorCondition.LazyBootstrapMode @ConditionalOnProperty (spring.data.jpa.repositories.bootstrap-mode=lazy) did not find property 'bootstrap-mode'; NestedCondition on JpaRepositoriesAutoConfiguration.BootstrapExecutorCondition.DeferredBootstrapMode @ConditionalOnProperty (spring.data.jpa.repositories.bootstrap-mode=deferred) did not find property 'bootstrap-mode' (JpaRepositoriesAutoConfiguration.BootstrapExecutorCondition)

   JsonbAutoConfiguration:
      Did not match:
         - @ConditionalOnClass did not find required class 'jakarta.json.bind.Jsonb' (OnClassCondition)

   JsonbHttpMessageConvertersConfiguration:
      Did not match:
         - @ConditionalOnClass did not find required class 'jakarta.json.bind.Jsonb' (OnClassCondition)

   KafkaAutoConfiguration:
      Did not match:
         - @ConditionalOnClass did not find required class 'org.springframework.kafka.core.KafkaTemplate' (OnClassCondition)

   LdapAutoConfiguration:
      Did not match:
         - @ConditionalOnClass did not find required class 'org.springframework.ldap.core.ContextSource' (OnClassCondition)

   LdapRepositoriesAutoConfiguration:
      Did not match:
         - @ConditionalOnClass did not find required class 'org.springframework.data.ldap.repository.LdapRepository' (OnClassCondition)

   LiquibaseAutoConfiguration:
      Did not match:
         - @ConditionalOnClass did not find required class 'liquibase.change.DatabaseChange' (OnClassCondition)

   MailSenderAutoConfiguration:
      Did not match:
         - @ConditionalOnClass did not find required class 'jakarta.mail.internet.MimeMessage' (OnClassCondition)

   MailSenderValidatorAutoConfiguration:
      Did not match:
         - @ConditionalOnSingleCandidate did not find required type 'org.springframework.mail.javamail.JavaMailSenderImpl' (OnBeanCondition)

   MessageSourceAutoConfiguration:
      Did not match:
         - ResourceBundle did not find bundle with basename messages (MessageSourceAutoConfiguration.ResourceBundleCondition)

   MongoAutoConfiguration:
      Did not match:
         - @ConditionalOnClass did not find required class 'com.mongodb.client.MongoClient' (OnClassCondition)

   MongoDataAutoConfiguration:
      Did not match:
         - @ConditionalOnClass did not find required class 'com.mongodb.client.MongoClient' (OnClassCondition)

   MongoReactiveAutoConfiguration:
      Did not match:
         - @ConditionalOnClass did not find required class 'com.mongodb.reactivestreams.client.MongoClient' (OnClassCondition)

   MongoReactiveDataAutoConfiguration:
      Did not match:
         - @ConditionalOnClass did not find required class 'com.mongodb.reactivestreams.client.MongoClient' (OnClassCondition)

   MongoReactiveRepositoriesAutoConfiguration:
      Did not match:
         - @ConditionalOnClass did not find required class 'com.mongodb.reactivestreams.client.MongoClient' (OnClassCondition)

   MongoRepositoriesAutoConfiguration:
      Did not match:
         - @ConditionalOnClass did not find required class 'com.mongodb.client.MongoClient' (OnClassCondition)

   MustacheAutoConfiguration:
      Did not match:
         - @ConditionalOnClass did not find required class 'com.samskivert.mustache.Mustache' (OnClassCondition)

   Neo4jAutoConfiguration:
      Did not match:
         - @ConditionalOnClass did not find required class 'org.neo4j.driver.Driver' (OnClassCondition)

   Neo4jDataAutoConfiguration:
      Did not match:
         - @ConditionalOnClass did not find required class 'org.neo4j.driver.Driver' (OnClassCondition)

   Neo4jReactiveDataAutoConfiguration:
      Did not match:
         - @ConditionalOnClass did not find required class 'org.neo4j.driver.Driver' (OnClassCondition)

   Neo4jReactiveRepositoriesAutoConfiguration:
      Did not match:
         - @ConditionalOnClass did not find required class 'org.neo4j.driver.Driver' (OnClassCondition)

   Neo4jRepositoriesAutoConfiguration:
      Did not match:
         - @ConditionalOnClass did not find required class 'org.neo4j.driver.Driver' (OnClassCondition)

   NettyAutoConfiguration:
      Did not match:
         - @ConditionalOnClass did not find required class 'io.netty.util.NettyRuntime' (OnClassCondition)

   OAuth2AuthorizationServerAutoConfiguration:
      Did not match:
         - @ConditionalOnClass did not find required class 'org.springframework.security.oauth2.server.authorization.OAuth2Authorization' (OnClassCondition)

   OAuth2AuthorizationServerJwtAutoConfiguration:
      Did not match:
         - @ConditionalOnClass did not find required class 'org.springframework.security.oauth2.server.authorization.OAuth2Authorization' (OnClassCondition)

   OAuth2ClientAutoConfiguration:
      Did not match:
         - @ConditionalOnClass did not find required class 'org.springframework.security.config.annotation.web.configuration.EnableWebSecurity' (OnClassCondition)

   OAuth2ResourceServerAutoConfiguration:
      Did not match:
         - @ConditionalOnClass did not find required class 'org.springframework.security.oauth2.server.resource.authentication.BearerTokenAuthenticationToken' (OnClassCondition)

   ProjectInfoAutoConfiguration#buildProperties:
      Did not match:
         - @ConditionalOnResource did not find resource '${spring.info.build.location:classpath:META-INF/build-info.properties}' (OnResourceCondition)

   ProjectInfoAutoConfiguration#gitProperties:
      Did not match:
         - GitResource did not find git info at classpath:git.properties (ProjectInfoAutoConfiguration.GitResourceAvailableCondition)

   PulsarAutoConfiguration:
      Did not match:
         - @ConditionalOnClass did not find required class 'org.apache.pulsar.client.api.PulsarClient' (OnClassCondition)

   PulsarReactiveAutoConfiguration:
      Did not match:
         - @ConditionalOnClass did not find required class 'org.apache.pulsar.client.api.PulsarClient' (OnClassCondition)

   QuartzAutoConfiguration:
      Did not match:
         - @ConditionalOnClass did not find required class 'org.quartz.Scheduler' (OnClassCondition)

   R2dbcAutoConfiguration:
      Did not match:
         - @ConditionalOnClass did not find required class 'io.r2dbc.spi.ConnectionFactory' (OnClassCondition)

   R2dbcDataAutoConfiguration:
      Did not match:
         - @ConditionalOnClass did not find required class 'org.springframework.data.r2dbc.core.R2dbcEntityTemplate' (OnClassCondition)

   R2dbcInitializationConfiguration:
      Did not match:
         - @ConditionalOnClass did not find required classes 'io.r2dbc.spi.ConnectionFactory', 'org.springframework.r2dbc.connection.init.DatabasePopulator' (OnClassCondition)

   R2dbcRepositoriesAutoConfiguration:
      Did not match:
         - @ConditionalOnClass did not find required class 'io.r2dbc.spi.ConnectionFactory' (OnClassCondition)

   R2dbcTransactionManagerAutoConfiguration:
      Did not match:
         - @ConditionalOnClass did not find required class 'org.springframework.r2dbc.connection.R2dbcTransactionManager' (OnClassCondition)

   RSocketGraphQlClientAutoConfiguration:
      Did not match:
         - @ConditionalOnClass did not find required class 'graphql.GraphQL' (OnClassCondition)

   RSocketMessagingAutoConfiguration:
      Did not match:
         - @ConditionalOnClass did not find required class 'io.rsocket.RSocket' (OnClassCondition)

   RSocketRequesterAutoConfiguration:
      Did not match:
         - @ConditionalOnClass did not find required class 'io.rsocket.RSocket' (OnClassCondition)

   RSocketSecurityAutoConfiguration:
      Did not match:
         - @ConditionalOnClass did not find required class 'org.springframework.security.rsocket.core.SecuritySocketAcceptorInterceptor' (OnClassCondition)

   RSocketServerAutoConfiguration:
      Did not match:
         - @ConditionalOnClass did not find required class 'io.rsocket.core.RSocketServer' (OnClassCondition)

   RSocketStrategiesAutoConfiguration:
      Did not match:
         - @ConditionalOnClass did not find required class 'io.netty.buffer.PooledByteBufAllocator' (OnClassCondition)

   RabbitAutoConfiguration:
      Did not match:
         - @ConditionalOnClass did not find required class 'com.rabbitmq.client.Channel' (OnClassCondition)

   ReactiveElasticsearchClientAutoConfiguration:
      Did not match:
         - @ConditionalOnClass did not find required class 'co.elastic.clients.transport.ElasticsearchTransport' (OnClassCondition)

   ReactiveElasticsearchRepositoriesAutoConfiguration:
      Did not match:
         - @ConditionalOnClass did not find required class 'reactor.core.publisher.Mono' (OnClassCondition)

   ReactiveMultipartAutoConfiguration:
      Did not match:
         - @ConditionalOnClass did not find required class 'org.springframework.web.reactive.config.WebFluxConfigurer' (OnClassCondition)

   ReactiveOAuth2ClientAutoConfiguration:
      Did not match:
         - @ConditionalOnClass did not find required class 'reactor.core.publisher.Flux' (OnClassCondition)

   ReactiveOAuth2ResourceServerAutoConfiguration:
      Did not match:
         - @ConditionalOnClass did not find required class 'org.springframework.security.config.annotation.web.reactive.EnableWebFluxSecurity' (OnClassCondition)

   ReactiveSecurityAutoConfiguration:
      Did not match:
         - @ConditionalOnClass did not find required class 'reactor.core.publisher.Flux' (OnClassCondition)

   ReactiveUserDetailsServiceAutoConfiguration:
      Did not match:
         - AnyNestedCondition 0 matched 2 did not; NestedCondition on ReactiveUserDetailsServiceAutoConfiguration.RSocketEnabledOrReactiveWebApplication.ReactiveWebApplicationCondition did not find reactive web application classes; NestedCondition on ReactiveUserDetailsServiceAutoConfiguration.RSocketEnabledOrReactiveWebApplication.RSocketSecurityEnabledCondition @ConditionalOnBean (types: org.springframework.messaging.rsocket.annotation.support.RSocketMessageHandler; SearchStrategy: all) did not find any beans of type org.springframework.messaging.rsocket.annotation.support.RSocketMessageHandler (ReactiveUserDetailsServiceAutoConfiguration.RSocketEnabledOrReactiveWebApplication)
      Matched:
         - @ConditionalOnClass found required class 'org.springframework.security.authentication.ReactiveAuthenticationManager' (OnClassCondition)
         - AnyNestedCondition 1 matched 2 did not; NestedCondition on ReactiveUserDetailsServiceAutoConfiguration.MissingAlternativeOrUserPropertiesConfigured.PasswordConfigured @ConditionalOnProperty (spring.security.user.password) did not find property 'password'; NestedCondition on ReactiveUserDetailsServiceAutoConfiguration.MissingAlternativeOrUserPropertiesConfigured.NameConfigured @ConditionalOnProperty (spring.security.user.name) did not find property 'name'; NestedCondition on ReactiveUserDetailsServiceAutoConfiguration.MissingAlternativeOrUserPropertiesConfigured.MissingAlternative @ConditionalOnMissingClass did not find unwanted classes 'org.springframework.security.oauth2.client.registration.ClientRegistrationRepository', 'org.springframework.security.oauth2.server.resource.introspection.ReactiveOpaqueTokenIntrospector' (ReactiveUserDetailsServiceAutoConfiguration.MissingAlternativeOrUserPropertiesConfigured)

   ReactiveWebServerFactoryAutoConfiguration:
      Did not match:
         - @ConditionalOnWebApplication did not find reactive web application classes (OnWebApplicationCondition)

   ReactorAutoConfiguration:
      Did not match:
         - @ConditionalOnClass did not find required class 'reactor.core.publisher.Hooks' (OnClassCondition)

   RedisAutoConfiguration:
      Did not match:
         - @ConditionalOnClass did not find required class 'org.springframework.data.redis.core.RedisOperations' (OnClassCondition)

   RedisCacheConfiguration:
      Did not match:
         - @ConditionalOnClass did not find required class 'org.springframework.data.redis.connection.RedisConnectionFactory' (OnClassCondition)

   RedisReactiveAutoConfiguration:
      Did not match:
         - @ConditionalOnClass did not find required class 'reactor.core.publisher.Flux' (OnClassCondition)

   RedisRepositoriesAutoConfiguration:
      Did not match:
         - @ConditionalOnClass did not find required class 'org.springframework.data.redis.repository.configuration.EnableRedisRepositories' (OnClassCondition)

   RepositoryRestMvcAutoConfiguration:
      Did not match:
         - @ConditionalOnClass did not find required class 'org.springframework.data.rest.webmvc.config.RepositoryRestMvcConfiguration' (OnClassCondition)

   Saml2RelyingPartyAutoConfiguration:
      Did not match:
         - @ConditionalOnClass did not find required class 'org.springframework.security.saml2.provider.service.registration.RelyingPartyRegistrationRepository' (OnClassCondition)

   SecurityDataConfiguration:
      Did not match:
         - @ConditionalOnClass did not find required class 'org.springframework.security.data.repository.query.SecurityEvaluationContextExtension' (OnClassCondition)

   SecurityFilterAutoConfiguration:
      Did not match:
         - @ConditionalOnClass did not find required class 'org.springframework.security.config.http.SessionCreationPolicy' (OnClassCondition)

   SendGridAutoConfiguration:
      Did not match:
         - @ConditionalOnClass did not find required class 'com.sendgrid.SendGrid' (OnClassCondition)

   ServletWebServerFactoryAutoConfiguration.ForwardedHeaderFilterConfiguration:
      Did not match:
         - @ConditionalOnProperty (server.forward-headers-strategy=framework) did not find property 'server.forward-headers-strategy' (OnPropertyCondition)

   ServletWebServerFactoryConfiguration.EmbeddedJetty:
      Did not match:
         - @ConditionalOnClass did not find required classes 'org.eclipse.jetty.server.Server', 'org.eclipse.jetty.util.Loader', 'org.eclipse.jetty.ee10.webapp.WebAppContext' (OnClassCondition)

   ServletWebServerFactoryConfiguration.EmbeddedUndertow:
      Did not match:
         - @ConditionalOnClass did not find required classes 'io.undertow.Undertow', 'org.xnio.SslClientAuthMode' (OnClassCondition)

   SessionAutoConfiguration:
      Did not match:
         - @ConditionalOnClass did not find required class 'org.springframework.session.Session' (OnClassCondition)

   SpringApplicationAdminJmxAutoConfiguration:
      Did not match:
         - @ConditionalOnProperty (spring.application.admin.enabled=true) did not find property 'enabled' (OnPropertyCondition)

   SpringBootWebSecurityConfiguration.SecurityFilterChainConfiguration:
      Did not match:
         - AllNestedConditions 1 matched 1 did not; NestedCondition on DefaultWebSecurityCondition.Beans @ConditionalOnMissingBean (types: org.springframework.security.web.SecurityFilterChain; SearchStrategy: all) did not find any beans; NestedCondition on DefaultWebSecurityCondition.Classes @ConditionalOnClass did not find required classes 'org.springframework.security.web.SecurityFilterChain', 'org.springframework.security.config.annotation.web.builders.HttpSecurity' (DefaultWebSecurityCondition)

   SpringBootWebSecurityConfiguration.WebSecurityEnablerConfiguration:
      Did not match:
         - @ConditionalOnClass did not find required class 'org.springframework.security.config.annotation.web.configuration.EnableWebSecurity' (OnClassCondition)

   TaskExecutorConfigurations.SimpleAsyncTaskExecutorBuilderConfiguration#simpleAsyncTaskExecutorBuilderVirtualThreads:
      Did not match:
         - @ConditionalOnMissingBean (types: org.springframework.boot.task.SimpleAsyncTaskExecutorBuilder; SearchStrategy: all) found beans of type 'org.springframework.boot.task.SimpleAsyncTaskExecutorBuilder' simpleAsyncTaskExecutorBuilder (OnBeanCondition)

   TaskExecutorConfigurations.TaskExecutorConfiguration#applicationTaskExecutorVirtualThreads:
      Did not match:
         - @ConditionalOnThreading did not find VIRTUAL (OnThreadingCondition)

   TaskSchedulingAutoConfiguration#scheduledBeanLazyInitializationExcludeFilter:
      Did not match:
         - @ConditionalOnBean (names: org.springframework.context.annotation.internalScheduledAnnotationProcessor; SearchStrategy: all) did not find any beans named org.springframework.context.annotation.internalScheduledAnnotationProcessor (OnBeanCondition)

   TaskSchedulingConfigurations.SimpleAsyncTaskSchedulerBuilderConfiguration#simpleAsyncTaskSchedulerBuilderVirtualThreads:
      Did not match:
         - @ConditionalOnMissingBean (types: org.springframework.boot.task.SimpleAsyncTaskSchedulerBuilder; SearchStrategy: all) found beans of type 'org.springframework.boot.task.SimpleAsyncTaskSchedulerBuilder' simpleAsyncTaskSchedulerBuilder (OnBeanCondition)

   TaskSchedulingConfigurations.TaskSchedulerConfiguration:
      Did not match:
         - @ConditionalOnBean (names: org.springframework.context.annotation.internalScheduledAnnotationProcessor; SearchStrategy: all) did not find any beans named org.springframework.context.annotation.internalScheduledAnnotationProcessor (OnBeanCondition)

   ThymeleafAutoConfiguration:
      Did not match:
         - @ConditionalOnClass did not find required class 'org.thymeleaf.spring6.SpringTemplateEngine' (OnClassCondition)

   TransactionAutoConfiguration#transactionalOperator:
      Did not match:
         - @ConditionalOnSingleCandidate (types: org.springframework.transaction.ReactiveTransactionManager; SearchStrategy: all) did not find any beans (OnBeanCondition)

   TransactionAutoConfiguration.AspectJTransactionManagementConfiguration:
      Did not match:
         - @ConditionalOnBean (types: org.springframework.transaction.aspectj.AbstractTransactionAspect; SearchStrategy: all) did not find any beans of type org.springframework.transaction.aspectj.AbstractTransactionAspect (OnBeanCondition)

   TransactionAutoConfiguration.EnableTransactionManagementConfiguration.JdkDynamicAutoProxyConfiguration:
      Did not match:
         - @ConditionalOnProperty (spring.aop.proxy-target-class=false) did not find property 'proxy-target-class' (OnPropertyCondition)

   UserDetailsServiceAutoConfiguration:
      Did not match:
         - @ConditionalOnBean did not find required type 'org.springframework.security.config.annotation.ObjectPostProcessor' (OnBeanCondition)

   WebClientAutoConfiguration:
      Did not match:
         - @ConditionalOnClass did not find required class 'org.springframework.web.reactive.function.client.WebClient' (OnClassCondition)

   WebFluxAutoConfiguration:
      Did not match:
         - @ConditionalOnClass did not find required class 'org.springframework.web.reactive.config.WebFluxConfigurer' (OnClassCondition)

   WebMvcAutoConfiguration#hiddenHttpMethodFilter:
      Did not match:
         - @ConditionalOnProperty (spring.mvc.hiddenmethod.filter.enabled) did not find property 'enabled' (OnPropertyCondition)

   WebMvcAutoConfiguration.ProblemDetailsErrorHandlingConfiguration:
      Did not match:
         - @ConditionalOnProperty (spring.mvc.problemdetails.enabled=true) did not find property 'enabled' (OnPropertyCondition)

   WebMvcAutoConfiguration.ResourceChainCustomizerConfiguration:
      Did not match:
         - @ConditionalOnEnabledResourceChain did not find class org.webjars.WebJarAssetLocator (OnEnabledResourceChainCondition)

   WebMvcAutoConfiguration.WebMvcAutoConfigurationAdapter#beanNameViewResolver:
      Did not match:
         - @ConditionalOnMissingBean (types: org.springframework.web.servlet.view.BeanNameViewResolver; SearchStrategy: all) found beans of type 'org.springframework.web.servlet.view.BeanNameViewResolver' beanNameViewResolver (OnBeanCondition)

   WebServiceTemplateAutoConfiguration:
      Did not match:
         - @ConditionalOnClass did not find required class 'org.springframework.oxm.Marshaller' (OnClassCondition)

   WebServicesAutoConfiguration:
      Did not match:
         - @ConditionalOnClass did not find required class 'org.springframework.ws.transport.http.MessageDispatcherServlet' (OnClassCondition)

   WebSessionIdResolverAutoConfiguration:
      Did not match:
         - @ConditionalOnClass did not find required class 'reactor.core.publisher.Mono' (OnClassCondition)

   WebSocketMessagingAutoConfiguration:
      Did not match:
         - @ConditionalOnClass did not find required class 'org.springframework.web.socket.config.annotation.WebSocketMessageBrokerConfigurer' (OnClassCondition)

   WebSocketReactiveAutoConfiguration:
      Did not match:
         - @ConditionalOnWebApplication did not find reactive web application classes (OnWebApplicationCondition)

   WebSocketServletAutoConfiguration.JettyWebSocketConfiguration:
      Did not match:
         - @ConditionalOnClass did not find required class 'org.eclipse.jetty.ee10.websocket.jakarta.server.config.JakartaWebSocketServletContainerInitializer' (OnClassCondition)

   WebSocketServletAutoConfiguration.UndertowWebSocketConfiguration:
      Did not match:
         - @ConditionalOnClass did not find required class 'io.undertow.websockets.jsr.Bootstrap' (OnClassCondition)

   XADataSourceAutoConfiguration:
      Did not match:
         - @ConditionalOnBean (types: org.springframework.boot.jdbc.XADataSourceWrapper; SearchStrategy: all) did not find any beans of type org.springframework.boot.jdbc.XADataSourceWrapper (OnBeanCondition)
      Matched:
         - @ConditionalOnClass found required classes 'javax.sql.DataSource', 'jakarta.transaction.TransactionManager', 'org.springframework.jdbc.datasource.embedded.EmbeddedDatabaseType' (OnClassCondition)


Exclusions:
-----------

    None


Unconditional classes:
----------------------

    org.springframework.boot.autoconfigure.context.ConfigurationPropertiesAutoConfiguration

    org.springframework.boot.autoconfigure.ssl.SslAutoConfiguration

    org.springframework.boot.autoconfigure.context.LifecycleAutoConfiguration

    org.springframework.boot.autoconfigure.context.PropertyPlaceholderAutoConfiguration

    org.springframework.boot.autoconfigure.availability.ApplicationAvailabilityAutoConfiguration

    org.springframework.boot.autoconfigure.info.ProjectInfoAutoConfiguration



2024-10-22T23:42:54.623+03:00  INFO 4560 --- [reelQuill] [    Test worker] c.e.reelquill.ReelQuillApplicationTests  : Started ReelQuillApplicationTests in 3.816 seconds (process running for 4.768)
2024-10-22T23:42:54.623+03:00 DEBUG 4560 --- [reelQuill] [    Test worker] o.s.b.a.ApplicationAvailabilityBean      : Application availability state LivenessState changed to CORRECT
2024-10-22T23:42:54.628+03:00 DEBUG 4560 --- [reelQuill] [    Test worker] o.s.b.a.ApplicationAvailabilityBean      : Application availability state ReadinessState changed to ACCEPTING_TRAFFIC
2024-10-22T23:42:54.628+03:00 DEBUG 4560 --- [reelQuill] [    Test worker] org.springframework.test.context.cache   : Spring test ApplicationContext cache statistics: [DefaultContextCache@5f815f93 size = 1, maxSize = 32, parentContextCount = 0, hitCount = 0, missCount = 1, failureCount = 0]
2024-10-22T23:42:54.628+03:00 DEBUG 4560 --- [reelQuill] [    Test worker] o.s.t.c.w.ServletTestExecutionListener   : Setting up MockHttpServletRequest, MockHttpServletResponse, ServletWebRequest, and RequestContextHolder for test class com.example.reelquill.ReelQuillApplicationTests
2024-10-22T23:42:54.647+03:00 DEBUG 4560 --- [reelQuill] [    Test worker] DependencyInjectionTestExecutionListener : Performing dependency injection for test class com.example.reelquill.ReelQuillApplicationTests
2024-10-22T23:42:54.647+03:00 DEBUG 4560 --- [reelQuill] [    Test worker] org.springframework.test.context.cache   : Spring test ApplicationContext cache statistics: [DefaultContextCache@5f815f93 size = 1, maxSize = 32, parentContextCount = 0, hitCount = 1, missCount = 1, failureCount = 0]
2024-10-22T23:42:54.647+03:00 DEBUG 4560 --- [reelQuill] [    Test worker] org.springframework.test.context.cache   : Spring test ApplicationContext cache statistics: [DefaultContextCache@5f815f93 size = 1, maxSize = 32, parentContextCount = 0, hitCount = 2, missCount = 1, failureCount = 0]
2024-10-22T23:42:54.647+03:00 DEBUG 4560 --- [reelQuill] [    Test worker] sContextBeforeModesTestExecutionListener : Before test method: class [ReelQuillApplicationTests], method [contextLoads], class annotated with @DirtiesContext [false] with mode [null], method annotated with @DirtiesContext [false] with mode [null]
2024-10-22T23:42:54.655+03:00 DEBUG 4560 --- [reelQuill] [    Test worker] org.springframework.test.context.cache   : Spring test ApplicationContext cache statistics: [DefaultContextCache@5f815f93 size = 1, maxSize = 32, parentContextCount = 0, hitCount = 3, missCount = 1, failureCount = 0]
2024-10-22T23:42:54.655+03:00 DEBUG 4560 --- [reelQuill] [    Test worker] org.springframework.test.context.cache   : Spring test ApplicationContext cache statistics: [DefaultContextCache@5f815f93 size = 1, maxSize = 32, parentContextCount = 0, hitCount = 4, missCount = 1, failureCount = 0]
2024-10-22T23:42:54.677+03:00 DEBUG 4560 --- [reelQuill] [    Test worker] java.lang.ProcessBuilder                 : ProcessBuilder.start(): pid: 3156, dir: null, cmd: "C:\Program Files\Java\jdk-23\bin\java.exe"

java.lang.RuntimeException: ProcessBuilder.start() debug
	at java.base/java.lang.ProcessBuilder.start(ProcessBuilder.java:1147) ~[na:na]
	at java.base/java.lang.ProcessBuilder.start(ProcessBuilder.java:1089) ~[na:na]
	at net.bytebuddy.agent.ByteBuddyAgent.installExternal(ByteBuddyAgent.java:673) ~[byte-buddy-agent-1.14.19.jar:na]
	at net.bytebuddy.agent.ByteBuddyAgent.install(ByteBuddyAgent.java:604) ~[byte-buddy-agent-1.14.19.jar:na]
	at net.bytebuddy.agent.ByteBuddyAgent.install(ByteBuddyAgent.java:584) ~[byte-buddy-agent-1.14.19.jar:na]
	at net.bytebuddy.agent.ByteBuddyAgent.install(ByteBuddyAgent.java:536) ~[byte-buddy-agent-1.14.19.jar:na]
	at net.bytebuddy.agent.ByteBuddyAgent.install(ByteBuddyAgent.java:513) ~[byte-buddy-agent-1.14.19.jar:na]
	at org.mockito.internal.creation.bytebuddy.InlineDelegateByteBuddyMockMaker.<clinit>(InlineDelegateByteBuddyMockMaker.java:133) ~[mockito-core-5.11.0.jar:na]
	at org.mockito.internal.creation.bytebuddy.InlineByteBuddyMockMaker.<init>(InlineByteBuddyMockMaker.java:23) ~[mockito-core-5.11.0.jar:na]
	at java.base/jdk.internal.reflect.DirectConstructorHandleAccessor.newInstance(DirectConstructorHandleAccessor.java:62) ~[na:na]
	at java.base/java.lang.reflect.Constructor.newInstanceWithCaller(Constructor.java:501) ~[na:na]
	at java.base/java.lang.reflect.Constructor.newInstance(Constructor.java:485) ~[na:na]
	at org.mockito.internal.configuration.plugins.DefaultMockitoPlugins.create(DefaultMockitoPlugins.java:103) ~[mockito-core-5.11.0.jar:na]
	at org.mockito.internal.configuration.plugins.DefaultMockitoPlugins.getDefaultPlugin(DefaultMockitoPlugins.java:79) ~[mockito-core-5.11.0.jar:na]
	at org.mockito.internal.configuration.plugins.PluginLoader.loadPlugin(PluginLoader.java:75) ~[mockito-core-5.11.0.jar:na]
	at org.mockito.internal.configuration.plugins.PluginLoader.loadPlugin(PluginLoader.java:49) ~[mockito-core-5.11.0.jar:na]
	at org.mockito.internal.configuration.plugins.PluginRegistry.<init>(PluginRegistry.java:29) ~[mockito-core-5.11.0.jar:na]
	at org.mockito.internal.configuration.plugins.Plugins.<clinit>(Plugins.java:26) ~[mockito-core-5.11.0.jar:na]
	at org.mockito.internal.MockitoCore.<clinit>(MockitoCore.java:71) ~[mockito-core-5.11.0.jar:na]
	at org.mockito.Mockito.<clinit>(Mockito.java:1683) ~[mockito-core-5.11.0.jar:na]
	at org.springframework.boot.test.mock.mockito.MockReset.get(MockReset.java:105) ~[spring-boot-test-3.3.4.jar:3.3.4]
	at org.springframework.boot.test.mock.mockito.ResetMocksTestExecutionListener.resetMocks(ResetMocksTestExecutionListener.java:85) ~[spring-boot-test-3.3.4.jar:3.3.4]
	at org.springframework.boot.test.mock.mockito.ResetMocksTestExecutionListener.resetMocks(ResetMocksTestExecutionListener.java:73) ~[spring-boot-test-3.3.4.jar:3.3.4]
	at org.springframework.boot.test.mock.mockito.ResetMocksTestExecutionListener.beforeTestMethod(ResetMocksTestExecutionListener.java:60) ~[spring-boot-test-3.3.4.jar:3.3.4]
	at org.springframework.test.context.TestContextManager.beforeTestMethod(TestContextManager.java:320) ~[spring-test-6.1.13.jar:6.1.13]
	at org.springframework.test.context.junit.jupiter.SpringExtension.beforeEach(SpringExtension.java:240) ~[spring-test-6.1.13.jar:6.1.13]
	at org.junit.jupiter.engine.descriptor.TestMethodTestDescriptor.lambda$invokeBeforeEachCallbacks$2(TestMethodTestDescriptor.java:167) ~[junit-jupiter-engine-5.10.3.jar:5.10.3]
	at org.junit.jupiter.engine.descriptor.TestMethodTestDescriptor.lambda$invokeBeforeMethodsOrCallbacksUntilExceptionOccurs$6(TestMethodTestDescriptor.java:203) ~[junit-jupiter-engine-5.10.3.jar:5.10.3]
	at org.junit.platform.engine.support.hierarchical.ThrowableCollector.execute(ThrowableCollector.java:73) ~[junit-platform-engine-1.10.3.jar:1.10.3]
	at org.junit.jupiter.engine.descriptor.TestMethodTestDescriptor.invokeBeforeMethodsOrCallbacksUntilExceptionOccurs(TestMethodTestDescriptor.java:203) ~[junit-jupiter-engine-5.10.3.jar:5.10.3]
	at org.junit.jupiter.engine.descriptor.TestMethodTestDescriptor.invokeBeforeEachCallbacks(TestMethodTestDescriptor.java:166) ~[junit-jupiter-engine-5.10.3.jar:5.10.3]
	at org.junit.jupiter.engine.descriptor.TestMethodTestDescriptor.execute(TestMethodTestDescriptor.java:133) ~[junit-jupiter-engine-5.10.3.jar:5.10.3]
	at org.junit.jupiter.engine.descriptor.TestMethodTestDescriptor.execute(TestMethodTestDescriptor.java:69) ~[junit-jupiter-engine-5.10.3.jar:5.10.3]
	at org.junit.platform.engine.support.hierarchical.NodeTestTask.lambda$executeRecursively$6(NodeTestTask.java:151) ~[junit-platform-engine-1.10.3.jar:1.10.3]
	at org.junit.platform.engine.support.hierarchical.ThrowableCollector.execute(ThrowableCollector.java:73) ~[junit-platform-engine-1.10.3.jar:1.10.3]
	at org.junit.platform.engine.support.hierarchical.NodeTestTask.lambda$executeRecursively$8(NodeTestTask.java:141) ~[junit-platform-engine-1.10.3.jar:1.10.3]
	at org.junit.platform.engine.support.hierarchical.Node.around(Node.java:137) ~[junit-platform-engine-1.10.3.jar:1.10.3]
	at org.junit.platform.engine.support.hierarchical.NodeTestTask.lambda$executeRecursively$9(NodeTestTask.java:139) ~[junit-platform-engine-1.10.3.jar:1.10.3]
	at org.junit.platform.engine.support.hierarchical.ThrowableCollector.execute(ThrowableCollector.java:73) ~[junit-platform-engine-1.10.3.jar:1.10.3]
	at org.junit.platform.engine.support.hierarchical.NodeTestTask.executeRecursively(NodeTestTask.java:138) ~[junit-platform-engine-1.10.3.jar:1.10.3]
	at org.junit.platform.engine.support.hierarchical.NodeTestTask.execute(NodeTestTask.java:95) ~[junit-platform-engine-1.10.3.jar:1.10.3]
	at java.base/java.util.ArrayList.forEach(ArrayList.java:1597) ~[na:na]
	at org.junit.platform.engine.support.hierarchical.SameThreadHierarchicalTestExecutorService.invokeAll(SameThreadHierarchicalTestExecutorService.java:41) ~[junit-platform-engine-1.10.3.jar:1.10.3]
	at org.junit.platform.engine.support.hierarchical.NodeTestTask.lambda$executeRecursively$6(NodeTestTask.java:155) ~[junit-platform-engine-1.10.3.jar:1.10.3]
	at org.junit.platform.engine.support.hierarchical.ThrowableCollector.execute(ThrowableCollector.java:73) ~[junit-platform-engine-1.10.3.jar:1.10.3]
	at org.junit.platform.engine.support.hierarchical.NodeTestTask.lambda$executeRecursively$8(NodeTestTask.java:141) ~[junit-platform-engine-1.10.3.jar:1.10.3]
	at org.junit.platform.engine.support.hierarchical.Node.around(Node.java:137) ~[junit-platform-engine-1.10.3.jar:1.10.3]
	at org.junit.platform.engine.support.hierarchical.NodeTestTask.lambda$executeRecursively$9(NodeTestTask.java:139) ~[junit-platform-engine-1.10.3.jar:1.10.3]
	at org.junit.platform.engine.support.hierarchical.ThrowableCollector.execute(ThrowableCollector.java:73) ~[junit-platform-engine-1.10.3.jar:1.10.3]
	at org.junit.platform.engine.support.hierarchical.NodeTestTask.executeRecursively(NodeTestTask.java:138) ~[junit-platform-engine-1.10.3.jar:1.10.3]
	at org.junit.platform.engine.support.hierarchical.NodeTestTask.execute(NodeTestTask.java:95) ~[junit-platform-engine-1.10.3.jar:1.10.3]
	at java.base/java.util.ArrayList.forEach(ArrayList.java:1597) ~[na:na]
	at org.junit.platform.engine.support.hierarchical.SameThreadHierarchicalTestExecutorService.invokeAll(SameThreadHierarchicalTestExecutorService.java:41) ~[junit-platform-engine-1.10.3.jar:1.10.3]
	at org.junit.platform.engine.support.hierarchical.NodeTestTask.lambda$executeRecursively$6(NodeTestTask.java:155) ~[junit-platform-engine-1.10.3.jar:1.10.3]
	at org.junit.platform.engine.support.hierarchical.ThrowableCollector.execute(ThrowableCollector.java:73) ~[junit-platform-engine-1.10.3.jar:1.10.3]
	at org.junit.platform.engine.support.hierarchical.NodeTestTask.lambda$executeRecursively$8(NodeTestTask.java:141) ~[junit-platform-engine-1.10.3.jar:1.10.3]
	at org.junit.platform.engine.support.hierarchical.Node.around(Node.java:137) ~[junit-platform-engine-1.10.3.jar:1.10.3]
	at org.junit.platform.engine.support.hierarchical.NodeTestTask.lambda$executeRecursively$9(NodeTestTask.java:139) ~[junit-platform-engine-1.10.3.jar:1.10.3]
	at org.junit.platform.engine.support.hierarchical.ThrowableCollector.execute(ThrowableCollector.java:73) ~[junit-platform-engine-1.10.3.jar:1.10.3]
	at org.junit.platform.engine.support.hierarchical.NodeTestTask.executeRecursively(NodeTestTask.java:138) ~[junit-platform-engine-1.10.3.jar:1.10.3]
	at org.junit.platform.engine.support.hierarchical.NodeTestTask.execute(NodeTestTask.java:95) ~[junit-platform-engine-1.10.3.jar:1.10.3]
	at org.junit.platform.engine.support.hierarchical.SameThreadHierarchicalTestExecutorService.submit(SameThreadHierarchicalTestExecutorService.java:35) ~[junit-platform-engine-1.10.3.jar:1.10.3]
	at org.junit.platform.engine.support.hierarchical.HierarchicalTestExecutor.execute(HierarchicalTestExecutor.java:57) ~[junit-platform-engine-1.10.3.jar:1.10.3]
	at org.junit.platform.engine.support.hierarchical.HierarchicalTestEngine.execute(HierarchicalTestEngine.java:54) ~[junit-platform-engine-1.10.3.jar:1.10.3]
	at org.junit.platform.launcher.core.EngineExecutionOrchestrator.execute(EngineExecutionOrchestrator.java:198) ~[junit-platform-launcher-1.10.3.jar:1.10.3]
	at org.junit.platform.launcher.core.EngineExecutionOrchestrator.execute(EngineExecutionOrchestrator.java:169) ~[junit-platform-launcher-1.10.3.jar:1.10.3]
	at org.junit.platform.launcher.core.EngineExecutionOrchestrator.execute(EngineExecutionOrchestrator.java:93) ~[junit-platform-launcher-1.10.3.jar:1.10.3]
	at org.junit.platform.launcher.core.EngineExecutionOrchestrator.lambda$execute$0(EngineExecutionOrchestrator.java:58) ~[junit-platform-launcher-1.10.3.jar:1.10.3]
	at org.junit.platform.launcher.core.EngineExecutionOrchestrator.withInterceptedStreams(EngineExecutionOrchestrator.java:141) ~[junit-platform-launcher-1.10.3.jar:1.10.3]
	at org.junit.platform.launcher.core.EngineExecutionOrchestrator.execute(EngineExecutionOrchestrator.java:57) ~[junit-platform-launcher-1.10.3.jar:1.10.3]
	at org.junit.platform.launcher.core.DefaultLauncher.execute(DefaultLauncher.java:103) ~[junit-platform-launcher-1.10.3.jar:1.10.3]
	at org.junit.platform.launcher.core.DefaultLauncher.execute(DefaultLauncher.java:85) ~[junit-platform-launcher-1.10.3.jar:1.10.3]
	at org.junit.platform.launcher.core.DelegatingLauncher.execute(DelegatingLauncher.java:47) ~[junit-platform-launcher-1.10.3.jar:1.10.3]
	at org.gradle.api.internal.tasks.testing.junitplatform.JUnitPlatformTestClassProcessor$CollectAllTestClassesExecutor.processAllTestClasses(JUnitPlatformTestClassProcessor.java:124) ~[na:na]
	at org.gradle.api.internal.tasks.testing.junitplatform.JUnitPlatformTestClassProcessor$CollectAllTestClassesExecutor.access$000(JUnitPlatformTestClassProcessor.java:99) ~[na:na]
	at org.gradle.api.internal.tasks.testing.junitplatform.JUnitPlatformTestClassProcessor.stop(JUnitPlatformTestClassProcessor.java:94) ~[na:na]
	at org.gradle.api.internal.tasks.testing.SuiteTestClassProcessor.stop(SuiteTestClassProcessor.java:63) ~[na:na]
	at java.base/jdk.internal.reflect.DirectMethodHandleAccessor.invoke(DirectMethodHandleAccessor.java:103) ~[na:na]
	at java.base/java.lang.reflect.Method.invoke(Method.java:580) ~[na:na]
	at org.gradle.internal.dispatch.ReflectionDispatch.dispatch(ReflectionDispatch.java:36) ~[na:na]
	at org.gradle.internal.dispatch.ReflectionDispatch.dispatch(ReflectionDispatch.java:24) ~[na:na]
	at org.gradle.internal.dispatch.ContextClassLoaderDispatch.dispatch(ContextClassLoaderDispatch.java:33) ~[na:na]
	at org.gradle.internal.dispatch.ProxyDispatchAdapter$DispatchingInvocationHandler.invoke(ProxyDispatchAdapter.java:92) ~[na:na]
	at jdk.proxy1/jdk.proxy1.$Proxy4.stop(Unknown Source) ~[na:na]
	at org.gradle.api.internal.tasks.testing.worker.TestWorker$3.run(TestWorker.java:200) ~[na:na]
	at org.gradle.api.internal.tasks.testing.worker.TestWorker.executeAndMaintainThreadName(TestWorker.java:132) ~[na:na]
	at org.gradle.api.internal.tasks.testing.worker.TestWorker.execute(TestWorker.java:103) ~[na:na]
	at org.gradle.api.internal.tasks.testing.worker.TestWorker.execute(TestWorker.java:63) ~[na:na]
	at org.gradle.process.internal.worker.child.ActionExecutionWorker.execute(ActionExecutionWorker.java:56) ~[na:na]
	at org.gradle.process.internal.worker.child.SystemApplicationClassLoaderWorker.call(SystemApplicationClassLoaderWorker.java:121) ~[na:na]
	at org.gradle.process.internal.worker.child.SystemApplicationClassLoaderWorker.call(SystemApplicationClassLoaderWorker.java:71) ~[na:na]
	at worker.org.gradle.process.internal.worker.GradleWorkerMain.run(GradleWorkerMain.java:69) ~[gradle-worker.jar:na]
	at worker.org.gradle.process.internal.worker.GradleWorkerMain.main(GradleWorkerMain.java:74) ~[gradle-worker.jar:na]

2024-10-22T23:42:55.007+03:00 DEBUG 4560 --- [reelQuill] [    Test worker] org.springframework.test.context.cache   : Spring test ApplicationContext cache statistics: [DefaultContextCache@5f815f93 size = 1, maxSize = 32, parentContextCount = 0, hitCount = 5, missCount = 1, failureCount = 0]
2024-10-22T23:42:55.017+03:00 DEBUG 4560 --- [reelQuill] [    Test worker] org.springframework.test.context.cache   : Spring test ApplicationContext cache statistics: [DefaultContextCache@5f815f93 size = 1, maxSize = 32, parentContextCount = 0, hitCount = 6, missCount = 1, failureCount = 0]
2024-10-22T23:42:55.017+03:00 DEBUG 4560 --- [reelQuill] [    Test worker] org.springframework.test.context.cache   : Spring test ApplicationContext cache statistics: [DefaultContextCache@5f815f93 size = 1, maxSize = 32, parentContextCount = 0, hitCount = 7, missCount = 1, failureCount = 0]
2024-10-22T23:42:55.020+03:00 DEBUG 4560 --- [reelQuill] [    Test worker] org.springframework.test.context.cache   : Spring test ApplicationContext cache statistics: [DefaultContextCache@5f815f93 size = 1, maxSize = 32, parentContextCount = 0, hitCount = 8, missCount = 1, failureCount = 0]
2024-10-22T23:42:55.020+03:00 DEBUG 4560 --- [reelQuill] [    Test worker] org.springframework.test.context.cache   : Spring test ApplicationContext cache statistics: [DefaultContextCache@5f815f93 size = 1, maxSize = 32, parentContextCount = 0, hitCount = 9, missCount = 1, failureCount = 0]
2024-10-22T23:42:55.020+03:00 DEBUG 4560 --- [reelQuill] [    Test worker] org.springframework.test.context.cache   : Spring test ApplicationContext cache statistics: [DefaultContextCache@5f815f93 size = 1, maxSize = 32, parentContextCount = 0, hitCount = 10, missCount = 1, failureCount = 0]
2024-10-22T23:42:55.020+03:00 DEBUG 4560 --- [reelQuill] [    Test worker] org.springframework.test.context.cache   : Spring test ApplicationContext cache statistics: [DefaultContextCache@5f815f93 size = 1, maxSize = 32, parentContextCount = 0, hitCount = 11, missCount = 1, failureCount = 0]
2024-10-22T23:42:55.020+03:00 DEBUG 4560 --- [reelQuill] [    Test worker] .c.s.DirtiesContextTestExecutionListener : After test method: class [ReelQuillApplicationTests], method [contextLoads], class annotated with @DirtiesContext [false] with mode [null], method annotated with @DirtiesContext [false] with mode [null]
2024-10-22T23:42:55.020+03:00 DEBUG 4560 --- [reelQuill] [    Test worker] o.s.t.c.w.ServletTestExecutionListener   : Resetting RequestContextHolder for test class com.example.reelquill.ReelQuillApplicationTests
2024-10-22T23:42:55.027+03:00 DEBUG 4560 --- [reelQuill] [    Test worker] org.springframework.test.context.cache   : Spring test ApplicationContext cache statistics: [DefaultContextCache@5f815f93 size = 1, maxSize = 32, parentContextCount = 0, hitCount = 12, missCount = 1, failureCount = 0]
2024-10-22T23:42:55.027+03:00 DEBUG 4560 --- [reelQuill] [    Test worker] .c.s.DirtiesContextTestExecutionListener : After test class: class [ReelQuillApplicationTests], class annotated with @DirtiesContext [false] with mode [null]
]]></system-out>
  <system-err><![CDATA[WARNING: A Java agent has been loaded dynamically (C:\Users\basak\.gradle\caches\modules-2\files-2.1\net.bytebuddy\byte-buddy-agent\1.14.19\154da3a65b4f4a909d3e5bdec55d1b2b4cbb6ce1\byte-buddy-agent-1.14.19.jar)
WARNING: If a serviceability tool is in use, please run with -XX:+EnableDynamicAgentLoading to hide this warning
WARNING: If a serviceability tool is not in use, please run with -Djdk.instrument.traceUsage for more information
WARNING: Dynamic loading of agents will be disallowed by default in a future release
]]></system-err>
</testsuite>
